$ (cwd=/tmp/asan_pair11_a2_vulnerable_bthal65c) cargo +nightly test --lib -- --nocapture

   Compiling pair11_a2_vulnerable v0.1.0 (/tmp/asan_pair11_a2_vulnerable_bthal65c)
    Finished `test` profile [unoptimized + debuginfo] target(s) in 0.20s
     Running unittests src/lib.rs (target/debug/deps/pair11_a2_vulnerable-9b1b753f26f9c656)

running 1 test
=================================================================
==4015341==ERROR: AddressSanitizer: heap-buffer-overflow on address 0x77508ebe4020 at pc 0x55e4411cb5de bp 0x77308c5fe230 sp 0x77308c5fe228
WRITE of size 4 at 0x77508ebe4020 thread T1
    #0 0x55e4411cb5dd  (/tmp/asan_pair11_a2_vulnerable_bthal65c/target/debug/deps/pair11_a2_vulnerable-9b1b753f26f9c656+0x1285dd) (BuildId: ab67c31976f2a91091128b181bdd93d4ff92bec1)
    #1 0x55e4411cae8a  (/tmp/asan_pair11_a2_vulnerable_bthal65c/target/debug/deps/pair11_a2_vulnerable-9b1b753f26f9c656+0x127e8a) (BuildId: ab67c31976f2a91091128b181bdd93d4ff92bec1)
    #2 0x55e4411c8c3d  (/tmp/asan_pair11_a2_vulnerable_bthal65c/target/debug/deps/pair11_a2_vulnerable-9b1b753f26f9c656+0x125c3d) (BuildId: ab67c31976f2a91091128b181bdd93d4ff92bec1)
    #3 0x55e4411c57c6  (/tmp/asan_pair11_a2_vulnerable_bthal65c/target/debug/deps/pair11_a2_vulnerable-9b1b753f26f9c656+0x1227c6) (BuildId: ab67c31976f2a91091128b181bdd93d4ff92bec1)
    #4 0x55e4411c9e65  (/tmp/asan_pair11_a2_vulnerable_bthal65c/target/debug/deps/pair11_a2_vulnerable-9b1b753f26f9c656+0x126e65) (BuildId: ab67c31976f2a91091128b181bdd93d4ff92bec1)
    #5 0x55e4411ec2aa  (/tmp/asan_pair11_a2_vulnerable_bthal65c/target/debug/deps/pair11_a2_vulnerable-9b1b753f26f9c656+0x1492aa) (BuildId: ab67c31976f2a91091128b181bdd93d4ff92bec1)
    #6 0x55e441201c94  (/tmp/asan_pair11_a2_vulnerable_bthal65c/target/debug/deps/pair11_a2_vulnerable-9b1b753f26f9c656+0x15ec94) (BuildId: ab67c31976f2a91091128b181bdd93d4ff92bec1)
    #7 0x55e4411d86b3  (/tmp/asan_pair11_a2_vulnerable_bthal65c/target/debug/deps/pair11_a2_vulnerable-9b1b753f26f9c656+0x1356b3) (BuildId: ab67c31976f2a91091128b181bdd93d4ff92bec1)
    #8 0x55e4411dc099  (/tmp/asan_pair11_a2_vulnerable_bthal65c/target/debug/deps/pair11_a2_vulnerable-9b1b753f26f9c656+0x139099) (BuildId: ab67c31976f2a91091128b181bdd93d4ff92bec1)
    #9 0x55e441221cbe  (/tmp/asan_pair11_a2_vulnerable_bthal65c/target/debug/deps/pair11_a2_vulnerable-9b1b753f26f9c656+0x17ecbe) (BuildId: ab67c31976f2a91091128b181bdd93d4ff92bec1)
    #10 0x55e4411945a6  (/tmp/asan_pair11_a2_vulnerable_bthal65c/target/debug/deps/pair11_a2_vulnerable-9b1b753f26f9c656+0xf15a6) (BuildId: ab67c31976f2a91091128b181bdd93d4ff92bec1)
    #11 0x7b308fa94ac2  (/lib/x86_64-linux-gnu/libc.so.6+0x94ac2) (BuildId: d5197096f709801829b118af1b7cf6631efa2dcd)
    #12 0x7b308fb2684f  (/lib/x86_64-linux-gnu/libc.so.6+0x12684f) (BuildId: d5197096f709801829b118af1b7cf6631efa2dcd)

0x77508ebe4020 is located 0 bytes after 16-byte region [0x77508ebe4010,0x77508ebe4020)
allocated by thread T1 here:
    #0 0x55e4411968b9  (/tmp/asan_pair11_a2_vulnerable_bthal65c/target/debug/deps/pair11_a2_vulnerable-9b1b753f26f9c656+0xf38b9) (BuildId: ab67c31976f2a91091128b181bdd93d4ff92bec1)
    #1 0x55e441252237  (/tmp/asan_pair11_a2_vulnerable_bthal65c/target/debug/deps/pair11_a2_vulnerable-9b1b753f26f9c656+0x1af237) (BuildId: ab67c31976f2a91091128b181bdd93d4ff92bec1)
    #2 0x55e4411c8017  (/tmp/asan_pair11_a2_vulnerable_bthal65c/target/debug/deps/pair11_a2_vulnerable-9b1b753f26f9c656+0x125017) (BuildId: ab67c31976f2a91091128b181bdd93d4ff92bec1)
    #3 0x55e4411c9db8  (/tmp/asan_pair11_a2_vulnerable_bthal65c/target/debug/deps/pair11_a2_vulnerable-9b1b753f26f9c656+0x126db8) (BuildId: ab67c31976f2a91091128b181bdd93d4ff92bec1)
    #4 0x55e4411cae68  (/tmp/asan_pair11_a2_vulnerable_bthal65c/target/debug/deps/pair11_a2_vulnerable-9b1b753f26f9c656+0x127e68) (BuildId: ab67c31976f2a91091128b181bdd93d4ff92bec1)
    #5 0x55e4411c8c3d  (/tmp/asan_pair11_a2_vulnerable_bthal65c/target/debug/deps/pair11_a2_vulnerable-9b1b753f26f9c656+0x125c3d) (BuildId: ab67c31976f2a91091128b181bdd93d4ff92bec1)
    #6 0x55e4411c57c6  (/tmp/asan_pair11_a2_vulnerable_bthal65c/target/debug/deps/pair11_a2_vulnerable-9b1b753f26f9c656+0x1227c6) (BuildId: ab67c31976f2a91091128b181bdd93d4ff92bec1)
    #7 0x55e441201c94  (/tmp/asan_pair11_a2_vulnerable_bthal65c/target/debug/deps/pair11_a2_vulnerable-9b1b753f26f9c656+0x15ec94) (BuildId: ab67c31976f2a91091128b181bdd93d4ff92bec1)
    #8 0x55e4411d86b3  (/tmp/asan_pair11_a2_vulnerable_bthal65c/target/debug/deps/pair11_a2_vulnerable-9b1b753f26f9c656+0x1356b3) (BuildId: ab67c31976f2a91091128b181bdd93d4ff92bec1)
    #9 0x55e4411dc099  (/tmp/asan_pair11_a2_vulnerable_bthal65c/target/debug/deps/pair11_a2_vulnerable-9b1b753f26f9c656+0x139099) (BuildId: ab67c31976f2a91091128b181bdd93d4ff92bec1)
    #10 0x55e441221cbe  (/tmp/asan_pair11_a2_vulnerable_bthal65c/target/debug/deps/pair11_a2_vulnerable-9b1b753f26f9c656+0x17ecbe) (BuildId: ab67c31976f2a91091128b181bdd93d4ff92bec1)
    #11 0x55e4411945a6  (/tmp/asan_pair11_a2_vulnerable_bthal65c/target/debug/deps/pair11_a2_vulnerable-9b1b753f26f9c656+0xf15a6) (BuildId: ab67c31976f2a91091128b181bdd93d4ff92bec1)

Thread T1 created by T0 here:
    #0 0x55e44117afd1  (/tmp/asan_pair11_a2_vulnerable_bthal65c/target/debug/deps/pair11_a2_vulnerable-9b1b753f26f9c656+0xd7fd1) (BuildId: ab67c31976f2a91091128b181bdd93d4ff92bec1)
    #1 0x55e441221edf  (/tmp/asan_pair11_a2_vulnerable_bthal65c/target/debug/deps/pair11_a2_vulnerable-9b1b753f26f9c656+0x17eedf) (BuildId: ab67c31976f2a91091128b181bdd93d4ff92bec1)
    #2 0x55e44120080d  (/tmp/asan_pair11_a2_vulnerable_bthal65c/target/debug/deps/pair11_a2_vulnerable-9b1b753f26f9c656+0x15d80d) (BuildId: ab67c31976f2a91091128b181bdd93d4ff92bec1)
    #3 0x55e4411f9b54  (/tmp/asan_pair11_a2_vulnerable_bthal65c/target/debug/deps/pair11_a2_vulnerable-9b1b753f26f9c656+0x156b54) (BuildId: ab67c31976f2a91091128b181bdd93d4ff92bec1)
    #4 0x55e441203195  (/tmp/asan_pair11_a2_vulnerable_bthal65c/target/debug/deps/pair11_a2_vulnerable-9b1b753f26f9c656+0x160195) (BuildId: ab67c31976f2a91091128b181bdd93d4ff92bec1)
    #5 0x55e4411ebeea  (/tmp/asan_pair11_a2_vulnerable_bthal65c/target/debug/deps/pair11_a2_vulnerable-9b1b753f26f9c656+0x148eea) (BuildId: ab67c31976f2a91091128b181bdd93d4ff92bec1)
    #6 0x55e4411cb622  (/tmp/asan_pair11_a2_vulnerable_bthal65c/target/debug/deps/pair11_a2_vulnerable-9b1b753f26f9c656+0x128622) (BuildId: ab67c31976f2a91091128b181bdd93d4ff92bec1)
    #7 0x55e4411c7d5f  (/tmp/asan_pair11_a2_vulnerable_bthal65c/target/debug/deps/pair11_a2_vulnerable-9b1b753f26f9c656+0x124d5f) (BuildId: ab67c31976f2a91091128b181bdd93d4ff92bec1)
    #8 0x55e4411cb64d  (/tmp/asan_pair11_a2_vulnerable_bthal65c/target/debug/deps/pair11_a2_vulnerable-9b1b753f26f9c656+0x12864d) (BuildId: ab67c31976f2a91091128b181bdd93d4ff92bec1)

SUMMARY: AddressSanitizer: heap-buffer-overflow (/tmp/asan_pair11_a2_vulnerable_bthal65c/target/debug/deps/pair11_a2_vulnerable-9b1b753f26f9c656+0x1285dd) (BuildId: ab67c31976f2a91091128b181bdd93d4ff92bec1) 
Shadow bytes around the buggy address:
  0x77508ebe3d80: fa fa fa fa fa fa fa fa fa fa fa fa fa fa fa fa
  0x77508ebe3e00: fa fa fa fa fa fa fa fa fa fa fa fa fa fa fa fa
  0x77508ebe3e80: fa fa fa fa fa fa fa fa fa fa fa fa fa fa fa fa
  0x77508ebe3f00: fa fa fa fa fa fa fa fa fa fa fa fa fa fa fa fa
  0x77508ebe3f80: fa fa fa fa fa fa fa fa fa fa fa fa fa fa fa fa
=>0x77508ebe4000: fa fa 00 00[fa]fa fa fa fa fa fa fa fa fa fa fa
  0x77508ebe4080: fa fa fa fa fa fa fa fa fa fa fa fa fa fa fa fa
  0x77508ebe4100: fa fa fa fa fa fa fa fa fa fa fa fa fa fa fa fa
  0x77508ebe4180: fa fa fa fa fa fa fa fa fa fa fa fa fa fa fa fa
  0x77508ebe4200: fa fa fa fa fa fa fa fa fa fa fa fa fa fa fa fa
  0x77508ebe4280: fa fa fa fa fa fa fa fa fa fa fa fa fa fa fa fa
Shadow byte legend (one shadow byte represents 8 application bytes):
  Addressable:           00
  Partially addressable: 01 02 03 04 05 06 07 
  Heap left redzone:       fa
  Freed heap region:       fd
  Stack left redzone:      f1
  Stack mid redzone:       f2
  Stack right redzone:     f3
  Stack after return:      f5
  Stack use after scope:   f8
  Global redzone:          f9
  Global init order:       f6
  Poisoned by user:        f7
  Container overflow:      fc
  Array cookie:            ac
  Intra object redzone:    bb
  ASan internal:           fe
  Left alloca redzone:     ca
  Right alloca redzone:    cb
==4015341==ABORTING
error: test failed, to rerun pass `--lib`

Caused by:
  process didn't exit successfully: `/tmp/asan_pair11_a2_vulnerable_bthal65c/target/debug/deps/pair11_a2_vulnerable-9b1b753f26f9c656 --nocapture` (exit status: 1)
