$ (cwd=/tmp/asan_pair18_a1_vulnerable_55lorhem) cargo +nightly test --lib -- --nocapture

   Compiling pair18_a1_vulnerable v0.1.0 (/tmp/asan_pair18_a1_vulnerable_55lorhem)
    Finished `test` profile [unoptimized + debuginfo] target(s) in 0.21s
     Running unittests src/lib.rs (target/debug/deps/pair18_a1_vulnerable-649cd7d0f0b50684)

running 1 test
=================================================================
==3723881==ERROR: AddressSanitizer: heap-buffer-overflow on address 0x75a5f1fe4040 at pc 0x5963f794e0c9 bp 0x7585ef9fe050 sp 0x7585ef9fe048
WRITE of size 4 at 0x75a5f1fe4040 thread T1
    #0 0x5963f794e0c8  (/tmp/asan_pair18_a1_vulnerable_55lorhem/target/debug/deps/pair18_a1_vulnerable-649cd7d0f0b50684+0x1230c8) (BuildId: 9205b1c765a6826d3c9b631605d9eb5d39a44510)
    #1 0x5963f794d7f3  (/tmp/asan_pair18_a1_vulnerable_55lorhem/target/debug/deps/pair18_a1_vulnerable-649cd7d0f0b50684+0x1227f3) (BuildId: 9205b1c765a6826d3c9b631605d9eb5d39a44510)
    #2 0x5963f79505ea  (/tmp/asan_pair18_a1_vulnerable_55lorhem/target/debug/deps/pair18_a1_vulnerable-649cd7d0f0b50684+0x1255ea) (BuildId: 9205b1c765a6826d3c9b631605d9eb5d39a44510)
    #3 0x5963f794eed6  (/tmp/asan_pair18_a1_vulnerable_55lorhem/target/debug/deps/pair18_a1_vulnerable-649cd7d0f0b50684+0x123ed6) (BuildId: 9205b1c765a6826d3c9b631605d9eb5d39a44510)
    #4 0x5963f794d455  (/tmp/asan_pair18_a1_vulnerable_55lorhem/target/debug/deps/pair18_a1_vulnerable-649cd7d0f0b50684+0x122455) (BuildId: 9205b1c765a6826d3c9b631605d9eb5d39a44510)
    #5 0x5963f7971b9a  (/tmp/asan_pair18_a1_vulnerable_55lorhem/target/debug/deps/pair18_a1_vulnerable-649cd7d0f0b50684+0x146b9a) (BuildId: 9205b1c765a6826d3c9b631605d9eb5d39a44510)
    #6 0x5963f7987584  (/tmp/asan_pair18_a1_vulnerable_55lorhem/target/debug/deps/pair18_a1_vulnerable-649cd7d0f0b50684+0x15c584) (BuildId: 9205b1c765a6826d3c9b631605d9eb5d39a44510)
    #7 0x5963f795dfa3  (/tmp/asan_pair18_a1_vulnerable_55lorhem/target/debug/deps/pair18_a1_vulnerable-649cd7d0f0b50684+0x132fa3) (BuildId: 9205b1c765a6826d3c9b631605d9eb5d39a44510)
    #8 0x5963f7961989  (/tmp/asan_pair18_a1_vulnerable_55lorhem/target/debug/deps/pair18_a1_vulnerable-649cd7d0f0b50684+0x136989) (BuildId: 9205b1c765a6826d3c9b631605d9eb5d39a44510)
    #9 0x5963f79a75ae  (/tmp/asan_pair18_a1_vulnerable_55lorhem/target/debug/deps/pair18_a1_vulnerable-649cd7d0f0b50684+0x17c5ae) (BuildId: 9205b1c765a6826d3c9b631605d9eb5d39a44510)
    #10 0x5963f791bc46  (/tmp/asan_pair18_a1_vulnerable_55lorhem/target/debug/deps/pair18_a1_vulnerable-649cd7d0f0b50684+0xf0c46) (BuildId: 9205b1c765a6826d3c9b631605d9eb5d39a44510)
    #11 0x7985f2e94ac2  (/lib/x86_64-linux-gnu/libc.so.6+0x94ac2) (BuildId: d5197096f709801829b118af1b7cf6631efa2dcd)
    #12 0x7985f2f2684f  (/lib/x86_64-linux-gnu/libc.so.6+0x12684f) (BuildId: d5197096f709801829b118af1b7cf6631efa2dcd)

0x75a5f1fe4040 is located 0 bytes after 16-byte region [0x75a5f1fe4030,0x75a5f1fe4040)
allocated by thread T1 here:
    #0 0x5963f791dd84  (/tmp/asan_pair18_a1_vulnerable_55lorhem/target/debug/deps/pair18_a1_vulnerable-649cd7d0f0b50684+0xf2d84) (BuildId: 9205b1c765a6826d3c9b631605d9eb5d39a44510)
    #1 0x5963f795097f  (/tmp/asan_pair18_a1_vulnerable_55lorhem/target/debug/deps/pair18_a1_vulnerable-649cd7d0f0b50684+0x12597f) (BuildId: 9205b1c765a6826d3c9b631605d9eb5d39a44510)
    #2 0x5963f794df69  (/tmp/asan_pair18_a1_vulnerable_55lorhem/target/debug/deps/pair18_a1_vulnerable-649cd7d0f0b50684+0x122f69) (BuildId: 9205b1c765a6826d3c9b631605d9eb5d39a44510)
    #3 0x5963f794d7f3  (/tmp/asan_pair18_a1_vulnerable_55lorhem/target/debug/deps/pair18_a1_vulnerable-649cd7d0f0b50684+0x1227f3) (BuildId: 9205b1c765a6826d3c9b631605d9eb5d39a44510)
    #4 0x5963f79505ea  (/tmp/asan_pair18_a1_vulnerable_55lorhem/target/debug/deps/pair18_a1_vulnerable-649cd7d0f0b50684+0x1255ea) (BuildId: 9205b1c765a6826d3c9b631605d9eb5d39a44510)
    #5 0x5963f794eed6  (/tmp/asan_pair18_a1_vulnerable_55lorhem/target/debug/deps/pair18_a1_vulnerable-649cd7d0f0b50684+0x123ed6) (BuildId: 9205b1c765a6826d3c9b631605d9eb5d39a44510)
    #6 0x5963f7987584  (/tmp/asan_pair18_a1_vulnerable_55lorhem/target/debug/deps/pair18_a1_vulnerable-649cd7d0f0b50684+0x15c584) (BuildId: 9205b1c765a6826d3c9b631605d9eb5d39a44510)
    #7 0x5963f795dfa3  (/tmp/asan_pair18_a1_vulnerable_55lorhem/target/debug/deps/pair18_a1_vulnerable-649cd7d0f0b50684+0x132fa3) (BuildId: 9205b1c765a6826d3c9b631605d9eb5d39a44510)
    #8 0x5963f7961989  (/tmp/asan_pair18_a1_vulnerable_55lorhem/target/debug/deps/pair18_a1_vulnerable-649cd7d0f0b50684+0x136989) (BuildId: 9205b1c765a6826d3c9b631605d9eb5d39a44510)
    #9 0x5963f79a75ae  (/tmp/asan_pair18_a1_vulnerable_55lorhem/target/debug/deps/pair18_a1_vulnerable-649cd7d0f0b50684+0x17c5ae) (BuildId: 9205b1c765a6826d3c9b631605d9eb5d39a44510)
    #10 0x5963f791bc46  (/tmp/asan_pair18_a1_vulnerable_55lorhem/target/debug/deps/pair18_a1_vulnerable-649cd7d0f0b50684+0xf0c46) (BuildId: 9205b1c765a6826d3c9b631605d9eb5d39a44510)

Thread T1 created by T0 here:
    #0 0x5963f7902671  (/tmp/asan_pair18_a1_vulnerable_55lorhem/target/debug/deps/pair18_a1_vulnerable-649cd7d0f0b50684+0xd7671) (BuildId: 9205b1c765a6826d3c9b631605d9eb5d39a44510)
    #1 0x5963f79a77cf  (/tmp/asan_pair18_a1_vulnerable_55lorhem/target/debug/deps/pair18_a1_vulnerable-649cd7d0f0b50684+0x17c7cf) (BuildId: 9205b1c765a6826d3c9b631605d9eb5d39a44510)
    #2 0x5963f79860fd  (/tmp/asan_pair18_a1_vulnerable_55lorhem/target/debug/deps/pair18_a1_vulnerable-649cd7d0f0b50684+0x15b0fd) (BuildId: 9205b1c765a6826d3c9b631605d9eb5d39a44510)
    #3 0x5963f797f444  (/tmp/asan_pair18_a1_vulnerable_55lorhem/target/debug/deps/pair18_a1_vulnerable-649cd7d0f0b50684+0x154444) (BuildId: 9205b1c765a6826d3c9b631605d9eb5d39a44510)
    #4 0x5963f7988a85  (/tmp/asan_pair18_a1_vulnerable_55lorhem/target/debug/deps/pair18_a1_vulnerable-649cd7d0f0b50684+0x15da85) (BuildId: 9205b1c765a6826d3c9b631605d9eb5d39a44510)
    #5 0x5963f79717da  (/tmp/asan_pair18_a1_vulnerable_55lorhem/target/debug/deps/pair18_a1_vulnerable-649cd7d0f0b50684+0x1467da) (BuildId: 9205b1c765a6826d3c9b631605d9eb5d39a44510)
    #6 0x5963f794d982  (/tmp/asan_pair18_a1_vulnerable_55lorhem/target/debug/deps/pair18_a1_vulnerable-649cd7d0f0b50684+0x122982) (BuildId: 9205b1c765a6826d3c9b631605d9eb5d39a44510)
    #7 0x5963f794ee0f  (/tmp/asan_pair18_a1_vulnerable_55lorhem/target/debug/deps/pair18_a1_vulnerable-649cd7d0f0b50684+0x123e0f) (BuildId: 9205b1c765a6826d3c9b631605d9eb5d39a44510)
    #8 0x5963f794e2bd  (/tmp/asan_pair18_a1_vulnerable_55lorhem/target/debug/deps/pair18_a1_vulnerable-649cd7d0f0b50684+0x1232bd) (BuildId: 9205b1c765a6826d3c9b631605d9eb5d39a44510)

SUMMARY: AddressSanitizer: heap-buffer-overflow (/tmp/asan_pair18_a1_vulnerable_55lorhem/target/debug/deps/pair18_a1_vulnerable-649cd7d0f0b50684+0x1230c8) (BuildId: 9205b1c765a6826d3c9b631605d9eb5d39a44510) 
Shadow bytes around the buggy address:
  0x75a5f1fe3d80: fa fa fa fa fa fa fa fa fa fa fa fa fa fa fa fa
  0x75a5f1fe3e00: fa fa fa fa fa fa fa fa fa fa fa fa fa fa fa fa
  0x75a5f1fe3e80: fa fa fa fa fa fa fa fa fa fa fa fa fa fa fa fa
  0x75a5f1fe3f00: fa fa fa fa fa fa fa fa fa fa fa fa fa fa fa fa
  0x75a5f1fe3f80: fa fa fa fa fa fa fa fa fa fa fa fa fa fa fa fa
=>0x75a5f1fe4000: fa fa 00 00 fa fa 00 00[fa]fa fa fa fa fa fa fa
  0x75a5f1fe4080: fa fa fa fa fa fa fa fa fa fa fa fa fa fa fa fa
  0x75a5f1fe4100: fa fa fa fa fa fa fa fa fa fa fa fa fa fa fa fa
  0x75a5f1fe4180: fa fa fa fa fa fa fa fa fa fa fa fa fa fa fa fa
  0x75a5f1fe4200: fa fa fa fa fa fa fa fa fa fa fa fa fa fa fa fa
  0x75a5f1fe4280: fa fa fa fa fa fa fa fa fa fa fa fa fa fa fa fa
Shadow byte legend (one shadow byte represents 8 application bytes):
  Addressable:           00
  Partially addressable: 01 02 03 04 05 06 07 
  Heap left redzone:       fa
  Freed heap region:       fd
  Stack left redzone:      f1
  Stack mid redzone:       f2
  Stack right redzone:     f3
  Stack after return:      f5
  Stack use after scope:   f8
  Global redzone:          f9
  Global init order:       f6
  Poisoned by user:        f7
  Container overflow:      fc
  Array cookie:            ac
  Intra object redzone:    bb
  ASan internal:           fe
  Left alloca redzone:     ca
  Right alloca redzone:    cb
==3723881==ABORTING
error: test failed, to rerun pass `--lib`

Caused by:
  process didn't exit successfully: `/tmp/asan_pair18_a1_vulnerable_55lorhem/target/debug/deps/pair18_a1_vulnerable-649cd7d0f0b50684 --nocapture` (exit status: 1)
