$ (cwd=/tmp/asan_pair14_a2_vulnerable_36rhic8n) cargo +nightly test --lib -- --nocapture

   Compiling pair14_a2_vulnerable v0.1.0 (/tmp/asan_pair14_a2_vulnerable_36rhic8n)
    Finished `test` profile [unoptimized + debuginfo] target(s) in 0.20s
     Running unittests src/lib.rs (target/debug/deps/pair14_a2_vulnerable-a65b6f566b2bada3)

running 1 test
=================================================================
==4016184==ERROR: AddressSanitizer: heap-buffer-overflow on address 0x6f1b545e18b4 at pc 0x5b1d654abe4c bp 0x6eeb51ffddb0 sp 0x6eeb51ffdda8
READ of size 4 at 0x6f1b545e18b4 thread T1
    #0 0x5b1d654abe4b  (/tmp/asan_pair14_a2_vulnerable_36rhic8n/target/debug/deps/pair14_a2_vulnerable-a65b6f566b2bada3+0x124e4b) (BuildId: 3199a13a2af2bb65ec66e3054d8824caba39ec3a)
    #1 0x5b1d654ad2d6  (/tmp/asan_pair14_a2_vulnerable_36rhic8n/target/debug/deps/pair14_a2_vulnerable-a65b6f566b2bada3+0x1262d6) (BuildId: 3199a13a2af2bb65ec66e3054d8824caba39ec3a)
    #2 0x5b1d654abdf4  (/tmp/asan_pair14_a2_vulnerable_36rhic8n/target/debug/deps/pair14_a2_vulnerable-a65b6f566b2bada3+0x124df4) (BuildId: 3199a13a2af2bb65ec66e3054d8824caba39ec3a)
    #3 0x5b1d654ad082  (/tmp/asan_pair14_a2_vulnerable_36rhic8n/target/debug/deps/pair14_a2_vulnerable-a65b6f566b2bada3+0x126082) (BuildId: 3199a13a2af2bb65ec66e3054d8824caba39ec3a)
    #4 0x5b1d654aaa2a  (/tmp/asan_pair14_a2_vulnerable_36rhic8n/target/debug/deps/pair14_a2_vulnerable-a65b6f566b2bada3+0x123a2a) (BuildId: 3199a13a2af2bb65ec66e3054d8824caba39ec3a)
    #5 0x5b1d654b0d44  (/tmp/asan_pair14_a2_vulnerable_36rhic8n/target/debug/deps/pair14_a2_vulnerable-a65b6f566b2bada3+0x129d44) (BuildId: 3199a13a2af2bb65ec66e3054d8824caba39ec3a)
    #6 0x5b1d654acaed  (/tmp/asan_pair14_a2_vulnerable_36rhic8n/target/debug/deps/pair14_a2_vulnerable-a65b6f566b2bada3+0x125aed) (BuildId: 3199a13a2af2bb65ec66e3054d8824caba39ec3a)
    #7 0x5b1d654addca  (/tmp/asan_pair14_a2_vulnerable_36rhic8n/target/debug/deps/pair14_a2_vulnerable-a65b6f566b2bada3+0x126dca) (BuildId: 3199a13a2af2bb65ec66e3054d8824caba39ec3a)
    #8 0x5b1d654adc3e  (/tmp/asan_pair14_a2_vulnerable_36rhic8n/target/debug/deps/pair14_a2_vulnerable-a65b6f566b2bada3+0x126c3e) (BuildId: 3199a13a2af2bb65ec66e3054d8824caba39ec3a)
    #9 0x5b1d654aa791  (/tmp/asan_pair14_a2_vulnerable_36rhic8n/target/debug/deps/pair14_a2_vulnerable-a65b6f566b2bada3+0x123791) (BuildId: 3199a13a2af2bb65ec66e3054d8824caba39ec3a)
    #10 0x5b1d654ae54e  (/tmp/asan_pair14_a2_vulnerable_36rhic8n/target/debug/deps/pair14_a2_vulnerable-a65b6f566b2bada3+0x12754e) (BuildId: 3199a13a2af2bb65ec66e3054d8824caba39ec3a)
    #11 0x5b1d654adb06  (/tmp/asan_pair14_a2_vulnerable_36rhic8n/target/debug/deps/pair14_a2_vulnerable-a65b6f566b2bada3+0x126b06) (BuildId: 3199a13a2af2bb65ec66e3054d8824caba39ec3a)
    #12 0x5b1d654ab305  (/tmp/asan_pair14_a2_vulnerable_36rhic8n/target/debug/deps/pair14_a2_vulnerable-a65b6f566b2bada3+0x124305) (BuildId: 3199a13a2af2bb65ec66e3054d8824caba39ec3a)
    #13 0x5b1d654d1aba  (/tmp/asan_pair14_a2_vulnerable_36rhic8n/target/debug/deps/pair14_a2_vulnerable-a65b6f566b2bada3+0x14aaba) (BuildId: 3199a13a2af2bb65ec66e3054d8824caba39ec3a)
    #14 0x5b1d654e74a4  (/tmp/asan_pair14_a2_vulnerable_36rhic8n/target/debug/deps/pair14_a2_vulnerable-a65b6f566b2bada3+0x1604a4) (BuildId: 3199a13a2af2bb65ec66e3054d8824caba39ec3a)
    #15 0x5b1d654bdec3  (/tmp/asan_pair14_a2_vulnerable_36rhic8n/target/debug/deps/pair14_a2_vulnerable-a65b6f566b2bada3+0x136ec3) (BuildId: 3199a13a2af2bb65ec66e3054d8824caba39ec3a)
    #16 0x5b1d654c18a9  (/tmp/asan_pair14_a2_vulnerable_36rhic8n/target/debug/deps/pair14_a2_vulnerable-a65b6f566b2bada3+0x13a8a9) (BuildId: 3199a13a2af2bb65ec66e3054d8824caba39ec3a)
    #17 0x5b1d655074ce  (/tmp/asan_pair14_a2_vulnerable_36rhic8n/target/debug/deps/pair14_a2_vulnerable-a65b6f566b2bada3+0x1804ce) (BuildId: 3199a13a2af2bb65ec66e3054d8824caba39ec3a)
    #18 0x5b1d65478ea6  (/tmp/asan_pair14_a2_vulnerable_36rhic8n/target/debug/deps/pair14_a2_vulnerable-a65b6f566b2bada3+0xf1ea6) (BuildId: 3199a13a2af2bb65ec66e3054d8824caba39ec3a)
    #19 0x72eb55494ac2  (/lib/x86_64-linux-gnu/libc.so.6+0x94ac2) (BuildId: d5197096f709801829b118af1b7cf6631efa2dcd)
    #20 0x72eb5552684f  (/lib/x86_64-linux-gnu/libc.so.6+0x12684f) (BuildId: d5197096f709801829b118af1b7cf6631efa2dcd)

0x6f1b545e18b4 is located 0 bytes after 20-byte region [0x6f1b545e18a0,0x6f1b545e18b4)
allocated by thread T1 here:
    #0 0x5b1d6547afe4  (/tmp/asan_pair14_a2_vulnerable_36rhic8n/target/debug/deps/pair14_a2_vulnerable-a65b6f566b2bada3+0xf3fe4) (BuildId: 3199a13a2af2bb65ec66e3054d8824caba39ec3a)
    #1 0x5b1d654aeef3  (/tmp/asan_pair14_a2_vulnerable_36rhic8n/target/debug/deps/pair14_a2_vulnerable-a65b6f566b2bada3+0x127ef3) (BuildId: 3199a13a2af2bb65ec66e3054d8824caba39ec3a)
    #2 0x5b1d654aebf4  (/tmp/asan_pair14_a2_vulnerable_36rhic8n/target/debug/deps/pair14_a2_vulnerable-a65b6f566b2bada3+0x127bf4) (BuildId: 3199a13a2af2bb65ec66e3054d8824caba39ec3a)
    #3 0x5b1d654ae45d  (/tmp/asan_pair14_a2_vulnerable_36rhic8n/target/debug/deps/pair14_a2_vulnerable-a65b6f566b2bada3+0x12745d) (BuildId: 3199a13a2af2bb65ec66e3054d8824caba39ec3a)
    #4 0x5b1d654adb06  (/tmp/asan_pair14_a2_vulnerable_36rhic8n/target/debug/deps/pair14_a2_vulnerable-a65b6f566b2bada3+0x126b06) (BuildId: 3199a13a2af2bb65ec66e3054d8824caba39ec3a)
    #5 0x5b1d654e74a4  (/tmp/asan_pair14_a2_vulnerable_36rhic8n/target/debug/deps/pair14_a2_vulnerable-a65b6f566b2bada3+0x1604a4) (BuildId: 3199a13a2af2bb65ec66e3054d8824caba39ec3a)
    #6 0x5b1d654bdec3  (/tmp/asan_pair14_a2_vulnerable_36rhic8n/target/debug/deps/pair14_a2_vulnerable-a65b6f566b2bada3+0x136ec3) (BuildId: 3199a13a2af2bb65ec66e3054d8824caba39ec3a)
    #7 0x5b1d654c18a9  (/tmp/asan_pair14_a2_vulnerable_36rhic8n/target/debug/deps/pair14_a2_vulnerable-a65b6f566b2bada3+0x13a8a9) (BuildId: 3199a13a2af2bb65ec66e3054d8824caba39ec3a)
    #8 0x5b1d655074ce  (/tmp/asan_pair14_a2_vulnerable_36rhic8n/target/debug/deps/pair14_a2_vulnerable-a65b6f566b2bada3+0x1804ce) (BuildId: 3199a13a2af2bb65ec66e3054d8824caba39ec3a)
    #9 0x5b1d65478ea6  (/tmp/asan_pair14_a2_vulnerable_36rhic8n/target/debug/deps/pair14_a2_vulnerable-a65b6f566b2bada3+0xf1ea6) (BuildId: 3199a13a2af2bb65ec66e3054d8824caba39ec3a)

Thread T1 created by T0 here:
    #0 0x5b1d6545f8d1  (/tmp/asan_pair14_a2_vulnerable_36rhic8n/target/debug/deps/pair14_a2_vulnerable-a65b6f566b2bada3+0xd88d1) (BuildId: 3199a13a2af2bb65ec66e3054d8824caba39ec3a)
    #1 0x5b1d655076ef  (/tmp/asan_pair14_a2_vulnerable_36rhic8n/target/debug/deps/pair14_a2_vulnerable-a65b6f566b2bada3+0x1806ef) (BuildId: 3199a13a2af2bb65ec66e3054d8824caba39ec3a)
    #2 0x5b1d654e601d  (/tmp/asan_pair14_a2_vulnerable_36rhic8n/target/debug/deps/pair14_a2_vulnerable-a65b6f566b2bada3+0x15f01d) (BuildId: 3199a13a2af2bb65ec66e3054d8824caba39ec3a)
    #3 0x5b1d654df364  (/tmp/asan_pair14_a2_vulnerable_36rhic8n/target/debug/deps/pair14_a2_vulnerable-a65b6f566b2bada3+0x158364) (BuildId: 3199a13a2af2bb65ec66e3054d8824caba39ec3a)
    #4 0x5b1d654e89a5  (/tmp/asan_pair14_a2_vulnerable_36rhic8n/target/debug/deps/pair14_a2_vulnerable-a65b6f566b2bada3+0x1619a5) (BuildId: 3199a13a2af2bb65ec66e3054d8824caba39ec3a)
    #5 0x5b1d654d16fa  (/tmp/asan_pair14_a2_vulnerable_36rhic8n/target/debug/deps/pair14_a2_vulnerable-a65b6f566b2bada3+0x14a6fa) (BuildId: 3199a13a2af2bb65ec66e3054d8824caba39ec3a)
    #6 0x5b1d654aada2  (/tmp/asan_pair14_a2_vulnerable_36rhic8n/target/debug/deps/pair14_a2_vulnerable-a65b6f566b2bada3+0x123da2) (BuildId: 3199a13a2af2bb65ec66e3054d8824caba39ec3a)
    #7 0x5b1d654afebf  (/tmp/asan_pair14_a2_vulnerable_36rhic8n/target/debug/deps/pair14_a2_vulnerable-a65b6f566b2bada3+0x128ebf) (BuildId: 3199a13a2af2bb65ec66e3054d8824caba39ec3a)
    #8 0x5b1d654aadcd  (/tmp/asan_pair14_a2_vulnerable_36rhic8n/target/debug/deps/pair14_a2_vulnerable-a65b6f566b2bada3+0x123dcd) (BuildId: 3199a13a2af2bb65ec66e3054d8824caba39ec3a)

SUMMARY: AddressSanitizer: heap-buffer-overflow (/tmp/asan_pair14_a2_vulnerable_36rhic8n/target/debug/deps/pair14_a2_vulnerable-a65b6f566b2bada3+0x124e4b) (BuildId: 3199a13a2af2bb65ec66e3054d8824caba39ec3a) 
Shadow bytes around the buggy address:
  0x6f1b545e1600: fa fa fa fa fa fa fa fa fa fa fa fa fa fa fa fa
  0x6f1b545e1680: fa fa fa fa fa fa fa fa fa fa fa fa fa fa fa fa
  0x6f1b545e1700: fa fa fa fa fa fa fa fa fa fa fa fa fa fa fa fa
  0x6f1b545e1780: fa fa fa fa fa fa fa fa fa fa fa fa fa fa fa fa
  0x6f1b545e1800: fa fa fd fd fd fd fa fa fd fd fd fd fa fa 00 00
=>0x6f1b545e1880: 00 00 fa fa 00 00[04]fa fa fa fa fa fa fa fa fa
  0x6f1b545e1900: fa fa fa fa fa fa fa fa fa fa fa fa fa fa fa fa
  0x6f1b545e1980: fa fa fa fa fa fa fa fa fa fa fa fa fa fa fa fa
  0x6f1b545e1a00: fa fa fa fa fa fa fa fa fa fa fa fa fa fa fa fa
  0x6f1b545e1a80: fa fa fa fa fa fa fa fa fa fa fa fa fa fa fa fa
  0x6f1b545e1b00: fa fa fa fa fa fa fa fa fa fa fa fa fa fa fa fa
Shadow byte legend (one shadow byte represents 8 application bytes):
  Addressable:           00
  Partially addressable: 01 02 03 04 05 06 07 
  Heap left redzone:       fa
  Freed heap region:       fd
  Stack left redzone:      f1
  Stack mid redzone:       f2
  Stack right redzone:     f3
  Stack after return:      f5
  Stack use after scope:   f8
  Global redzone:          f9
  Global init order:       f6
  Poisoned by user:        f7
  Container overflow:      fc
  Array cookie:            ac
  Intra object redzone:    bb
  ASan internal:           fe
  Left alloca redzone:     ca
  Right alloca redzone:    cb
==4016184==ABORTING
error: test failed, to rerun pass `--lib`

Caused by:
  process didn't exit successfully: `/tmp/asan_pair14_a2_vulnerable_36rhic8n/target/debug/deps/pair14_a2_vulnerable-a65b6f566b2bada3 --nocapture` (exit status: 1)
