$ (cwd=/tmp/asan_pair5_a3_vulnerable_w9ptedct) cargo +nightly test --lib -- --nocapture

   Compiling pair5_a3_vulnerable v0.1.0 (/tmp/asan_pair5_a3_vulnerable_w9ptedct)
    Finished `test` profile [unoptimized + debuginfo] target(s) in 0.17s
     Running unittests src/lib.rs (target/debug/deps/pair5_a3_vulnerable-a5b34d13e0f6ea0f)

running 1 test
=================================================================
==4132484==ERROR: AddressSanitizer: heap-buffer-overflow on address 0x6d0ba6be401a at pc 0x5662f6c1a2e1 bp 0x6ceba45fe280 sp 0x6ceba45fe278
WRITE of size 1 at 0x6d0ba6be401a thread T1
    #0 0x5662f6c1a2e0  (/tmp/asan_pair5_a3_vulnerable_w9ptedct/target/debug/deps/pair5_a3_vulnerable-a5b34d13e0f6ea0f+0x1222e0) (BuildId: 4998c6b7cfd5d43b59788d507b6a359029ec5ca4)
    #1 0x5662f6c1a422  (/tmp/asan_pair5_a3_vulnerable_w9ptedct/target/debug/deps/pair5_a3_vulnerable-a5b34d13e0f6ea0f+0x122422) (BuildId: 4998c6b7cfd5d43b59788d507b6a359029ec5ca4)
    #2 0x5662f6c18b23  (/tmp/asan_pair5_a3_vulnerable_w9ptedct/target/debug/deps/pair5_a3_vulnerable-a5b34d13e0f6ea0f+0x120b23) (BuildId: 4998c6b7cfd5d43b59788d507b6a359029ec5ca4)
    #3 0x5662f6c177a6  (/tmp/asan_pair5_a3_vulnerable_w9ptedct/target/debug/deps/pair5_a3_vulnerable-a5b34d13e0f6ea0f+0x11f7a6) (BuildId: 4998c6b7cfd5d43b59788d507b6a359029ec5ca4)
    #4 0x5662f6c18c65  (/tmp/asan_pair5_a3_vulnerable_w9ptedct/target/debug/deps/pair5_a3_vulnerable-a5b34d13e0f6ea0f+0x120c65) (BuildId: 4998c6b7cfd5d43b59788d507b6a359029ec5ca4)
    #5 0x5662f6c3b60a  (/tmp/asan_pair5_a3_vulnerable_w9ptedct/target/debug/deps/pair5_a3_vulnerable-a5b34d13e0f6ea0f+0x14360a) (BuildId: 4998c6b7cfd5d43b59788d507b6a359029ec5ca4)
    #6 0x5662f6c50ff4  (/tmp/asan_pair5_a3_vulnerable_w9ptedct/target/debug/deps/pair5_a3_vulnerable-a5b34d13e0f6ea0f+0x158ff4) (BuildId: 4998c6b7cfd5d43b59788d507b6a359029ec5ca4)
    #7 0x5662f6c27a13  (/tmp/asan_pair5_a3_vulnerable_w9ptedct/target/debug/deps/pair5_a3_vulnerable-a5b34d13e0f6ea0f+0x12fa13) (BuildId: 4998c6b7cfd5d43b59788d507b6a359029ec5ca4)
    #8 0x5662f6c2b3f9  (/tmp/asan_pair5_a3_vulnerable_w9ptedct/target/debug/deps/pair5_a3_vulnerable-a5b34d13e0f6ea0f+0x1333f9) (BuildId: 4998c6b7cfd5d43b59788d507b6a359029ec5ca4)
    #9 0x5662f6c7101e  (/tmp/asan_pair5_a3_vulnerable_w9ptedct/target/debug/deps/pair5_a3_vulnerable-a5b34d13e0f6ea0f+0x17901e) (BuildId: 4998c6b7cfd5d43b59788d507b6a359029ec5ca4)
    #10 0x5662f6be71e6  (/tmp/asan_pair5_a3_vulnerable_w9ptedct/target/debug/deps/pair5_a3_vulnerable-a5b34d13e0f6ea0f+0xef1e6) (BuildId: 4998c6b7cfd5d43b59788d507b6a359029ec5ca4)
    #11 0x70eba7894ac2  (/lib/x86_64-linux-gnu/libc.so.6+0x94ac2) (BuildId: d5197096f709801829b118af1b7cf6631efa2dcd)
    #12 0x70eba792684f  (/lib/x86_64-linux-gnu/libc.so.6+0x12684f) (BuildId: d5197096f709801829b118af1b7cf6631efa2dcd)

0x6d0ba6be401a is located 0 bytes after 10-byte region [0x6d0ba6be4010,0x6d0ba6be401a)
allocated by thread T1 here:
    #0 0x5662f6be96e9  (/tmp/asan_pair5_a3_vulnerable_w9ptedct/target/debug/deps/pair5_a3_vulnerable-a5b34d13e0f6ea0f+0xf16e9) (BuildId: 4998c6b7cfd5d43b59788d507b6a359029ec5ca4)
    #1 0x5662f6ca1597  (/tmp/asan_pair5_a3_vulnerable_w9ptedct/target/debug/deps/pair5_a3_vulnerable-a5b34d13e0f6ea0f+0x1a9597) (BuildId: 4998c6b7cfd5d43b59788d507b6a359029ec5ca4)
    #2 0x5662f6c1832e  (/tmp/asan_pair5_a3_vulnerable_w9ptedct/target/debug/deps/pair5_a3_vulnerable-a5b34d13e0f6ea0f+0x12032e) (BuildId: 4998c6b7cfd5d43b59788d507b6a359029ec5ca4)
    #3 0x5662f6c1964e  (/tmp/asan_pair5_a3_vulnerable_w9ptedct/target/debug/deps/pair5_a3_vulnerable-a5b34d13e0f6ea0f+0x12164e) (BuildId: 4998c6b7cfd5d43b59788d507b6a359029ec5ca4)
    #4 0x5662f6c1a3de  (/tmp/asan_pair5_a3_vulnerable_w9ptedct/target/debug/deps/pair5_a3_vulnerable-a5b34d13e0f6ea0f+0x1223de) (BuildId: 4998c6b7cfd5d43b59788d507b6a359029ec5ca4)
    #5 0x5662f6c18b23  (/tmp/asan_pair5_a3_vulnerable_w9ptedct/target/debug/deps/pair5_a3_vulnerable-a5b34d13e0f6ea0f+0x120b23) (BuildId: 4998c6b7cfd5d43b59788d507b6a359029ec5ca4)
    #6 0x5662f6c177a6  (/tmp/asan_pair5_a3_vulnerable_w9ptedct/target/debug/deps/pair5_a3_vulnerable-a5b34d13e0f6ea0f+0x11f7a6) (BuildId: 4998c6b7cfd5d43b59788d507b6a359029ec5ca4)
    #7 0x5662f6c50ff4  (/tmp/asan_pair5_a3_vulnerable_w9ptedct/target/debug/deps/pair5_a3_vulnerable-a5b34d13e0f6ea0f+0x158ff4) (BuildId: 4998c6b7cfd5d43b59788d507b6a359029ec5ca4)
    #8 0x5662f6c27a13  (/tmp/asan_pair5_a3_vulnerable_w9ptedct/target/debug/deps/pair5_a3_vulnerable-a5b34d13e0f6ea0f+0x12fa13) (BuildId: 4998c6b7cfd5d43b59788d507b6a359029ec5ca4)
    #9 0x5662f6c2b3f9  (/tmp/asan_pair5_a3_vulnerable_w9ptedct/target/debug/deps/pair5_a3_vulnerable-a5b34d13e0f6ea0f+0x1333f9) (BuildId: 4998c6b7cfd5d43b59788d507b6a359029ec5ca4)
    #10 0x5662f6c7101e  (/tmp/asan_pair5_a3_vulnerable_w9ptedct/target/debug/deps/pair5_a3_vulnerable-a5b34d13e0f6ea0f+0x17901e) (BuildId: 4998c6b7cfd5d43b59788d507b6a359029ec5ca4)
    #11 0x5662f6be71e6  (/tmp/asan_pair5_a3_vulnerable_w9ptedct/target/debug/deps/pair5_a3_vulnerable-a5b34d13e0f6ea0f+0xef1e6) (BuildId: 4998c6b7cfd5d43b59788d507b6a359029ec5ca4)

Thread T1 created by T0 here:
    #0 0x5662f6bcdc11  (/tmp/asan_pair5_a3_vulnerable_w9ptedct/target/debug/deps/pair5_a3_vulnerable-a5b34d13e0f6ea0f+0xd5c11) (BuildId: 4998c6b7cfd5d43b59788d507b6a359029ec5ca4)
    #1 0x5662f6c7123f  (/tmp/asan_pair5_a3_vulnerable_w9ptedct/target/debug/deps/pair5_a3_vulnerable-a5b34d13e0f6ea0f+0x17923f) (BuildId: 4998c6b7cfd5d43b59788d507b6a359029ec5ca4)
    #2 0x5662f6c4fb6d  (/tmp/asan_pair5_a3_vulnerable_w9ptedct/target/debug/deps/pair5_a3_vulnerable-a5b34d13e0f6ea0f+0x157b6d) (BuildId: 4998c6b7cfd5d43b59788d507b6a359029ec5ca4)
    #3 0x5662f6c48eb4  (/tmp/asan_pair5_a3_vulnerable_w9ptedct/target/debug/deps/pair5_a3_vulnerable-a5b34d13e0f6ea0f+0x150eb4) (BuildId: 4998c6b7cfd5d43b59788d507b6a359029ec5ca4)
    #4 0x5662f6c524f5  (/tmp/asan_pair5_a3_vulnerable_w9ptedct/target/debug/deps/pair5_a3_vulnerable-a5b34d13e0f6ea0f+0x15a4f5) (BuildId: 4998c6b7cfd5d43b59788d507b6a359029ec5ca4)
    #5 0x5662f6c3b24a  (/tmp/asan_pair5_a3_vulnerable_w9ptedct/target/debug/deps/pair5_a3_vulnerable-a5b34d13e0f6ea0f+0x14324a) (BuildId: 4998c6b7cfd5d43b59788d507b6a359029ec5ca4)
    #6 0x5662f6c1a562  (/tmp/asan_pair5_a3_vulnerable_w9ptedct/target/debug/deps/pair5_a3_vulnerable-a5b34d13e0f6ea0f+0x122562) (BuildId: 4998c6b7cfd5d43b59788d507b6a359029ec5ca4)
    #7 0x5662f6c18f8f  (/tmp/asan_pair5_a3_vulnerable_w9ptedct/target/debug/deps/pair5_a3_vulnerable-a5b34d13e0f6ea0f+0x120f8f) (BuildId: 4998c6b7cfd5d43b59788d507b6a359029ec5ca4)
    #8 0x5662f6c1a58d  (/tmp/asan_pair5_a3_vulnerable_w9ptedct/target/debug/deps/pair5_a3_vulnerable-a5b34d13e0f6ea0f+0x12258d) (BuildId: 4998c6b7cfd5d43b59788d507b6a359029ec5ca4)

SUMMARY: AddressSanitizer: heap-buffer-overflow (/tmp/asan_pair5_a3_vulnerable_w9ptedct/target/debug/deps/pair5_a3_vulnerable-a5b34d13e0f6ea0f+0x1222e0) (BuildId: 4998c6b7cfd5d43b59788d507b6a359029ec5ca4) 
Shadow bytes around the buggy address:
  0x6d0ba6be3d80: fa fa fa fa fa fa fa fa fa fa fa fa fa fa fa fa
  0x6d0ba6be3e00: fa fa fa fa fa fa fa fa fa fa fa fa fa fa fa fa
  0x6d0ba6be3e80: fa fa fa fa fa fa fa fa fa fa fa fa fa fa fa fa
  0x6d0ba6be3f00: fa fa fa fa fa fa fa fa fa fa fa fa fa fa fa fa
  0x6d0ba6be3f80: fa fa fa fa fa fa fa fa fa fa fa fa fa fa fa fa
=>0x6d0ba6be4000: fa fa 00[02]fa fa fa fa fa fa fa fa fa fa fa fa
  0x6d0ba6be4080: fa fa fa fa fa fa fa fa fa fa fa fa fa fa fa fa
  0x6d0ba6be4100: fa fa fa fa fa fa fa fa fa fa fa fa fa fa fa fa
  0x6d0ba6be4180: fa fa fa fa fa fa fa fa fa fa fa fa fa fa fa fa
  0x6d0ba6be4200: fa fa fa fa fa fa fa fa fa fa fa fa fa fa fa fa
  0x6d0ba6be4280: fa fa fa fa fa fa fa fa fa fa fa fa fa fa fa fa
Shadow byte legend (one shadow byte represents 8 application bytes):
  Addressable:           00
  Partially addressable: 01 02 03 04 05 06 07 
  Heap left redzone:       fa
  Freed heap region:       fd
  Stack left redzone:      f1
  Stack mid redzone:       f2
  Stack right redzone:     f3
  Stack after return:      f5
  Stack use after scope:   f8
  Global redzone:          f9
  Global init order:       f6
  Poisoned by user:        f7
  Container overflow:      fc
  Array cookie:            ac
  Intra object redzone:    bb
  ASan internal:           fe
  Left alloca redzone:     ca
  Right alloca redzone:    cb
==4132484==ABORTING
error: test failed, to rerun pass `--lib`

Caused by:
  process didn't exit successfully: `/tmp/asan_pair5_a3_vulnerable_w9ptedct/target/debug/deps/pair5_a3_vulnerable-a5b34d13e0f6ea0f --nocapture` (exit status: 1)
