$ (cwd=/tmp/asan_pair17_a2_vulnerable_5e0m90m5) cargo +nightly test --lib -- --nocapture

   Compiling pair17_a2_vulnerable v0.1.0 (/tmp/asan_pair17_a2_vulnerable_5e0m90m5)
error[E0277]: `*mut i32` cannot be sent between threads safely
  --> src/lib.rs:29:33
   |
29 |       let handler = thread::spawn(move || {
   |                     ------------- ^------
   |                     |             |
   |  ___________________|_____________within this `{closure@src/lib.rs:29:33: 29:40}`
   | |                   |
   | |                   required by a bound introduced by this call
30 | |         barrier_thread.wait();
31 | |         unsafe {
32 | |             Box::from_raw(dup_ptr);
33 | |         }
34 | |     });
   | |_____^ `*mut i32` cannot be sent between threads safely
   |
   = help: within `{closure@src/lib.rs:29:33: 29:40}`, the trait `Send` is not implemented for `*mut i32`
note: required because it's used within this closure
  --> src/lib.rs:29:33
   |
29 |     let handler = thread::spawn(move || {
   |                                 ^^^^^^^
note: required by a bound in `spawn`
  --> /rustc/fa3155a644dd62e865825087b403646be01d4cef/library/std/src/thread/mod.rs:723:1

For more information about this error, try `rustc --explain E0277`.
error: could not compile `pair17_a2_vulnerable` (lib test) due to 1 previous error
