$ (cwd=/tmp/asan_pair4_vulnerable_7kr3nsdv) cargo +nightly test --lib -- --nocapture

   Compiling pair4_vulnerable v0.1.0 (/tmp/asan_pair4_vulnerable_7kr3nsdv)
    Finished `test` profile [unoptimized + debuginfo] target(s) in 0.20s
     Running unittests src/lib.rs (target/debug/deps/pair4_vulnerable-dd121c6c5d9904fd)

running 1 test
=================================================================
==3456856==ERROR: AddressSanitizer: stack-buffer-overflow on address 0x7a5a2d1ff030 at pc 0x56a63fc83cff bp 0x7a5a2ddfe190 sp 0x7a5a2ddfe188
WRITE of size 1 at 0x7a5a2d1ff030 thread T1
    #0 0x56a63fc83cfe  (/tmp/asan_pair4_vulnerable_7kr3nsdv/target/debug/deps/pair4_vulnerable-dd121c6c5d9904fd+0x11fcfe) (BuildId: 978d336b4cddbaaabe0a93a7afdf83019cc1fbe6)
    #1 0x56a63fc85bd0  (/tmp/asan_pair4_vulnerable_7kr3nsdv/target/debug/deps/pair4_vulnerable-dd121c6c5d9904fd+0x121bd0) (BuildId: 978d336b4cddbaaabe0a93a7afdf83019cc1fbe6)
    #2 0x56a63fc85636  (/tmp/asan_pair4_vulnerable_7kr3nsdv/target/debug/deps/pair4_vulnerable-dd121c6c5d9904fd+0x121636) (BuildId: 978d336b4cddbaaabe0a93a7afdf83019cc1fbe6)
    #3 0x56a63fc869e5  (/tmp/asan_pair4_vulnerable_7kr3nsdv/target/debug/deps/pair4_vulnerable-dd121c6c5d9904fd+0x1229e5) (BuildId: 978d336b4cddbaaabe0a93a7afdf83019cc1fbe6)
    #4 0x56a63fca76ea  (/tmp/asan_pair4_vulnerable_7kr3nsdv/target/debug/deps/pair4_vulnerable-dd121c6c5d9904fd+0x1436ea) (BuildId: 978d336b4cddbaaabe0a93a7afdf83019cc1fbe6)
    #5 0x56a63fcbd0d4  (/tmp/asan_pair4_vulnerable_7kr3nsdv/target/debug/deps/pair4_vulnerable-dd121c6c5d9904fd+0x1590d4) (BuildId: 978d336b4cddbaaabe0a93a7afdf83019cc1fbe6)
    #6 0x56a63fc93af3  (/tmp/asan_pair4_vulnerable_7kr3nsdv/target/debug/deps/pair4_vulnerable-dd121c6c5d9904fd+0x12faf3) (BuildId: 978d336b4cddbaaabe0a93a7afdf83019cc1fbe6)
    #7 0x56a63fc974d9  (/tmp/asan_pair4_vulnerable_7kr3nsdv/target/debug/deps/pair4_vulnerable-dd121c6c5d9904fd+0x1334d9) (BuildId: 978d336b4cddbaaabe0a93a7afdf83019cc1fbe6)
    #8 0x56a63fcdd0fe  (/tmp/asan_pair4_vulnerable_7kr3nsdv/target/debug/deps/pair4_vulnerable-dd121c6c5d9904fd+0x1790fe) (BuildId: 978d336b4cddbaaabe0a93a7afdf83019cc1fbe6)
    #9 0x56a63fc534c6  (/tmp/asan_pair4_vulnerable_7kr3nsdv/target/debug/deps/pair4_vulnerable-dd121c6c5d9904fd+0xef4c6) (BuildId: 978d336b4cddbaaabe0a93a7afdf83019cc1fbe6)
    #10 0x7e5a31094ac2  (/lib/x86_64-linux-gnu/libc.so.6+0x94ac2) (BuildId: d5197096f709801829b118af1b7cf6631efa2dcd)
    #11 0x7e5a3112684f  (/lib/x86_64-linux-gnu/libc.so.6+0x12684f) (BuildId: d5197096f709801829b118af1b7cf6631efa2dcd)

Address 0x7a5a2d1ff030 is located in stack of thread T1 at offset 48 in frame
    #0 0x56a63fc83a9f  (/tmp/asan_pair4_vulnerable_7kr3nsdv/target/debug/deps/pair4_vulnerable-dd121c6c5d9904fd+0x11fa9f) (BuildId: 978d336b4cddbaaabe0a93a7afdf83019cc1fbe6)

  This frame has 2 object(s):
    [32, 48) 'buf' (line 6) <== Memory access at offset 48 overflows this variable
    [64, 88) 'input' (line 5)
HINT: this may be a false positive if your program uses some custom stack unwind mechanism, swapcontext or vfork
      (longjmp and C++ exceptions *are* supported)
Thread T1 created by T0 here:
    #0 0x56a63fc39ef1  (/tmp/asan_pair4_vulnerable_7kr3nsdv/target/debug/deps/pair4_vulnerable-dd121c6c5d9904fd+0xd5ef1) (BuildId: 978d336b4cddbaaabe0a93a7afdf83019cc1fbe6)
    #1 0x56a63fcdd31f  (/tmp/asan_pair4_vulnerable_7kr3nsdv/target/debug/deps/pair4_vulnerable-dd121c6c5d9904fd+0x17931f) (BuildId: 978d336b4cddbaaabe0a93a7afdf83019cc1fbe6)
    #2 0x56a63fcbbc4d  (/tmp/asan_pair4_vulnerable_7kr3nsdv/target/debug/deps/pair4_vulnerable-dd121c6c5d9904fd+0x157c4d) (BuildId: 978d336b4cddbaaabe0a93a7afdf83019cc1fbe6)
    #3 0x56a63fcb4f94  (/tmp/asan_pair4_vulnerable_7kr3nsdv/target/debug/deps/pair4_vulnerable-dd121c6c5d9904fd+0x150f94) (BuildId: 978d336b4cddbaaabe0a93a7afdf83019cc1fbe6)
    #4 0x56a63fcbe5d5  (/tmp/asan_pair4_vulnerable_7kr3nsdv/target/debug/deps/pair4_vulnerable-dd121c6c5d9904fd+0x15a5d5) (BuildId: 978d336b4cddbaaabe0a93a7afdf83019cc1fbe6)
    #5 0x56a63fca732a  (/tmp/asan_pair4_vulnerable_7kr3nsdv/target/debug/deps/pair4_vulnerable-dd121c6c5d9904fd+0x14332a) (BuildId: 978d336b4cddbaaabe0a93a7afdf83019cc1fbe6)
    #6 0x56a63fc83a82  (/tmp/asan_pair4_vulnerable_7kr3nsdv/target/debug/deps/pair4_vulnerable-dd121c6c5d9904fd+0x11fa82) (BuildId: 978d336b4cddbaaabe0a93a7afdf83019cc1fbe6)
    #7 0x56a63fc8581f  (/tmp/asan_pair4_vulnerable_7kr3nsdv/target/debug/deps/pair4_vulnerable-dd121c6c5d9904fd+0x12181f) (BuildId: 978d336b4cddbaaabe0a93a7afdf83019cc1fbe6)
    #8 0x56a63fc83e4d  (/tmp/asan_pair4_vulnerable_7kr3nsdv/target/debug/deps/pair4_vulnerable-dd121c6c5d9904fd+0x11fe4d) (BuildId: 978d336b4cddbaaabe0a93a7afdf83019cc1fbe6)

SUMMARY: AddressSanitizer: stack-buffer-overflow (/tmp/asan_pair4_vulnerable_7kr3nsdv/target/debug/deps/pair4_vulnerable-dd121c6c5d9904fd+0x11fcfe) (BuildId: 978d336b4cddbaaabe0a93a7afdf83019cc1fbe6) 
Shadow bytes around the buggy address:
  0x7a5a2d1fed80: 00 00 00 00 00 00 00 00 00 00 00 00 00 00 00 00
  0x7a5a2d1fee00: 00 00 00 00 00 00 00 00 00 00 00 00 00 00 00 00
  0x7a5a2d1fee80: 00 00 00 00 00 00 00 00 00 00 00 00 00 00 00 00
  0x7a5a2d1fef00: 00 00 00 00 00 00 00 00 00 00 00 00 00 00 00 00
  0x7a5a2d1fef80: 00 00 00 00 00 00 00 00 00 00 00 00 00 00 00 00
=>0x7a5a2d1ff000: f1 f1 f1 f1 00 00[f2]f2 00 00 00 f3 f3 f3 f3 f3
  0x7a5a2d1ff080: f5 f5 f5 f5 f5 f5 f5 f5 f5 f5 f5 f5 f5 f5 f5 f5
  0x7a5a2d1ff100: f5 f5 f5 f5 f5 f5 f5 f5 f5 f5 f5 f5 f5 f5 f5 f5
  0x7a5a2d1ff180: 00 00 00 00 00 00 00 00 00 00 00 00 00 00 00 00
  0x7a5a2d1ff200: 00 00 00 00 00 00 00 00 00 00 00 00 00 00 00 00
  0x7a5a2d1ff280: 00 00 00 00 00 00 00 00 00 00 00 00 00 00 00 00
Shadow byte legend (one shadow byte represents 8 application bytes):
  Addressable:           00
  Partially addressable: 01 02 03 04 05 06 07 
  Heap left redzone:       fa
  Freed heap region:       fd
  Stack left redzone:      f1
  Stack mid redzone:       f2
  Stack right redzone:     f3
  Stack after return:      f5
  Stack use after scope:   f8
  Global redzone:          f9
  Global init order:       f6
  Poisoned by user:        f7
  Container overflow:      fc
  Array cookie:            ac
  Intra object redzone:    bb
  ASan internal:           fe
  Left alloca redzone:     ca
  Right alloca redzone:    cb
==3456856==ABORTING
error: test failed, to rerun pass `--lib`

Caused by:
  process didn't exit successfully: `/tmp/asan_pair4_vulnerable_7kr3nsdv/target/debug/deps/pair4_vulnerable-dd121c6c5d9904fd --nocapture` (exit status: 1)
