$ (cwd=/tmp/asan_pair6_a2_vulnerable_vu323fei) cargo +nightly test --lib -- --nocapture

   Compiling pair6_a2_vulnerable v0.1.0 (/tmp/asan_pair6_a2_vulnerable_vu323fei)
    Finished `test` profile [unoptimized + debuginfo] target(s) in 0.19s
     Running unittests src/lib.rs (target/debug/deps/pair6_a2_vulnerable-5cdb96f29cdebb00)

running 1 test
=================================================================
==3997250==ERROR: AddressSanitizer: heap-buffer-overflow on address 0x770d7b9e4040 at pc 0x5869f892a16c bp 0x76ed793fdf70 sp 0x76ed793fdf68
READ of size 4 at 0x770d7b9e4040 thread T1
    #0 0x5869f892a16b  (/tmp/asan_pair6_a2_vulnerable_vu323fei/target/debug/deps/pair6_a2_vulnerable-5cdb96f29cdebb00+0x12116b) (BuildId: 1998f947d5aca98a4c3aa123c0b065fc1f59b5ec)
    #1 0x5869f892d6f6  (/tmp/asan_pair6_a2_vulnerable_vu323fei/target/debug/deps/pair6_a2_vulnerable-5cdb96f29cdebb00+0x1246f6) (BuildId: 1998f947d5aca98a4c3aa123c0b065fc1f59b5ec)
    #2 0x5869f892a114  (/tmp/asan_pair6_a2_vulnerable_vu323fei/target/debug/deps/pair6_a2_vulnerable-5cdb96f29cdebb00+0x121114) (BuildId: 1998f947d5aca98a4c3aa123c0b065fc1f59b5ec)
    #3 0x5869f892d4a2  (/tmp/asan_pair6_a2_vulnerable_vu323fei/target/debug/deps/pair6_a2_vulnerable-5cdb96f29cdebb00+0x1244a2) (BuildId: 1998f947d5aca98a4c3aa123c0b065fc1f59b5ec)
    #4 0x5869f892d1cf  (/tmp/asan_pair6_a2_vulnerable_vu323fei/target/debug/deps/pair6_a2_vulnerable-5cdb96f29cdebb00+0x1241cf) (BuildId: 1998f947d5aca98a4c3aa123c0b065fc1f59b5ec)
    #5 0x5869f892bed1  (/tmp/asan_pair6_a2_vulnerable_vu323fei/target/debug/deps/pair6_a2_vulnerable-5cdb96f29cdebb00+0x122ed1) (BuildId: 1998f947d5aca98a4c3aa123c0b065fc1f59b5ec)
    #6 0x5869f892a796  (/tmp/asan_pair6_a2_vulnerable_vu323fei/target/debug/deps/pair6_a2_vulnerable-5cdb96f29cdebb00+0x121796) (BuildId: 1998f947d5aca98a4c3aa123c0b065fc1f59b5ec)
    #7 0x5869f892ac55  (/tmp/asan_pair6_a2_vulnerable_vu323fei/target/debug/deps/pair6_a2_vulnerable-5cdb96f29cdebb00+0x121c55) (BuildId: 1998f947d5aca98a4c3aa123c0b065fc1f59b5ec)
    #8 0x5869f894f6aa  (/tmp/asan_pair6_a2_vulnerable_vu323fei/target/debug/deps/pair6_a2_vulnerable-5cdb96f29cdebb00+0x1466aa) (BuildId: 1998f947d5aca98a4c3aa123c0b065fc1f59b5ec)
    #9 0x5869f8965094  (/tmp/asan_pair6_a2_vulnerable_vu323fei/target/debug/deps/pair6_a2_vulnerable-5cdb96f29cdebb00+0x15c094) (BuildId: 1998f947d5aca98a4c3aa123c0b065fc1f59b5ec)
    #10 0x5869f893bab3  (/tmp/asan_pair6_a2_vulnerable_vu323fei/target/debug/deps/pair6_a2_vulnerable-5cdb96f29cdebb00+0x132ab3) (BuildId: 1998f947d5aca98a4c3aa123c0b065fc1f59b5ec)
    #11 0x5869f893f499  (/tmp/asan_pair6_a2_vulnerable_vu323fei/target/debug/deps/pair6_a2_vulnerable-5cdb96f29cdebb00+0x136499) (BuildId: 1998f947d5aca98a4c3aa123c0b065fc1f59b5ec)
    #12 0x5869f89850be  (/tmp/asan_pair6_a2_vulnerable_vu323fei/target/debug/deps/pair6_a2_vulnerable-5cdb96f29cdebb00+0x17c0be) (BuildId: 1998f947d5aca98a4c3aa123c0b065fc1f59b5ec)
    #13 0x5869f88f9bd6  (/tmp/asan_pair6_a2_vulnerable_vu323fei/target/debug/deps/pair6_a2_vulnerable-5cdb96f29cdebb00+0xf0bd6) (BuildId: 1998f947d5aca98a4c3aa123c0b065fc1f59b5ec)
    #14 0x7aed7c694ac2  (/lib/x86_64-linux-gnu/libc.so.6+0x94ac2) (BuildId: d5197096f709801829b118af1b7cf6631efa2dcd)
    #15 0x7aed7c72684f  (/lib/x86_64-linux-gnu/libc.so.6+0x12684f) (BuildId: d5197096f709801829b118af1b7cf6631efa2dcd)

0x770d7b9e4040 is located 0 bytes after 16-byte region [0x770d7b9e4030,0x770d7b9e4040)
allocated by thread T1 here:
    #0 0x5869f88fbd14  (/tmp/asan_pair6_a2_vulnerable_vu323fei/target/debug/deps/pair6_a2_vulnerable-5cdb96f29cdebb00+0xf2d14) (BuildId: 1998f947d5aca98a4c3aa123c0b065fc1f59b5ec)
    #1 0x5869f89b564d  (/tmp/asan_pair6_a2_vulnerable_vu323fei/target/debug/deps/pair6_a2_vulnerable-5cdb96f29cdebb00+0x1ac64d) (BuildId: 1998f947d5aca98a4c3aa123c0b065fc1f59b5ec)
    #2 0x5869f892cd1e  (/tmp/asan_pair6_a2_vulnerable_vu323fei/target/debug/deps/pair6_a2_vulnerable-5cdb96f29cdebb00+0x123d1e) (BuildId: 1998f947d5aca98a4c3aa123c0b065fc1f59b5ec)
    #3 0x5869f892e6cc  (/tmp/asan_pair6_a2_vulnerable_vu323fei/target/debug/deps/pair6_a2_vulnerable-5cdb96f29cdebb00+0x1256cc) (BuildId: 1998f947d5aca98a4c3aa123c0b065fc1f59b5ec)
    #4 0x5869f892bed1  (/tmp/asan_pair6_a2_vulnerable_vu323fei/target/debug/deps/pair6_a2_vulnerable-5cdb96f29cdebb00+0x122ed1) (BuildId: 1998f947d5aca98a4c3aa123c0b065fc1f59b5ec)
    #5 0x5869f892a796  (/tmp/asan_pair6_a2_vulnerable_vu323fei/target/debug/deps/pair6_a2_vulnerable-5cdb96f29cdebb00+0x121796) (BuildId: 1998f947d5aca98a4c3aa123c0b065fc1f59b5ec)
    #6 0x5869f8965094  (/tmp/asan_pair6_a2_vulnerable_vu323fei/target/debug/deps/pair6_a2_vulnerable-5cdb96f29cdebb00+0x15c094) (BuildId: 1998f947d5aca98a4c3aa123c0b065fc1f59b5ec)
    #7 0x5869f893bab3  (/tmp/asan_pair6_a2_vulnerable_vu323fei/target/debug/deps/pair6_a2_vulnerable-5cdb96f29cdebb00+0x132ab3) (BuildId: 1998f947d5aca98a4c3aa123c0b065fc1f59b5ec)
    #8 0x5869f893f499  (/tmp/asan_pair6_a2_vulnerable_vu323fei/target/debug/deps/pair6_a2_vulnerable-5cdb96f29cdebb00+0x136499) (BuildId: 1998f947d5aca98a4c3aa123c0b065fc1f59b5ec)
    #9 0x5869f89850be  (/tmp/asan_pair6_a2_vulnerable_vu323fei/target/debug/deps/pair6_a2_vulnerable-5cdb96f29cdebb00+0x17c0be) (BuildId: 1998f947d5aca98a4c3aa123c0b065fc1f59b5ec)
    #10 0x5869f88f9bd6  (/tmp/asan_pair6_a2_vulnerable_vu323fei/target/debug/deps/pair6_a2_vulnerable-5cdb96f29cdebb00+0xf0bd6) (BuildId: 1998f947d5aca98a4c3aa123c0b065fc1f59b5ec)

Thread T1 created by T0 here:
    #0 0x5869f88e0601  (/tmp/asan_pair6_a2_vulnerable_vu323fei/target/debug/deps/pair6_a2_vulnerable-5cdb96f29cdebb00+0xd7601) (BuildId: 1998f947d5aca98a4c3aa123c0b065fc1f59b5ec)
    #1 0x5869f89852df  (/tmp/asan_pair6_a2_vulnerable_vu323fei/target/debug/deps/pair6_a2_vulnerable-5cdb96f29cdebb00+0x17c2df) (BuildId: 1998f947d5aca98a4c3aa123c0b065fc1f59b5ec)
    #2 0x5869f8963c0d  (/tmp/asan_pair6_a2_vulnerable_vu323fei/target/debug/deps/pair6_a2_vulnerable-5cdb96f29cdebb00+0x15ac0d) (BuildId: 1998f947d5aca98a4c3aa123c0b065fc1f59b5ec)
    #3 0x5869f895cf54  (/tmp/asan_pair6_a2_vulnerable_vu323fei/target/debug/deps/pair6_a2_vulnerable-5cdb96f29cdebb00+0x153f54) (BuildId: 1998f947d5aca98a4c3aa123c0b065fc1f59b5ec)
    #4 0x5869f8966595  (/tmp/asan_pair6_a2_vulnerable_vu323fei/target/debug/deps/pair6_a2_vulnerable-5cdb96f29cdebb00+0x15d595) (BuildId: 1998f947d5aca98a4c3aa123c0b065fc1f59b5ec)
    #5 0x5869f894f2ea  (/tmp/asan_pair6_a2_vulnerable_vu323fei/target/debug/deps/pair6_a2_vulnerable-5cdb96f29cdebb00+0x1462ea) (BuildId: 1998f947d5aca98a4c3aa123c0b065fc1f59b5ec)
    #6 0x5869f892cf02  (/tmp/asan_pair6_a2_vulnerable_vu323fei/target/debug/deps/pair6_a2_vulnerable-5cdb96f29cdebb00+0x123f02) (BuildId: 1998f947d5aca98a4c3aa123c0b065fc1f59b5ec)
    #7 0x5869f892df5f  (/tmp/asan_pair6_a2_vulnerable_vu323fei/target/debug/deps/pair6_a2_vulnerable-5cdb96f29cdebb00+0x124f5f) (BuildId: 1998f947d5aca98a4c3aa123c0b065fc1f59b5ec)
    #8 0x5869f892d43d  (/tmp/asan_pair6_a2_vulnerable_vu323fei/target/debug/deps/pair6_a2_vulnerable-5cdb96f29cdebb00+0x12443d) (BuildId: 1998f947d5aca98a4c3aa123c0b065fc1f59b5ec)

SUMMARY: AddressSanitizer: heap-buffer-overflow (/tmp/asan_pair6_a2_vulnerable_vu323fei/target/debug/deps/pair6_a2_vulnerable-5cdb96f29cdebb00+0x12116b) (BuildId: 1998f947d5aca98a4c3aa123c0b065fc1f59b5ec) 
Shadow bytes around the buggy address:
  0x770d7b9e3d80: fa fa fa fa fa fa fa fa fa fa fa fa fa fa fa fa
  0x770d7b9e3e00: fa fa fa fa fa fa fa fa fa fa fa fa fa fa fa fa
  0x770d7b9e3e80: fa fa fa fa fa fa fa fa fa fa fa fa fa fa fa fa
  0x770d7b9e3f00: fa fa fa fa fa fa fa fa fa fa fa fa fa fa fa fa
  0x770d7b9e3f80: fa fa fa fa fa fa fa fa fa fa fa fa fa fa fa fa
=>0x770d7b9e4000: fa fa 00 00 fa fa 00 00[fa]fa fa fa fa fa fa fa
  0x770d7b9e4080: fa fa fa fa fa fa fa fa fa fa fa fa fa fa fa fa
  0x770d7b9e4100: fa fa fa fa fa fa fa fa fa fa fa fa fa fa fa fa
  0x770d7b9e4180: fa fa fa fa fa fa fa fa fa fa fa fa fa fa fa fa
  0x770d7b9e4200: fa fa fa fa fa fa fa fa fa fa fa fa fa fa fa fa
  0x770d7b9e4280: fa fa fa fa fa fa fa fa fa fa fa fa fa fa fa fa
Shadow byte legend (one shadow byte represents 8 application bytes):
  Addressable:           00
  Partially addressable: 01 02 03 04 05 06 07 
  Heap left redzone:       fa
  Freed heap region:       fd
  Stack left redzone:      f1
  Stack mid redzone:       f2
  Stack right redzone:     f3
  Stack after return:      f5
  Stack use after scope:   f8
  Global redzone:          f9
  Global init order:       f6
  Poisoned by user:        f7
  Container overflow:      fc
  Array cookie:            ac
  Intra object redzone:    bb
  ASan internal:           fe
  Left alloca redzone:     ca
  Right alloca redzone:    cb
==3997250==ABORTING
error: test failed, to rerun pass `--lib`

Caused by:
  process didn't exit successfully: `/tmp/asan_pair6_a2_vulnerable_vu323fei/target/debug/deps/pair6_a2_vulnerable-5cdb96f29cdebb00 --nocapture` (exit status: 1)
