$ (cwd=/tmp/asan_pair13_a1_vulnerable_ed5u_fye) cargo +nightly test --lib -- --nocapture

   Compiling pair13_a1_vulnerable v0.1.0 (/tmp/asan_pair13_a1_vulnerable_ed5u_fye)
    Finished `test` profile [unoptimized + debuginfo] target(s) in 0.18s
     Running unittests src/lib.rs (target/debug/deps/pair13_a1_vulnerable-a727ba7aa3df9e13)

running 1 test
=================================================================
==3815273==ERROR: AddressSanitizer: heap-buffer-overflow on address 0x6f796abe401a at pc 0x6093afd79efb bp 0x6f59685fe190 sp 0x6f59685fd950
READ of size 11 at 0x6f796abe401a thread T1
    #0 0x6093afd79efa  (/tmp/asan_pair13_a1_vulnerable_ed5u_fye/target/debug/deps/pair13_a1_vulnerable-a727ba7aa3df9e13+0xefefa) (BuildId: 2d9969b51c14166d060e8e5a8d33651110bacc64)
    #1 0x6093afdaac3b  (/tmp/asan_pair13_a1_vulnerable_ed5u_fye/target/debug/deps/pair13_a1_vulnerable-a727ba7aa3df9e13+0x120c3b) (BuildId: 2d9969b51c14166d060e8e5a8d33651110bacc64)
    #2 0x6093afdad770  (/tmp/asan_pair13_a1_vulnerable_ed5u_fye/target/debug/deps/pair13_a1_vulnerable-a727ba7aa3df9e13+0x123770) (BuildId: 2d9969b51c14166d060e8e5a8d33651110bacc64)
    #3 0x6093afdaa1f6  (/tmp/asan_pair13_a1_vulnerable_ed5u_fye/target/debug/deps/pair13_a1_vulnerable-a727ba7aa3df9e13+0x1201f6) (BuildId: 2d9969b51c14166d060e8e5a8d33651110bacc64)
    #4 0x6093afdace95  (/tmp/asan_pair13_a1_vulnerable_ed5u_fye/target/debug/deps/pair13_a1_vulnerable-a727ba7aa3df9e13+0x122e95) (BuildId: 2d9969b51c14166d060e8e5a8d33651110bacc64)
    #5 0x6093afdce6aa  (/tmp/asan_pair13_a1_vulnerable_ed5u_fye/target/debug/deps/pair13_a1_vulnerable-a727ba7aa3df9e13+0x1446aa) (BuildId: 2d9969b51c14166d060e8e5a8d33651110bacc64)
    #6 0x6093afde4094  (/tmp/asan_pair13_a1_vulnerable_ed5u_fye/target/debug/deps/pair13_a1_vulnerable-a727ba7aa3df9e13+0x15a094) (BuildId: 2d9969b51c14166d060e8e5a8d33651110bacc64)
    #7 0x6093afdbaab3  (/tmp/asan_pair13_a1_vulnerable_ed5u_fye/target/debug/deps/pair13_a1_vulnerable-a727ba7aa3df9e13+0x130ab3) (BuildId: 2d9969b51c14166d060e8e5a8d33651110bacc64)
    #8 0x6093afdbe499  (/tmp/asan_pair13_a1_vulnerable_ed5u_fye/target/debug/deps/pair13_a1_vulnerable-a727ba7aa3df9e13+0x134499) (BuildId: 2d9969b51c14166d060e8e5a8d33651110bacc64)
    #9 0x6093afe040be  (/tmp/asan_pair13_a1_vulnerable_ed5u_fye/target/debug/deps/pair13_a1_vulnerable-a727ba7aa3df9e13+0x17a0be) (BuildId: 2d9969b51c14166d060e8e5a8d33651110bacc64)
    #10 0x6093afd79b36  (/tmp/asan_pair13_a1_vulnerable_ed5u_fye/target/debug/deps/pair13_a1_vulnerable-a727ba7aa3df9e13+0xefb36) (BuildId: 2d9969b51c14166d060e8e5a8d33651110bacc64)
    #11 0x73596ba94ac2  (/lib/x86_64-linux-gnu/libc.so.6+0x94ac2) (BuildId: d5197096f709801829b118af1b7cf6631efa2dcd)
    #12 0x73596bb2684f  (/lib/x86_64-linux-gnu/libc.so.6+0x12684f) (BuildId: d5197096f709801829b118af1b7cf6631efa2dcd)

0x6f796abe401a is located 0 bytes after 10-byte region [0x6f796abe4010,0x6f796abe401a)
allocated by thread T1 here:
    #0 0x6093afd7be64  (/tmp/asan_pair13_a1_vulnerable_ed5u_fye/target/debug/deps/pair13_a1_vulnerable-a727ba7aa3df9e13+0xf1e64) (BuildId: 2d9969b51c14166d060e8e5a8d33651110bacc64)
    #1 0x6093afe3464d  (/tmp/asan_pair13_a1_vulnerable_ed5u_fye/target/debug/deps/pair13_a1_vulnerable-a727ba7aa3df9e13+0x1aa64d) (BuildId: 2d9969b51c14166d060e8e5a8d33651110bacc64)
    #2 0x6093afdaa4de  (/tmp/asan_pair13_a1_vulnerable_ed5u_fye/target/debug/deps/pair13_a1_vulnerable-a727ba7aa3df9e13+0x1204de) (BuildId: 2d9969b51c14166d060e8e5a8d33651110bacc64)
    #3 0x6093afdaa83f  (/tmp/asan_pair13_a1_vulnerable_ed5u_fye/target/debug/deps/pair13_a1_vulnerable-a727ba7aa3df9e13+0x12083f) (BuildId: 2d9969b51c14166d060e8e5a8d33651110bacc64)
    #4 0x6093afdad42e  (/tmp/asan_pair13_a1_vulnerable_ed5u_fye/target/debug/deps/pair13_a1_vulnerable-a727ba7aa3df9e13+0x12342e) (BuildId: 2d9969b51c14166d060e8e5a8d33651110bacc64)
    #5 0x6093afdaa1f6  (/tmp/asan_pair13_a1_vulnerable_ed5u_fye/target/debug/deps/pair13_a1_vulnerable-a727ba7aa3df9e13+0x1201f6) (BuildId: 2d9969b51c14166d060e8e5a8d33651110bacc64)
    #6 0x6093afde4094  (/tmp/asan_pair13_a1_vulnerable_ed5u_fye/target/debug/deps/pair13_a1_vulnerable-a727ba7aa3df9e13+0x15a094) (BuildId: 2d9969b51c14166d060e8e5a8d33651110bacc64)
    #7 0x6093afdbaab3  (/tmp/asan_pair13_a1_vulnerable_ed5u_fye/target/debug/deps/pair13_a1_vulnerable-a727ba7aa3df9e13+0x130ab3) (BuildId: 2d9969b51c14166d060e8e5a8d33651110bacc64)
    #8 0x6093afdbe499  (/tmp/asan_pair13_a1_vulnerable_ed5u_fye/target/debug/deps/pair13_a1_vulnerable-a727ba7aa3df9e13+0x134499) (BuildId: 2d9969b51c14166d060e8e5a8d33651110bacc64)
    #9 0x6093afe040be  (/tmp/asan_pair13_a1_vulnerable_ed5u_fye/target/debug/deps/pair13_a1_vulnerable-a727ba7aa3df9e13+0x17a0be) (BuildId: 2d9969b51c14166d060e8e5a8d33651110bacc64)
    #10 0x6093afd79b36  (/tmp/asan_pair13_a1_vulnerable_ed5u_fye/target/debug/deps/pair13_a1_vulnerable-a727ba7aa3df9e13+0xefb36) (BuildId: 2d9969b51c14166d060e8e5a8d33651110bacc64)

Thread T1 created by T0 here:
    #0 0x6093afd60561  (/tmp/asan_pair13_a1_vulnerable_ed5u_fye/target/debug/deps/pair13_a1_vulnerable-a727ba7aa3df9e13+0xd6561) (BuildId: 2d9969b51c14166d060e8e5a8d33651110bacc64)
    #1 0x6093afe042df  (/tmp/asan_pair13_a1_vulnerable_ed5u_fye/target/debug/deps/pair13_a1_vulnerable-a727ba7aa3df9e13+0x17a2df) (BuildId: 2d9969b51c14166d060e8e5a8d33651110bacc64)
    #2 0x6093afde2c0d  (/tmp/asan_pair13_a1_vulnerable_ed5u_fye/target/debug/deps/pair13_a1_vulnerable-a727ba7aa3df9e13+0x158c0d) (BuildId: 2d9969b51c14166d060e8e5a8d33651110bacc64)
    #3 0x6093afddbf54  (/tmp/asan_pair13_a1_vulnerable_ed5u_fye/target/debug/deps/pair13_a1_vulnerable-a727ba7aa3df9e13+0x151f54) (BuildId: 2d9969b51c14166d060e8e5a8d33651110bacc64)
    #4 0x6093afde5595  (/tmp/asan_pair13_a1_vulnerable_ed5u_fye/target/debug/deps/pair13_a1_vulnerable-a727ba7aa3df9e13+0x15b595) (BuildId: 2d9969b51c14166d060e8e5a8d33651110bacc64)
    #5 0x6093afdce2ea  (/tmp/asan_pair13_a1_vulnerable_ed5u_fye/target/debug/deps/pair13_a1_vulnerable-a727ba7aa3df9e13+0x1442ea) (BuildId: 2d9969b51c14166d060e8e5a8d33651110bacc64)
    #6 0x6093afdaada2  (/tmp/asan_pair13_a1_vulnerable_ed5u_fye/target/debug/deps/pair13_a1_vulnerable-a727ba7aa3df9e13+0x120da2) (BuildId: 2d9969b51c14166d060e8e5a8d33651110bacc64)
    #7 0x6093afdabacf  (/tmp/asan_pair13_a1_vulnerable_ed5u_fye/target/debug/deps/pair13_a1_vulnerable-a727ba7aa3df9e13+0x121acf) (BuildId: 2d9969b51c14166d060e8e5a8d33651110bacc64)
    #8 0x6093afdaadcd  (/tmp/asan_pair13_a1_vulnerable_ed5u_fye/target/debug/deps/pair13_a1_vulnerable-a727ba7aa3df9e13+0x120dcd) (BuildId: 2d9969b51c14166d060e8e5a8d33651110bacc64)

SUMMARY: AddressSanitizer: heap-buffer-overflow (/tmp/asan_pair13_a1_vulnerable_ed5u_fye/target/debug/deps/pair13_a1_vulnerable-a727ba7aa3df9e13+0xefefa) (BuildId: 2d9969b51c14166d060e8e5a8d33651110bacc64) 
Shadow bytes around the buggy address:
  0x6f796abe3d80: fa fa fa fa fa fa fa fa fa fa fa fa fa fa fa fa
  0x6f796abe3e00: fa fa fa fa fa fa fa fa fa fa fa fa fa fa fa fa
  0x6f796abe3e80: fa fa fa fa fa fa fa fa fa fa fa fa fa fa fa fa
  0x6f796abe3f00: fa fa fa fa fa fa fa fa fa fa fa fa fa fa fa fa
  0x6f796abe3f80: fa fa fa fa fa fa fa fa fa fa fa fa fa fa fa fa
=>0x6f796abe4000: fa fa 00[02]fa fa 00 02 fa fa fa fa fa fa fa fa
  0x6f796abe4080: fa fa fa fa fa fa fa fa fa fa fa fa fa fa fa fa
  0x6f796abe4100: fa fa fa fa fa fa fa fa fa fa fa fa fa fa fa fa
  0x6f796abe4180: fa fa fa fa fa fa fa fa fa fa fa fa fa fa fa fa
  0x6f796abe4200: fa fa fa fa fa fa fa fa fa fa fa fa fa fa fa fa
  0x6f796abe4280: fa fa fa fa fa fa fa fa fa fa fa fa fa fa fa fa
Shadow byte legend (one shadow byte represents 8 application bytes):
  Addressable:           00
  Partially addressable: 01 02 03 04 05 06 07 
  Heap left redzone:       fa
  Freed heap region:       fd
  Stack left redzone:      f1
  Stack mid redzone:       f2
  Stack right redzone:     f3
  Stack after return:      f5
  Stack use after scope:   f8
  Global redzone:          f9
  Global init order:       f6
  Poisoned by user:        f7
  Container overflow:      fc
  Array cookie:            ac
  Intra object redzone:    bb
  ASan internal:           fe
  Left alloca redzone:     ca
  Right alloca redzone:    cb
=================================================================
==3815273==ERROR: AddressSanitizer: heap-buffer-overflow on address 0x6f796abe403a at pc 0x6093afd79f9e bp 0x6f59685fe190 sp 0x6f59685fd950
WRITE of size 11 at 0x6f796abe403a thread T1
    #0 0x6093afd79f9d  (/tmp/asan_pair13_a1_vulnerable_ed5u_fye/target/debug/deps/pair13_a1_vulnerable-a727ba7aa3df9e13+0xeff9d) (BuildId: 2d9969b51c14166d060e8e5a8d33651110bacc64)
    #1 0x6093afdaac3b  (/tmp/asan_pair13_a1_vulnerable_ed5u_fye/target/debug/deps/pair13_a1_vulnerable-a727ba7aa3df9e13+0x120c3b) (BuildId: 2d9969b51c14166d060e8e5a8d33651110bacc64)
    #2 0x6093afdad770  (/tmp/asan_pair13_a1_vulnerable_ed5u_fye/target/debug/deps/pair13_a1_vulnerable-a727ba7aa3df9e13+0x123770) (BuildId: 2d9969b51c14166d060e8e5a8d33651110bacc64)
    #3 0x6093afdaa1f6  (/tmp/asan_pair13_a1_vulnerable_ed5u_fye/target/debug/deps/pair13_a1_vulnerable-a727ba7aa3df9e13+0x1201f6) (BuildId: 2d9969b51c14166d060e8e5a8d33651110bacc64)
    #4 0x6093afdace95  (/tmp/asan_pair13_a1_vulnerable_ed5u_fye/target/debug/deps/pair13_a1_vulnerable-a727ba7aa3df9e13+0x122e95) (BuildId: 2d9969b51c14166d060e8e5a8d33651110bacc64)
    #5 0x6093afdce6aa  (/tmp/asan_pair13_a1_vulnerable_ed5u_fye/target/debug/deps/pair13_a1_vulnerable-a727ba7aa3df9e13+0x1446aa) (BuildId: 2d9969b51c14166d060e8e5a8d33651110bacc64)
    #6 0x6093afde4094  (/tmp/asan_pair13_a1_vulnerable_ed5u_fye/target/debug/deps/pair13_a1_vulnerable-a727ba7aa3df9e13+0x15a094) (BuildId: 2d9969b51c14166d060e8e5a8d33651110bacc64)
    #7 0x6093afdbaab3  (/tmp/asan_pair13_a1_vulnerable_ed5u_fye/target/debug/deps/pair13_a1_vulnerable-a727ba7aa3df9e13+0x130ab3) (BuildId: 2d9969b51c14166d060e8e5a8d33651110bacc64)
    #8 0x6093afdbe499  (/tmp/asan_pair13_a1_vulnerable_ed5u_fye/target/debug/deps/pair13_a1_vulnerable-a727ba7aa3df9e13+0x134499) (BuildId: 2d9969b51c14166d060e8e5a8d33651110bacc64)
    #9 0x6093afe040be  (/tmp/asan_pair13_a1_vulnerable_ed5u_fye/target/debug/deps/pair13_a1_vulnerable-a727ba7aa3df9e13+0x17a0be) (BuildId: 2d9969b51c14166d060e8e5a8d33651110bacc64)
    #10 0x6093afd79b36  (/tmp/asan_pair13_a1_vulnerable_ed5u_fye/target/debug/deps/pair13_a1_vulnerable-a727ba7aa3df9e13+0xefb36) (BuildId: 2d9969b51c14166d060e8e5a8d33651110bacc64)
    #11 0x73596ba94ac2  (/lib/x86_64-linux-gnu/libc.so.6+0x94ac2) (BuildId: d5197096f709801829b118af1b7cf6631efa2dcd)
    #12 0x73596bb2684f  (/lib/x86_64-linux-gnu/libc.so.6+0x12684f) (BuildId: d5197096f709801829b118af1b7cf6631efa2dcd)

0x6f796abe403a is located 0 bytes after 10-byte region [0x6f796abe4030,0x6f796abe403a)
allocated by thread T1 here:
    #0 0x6093afd7be64  (/tmp/asan_pair13_a1_vulnerable_ed5u_fye/target/debug/deps/pair13_a1_vulnerable-a727ba7aa3df9e13+0xf1e64) (BuildId: 2d9969b51c14166d060e8e5a8d33651110bacc64)
    #1 0x6093afe3464d  (/tmp/asan_pair13_a1_vulnerable_ed5u_fye/target/debug/deps/pair13_a1_vulnerable-a727ba7aa3df9e13+0x1aa64d) (BuildId: 2d9969b51c14166d060e8e5a8d33651110bacc64)
    #2 0x6093afdaa4de  (/tmp/asan_pair13_a1_vulnerable_ed5u_fye/target/debug/deps/pair13_a1_vulnerable-a727ba7aa3df9e13+0x1204de) (BuildId: 2d9969b51c14166d060e8e5a8d33651110bacc64)
    #3 0x6093afdad18c  (/tmp/asan_pair13_a1_vulnerable_ed5u_fye/target/debug/deps/pair13_a1_vulnerable-a727ba7aa3df9e13+0x12318c) (BuildId: 2d9969b51c14166d060e8e5a8d33651110bacc64)
    #4 0x6093afdad770  (/tmp/asan_pair13_a1_vulnerable_ed5u_fye/target/debug/deps/pair13_a1_vulnerable-a727ba7aa3df9e13+0x123770) (BuildId: 2d9969b51c14166d060e8e5a8d33651110bacc64)
    #5 0x6093afdaa1f6  (/tmp/asan_pair13_a1_vulnerable_ed5u_fye/target/debug/deps/pair13_a1_vulnerable-a727ba7aa3df9e13+0x1201f6) (BuildId: 2d9969b51c14166d060e8e5a8d33651110bacc64)
    #6 0x6093afde4094  (/tmp/asan_pair13_a1_vulnerable_ed5u_fye/target/debug/deps/pair13_a1_vulnerable-a727ba7aa3df9e13+0x15a094) (BuildId: 2d9969b51c14166d060e8e5a8d33651110bacc64)
    #7 0x6093afdbaab3  (/tmp/asan_pair13_a1_vulnerable_ed5u_fye/target/debug/deps/pair13_a1_vulnerable-a727ba7aa3df9e13+0x130ab3) (BuildId: 2d9969b51c14166d060e8e5a8d33651110bacc64)
    #8 0x6093afdbe499  (/tmp/asan_pair13_a1_vulnerable_ed5u_fye/target/debug/deps/pair13_a1_vulnerable-a727ba7aa3df9e13+0x134499) (BuildId: 2d9969b51c14166d060e8e5a8d33651110bacc64)
    #9 0x6093afe040be  (/tmp/asan_pair13_a1_vulnerable_ed5u_fye/target/debug/deps/pair13_a1_vulnerable-a727ba7aa3df9e13+0x17a0be) (BuildId: 2d9969b51c14166d060e8e5a8d33651110bacc64)
    #10 0x6093afd79b36  (/tmp/asan_pair13_a1_vulnerable_ed5u_fye/target/debug/deps/pair13_a1_vulnerable-a727ba7aa3df9e13+0xefb36) (BuildId: 2d9969b51c14166d060e8e5a8d33651110bacc64)

SUMMARY: AddressSanitizer: heap-buffer-overflow (/tmp/asan_pair13_a1_vulnerable_ed5u_fye/target/debug/deps/pair13_a1_vulnerable-a727ba7aa3df9e13+0xeff9d) (BuildId: 2d9969b51c14166d060e8e5a8d33651110bacc64) 
Shadow bytes around the buggy address:
  0x6f796abe3d80: fa fa fa fa fa fa fa fa fa fa fa fa fa fa fa fa
  0x6f796abe3e00: fa fa fa fa fa fa fa fa fa fa fa fa fa fa fa fa
  0x6f796abe3e80: fa fa fa fa fa fa fa fa fa fa fa fa fa fa fa fa
  0x6f796abe3f00: fa fa fa fa fa fa fa fa fa fa fa fa fa fa fa fa
  0x6f796abe3f80: fa fa fa fa fa fa fa fa fa fa fa fa fa fa fa fa
=>0x6f796abe4000: fa fa 00 02 fa fa 00[02]fa fa fa fa fa fa fa fa
  0x6f796abe4080: fa fa fa fa fa fa fa fa fa fa fa fa fa fa fa fa
  0x6f796abe4100: fa fa fa fa fa fa fa fa fa fa fa fa fa fa fa fa
  0x6f796abe4180: fa fa fa fa fa fa fa fa fa fa fa fa fa fa fa fa
  0x6f796abe4200: fa fa fa fa fa fa fa fa fa fa fa fa fa fa fa fa
  0x6f796abe4280: fa fa fa fa fa fa fa fa fa fa fa fa fa fa fa fa
Shadow byte legend (one shadow byte represents 8 application bytes):
  Addressable:           00
  Partially addressable: 01 02 03 04 05 06 07 
  Heap left redzone:       fa
  Freed heap region:       fd
  Stack left redzone:      f1
  Stack mid redzone:       f2
  Stack right redzone:     f3
  Stack after return:      f5
  Stack use after scope:   f8
  Global redzone:          f9
  Global init order:       f6
  Poisoned by user:        f7
  Container overflow:      fc
  Array cookie:            ac
  Intra object redzone:    bb
  ASan internal:           fe
  Left alloca redzone:     ca
  Right alloca redzone:    cb

thread 'tests::test_process_integrity' (3815274) panicked at /rustc/fa3155a644dd62e865825087b403646be01d4cef/library/alloc/src/vec/mod.rs:1979:9:
unsafe precondition(s) violated: Vec::set_len requires that new_len <= capacity()

This indicates a bug in the program. This Undefined Behavior check is optional, and cannot be relied on for safety.
note: run with `RUST_BACKTRACE=1` environment variable to display a backtrace
thread caused non-unwinding panic. aborting.
error: test failed, to rerun pass `--lib`

Caused by:
  process didn't exit successfully: `/tmp/asan_pair13_a1_vulnerable_ed5u_fye/target/debug/deps/pair13_a1_vulnerable-a727ba7aa3df9e13 --nocapture` (signal: 6, SIGABRT: process abort signal)
