$ (cwd=/tmp/asan_pair4_vulnerable_5qh5wjeg) cargo +nightly test --lib -- --nocapture

   Compiling pair4_vulnerable v0.1.0 (/tmp/asan_pair4_vulnerable_5qh5wjeg)
    Finished `test` profile [unoptimized + debuginfo] target(s) in 0.17s
     Running unittests src/lib.rs (target/debug/deps/pair4_vulnerable-dd121c6c5d9904fd)

running 1 test
=================================================================
==3482064==ERROR: AddressSanitizer: heap-use-after-free on address 0x76ed515e4010 at pc 0x56f475c9ea56 bp 0x76cd4effe200 sp 0x76cd4effe1f8
READ of size 4 at 0x76ed515e4010 thread T1
    #0 0x56f475c9ea55  (/tmp/asan_pair4_vulnerable_5qh5wjeg/target/debug/deps/pair4_vulnerable-dd121c6c5d9904fd+0x11fa55) (BuildId: 6836fdb3b9c77a2b074fd1189c0a10100681e465)
    #1 0x56f475c9e92d  (/tmp/asan_pair4_vulnerable_5qh5wjeg/target/debug/deps/pair4_vulnerable-dd121c6c5d9904fd+0x11f92d) (BuildId: 6836fdb3b9c77a2b074fd1189c0a10100681e465)
    #2 0x56f475ca07ae  (/tmp/asan_pair4_vulnerable_5qh5wjeg/target/debug/deps/pair4_vulnerable-dd121c6c5d9904fd+0x1217ae) (BuildId: 6836fdb3b9c77a2b074fd1189c0a10100681e465)
    #3 0x56f475ca03a6  (/tmp/asan_pair4_vulnerable_5qh5wjeg/target/debug/deps/pair4_vulnerable-dd121c6c5d9904fd+0x1213a6) (BuildId: 6836fdb3b9c77a2b074fd1189c0a10100681e465)
    #4 0x56f475ca1665  (/tmp/asan_pair4_vulnerable_5qh5wjeg/target/debug/deps/pair4_vulnerable-dd121c6c5d9904fd+0x122665) (BuildId: 6836fdb3b9c77a2b074fd1189c0a10100681e465)
    #5 0x56f475cc24fa  (/tmp/asan_pair4_vulnerable_5qh5wjeg/target/debug/deps/pair4_vulnerable-dd121c6c5d9904fd+0x1434fa) (BuildId: 6836fdb3b9c77a2b074fd1189c0a10100681e465)
    #6 0x56f475cd7ee4  (/tmp/asan_pair4_vulnerable_5qh5wjeg/target/debug/deps/pair4_vulnerable-dd121c6c5d9904fd+0x158ee4) (BuildId: 6836fdb3b9c77a2b074fd1189c0a10100681e465)
    #7 0x56f475cae903  (/tmp/asan_pair4_vulnerable_5qh5wjeg/target/debug/deps/pair4_vulnerable-dd121c6c5d9904fd+0x12f903) (BuildId: 6836fdb3b9c77a2b074fd1189c0a10100681e465)
    #8 0x56f475cb22e9  (/tmp/asan_pair4_vulnerable_5qh5wjeg/target/debug/deps/pair4_vulnerable-dd121c6c5d9904fd+0x1332e9) (BuildId: 6836fdb3b9c77a2b074fd1189c0a10100681e465)
    #9 0x56f475cf7f0e  (/tmp/asan_pair4_vulnerable_5qh5wjeg/target/debug/deps/pair4_vulnerable-dd121c6c5d9904fd+0x178f0e) (BuildId: 6836fdb3b9c77a2b074fd1189c0a10100681e465)
    #10 0x56f475c6e286  (/tmp/asan_pair4_vulnerable_5qh5wjeg/target/debug/deps/pair4_vulnerable-dd121c6c5d9904fd+0xef286) (BuildId: 6836fdb3b9c77a2b074fd1189c0a10100681e465)
    #11 0x7acd52294ac2  (/lib/x86_64-linux-gnu/libc.so.6+0x94ac2) (BuildId: d5197096f709801829b118af1b7cf6631efa2dcd)
    #12 0x7acd5232684f  (/lib/x86_64-linux-gnu/libc.so.6+0x12684f) (BuildId: d5197096f709801829b118af1b7cf6631efa2dcd)

0x76ed515e4010 is located 0 bytes inside of 4-byte region [0x76ed515e4010,0x76ed515e4014)
freed by thread T1 here:
    #0 0x56f475c70126  (/tmp/asan_pair4_vulnerable_5qh5wjeg/target/debug/deps/pair4_vulnerable-dd121c6c5d9904fd+0xf1126) (BuildId: 6836fdb3b9c77a2b074fd1189c0a10100681e465)
    #1 0x56f475ca105a  (/tmp/asan_pair4_vulnerable_5qh5wjeg/target/debug/deps/pair4_vulnerable-dd121c6c5d9904fd+0x12205a) (BuildId: 6836fdb3b9c77a2b074fd1189c0a10100681e465)
    #2 0x56f475ca1893  (/tmp/asan_pair4_vulnerable_5qh5wjeg/target/debug/deps/pair4_vulnerable-dd121c6c5d9904fd+0x122893) (BuildId: 6836fdb3b9c77a2b074fd1189c0a10100681e465)
    #3 0x56f475ca16c0  (/tmp/asan_pair4_vulnerable_5qh5wjeg/target/debug/deps/pair4_vulnerable-dd121c6c5d9904fd+0x1226c0) (BuildId: 6836fdb3b9c77a2b074fd1189c0a10100681e465)
    #4 0x56f475ca07ae  (/tmp/asan_pair4_vulnerable_5qh5wjeg/target/debug/deps/pair4_vulnerable-dd121c6c5d9904fd+0x1217ae) (BuildId: 6836fdb3b9c77a2b074fd1189c0a10100681e465)
    #5 0x56f475ca03a6  (/tmp/asan_pair4_vulnerable_5qh5wjeg/target/debug/deps/pair4_vulnerable-dd121c6c5d9904fd+0x1213a6) (BuildId: 6836fdb3b9c77a2b074fd1189c0a10100681e465)
    #6 0x56f475cd7ee4  (/tmp/asan_pair4_vulnerable_5qh5wjeg/target/debug/deps/pair4_vulnerable-dd121c6c5d9904fd+0x158ee4) (BuildId: 6836fdb3b9c77a2b074fd1189c0a10100681e465)
    #7 0x56f475cae903  (/tmp/asan_pair4_vulnerable_5qh5wjeg/target/debug/deps/pair4_vulnerable-dd121c6c5d9904fd+0x12f903) (BuildId: 6836fdb3b9c77a2b074fd1189c0a10100681e465)
    #8 0x56f475cb22e9  (/tmp/asan_pair4_vulnerable_5qh5wjeg/target/debug/deps/pair4_vulnerable-dd121c6c5d9904fd+0x1332e9) (BuildId: 6836fdb3b9c77a2b074fd1189c0a10100681e465)
    #9 0x56f475cf7f0e  (/tmp/asan_pair4_vulnerable_5qh5wjeg/target/debug/deps/pair4_vulnerable-dd121c6c5d9904fd+0x178f0e) (BuildId: 6836fdb3b9c77a2b074fd1189c0a10100681e465)
    #10 0x56f475c6e286  (/tmp/asan_pair4_vulnerable_5qh5wjeg/target/debug/deps/pair4_vulnerable-dd121c6c5d9904fd+0xef286) (BuildId: 6836fdb3b9c77a2b074fd1189c0a10100681e465)

previously allocated by thread T1 here:
    #0 0x56f475c703c4  (/tmp/asan_pair4_vulnerable_5qh5wjeg/target/debug/deps/pair4_vulnerable-dd121c6c5d9904fd+0xf13c4) (BuildId: 6836fdb3b9c77a2b074fd1189c0a10100681e465)
    #1 0x56f475ca0d43  (/tmp/asan_pair4_vulnerable_5qh5wjeg/target/debug/deps/pair4_vulnerable-dd121c6c5d9904fd+0x121d43) (BuildId: 6836fdb3b9c77a2b074fd1189c0a10100681e465)
    #2 0x56f475ca0a44  (/tmp/asan_pair4_vulnerable_5qh5wjeg/target/debug/deps/pair4_vulnerable-dd121c6c5d9904fd+0x121a44) (BuildId: 6836fdb3b9c77a2b074fd1189c0a10100681e465)
    #3 0x56f475ca07ae  (/tmp/asan_pair4_vulnerable_5qh5wjeg/target/debug/deps/pair4_vulnerable-dd121c6c5d9904fd+0x1217ae) (BuildId: 6836fdb3b9c77a2b074fd1189c0a10100681e465)
    #4 0x56f475ca03a6  (/tmp/asan_pair4_vulnerable_5qh5wjeg/target/debug/deps/pair4_vulnerable-dd121c6c5d9904fd+0x1213a6) (BuildId: 6836fdb3b9c77a2b074fd1189c0a10100681e465)
    #5 0x56f475cd7ee4  (/tmp/asan_pair4_vulnerable_5qh5wjeg/target/debug/deps/pair4_vulnerable-dd121c6c5d9904fd+0x158ee4) (BuildId: 6836fdb3b9c77a2b074fd1189c0a10100681e465)
    #6 0x56f475cae903  (/tmp/asan_pair4_vulnerable_5qh5wjeg/target/debug/deps/pair4_vulnerable-dd121c6c5d9904fd+0x12f903) (BuildId: 6836fdb3b9c77a2b074fd1189c0a10100681e465)
    #7 0x56f475cb22e9  (/tmp/asan_pair4_vulnerable_5qh5wjeg/target/debug/deps/pair4_vulnerable-dd121c6c5d9904fd+0x1332e9) (BuildId: 6836fdb3b9c77a2b074fd1189c0a10100681e465)
    #8 0x56f475cf7f0e  (/tmp/asan_pair4_vulnerable_5qh5wjeg/target/debug/deps/pair4_vulnerable-dd121c6c5d9904fd+0x178f0e) (BuildId: 6836fdb3b9c77a2b074fd1189c0a10100681e465)
    #9 0x56f475c6e286  (/tmp/asan_pair4_vulnerable_5qh5wjeg/target/debug/deps/pair4_vulnerable-dd121c6c5d9904fd+0xef286) (BuildId: 6836fdb3b9c77a2b074fd1189c0a10100681e465)

Thread T1 created by T0 here:
    #0 0x56f475c54cb1  (/tmp/asan_pair4_vulnerable_5qh5wjeg/target/debug/deps/pair4_vulnerable-dd121c6c5d9904fd+0xd5cb1) (BuildId: 6836fdb3b9c77a2b074fd1189c0a10100681e465)
    #1 0x56f475cf812f  (/tmp/asan_pair4_vulnerable_5qh5wjeg/target/debug/deps/pair4_vulnerable-dd121c6c5d9904fd+0x17912f) (BuildId: 6836fdb3b9c77a2b074fd1189c0a10100681e465)
    #2 0x56f475cd6a5d  (/tmp/asan_pair4_vulnerable_5qh5wjeg/target/debug/deps/pair4_vulnerable-dd121c6c5d9904fd+0x157a5d) (BuildId: 6836fdb3b9c77a2b074fd1189c0a10100681e465)
    #3 0x56f475ccfda4  (/tmp/asan_pair4_vulnerable_5qh5wjeg/target/debug/deps/pair4_vulnerable-dd121c6c5d9904fd+0x150da4) (BuildId: 6836fdb3b9c77a2b074fd1189c0a10100681e465)
    #4 0x56f475cd93e5  (/tmp/asan_pair4_vulnerable_5qh5wjeg/target/debug/deps/pair4_vulnerable-dd121c6c5d9904fd+0x15a3e5) (BuildId: 6836fdb3b9c77a2b074fd1189c0a10100681e465)
    #5 0x56f475cc213a  (/tmp/asan_pair4_vulnerable_5qh5wjeg/target/debug/deps/pair4_vulnerable-dd121c6c5d9904fd+0x14313a) (BuildId: 6836fdb3b9c77a2b074fd1189c0a10100681e465)
    #6 0x56f475c9e652  (/tmp/asan_pair4_vulnerable_5qh5wjeg/target/debug/deps/pair4_vulnerable-dd121c6c5d9904fd+0x11f652) (BuildId: 6836fdb3b9c77a2b074fd1189c0a10100681e465)
    #7 0x56f475ca058f  (/tmp/asan_pair4_vulnerable_5qh5wjeg/target/debug/deps/pair4_vulnerable-dd121c6c5d9904fd+0x12158f) (BuildId: 6836fdb3b9c77a2b074fd1189c0a10100681e465)
    #8 0x56f475c9ea9d  (/tmp/asan_pair4_vulnerable_5qh5wjeg/target/debug/deps/pair4_vulnerable-dd121c6c5d9904fd+0x11fa9d) (BuildId: 6836fdb3b9c77a2b074fd1189c0a10100681e465)

SUMMARY: AddressSanitizer: heap-use-after-free (/tmp/asan_pair4_vulnerable_5qh5wjeg/target/debug/deps/pair4_vulnerable-dd121c6c5d9904fd+0x11fa55) (BuildId: 6836fdb3b9c77a2b074fd1189c0a10100681e465) 
Shadow bytes around the buggy address:
  0x76ed515e3d80: fa fa fa fa fa fa fa fa fa fa fa fa fa fa fa fa
  0x76ed515e3e00: fa fa fa fa fa fa fa fa fa fa fa fa fa fa fa fa
  0x76ed515e3e80: fa fa fa fa fa fa fa fa fa fa fa fa fa fa fa fa
  0x76ed515e3f00: fa fa fa fa fa fa fa fa fa fa fa fa fa fa fa fa
  0x76ed515e3f80: fa fa fa fa fa fa fa fa fa fa fa fa fa fa fa fa
=>0x76ed515e4000: fa fa[fd]fa fa fa 04 fa fa fa fa fa fa fa fa fa
  0x76ed515e4080: fa fa fa fa fa fa fa fa fa fa fa fa fa fa fa fa
  0x76ed515e4100: fa fa fa fa fa fa fa fa fa fa fa fa fa fa fa fa
  0x76ed515e4180: fa fa fa fa fa fa fa fa fa fa fa fa fa fa fa fa
  0x76ed515e4200: fa fa fa fa fa fa fa fa fa fa fa fa fa fa fa fa
  0x76ed515e4280: fa fa fa fa fa fa fa fa fa fa fa fa fa fa fa fa
Shadow byte legend (one shadow byte represents 8 application bytes):
  Addressable:           00
  Partially addressable: 01 02 03 04 05 06 07 
  Heap left redzone:       fa
  Freed heap region:       fd
  Stack left redzone:      f1
  Stack mid redzone:       f2
  Stack right redzone:     f3
  Stack after return:      f5
  Stack use after scope:   f8
  Global redzone:          f9
  Global init order:       f6
  Poisoned by user:        f7
  Container overflow:      fc
  Array cookie:            ac
  Intra object redzone:    bb
  ASan internal:           fe
  Left alloca redzone:     ca
  Right alloca redzone:    cb
==3482064==ABORTING
error: test failed, to rerun pass `--lib`

Caused by:
  process didn't exit successfully: `/tmp/asan_pair4_vulnerable_5qh5wjeg/target/debug/deps/pair4_vulnerable-dd121c6c5d9904fd --nocapture` (exit status: 1)
