$ (cwd=/tmp/asan_pair7_a2_vulnerable_03uc9yff) cargo +nightly test --lib -- --nocapture

   Compiling pair7_a2_vulnerable v0.1.0 (/tmp/asan_pair7_a2_vulnerable_03uc9yff)
    Finished `test` profile [unoptimized + debuginfo] target(s) in 0.18s
     Running unittests src/lib.rs (target/debug/deps/pair7_a2_vulnerable-4d51f814d9833b6d)

running 1 test
=================================================================
==4013954==ERROR: AddressSanitizer: heap-use-after-free on address 0x7647c55e4010 at pc 0x5c4d6c0bdcd6 bp 0x7627c2ffe240 sp 0x7627c2ffe238
READ of size 4 at 0x7647c55e4010 thread T1
    #0 0x5c4d6c0bdcd5  (/tmp/asan_pair7_a2_vulnerable_03uc9yff/target/debug/deps/pair7_a2_vulnerable-4d51f814d9833b6d+0x11fcd5) (BuildId: 68f57a6b4b4035b4ea228399e6d3ce345c69f769)
    #1 0x5c4d6c0bda75  (/tmp/asan_pair7_a2_vulnerable_03uc9yff/target/debug/deps/pair7_a2_vulnerable-4d51f814d9833b6d+0x11fa75) (BuildId: 68f57a6b4b4035b4ea228399e6d3ce345c69f769)
    #2 0x5c4d6c0be24f  (/tmp/asan_pair7_a2_vulnerable_03uc9yff/target/debug/deps/pair7_a2_vulnerable-4d51f814d9833b6d+0x12024f) (BuildId: 68f57a6b4b4035b4ea228399e6d3ce345c69f769)
    #3 0x5c4d6c0c0766  (/tmp/asan_pair7_a2_vulnerable_03uc9yff/target/debug/deps/pair7_a2_vulnerable-4d51f814d9833b6d+0x122766) (BuildId: 68f57a6b4b4035b4ea228399e6d3ce345c69f769)
    #4 0x5c4d6c0bf2d5  (/tmp/asan_pair7_a2_vulnerable_03uc9yff/target/debug/deps/pair7_a2_vulnerable-4d51f814d9833b6d+0x1212d5) (BuildId: 68f57a6b4b4035b4ea228399e6d3ce345c69f769)
    #5 0x5c4d6c0e161a  (/tmp/asan_pair7_a2_vulnerable_03uc9yff/target/debug/deps/pair7_a2_vulnerable-4d51f814d9833b6d+0x14361a) (BuildId: 68f57a6b4b4035b4ea228399e6d3ce345c69f769)
    #6 0x5c4d6c0f7004  (/tmp/asan_pair7_a2_vulnerable_03uc9yff/target/debug/deps/pair7_a2_vulnerable-4d51f814d9833b6d+0x159004) (BuildId: 68f57a6b4b4035b4ea228399e6d3ce345c69f769)
    #7 0x5c4d6c0cda23  (/tmp/asan_pair7_a2_vulnerable_03uc9yff/target/debug/deps/pair7_a2_vulnerable-4d51f814d9833b6d+0x12fa23) (BuildId: 68f57a6b4b4035b4ea228399e6d3ce345c69f769)
    #8 0x5c4d6c0d1409  (/tmp/asan_pair7_a2_vulnerable_03uc9yff/target/debug/deps/pair7_a2_vulnerable-4d51f814d9833b6d+0x133409) (BuildId: 68f57a6b4b4035b4ea228399e6d3ce345c69f769)
    #9 0x5c4d6c11702e  (/tmp/asan_pair7_a2_vulnerable_03uc9yff/target/debug/deps/pair7_a2_vulnerable-4d51f814d9833b6d+0x17902e) (BuildId: 68f57a6b4b4035b4ea228399e6d3ce345c69f769)
    #10 0x5c4d6c08d2b6  (/tmp/asan_pair7_a2_vulnerable_03uc9yff/target/debug/deps/pair7_a2_vulnerable-4d51f814d9833b6d+0xef2b6) (BuildId: 68f57a6b4b4035b4ea228399e6d3ce345c69f769)
    #11 0x7a27c6294ac2  (/lib/x86_64-linux-gnu/libc.so.6+0x94ac2) (BuildId: d5197096f709801829b118af1b7cf6631efa2dcd)
    #12 0x7a27c632684f  (/lib/x86_64-linux-gnu/libc.so.6+0x12684f) (BuildId: d5197096f709801829b118af1b7cf6631efa2dcd)

0x7647c55e4010 is located 0 bytes inside of 4-byte region [0x7647c55e4010,0x7647c55e4014)
freed by thread T1 here:
    #0 0x5c4d6c08f156  (/tmp/asan_pair7_a2_vulnerable_03uc9yff/target/debug/deps/pair7_a2_vulnerable-4d51f814d9833b6d+0xf1156) (BuildId: 68f57a6b4b4035b4ea228399e6d3ce345c69f769)
    #1 0x5c4d6c0bfb7a  (/tmp/asan_pair7_a2_vulnerable_03uc9yff/target/debug/deps/pair7_a2_vulnerable-4d51f814d9833b6d+0x121b7a) (BuildId: 68f57a6b4b4035b4ea228399e6d3ce345c69f769)
    #2 0x5c4d6c0bf503  (/tmp/asan_pair7_a2_vulnerable_03uc9yff/target/debug/deps/pair7_a2_vulnerable-4d51f814d9833b6d+0x121503) (BuildId: 68f57a6b4b4035b4ea228399e6d3ce345c69f769)
    #3 0x5c4d6c0bf330  (/tmp/asan_pair7_a2_vulnerable_03uc9yff/target/debug/deps/pair7_a2_vulnerable-4d51f814d9833b6d+0x121330) (BuildId: 68f57a6b4b4035b4ea228399e6d3ce345c69f769)
    #4 0x5c4d6c0bd985  (/tmp/asan_pair7_a2_vulnerable_03uc9yff/target/debug/deps/pair7_a2_vulnerable-4d51f814d9833b6d+0x11f985) (BuildId: 68f57a6b4b4035b4ea228399e6d3ce345c69f769)
    #5 0x5c4d6c0be24f  (/tmp/asan_pair7_a2_vulnerable_03uc9yff/target/debug/deps/pair7_a2_vulnerable-4d51f814d9833b6d+0x12024f) (BuildId: 68f57a6b4b4035b4ea228399e6d3ce345c69f769)
    #6 0x5c4d6c0c0766  (/tmp/asan_pair7_a2_vulnerable_03uc9yff/target/debug/deps/pair7_a2_vulnerable-4d51f814d9833b6d+0x122766) (BuildId: 68f57a6b4b4035b4ea228399e6d3ce345c69f769)
    #7 0x5c4d6c0f7004  (/tmp/asan_pair7_a2_vulnerable_03uc9yff/target/debug/deps/pair7_a2_vulnerable-4d51f814d9833b6d+0x159004) (BuildId: 68f57a6b4b4035b4ea228399e6d3ce345c69f769)
    #8 0x5c4d6c0cda23  (/tmp/asan_pair7_a2_vulnerable_03uc9yff/target/debug/deps/pair7_a2_vulnerable-4d51f814d9833b6d+0x12fa23) (BuildId: 68f57a6b4b4035b4ea228399e6d3ce345c69f769)
    #9 0x5c4d6c0d1409  (/tmp/asan_pair7_a2_vulnerable_03uc9yff/target/debug/deps/pair7_a2_vulnerable-4d51f814d9833b6d+0x133409) (BuildId: 68f57a6b4b4035b4ea228399e6d3ce345c69f769)
    #10 0x5c4d6c11702e  (/tmp/asan_pair7_a2_vulnerable_03uc9yff/target/debug/deps/pair7_a2_vulnerable-4d51f814d9833b6d+0x17902e) (BuildId: 68f57a6b4b4035b4ea228399e6d3ce345c69f769)
    #11 0x5c4d6c08d2b6  (/tmp/asan_pair7_a2_vulnerable_03uc9yff/target/debug/deps/pair7_a2_vulnerable-4d51f814d9833b6d+0xef2b6) (BuildId: 68f57a6b4b4035b4ea228399e6d3ce345c69f769)

previously allocated by thread T1 here:
    #0 0x5c4d6c08f3f4  (/tmp/asan_pair7_a2_vulnerable_03uc9yff/target/debug/deps/pair7_a2_vulnerable-4d51f814d9833b6d+0xf13f4) (BuildId: 68f57a6b4b4035b4ea228399e6d3ce345c69f769)
    #1 0x5c4d6c0bf863  (/tmp/asan_pair7_a2_vulnerable_03uc9yff/target/debug/deps/pair7_a2_vulnerable-4d51f814d9833b6d+0x121863) (BuildId: 68f57a6b4b4035b4ea228399e6d3ce345c69f769)
    #2 0x5c4d6c0bf564  (/tmp/asan_pair7_a2_vulnerable_03uc9yff/target/debug/deps/pair7_a2_vulnerable-4d51f814d9833b6d+0x121564) (BuildId: 68f57a6b4b4035b4ea228399e6d3ce345c69f769)
    #3 0x5c4d6c0be24f  (/tmp/asan_pair7_a2_vulnerable_03uc9yff/target/debug/deps/pair7_a2_vulnerable-4d51f814d9833b6d+0x12024f) (BuildId: 68f57a6b4b4035b4ea228399e6d3ce345c69f769)
    #4 0x5c4d6c0c0766  (/tmp/asan_pair7_a2_vulnerable_03uc9yff/target/debug/deps/pair7_a2_vulnerable-4d51f814d9833b6d+0x122766) (BuildId: 68f57a6b4b4035b4ea228399e6d3ce345c69f769)
    #5 0x5c4d6c0f7004  (/tmp/asan_pair7_a2_vulnerable_03uc9yff/target/debug/deps/pair7_a2_vulnerable-4d51f814d9833b6d+0x159004) (BuildId: 68f57a6b4b4035b4ea228399e6d3ce345c69f769)
    #6 0x5c4d6c0cda23  (/tmp/asan_pair7_a2_vulnerable_03uc9yff/target/debug/deps/pair7_a2_vulnerable-4d51f814d9833b6d+0x12fa23) (BuildId: 68f57a6b4b4035b4ea228399e6d3ce345c69f769)
    #7 0x5c4d6c0d1409  (/tmp/asan_pair7_a2_vulnerable_03uc9yff/target/debug/deps/pair7_a2_vulnerable-4d51f814d9833b6d+0x133409) (BuildId: 68f57a6b4b4035b4ea228399e6d3ce345c69f769)
    #8 0x5c4d6c11702e  (/tmp/asan_pair7_a2_vulnerable_03uc9yff/target/debug/deps/pair7_a2_vulnerable-4d51f814d9833b6d+0x17902e) (BuildId: 68f57a6b4b4035b4ea228399e6d3ce345c69f769)
    #9 0x5c4d6c08d2b6  (/tmp/asan_pair7_a2_vulnerable_03uc9yff/target/debug/deps/pair7_a2_vulnerable-4d51f814d9833b6d+0xef2b6) (BuildId: 68f57a6b4b4035b4ea228399e6d3ce345c69f769)

Thread T1 created by T0 here:
    #0 0x5c4d6c073ce1  (/tmp/asan_pair7_a2_vulnerable_03uc9yff/target/debug/deps/pair7_a2_vulnerable-4d51f814d9833b6d+0xd5ce1) (BuildId: 68f57a6b4b4035b4ea228399e6d3ce345c69f769)
    #1 0x5c4d6c11724f  (/tmp/asan_pair7_a2_vulnerable_03uc9yff/target/debug/deps/pair7_a2_vulnerable-4d51f814d9833b6d+0x17924f) (BuildId: 68f57a6b4b4035b4ea228399e6d3ce345c69f769)
    #2 0x5c4d6c0f5b7d  (/tmp/asan_pair7_a2_vulnerable_03uc9yff/target/debug/deps/pair7_a2_vulnerable-4d51f814d9833b6d+0x157b7d) (BuildId: 68f57a6b4b4035b4ea228399e6d3ce345c69f769)
    #3 0x5c4d6c0eeec4  (/tmp/asan_pair7_a2_vulnerable_03uc9yff/target/debug/deps/pair7_a2_vulnerable-4d51f814d9833b6d+0x150ec4) (BuildId: 68f57a6b4b4035b4ea228399e6d3ce345c69f769)
    #4 0x5c4d6c0f8505  (/tmp/asan_pair7_a2_vulnerable_03uc9yff/target/debug/deps/pair7_a2_vulnerable-4d51f814d9833b6d+0x15a505) (BuildId: 68f57a6b4b4035b4ea228399e6d3ce345c69f769)
    #5 0x5c4d6c0e125a  (/tmp/asan_pair7_a2_vulnerable_03uc9yff/target/debug/deps/pair7_a2_vulnerable-4d51f814d9833b6d+0x14325a) (BuildId: 68f57a6b4b4035b4ea228399e6d3ce345c69f769)
    #6 0x5c4d6c0bd882  (/tmp/asan_pair7_a2_vulnerable_03uc9yff/target/debug/deps/pair7_a2_vulnerable-4d51f814d9833b6d+0x11f882) (BuildId: 68f57a6b4b4035b4ea228399e6d3ce345c69f769)
    #7 0x5c4d6c0bd76f  (/tmp/asan_pair7_a2_vulnerable_03uc9yff/target/debug/deps/pair7_a2_vulnerable-4d51f814d9833b6d+0x11f76f) (BuildId: 68f57a6b4b4035b4ea228399e6d3ce345c69f769)
    #8 0x5c4d6c0bde5d  (/tmp/asan_pair7_a2_vulnerable_03uc9yff/target/debug/deps/pair7_a2_vulnerable-4d51f814d9833b6d+0x11fe5d) (BuildId: 68f57a6b4b4035b4ea228399e6d3ce345c69f769)

SUMMARY: AddressSanitizer: heap-use-after-free (/tmp/asan_pair7_a2_vulnerable_03uc9yff/target/debug/deps/pair7_a2_vulnerable-4d51f814d9833b6d+0x11fcd5) (BuildId: 68f57a6b4b4035b4ea228399e6d3ce345c69f769) 
Shadow bytes around the buggy address:
  0x7647c55e3d80: fa fa fa fa fa fa fa fa fa fa fa fa fa fa fa fa
  0x7647c55e3e00: fa fa fa fa fa fa fa fa fa fa fa fa fa fa fa fa
  0x7647c55e3e80: fa fa fa fa fa fa fa fa fa fa fa fa fa fa fa fa
  0x7647c55e3f00: fa fa fa fa fa fa fa fa fa fa fa fa fa fa fa fa
  0x7647c55e3f80: fa fa fa fa fa fa fa fa fa fa fa fa fa fa fa fa
=>0x7647c55e4000: fa fa[fd]fa fa fa 04 fa fa fa fa fa fa fa fa fa
  0x7647c55e4080: fa fa fa fa fa fa fa fa fa fa fa fa fa fa fa fa
  0x7647c55e4100: fa fa fa fa fa fa fa fa fa fa fa fa fa fa fa fa
  0x7647c55e4180: fa fa fa fa fa fa fa fa fa fa fa fa fa fa fa fa
  0x7647c55e4200: fa fa fa fa fa fa fa fa fa fa fa fa fa fa fa fa
  0x7647c55e4280: fa fa fa fa fa fa fa fa fa fa fa fa fa fa fa fa
Shadow byte legend (one shadow byte represents 8 application bytes):
  Addressable:           00
  Partially addressable: 01 02 03 04 05 06 07 
  Heap left redzone:       fa
  Freed heap region:       fd
  Stack left redzone:      f1
  Stack mid redzone:       f2
  Stack right redzone:     f3
  Stack after return:      f5
  Stack use after scope:   f8
  Global redzone:          f9
  Global init order:       f6
  Poisoned by user:        f7
  Container overflow:      fc
  Array cookie:            ac
  Intra object redzone:    bb
  ASan internal:           fe
  Left alloca redzone:     ca
  Right alloca redzone:    cb
==4013954==ABORTING
error: test failed, to rerun pass `--lib`

Caused by:
  process didn't exit successfully: `/tmp/asan_pair7_a2_vulnerable_03uc9yff/target/debug/deps/pair7_a2_vulnerable-4d51f814d9833b6d --nocapture` (exit status: 1)
