$ (cwd=/tmp/asan_pair17_a1_vulnerable_hs4_rf7v) cargo +nightly test --lib -- --nocapture

   Compiling pair17_a1_vulnerable v0.1.0 (/tmp/asan_pair17_a1_vulnerable_hs4_rf7v)
    Finished `test` profile [unoptimized + debuginfo] target(s) in 0.19s
     Running unittests src/lib.rs (target/debug/deps/pair17_a1_vulnerable-4cbd48b131ba2c40)

running 1 test
=================================================================
==3829665==ERROR: AddressSanitizer: heap-buffer-overflow on address 0x6dc3567e2078 at pc 0x5e64bca1d957 bp 0x6d83541fe190 sp 0x6d83541fe188
WRITE of size 4 at 0x6dc3567e2078 thread T1
    #0 0x5e64bca1d956  (/tmp/asan_pair17_a1_vulnerable_hs4_rf7v/target/debug/deps/pair17_a1_vulnerable-4cbd48b131ba2c40+0x122956) (BuildId: 9438571ca8c6e54d0878ad49b71607fadc9f29ff)
    #1 0x5e64bca1bb08  (/tmp/asan_pair17_a1_vulnerable_hs4_rf7v/target/debug/deps/pair17_a1_vulnerable-4cbd48b131ba2c40+0x120b08) (BuildId: 9438571ca8c6e54d0878ad49b71607fadc9f29ff)
    #2 0x5e64bca1d2a6  (/tmp/asan_pair17_a1_vulnerable_hs4_rf7v/target/debug/deps/pair17_a1_vulnerable-4cbd48b131ba2c40+0x1222a6) (BuildId: 9438571ca8c6e54d0878ad49b71607fadc9f29ff)
    #3 0x5e64bca1c235  (/tmp/asan_pair17_a1_vulnerable_hs4_rf7v/target/debug/deps/pair17_a1_vulnerable-4cbd48b131ba2c40+0x121235) (BuildId: 9438571ca8c6e54d0878ad49b71607fadc9f29ff)
    #4 0x5e64bca401ea  (/tmp/asan_pair17_a1_vulnerable_hs4_rf7v/target/debug/deps/pair17_a1_vulnerable-4cbd48b131ba2c40+0x1451ea) (BuildId: 9438571ca8c6e54d0878ad49b71607fadc9f29ff)
    #5 0x5e64bca55bd4  (/tmp/asan_pair17_a1_vulnerable_hs4_rf7v/target/debug/deps/pair17_a1_vulnerable-4cbd48b131ba2c40+0x15abd4) (BuildId: 9438571ca8c6e54d0878ad49b71607fadc9f29ff)
    #6 0x5e64bca2c5f3  (/tmp/asan_pair17_a1_vulnerable_hs4_rf7v/target/debug/deps/pair17_a1_vulnerable-4cbd48b131ba2c40+0x1315f3) (BuildId: 9438571ca8c6e54d0878ad49b71607fadc9f29ff)
    #7 0x5e64bca2ffd9  (/tmp/asan_pair17_a1_vulnerable_hs4_rf7v/target/debug/deps/pair17_a1_vulnerable-4cbd48b131ba2c40+0x134fd9) (BuildId: 9438571ca8c6e54d0878ad49b71607fadc9f29ff)
    #8 0x5e64bca75bfe  (/tmp/asan_pair17_a1_vulnerable_hs4_rf7v/target/debug/deps/pair17_a1_vulnerable-4cbd48b131ba2c40+0x17abfe) (BuildId: 9438571ca8c6e54d0878ad49b71607fadc9f29ff)
    #9 0x5e64bc9eaaa6  (/tmp/asan_pair17_a1_vulnerable_hs4_rf7v/target/debug/deps/pair17_a1_vulnerable-4cbd48b131ba2c40+0xefaa6) (BuildId: 9438571ca8c6e54d0878ad49b71607fadc9f29ff)
    #10 0x718357694ac2  (/lib/x86_64-linux-gnu/libc.so.6+0x94ac2) (BuildId: d5197096f709801829b118af1b7cf6631efa2dcd)
    #11 0x71835772684f  (/lib/x86_64-linux-gnu/libc.so.6+0x12684f) (BuildId: d5197096f709801829b118af1b7cf6631efa2dcd)

0x6dc3567e2078 is located 0 bytes after 40-byte region [0x6dc3567e2050,0x6dc3567e2078)
allocated by thread T1 here:
    #0 0x5e64bc9ecdb9  (/tmp/asan_pair17_a1_vulnerable_hs4_rf7v/target/debug/deps/pair17_a1_vulnerable-4cbd48b131ba2c40+0xf1db9) (BuildId: 9438571ca8c6e54d0878ad49b71607fadc9f29ff)
    #1 0x5e64bcaa6177  (/tmp/asan_pair17_a1_vulnerable_hs4_rf7v/target/debug/deps/pair17_a1_vulnerable-4cbd48b131ba2c40+0x1ab177) (BuildId: 9438571ca8c6e54d0878ad49b71607fadc9f29ff)
    #2 0x5e64bca1ef27  (/tmp/asan_pair17_a1_vulnerable_hs4_rf7v/target/debug/deps/pair17_a1_vulnerable-4cbd48b131ba2c40+0x123f27) (BuildId: 9438571ca8c6e54d0878ad49b71607fadc9f29ff)
    #3 0x5e64bca1e348  (/tmp/asan_pair17_a1_vulnerable_hs4_rf7v/target/debug/deps/pair17_a1_vulnerable-4cbd48b131ba2c40+0x123348) (BuildId: 9438571ca8c6e54d0878ad49b71607fadc9f29ff)
    #4 0x5e64bca1baf7  (/tmp/asan_pair17_a1_vulnerable_hs4_rf7v/target/debug/deps/pair17_a1_vulnerable-4cbd48b131ba2c40+0x120af7) (BuildId: 9438571ca8c6e54d0878ad49b71607fadc9f29ff)
    #5 0x5e64bca1d2a6  (/tmp/asan_pair17_a1_vulnerable_hs4_rf7v/target/debug/deps/pair17_a1_vulnerable-4cbd48b131ba2c40+0x1222a6) (BuildId: 9438571ca8c6e54d0878ad49b71607fadc9f29ff)
    #6 0x5e64bca55bd4  (/tmp/asan_pair17_a1_vulnerable_hs4_rf7v/target/debug/deps/pair17_a1_vulnerable-4cbd48b131ba2c40+0x15abd4) (BuildId: 9438571ca8c6e54d0878ad49b71607fadc9f29ff)
    #7 0x5e64bca2c5f3  (/tmp/asan_pair17_a1_vulnerable_hs4_rf7v/target/debug/deps/pair17_a1_vulnerable-4cbd48b131ba2c40+0x1315f3) (BuildId: 9438571ca8c6e54d0878ad49b71607fadc9f29ff)
    #8 0x5e64bca2ffd9  (/tmp/asan_pair17_a1_vulnerable_hs4_rf7v/target/debug/deps/pair17_a1_vulnerable-4cbd48b131ba2c40+0x134fd9) (BuildId: 9438571ca8c6e54d0878ad49b71607fadc9f29ff)
    #9 0x5e64bca75bfe  (/tmp/asan_pair17_a1_vulnerable_hs4_rf7v/target/debug/deps/pair17_a1_vulnerable-4cbd48b131ba2c40+0x17abfe) (BuildId: 9438571ca8c6e54d0878ad49b71607fadc9f29ff)
    #10 0x5e64bc9eaaa6  (/tmp/asan_pair17_a1_vulnerable_hs4_rf7v/target/debug/deps/pair17_a1_vulnerable-4cbd48b131ba2c40+0xefaa6) (BuildId: 9438571ca8c6e54d0878ad49b71607fadc9f29ff)

Thread T1 created by T0 here:
    #0 0x5e64bc9d14d1  (/tmp/asan_pair17_a1_vulnerable_hs4_rf7v/target/debug/deps/pair17_a1_vulnerable-4cbd48b131ba2c40+0xd64d1) (BuildId: 9438571ca8c6e54d0878ad49b71607fadc9f29ff)
    #1 0x5e64bca75e1f  (/tmp/asan_pair17_a1_vulnerable_hs4_rf7v/target/debug/deps/pair17_a1_vulnerable-4cbd48b131ba2c40+0x17ae1f) (BuildId: 9438571ca8c6e54d0878ad49b71607fadc9f29ff)
    #2 0x5e64bca5474d  (/tmp/asan_pair17_a1_vulnerable_hs4_rf7v/target/debug/deps/pair17_a1_vulnerable-4cbd48b131ba2c40+0x15974d) (BuildId: 9438571ca8c6e54d0878ad49b71607fadc9f29ff)
    #3 0x5e64bca4da94  (/tmp/asan_pair17_a1_vulnerable_hs4_rf7v/target/debug/deps/pair17_a1_vulnerable-4cbd48b131ba2c40+0x152a94) (BuildId: 9438571ca8c6e54d0878ad49b71607fadc9f29ff)
    #4 0x5e64bca570d5  (/tmp/asan_pair17_a1_vulnerable_hs4_rf7v/target/debug/deps/pair17_a1_vulnerable-4cbd48b131ba2c40+0x15c0d5) (BuildId: 9438571ca8c6e54d0878ad49b71607fadc9f29ff)
    #5 0x5e64bca3fe2a  (/tmp/asan_pair17_a1_vulnerable_hs4_rf7v/target/debug/deps/pair17_a1_vulnerable-4cbd48b131ba2c40+0x144e2a) (BuildId: 9438571ca8c6e54d0878ad49b71607fadc9f29ff)
    #6 0x5e64bca1d4c2  (/tmp/asan_pair17_a1_vulnerable_hs4_rf7v/target/debug/deps/pair17_a1_vulnerable-4cbd48b131ba2c40+0x1224c2) (BuildId: 9438571ca8c6e54d0878ad49b71607fadc9f29ff)
    #7 0x5e64bca1e53f  (/tmp/asan_pair17_a1_vulnerable_hs4_rf7v/target/debug/deps/pair17_a1_vulnerable-4cbd48b131ba2c40+0x12353f) (BuildId: 9438571ca8c6e54d0878ad49b71607fadc9f29ff)
    #8 0x5e64bca1d99d  (/tmp/asan_pair17_a1_vulnerable_hs4_rf7v/target/debug/deps/pair17_a1_vulnerable-4cbd48b131ba2c40+0x12299d) (BuildId: 9438571ca8c6e54d0878ad49b71607fadc9f29ff)

SUMMARY: AddressSanitizer: heap-buffer-overflow (/tmp/asan_pair17_a1_vulnerable_hs4_rf7v/target/debug/deps/pair17_a1_vulnerable-4cbd48b131ba2c40+0x122956) (BuildId: 9438571ca8c6e54d0878ad49b71607fadc9f29ff) 
Shadow bytes around the buggy address:
  0x6dc3567e1d80: fa fa fa fa fa fa fa fa fa fa fa fa fa fa fa fa
  0x6dc3567e1e00: fa fa fa fa fa fa fa fa fa fa fa fa fa fa fa fa
  0x6dc3567e1e80: fa fa fa fa fa fa fa fa fa fa fa fa fa fa fa fa
  0x6dc3567e1f00: fa fa fa fa fa fa fa fa fa fa fa fa fa fa fa fa
  0x6dc3567e1f80: fa fa fa fa fa fa fa fa fa fa fa fa fa fa fa fa
=>0x6dc3567e2000: fa fa 00 00 00 00 00 00 fa fa 00 00 00 00 00[fa]
  0x6dc3567e2080: fa fa fa fa fa fa fa fa fa fa fa fa fa fa fa fa
  0x6dc3567e2100: fa fa fa fa fa fa fa fa fa fa fa fa fa fa fa fa
  0x6dc3567e2180: fa fa fa fa fa fa fa fa fa fa fa fa fa fa fa fa
  0x6dc3567e2200: fa fa fa fa fa fa fa fa fa fa fa fa fa fa fa fa
  0x6dc3567e2280: fa fa fa fa fa fa fa fa fa fa fa fa fa fa fa fa
Shadow byte legend (one shadow byte represents 8 application bytes):
  Addressable:           00
  Partially addressable: 01 02 03 04 05 06 07 
  Heap left redzone:       fa
  Freed heap region:       fd
  Stack left redzone:      f1
  Stack mid redzone:       f2
  Stack right redzone:     f3
  Stack after return:      f5
  Stack use after scope:   f8
  Global redzone:          f9
  Global init order:       f6
  Poisoned by user:        f7
  Container overflow:      fc
  Array cookie:            ac
  Intra object redzone:    bb
  ASan internal:           fe
  Left alloca redzone:     ca
  Right alloca redzone:    cb
==3829665==ABORTING
error: test failed, to rerun pass `--lib`

Caused by:
  process didn't exit successfully: `/tmp/asan_pair17_a1_vulnerable_hs4_rf7v/target/debug/deps/pair17_a1_vulnerable-4cbd48b131ba2c40 --nocapture` (exit status: 1)
