$ (cwd=/tmp/asan_pair2_vulnerable_coqx77bv) cargo +nightly test --lib -- --nocapture

   Compiling pair2_vulnerable v0.1.0 (/tmp/asan_pair2_vulnerable_coqx77bv)
    Finished `test` profile [unoptimized + debuginfo] target(s) in 0.17s
     Running unittests src/lib.rs (target/debug/deps/pair2_vulnerable-cda1feb9dee2cb9c)

running 1 test
=================================================================
==3481254==ERROR: AddressSanitizer: heap-use-after-free on address 0x772b469e4010 at pc 0x5c16af02bc1f bp 0x770b443fe270 sp 0x770b443fe268
READ of size 4 at 0x772b469e4010 thread T1
    #0 0x5c16af02bc1e  (/tmp/asan_pair2_vulnerable_coqx77bv/target/debug/deps/pair2_vulnerable-cda1feb9dee2cb9c+0x11fc1e) (BuildId: 0bd7b0a40f0f495c25dfe4f1f6958754a4a8df66)
    #1 0x5c16af02cabf  (/tmp/asan_pair2_vulnerable_coqx77bv/target/debug/deps/pair2_vulnerable-cda1feb9dee2cb9c+0x120abf) (BuildId: 0bd7b0a40f0f495c25dfe4f1f6958754a4a8df66)
    #2 0x5c16af02c466  (/tmp/asan_pair2_vulnerable_coqx77bv/target/debug/deps/pair2_vulnerable-cda1feb9dee2cb9c+0x120466) (BuildId: 0bd7b0a40f0f495c25dfe4f1f6958754a4a8df66)
    #3 0x5c16af02dda5  (/tmp/asan_pair2_vulnerable_coqx77bv/target/debug/deps/pair2_vulnerable-cda1feb9dee2cb9c+0x121da5) (BuildId: 0bd7b0a40f0f495c25dfe4f1f6958754a4a8df66)
    #4 0x5c16af04f4aa  (/tmp/asan_pair2_vulnerable_coqx77bv/target/debug/deps/pair2_vulnerable-cda1feb9dee2cb9c+0x1434aa) (BuildId: 0bd7b0a40f0f495c25dfe4f1f6958754a4a8df66)
    #5 0x5c16af064e94  (/tmp/asan_pair2_vulnerable_coqx77bv/target/debug/deps/pair2_vulnerable-cda1feb9dee2cb9c+0x158e94) (BuildId: 0bd7b0a40f0f495c25dfe4f1f6958754a4a8df66)
    #6 0x5c16af03b8b3  (/tmp/asan_pair2_vulnerable_coqx77bv/target/debug/deps/pair2_vulnerable-cda1feb9dee2cb9c+0x12f8b3) (BuildId: 0bd7b0a40f0f495c25dfe4f1f6958754a4a8df66)
    #7 0x5c16af03f299  (/tmp/asan_pair2_vulnerable_coqx77bv/target/debug/deps/pair2_vulnerable-cda1feb9dee2cb9c+0x133299) (BuildId: 0bd7b0a40f0f495c25dfe4f1f6958754a4a8df66)
    #8 0x5c16af084ebe  (/tmp/asan_pair2_vulnerable_coqx77bv/target/debug/deps/pair2_vulnerable-cda1feb9dee2cb9c+0x178ebe) (BuildId: 0bd7b0a40f0f495c25dfe4f1f6958754a4a8df66)
    #9 0x5c16aeffb286  (/tmp/asan_pair2_vulnerable_coqx77bv/target/debug/deps/pair2_vulnerable-cda1feb9dee2cb9c+0xef286) (BuildId: 0bd7b0a40f0f495c25dfe4f1f6958754a4a8df66)
    #10 0x7b0b47694ac2  (/lib/x86_64-linux-gnu/libc.so.6+0x94ac2) (BuildId: d5197096f709801829b118af1b7cf6631efa2dcd)
    #11 0x7b0b4772684f  (/lib/x86_64-linux-gnu/libc.so.6+0x12684f) (BuildId: d5197096f709801829b118af1b7cf6631efa2dcd)

0x772b469e4010 is located 0 bytes inside of 4-byte region [0x772b469e4010,0x772b469e4014)
freed by thread T1 here:
    #0 0x5c16aeffd126  (/tmp/asan_pair2_vulnerable_coqx77bv/target/debug/deps/pair2_vulnerable-cda1feb9dee2cb9c+0xf1126) (BuildId: 0bd7b0a40f0f495c25dfe4f1f6958754a4a8df66)
    #1 0x5c16af02e66a  (/tmp/asan_pair2_vulnerable_coqx77bv/target/debug/deps/pair2_vulnerable-cda1feb9dee2cb9c+0x12266a) (BuildId: 0bd7b0a40f0f495c25dfe4f1f6958754a4a8df66)
    #2 0x5c16af02dfd3  (/tmp/asan_pair2_vulnerable_coqx77bv/target/debug/deps/pair2_vulnerable-cda1feb9dee2cb9c+0x121fd3) (BuildId: 0bd7b0a40f0f495c25dfe4f1f6958754a4a8df66)
    #3 0x5c16af02de00  (/tmp/asan_pair2_vulnerable_coqx77bv/target/debug/deps/pair2_vulnerable-cda1feb9dee2cb9c+0x121e00) (BuildId: 0bd7b0a40f0f495c25dfe4f1f6958754a4a8df66)
    #4 0x5c16af02badd  (/tmp/asan_pair2_vulnerable_coqx77bv/target/debug/deps/pair2_vulnerable-cda1feb9dee2cb9c+0x11fadd) (BuildId: 0bd7b0a40f0f495c25dfe4f1f6958754a4a8df66)
    #5 0x5c16af02cabf  (/tmp/asan_pair2_vulnerable_coqx77bv/target/debug/deps/pair2_vulnerable-cda1feb9dee2cb9c+0x120abf) (BuildId: 0bd7b0a40f0f495c25dfe4f1f6958754a4a8df66)
    #6 0x5c16af02c466  (/tmp/asan_pair2_vulnerable_coqx77bv/target/debug/deps/pair2_vulnerable-cda1feb9dee2cb9c+0x120466) (BuildId: 0bd7b0a40f0f495c25dfe4f1f6958754a4a8df66)
    #7 0x5c16af064e94  (/tmp/asan_pair2_vulnerable_coqx77bv/target/debug/deps/pair2_vulnerable-cda1feb9dee2cb9c+0x158e94) (BuildId: 0bd7b0a40f0f495c25dfe4f1f6958754a4a8df66)
    #8 0x5c16af03b8b3  (/tmp/asan_pair2_vulnerable_coqx77bv/target/debug/deps/pair2_vulnerable-cda1feb9dee2cb9c+0x12f8b3) (BuildId: 0bd7b0a40f0f495c25dfe4f1f6958754a4a8df66)
    #9 0x5c16af03f299  (/tmp/asan_pair2_vulnerable_coqx77bv/target/debug/deps/pair2_vulnerable-cda1feb9dee2cb9c+0x133299) (BuildId: 0bd7b0a40f0f495c25dfe4f1f6958754a4a8df66)
    #10 0x5c16af084ebe  (/tmp/asan_pair2_vulnerable_coqx77bv/target/debug/deps/pair2_vulnerable-cda1feb9dee2cb9c+0x178ebe) (BuildId: 0bd7b0a40f0f495c25dfe4f1f6958754a4a8df66)
    #11 0x5c16aeffb286  (/tmp/asan_pair2_vulnerable_coqx77bv/target/debug/deps/pair2_vulnerable-cda1feb9dee2cb9c+0xef286) (BuildId: 0bd7b0a40f0f495c25dfe4f1f6958754a4a8df66)

previously allocated by thread T1 here:
    #0 0x5c16aeffd3c4  (/tmp/asan_pair2_vulnerable_coqx77bv/target/debug/deps/pair2_vulnerable-cda1feb9dee2cb9c+0xf13c4) (BuildId: 0bd7b0a40f0f495c25dfe4f1f6958754a4a8df66)
    #1 0x5c16af02e353  (/tmp/asan_pair2_vulnerable_coqx77bv/target/debug/deps/pair2_vulnerable-cda1feb9dee2cb9c+0x122353) (BuildId: 0bd7b0a40f0f495c25dfe4f1f6958754a4a8df66)
    #2 0x5c16af02e054  (/tmp/asan_pair2_vulnerable_coqx77bv/target/debug/deps/pair2_vulnerable-cda1feb9dee2cb9c+0x122054) (BuildId: 0bd7b0a40f0f495c25dfe4f1f6958754a4a8df66)
    #3 0x5c16af02cabf  (/tmp/asan_pair2_vulnerable_coqx77bv/target/debug/deps/pair2_vulnerable-cda1feb9dee2cb9c+0x120abf) (BuildId: 0bd7b0a40f0f495c25dfe4f1f6958754a4a8df66)
    #4 0x5c16af02c466  (/tmp/asan_pair2_vulnerable_coqx77bv/target/debug/deps/pair2_vulnerable-cda1feb9dee2cb9c+0x120466) (BuildId: 0bd7b0a40f0f495c25dfe4f1f6958754a4a8df66)
    #5 0x5c16af064e94  (/tmp/asan_pair2_vulnerable_coqx77bv/target/debug/deps/pair2_vulnerable-cda1feb9dee2cb9c+0x158e94) (BuildId: 0bd7b0a40f0f495c25dfe4f1f6958754a4a8df66)
    #6 0x5c16af03b8b3  (/tmp/asan_pair2_vulnerable_coqx77bv/target/debug/deps/pair2_vulnerable-cda1feb9dee2cb9c+0x12f8b3) (BuildId: 0bd7b0a40f0f495c25dfe4f1f6958754a4a8df66)
    #7 0x5c16af03f299  (/tmp/asan_pair2_vulnerable_coqx77bv/target/debug/deps/pair2_vulnerable-cda1feb9dee2cb9c+0x133299) (BuildId: 0bd7b0a40f0f495c25dfe4f1f6958754a4a8df66)
    #8 0x5c16af084ebe  (/tmp/asan_pair2_vulnerable_coqx77bv/target/debug/deps/pair2_vulnerable-cda1feb9dee2cb9c+0x178ebe) (BuildId: 0bd7b0a40f0f495c25dfe4f1f6958754a4a8df66)
    #9 0x5c16aeffb286  (/tmp/asan_pair2_vulnerable_coqx77bv/target/debug/deps/pair2_vulnerable-cda1feb9dee2cb9c+0xef286) (BuildId: 0bd7b0a40f0f495c25dfe4f1f6958754a4a8df66)

Thread T1 created by T0 here:
    #0 0x5c16aefe1cb1  (/tmp/asan_pair2_vulnerable_coqx77bv/target/debug/deps/pair2_vulnerable-cda1feb9dee2cb9c+0xd5cb1) (BuildId: 0bd7b0a40f0f495c25dfe4f1f6958754a4a8df66)
    #1 0x5c16af0850df  (/tmp/asan_pair2_vulnerable_coqx77bv/target/debug/deps/pair2_vulnerable-cda1feb9dee2cb9c+0x1790df) (BuildId: 0bd7b0a40f0f495c25dfe4f1f6958754a4a8df66)
    #2 0x5c16af063a0d  (/tmp/asan_pair2_vulnerable_coqx77bv/target/debug/deps/pair2_vulnerable-cda1feb9dee2cb9c+0x157a0d) (BuildId: 0bd7b0a40f0f495c25dfe4f1f6958754a4a8df66)
    #3 0x5c16af05cd54  (/tmp/asan_pair2_vulnerable_coqx77bv/target/debug/deps/pair2_vulnerable-cda1feb9dee2cb9c+0x150d54) (BuildId: 0bd7b0a40f0f495c25dfe4f1f6958754a4a8df66)
    #4 0x5c16af066395  (/tmp/asan_pair2_vulnerable_coqx77bv/target/debug/deps/pair2_vulnerable-cda1feb9dee2cb9c+0x15a395) (BuildId: 0bd7b0a40f0f495c25dfe4f1f6958754a4a8df66)
    #5 0x5c16af04f0ea  (/tmp/asan_pair2_vulnerable_coqx77bv/target/debug/deps/pair2_vulnerable-cda1feb9dee2cb9c+0x1430ea) (BuildId: 0bd7b0a40f0f495c25dfe4f1f6958754a4a8df66)
    #6 0x5c16af02bcc2  (/tmp/asan_pair2_vulnerable_coqx77bv/target/debug/deps/pair2_vulnerable-cda1feb9dee2cb9c+0x11fcc2) (BuildId: 0bd7b0a40f0f495c25dfe4f1f6958754a4a8df66)
    #7 0x5c16af02d97f  (/tmp/asan_pair2_vulnerable_coqx77bv/target/debug/deps/pair2_vulnerable-cda1feb9dee2cb9c+0x12197f) (BuildId: 0bd7b0a40f0f495c25dfe4f1f6958754a4a8df66)
    #8 0x5c16af02bced  (/tmp/asan_pair2_vulnerable_coqx77bv/target/debug/deps/pair2_vulnerable-cda1feb9dee2cb9c+0x11fced) (BuildId: 0bd7b0a40f0f495c25dfe4f1f6958754a4a8df66)

SUMMARY: AddressSanitizer: heap-use-after-free (/tmp/asan_pair2_vulnerable_coqx77bv/target/debug/deps/pair2_vulnerable-cda1feb9dee2cb9c+0x11fc1e) (BuildId: 0bd7b0a40f0f495c25dfe4f1f6958754a4a8df66) 
Shadow bytes around the buggy address:
  0x772b469e3d80: fa fa fa fa fa fa fa fa fa fa fa fa fa fa fa fa
  0x772b469e3e00: fa fa fa fa fa fa fa fa fa fa fa fa fa fa fa fa
  0x772b469e3e80: fa fa fa fa fa fa fa fa fa fa fa fa fa fa fa fa
  0x772b469e3f00: fa fa fa fa fa fa fa fa fa fa fa fa fa fa fa fa
  0x772b469e3f80: fa fa fa fa fa fa fa fa fa fa fa fa fa fa fa fa
=>0x772b469e4000: fa fa[fd]fa fa fa 04 fa fa fa fa fa fa fa fa fa
  0x772b469e4080: fa fa fa fa fa fa fa fa fa fa fa fa fa fa fa fa
  0x772b469e4100: fa fa fa fa fa fa fa fa fa fa fa fa fa fa fa fa
  0x772b469e4180: fa fa fa fa fa fa fa fa fa fa fa fa fa fa fa fa
  0x772b469e4200: fa fa fa fa fa fa fa fa fa fa fa fa fa fa fa fa
  0x772b469e4280: fa fa fa fa fa fa fa fa fa fa fa fa fa fa fa fa
Shadow byte legend (one shadow byte represents 8 application bytes):
  Addressable:           00
  Partially addressable: 01 02 03 04 05 06 07 
  Heap left redzone:       fa
  Freed heap region:       fd
  Stack left redzone:      f1
  Stack mid redzone:       f2
  Stack right redzone:     f3
  Stack after return:      f5
  Stack use after scope:   f8
  Global redzone:          f9
  Global init order:       f6
  Poisoned by user:        f7
  Container overflow:      fc
  Array cookie:            ac
  Intra object redzone:    bb
  ASan internal:           fe
  Left alloca redzone:     ca
  Right alloca redzone:    cb
==3481254==ABORTING
error: test failed, to rerun pass `--lib`

Caused by:
  process didn't exit successfully: `/tmp/asan_pair2_vulnerable_coqx77bv/target/debug/deps/pair2_vulnerable-cda1feb9dee2cb9c --nocapture` (exit status: 1)
