$ (cwd=/tmp/asan_pair9_a3_fixed_71xi_zho) cargo +nightly test --lib -- --nocapture

   Compiling pair9_a3_fixed v0.1.0 (/tmp/asan_pair9_a3_fixed_71xi_zho)
    Finished `test` profile [unoptimized + debuginfo] target(s) in 0.17s
     Running unittests src/lib.rs (target/debug/deps/pair9_a3_fixed-14b85f6522cf3f91)

running 1 test
=================================================================
==4167076==ERROR: AddressSanitizer: heap-use-after-free on address 0x7baa3b3e4010 at pc 0x5bcbaf2916b6 bp 0x7b8a38dfe160 sp 0x7b8a38dfe158
READ of size 4 at 0x7baa3b3e4010 thread T1
    #0 0x5bcbaf2916b5  (/tmp/asan_pair9_a3_fixed_71xi_zho/target/debug/deps/pair9_a3_fixed-14b85f6522cf3f91+0x1226b5) (BuildId: beab029ed04d5b2797e7731df80fc9cec80d6d68)
    #1 0x5bcbaf2915c1  (/tmp/asan_pair9_a3_fixed_71xi_zho/target/debug/deps/pair9_a3_fixed-14b85f6522cf3f91+0x1225c1) (BuildId: beab029ed04d5b2797e7731df80fc9cec80d6d68)
    #2 0x5bcbaf2917dc  (/tmp/asan_pair9_a3_fixed_71xi_zho/target/debug/deps/pair9_a3_fixed-14b85f6522cf3f91+0x1227dc) (BuildId: beab029ed04d5b2797e7731df80fc9cec80d6d68)
    #3 0x5bcbaf28ea65  (/tmp/asan_pair9_a3_fixed_71xi_zho/target/debug/deps/pair9_a3_fixed-14b85f6522cf3f91+0x11fa65) (BuildId: beab029ed04d5b2797e7731df80fc9cec80d6d68)
    #4 0x5bcbaf291867  (/tmp/asan_pair9_a3_fixed_71xi_zho/target/debug/deps/pair9_a3_fixed-14b85f6522cf3f91+0x122867) (BuildId: beab029ed04d5b2797e7731df80fc9cec80d6d68)
    #5 0x5bcbaf28fbba  (/tmp/asan_pair9_a3_fixed_71xi_zho/target/debug/deps/pair9_a3_fixed-14b85f6522cf3f91+0x120bba) (BuildId: beab029ed04d5b2797e7731df80fc9cec80d6d68)
    #6 0x5bcbaf28fafd  (/tmp/asan_pair9_a3_fixed_71xi_zho/target/debug/deps/pair9_a3_fixed-14b85f6522cf3f91+0x120afd) (BuildId: beab029ed04d5b2797e7731df80fc9cec80d6d68)
    #7 0x5bcbaf28f87a  (/tmp/asan_pair9_a3_fixed_71xi_zho/target/debug/deps/pair9_a3_fixed-14b85f6522cf3f91+0x12087a) (BuildId: beab029ed04d5b2797e7731df80fc9cec80d6d68)
    #8 0x5bcbaf28ea86  (/tmp/asan_pair9_a3_fixed_71xi_zho/target/debug/deps/pair9_a3_fixed-14b85f6522cf3f91+0x11fa86) (BuildId: beab029ed04d5b2797e7731df80fc9cec80d6d68)
    #9 0x5bcbaf290595  (/tmp/asan_pair9_a3_fixed_71xi_zho/target/debug/deps/pair9_a3_fixed-14b85f6522cf3f91+0x121595) (BuildId: beab029ed04d5b2797e7731df80fc9cec80d6d68)
    #10 0x5bcbaf2b2d5a  (/tmp/asan_pair9_a3_fixed_71xi_zho/target/debug/deps/pair9_a3_fixed-14b85f6522cf3f91+0x143d5a) (BuildId: beab029ed04d5b2797e7731df80fc9cec80d6d68)
    #11 0x5bcbaf2c8744  (/tmp/asan_pair9_a3_fixed_71xi_zho/target/debug/deps/pair9_a3_fixed-14b85f6522cf3f91+0x159744) (BuildId: beab029ed04d5b2797e7731df80fc9cec80d6d68)
    #12 0x5bcbaf29f163  (/tmp/asan_pair9_a3_fixed_71xi_zho/target/debug/deps/pair9_a3_fixed-14b85f6522cf3f91+0x130163) (BuildId: beab029ed04d5b2797e7731df80fc9cec80d6d68)
    #13 0x5bcbaf2a2b49  (/tmp/asan_pair9_a3_fixed_71xi_zho/target/debug/deps/pair9_a3_fixed-14b85f6522cf3f91+0x133b49) (BuildId: beab029ed04d5b2797e7731df80fc9cec80d6d68)
    #14 0x5bcbaf2e876e  (/tmp/asan_pair9_a3_fixed_71xi_zho/target/debug/deps/pair9_a3_fixed-14b85f6522cf3f91+0x17976e) (BuildId: beab029ed04d5b2797e7731df80fc9cec80d6d68)
    #15 0x5bcbaf25e3f6  (/tmp/asan_pair9_a3_fixed_71xi_zho/target/debug/deps/pair9_a3_fixed-14b85f6522cf3f91+0xef3f6) (BuildId: beab029ed04d5b2797e7731df80fc9cec80d6d68)
    #16 0x7f8a3c094ac2  (/lib/x86_64-linux-gnu/libc.so.6+0x94ac2) (BuildId: d5197096f709801829b118af1b7cf6631efa2dcd)
    #17 0x7f8a3c12684f  (/lib/x86_64-linux-gnu/libc.so.6+0x12684f) (BuildId: d5197096f709801829b118af1b7cf6631efa2dcd)

0x7baa3b3e4010 is located 0 bytes inside of 4-byte region [0x7baa3b3e4010,0x7baa3b3e4014)
freed by thread T1 here:
    #0 0x5bcbaf260296  (/tmp/asan_pair9_a3_fixed_71xi_zho/target/debug/deps/pair9_a3_fixed-14b85f6522cf3f91+0xf1296) (BuildId: beab029ed04d5b2797e7731df80fc9cec80d6d68)
    #1 0x5bcbaf29150a  (/tmp/asan_pair9_a3_fixed_71xi_zho/target/debug/deps/pair9_a3_fixed-14b85f6522cf3f91+0x12250a) (BuildId: beab029ed04d5b2797e7731df80fc9cec80d6d68)
    #2 0x5bcbaf290d93  (/tmp/asan_pair9_a3_fixed_71xi_zho/target/debug/deps/pair9_a3_fixed-14b85f6522cf3f91+0x121d93) (BuildId: beab029ed04d5b2797e7731df80fc9cec80d6d68)
    #3 0x5bcbaf290810  (/tmp/asan_pair9_a3_fixed_71xi_zho/target/debug/deps/pair9_a3_fixed-14b85f6522cf3f91+0x121810) (BuildId: beab029ed04d5b2797e7731df80fc9cec80d6d68)
    #4 0x5bcbaf2915fc  (/tmp/asan_pair9_a3_fixed_71xi_zho/target/debug/deps/pair9_a3_fixed-14b85f6522cf3f91+0x1225fc) (BuildId: beab029ed04d5b2797e7731df80fc9cec80d6d68)
    #5 0x5bcbaf28ea65  (/tmp/asan_pair9_a3_fixed_71xi_zho/target/debug/deps/pair9_a3_fixed-14b85f6522cf3f91+0x11fa65) (BuildId: beab029ed04d5b2797e7731df80fc9cec80d6d68)
    #6 0x5bcbaf28f87a  (/tmp/asan_pair9_a3_fixed_71xi_zho/target/debug/deps/pair9_a3_fixed-14b85f6522cf3f91+0x12087a) (BuildId: beab029ed04d5b2797e7731df80fc9cec80d6d68)
    #7 0x5bcbaf28ea86  (/tmp/asan_pair9_a3_fixed_71xi_zho/target/debug/deps/pair9_a3_fixed-14b85f6522cf3f91+0x11fa86) (BuildId: beab029ed04d5b2797e7731df80fc9cec80d6d68)
    #8 0x5bcbaf2c8744  (/tmp/asan_pair9_a3_fixed_71xi_zho/target/debug/deps/pair9_a3_fixed-14b85f6522cf3f91+0x159744) (BuildId: beab029ed04d5b2797e7731df80fc9cec80d6d68)
    #9 0x5bcbaf29f163  (/tmp/asan_pair9_a3_fixed_71xi_zho/target/debug/deps/pair9_a3_fixed-14b85f6522cf3f91+0x130163) (BuildId: beab029ed04d5b2797e7731df80fc9cec80d6d68)
    #10 0x5bcbaf2a2b49  (/tmp/asan_pair9_a3_fixed_71xi_zho/target/debug/deps/pair9_a3_fixed-14b85f6522cf3f91+0x133b49) (BuildId: beab029ed04d5b2797e7731df80fc9cec80d6d68)
    #11 0x5bcbaf2e876e  (/tmp/asan_pair9_a3_fixed_71xi_zho/target/debug/deps/pair9_a3_fixed-14b85f6522cf3f91+0x17976e) (BuildId: beab029ed04d5b2797e7731df80fc9cec80d6d68)
    #12 0x5bcbaf25e3f6  (/tmp/asan_pair9_a3_fixed_71xi_zho/target/debug/deps/pair9_a3_fixed-14b85f6522cf3f91+0xef3f6) (BuildId: beab029ed04d5b2797e7731df80fc9cec80d6d68)

previously allocated by thread T1 here:
    #0 0x5bcbaf260534  (/tmp/asan_pair9_a3_fixed_71xi_zho/target/debug/deps/pair9_a3_fixed-14b85f6522cf3f91+0xf1534) (BuildId: beab029ed04d5b2797e7731df80fc9cec80d6d68)
    #1 0x5bcbaf2911f3  (/tmp/asan_pair9_a3_fixed_71xi_zho/target/debug/deps/pair9_a3_fixed-14b85f6522cf3f91+0x1221f3) (BuildId: beab029ed04d5b2797e7731df80fc9cec80d6d68)
    #2 0x5bcbaf290ef4  (/tmp/asan_pair9_a3_fixed_71xi_zho/target/debug/deps/pair9_a3_fixed-14b85f6522cf3f91+0x121ef4) (BuildId: beab029ed04d5b2797e7731df80fc9cec80d6d68)
    #3 0x5bcbaf28ea65  (/tmp/asan_pair9_a3_fixed_71xi_zho/target/debug/deps/pair9_a3_fixed-14b85f6522cf3f91+0x11fa65) (BuildId: beab029ed04d5b2797e7731df80fc9cec80d6d68)
    #4 0x5bcbaf28f87a  (/tmp/asan_pair9_a3_fixed_71xi_zho/target/debug/deps/pair9_a3_fixed-14b85f6522cf3f91+0x12087a) (BuildId: beab029ed04d5b2797e7731df80fc9cec80d6d68)
    #5 0x5bcbaf28ea86  (/tmp/asan_pair9_a3_fixed_71xi_zho/target/debug/deps/pair9_a3_fixed-14b85f6522cf3f91+0x11fa86) (BuildId: beab029ed04d5b2797e7731df80fc9cec80d6d68)
    #6 0x5bcbaf2c8744  (/tmp/asan_pair9_a3_fixed_71xi_zho/target/debug/deps/pair9_a3_fixed-14b85f6522cf3f91+0x159744) (BuildId: beab029ed04d5b2797e7731df80fc9cec80d6d68)
    #7 0x5bcbaf29f163  (/tmp/asan_pair9_a3_fixed_71xi_zho/target/debug/deps/pair9_a3_fixed-14b85f6522cf3f91+0x130163) (BuildId: beab029ed04d5b2797e7731df80fc9cec80d6d68)
    #8 0x5bcbaf2a2b49  (/tmp/asan_pair9_a3_fixed_71xi_zho/target/debug/deps/pair9_a3_fixed-14b85f6522cf3f91+0x133b49) (BuildId: beab029ed04d5b2797e7731df80fc9cec80d6d68)
    #9 0x5bcbaf2e876e  (/tmp/asan_pair9_a3_fixed_71xi_zho/target/debug/deps/pair9_a3_fixed-14b85f6522cf3f91+0x17976e) (BuildId: beab029ed04d5b2797e7731df80fc9cec80d6d68)
    #10 0x5bcbaf25e3f6  (/tmp/asan_pair9_a3_fixed_71xi_zho/target/debug/deps/pair9_a3_fixed-14b85f6522cf3f91+0xef3f6) (BuildId: beab029ed04d5b2797e7731df80fc9cec80d6d68)

Thread T1 created by T0 here:
    #0 0x5bcbaf244e21  (/tmp/asan_pair9_a3_fixed_71xi_zho/target/debug/deps/pair9_a3_fixed-14b85f6522cf3f91+0xd5e21) (BuildId: beab029ed04d5b2797e7731df80fc9cec80d6d68)
    #1 0x5bcbaf2e898f  (/tmp/asan_pair9_a3_fixed_71xi_zho/target/debug/deps/pair9_a3_fixed-14b85f6522cf3f91+0x17998f) (BuildId: beab029ed04d5b2797e7731df80fc9cec80d6d68)
    #2 0x5bcbaf2c72bd  (/tmp/asan_pair9_a3_fixed_71xi_zho/target/debug/deps/pair9_a3_fixed-14b85f6522cf3f91+0x1582bd) (BuildId: beab029ed04d5b2797e7731df80fc9cec80d6d68)
    #3 0x5bcbaf2c0604  (/tmp/asan_pair9_a3_fixed_71xi_zho/target/debug/deps/pair9_a3_fixed-14b85f6522cf3f91+0x151604) (BuildId: beab029ed04d5b2797e7731df80fc9cec80d6d68)
    #4 0x5bcbaf2c9c45  (/tmp/asan_pair9_a3_fixed_71xi_zho/target/debug/deps/pair9_a3_fixed-14b85f6522cf3f91+0x15ac45) (BuildId: beab029ed04d5b2797e7731df80fc9cec80d6d68)
    #5 0x5bcbaf2b299a  (/tmp/asan_pair9_a3_fixed_71xi_zho/target/debug/deps/pair9_a3_fixed-14b85f6522cf3f91+0x14399a) (BuildId: beab029ed04d5b2797e7731df80fc9cec80d6d68)
    #6 0x5bcbaf2916f2  (/tmp/asan_pair9_a3_fixed_71xi_zho/target/debug/deps/pair9_a3_fixed-14b85f6522cf3f91+0x1226f2) (BuildId: beab029ed04d5b2797e7731df80fc9cec80d6d68)
    #7 0x5bcbaf291b2f  (/tmp/asan_pair9_a3_fixed_71xi_zho/target/debug/deps/pair9_a3_fixed-14b85f6522cf3f91+0x122b2f) (BuildId: beab029ed04d5b2797e7731df80fc9cec80d6d68)
    #8 0x5bcbaf29184d  (/tmp/asan_pair9_a3_fixed_71xi_zho/target/debug/deps/pair9_a3_fixed-14b85f6522cf3f91+0x12284d) (BuildId: beab029ed04d5b2797e7731df80fc9cec80d6d68)

SUMMARY: AddressSanitizer: heap-use-after-free (/tmp/asan_pair9_a3_fixed_71xi_zho/target/debug/deps/pair9_a3_fixed-14b85f6522cf3f91+0x1226b5) (BuildId: beab029ed04d5b2797e7731df80fc9cec80d6d68) 
Shadow bytes around the buggy address:
  0x7baa3b3e3d80: fa fa fa fa fa fa fa fa fa fa fa fa fa fa fa fa
  0x7baa3b3e3e00: fa fa fa fa fa fa fa fa fa fa fa fa fa fa fa fa
  0x7baa3b3e3e80: fa fa fa fa fa fa fa fa fa fa fa fa fa fa fa fa
  0x7baa3b3e3f00: fa fa fa fa fa fa fa fa fa fa fa fa fa fa fa fa
  0x7baa3b3e3f80: fa fa fa fa fa fa fa fa fa fa fa fa fa fa fa fa
=>0x7baa3b3e4000: fa fa[fd]fa fa fa 04 fa fa fa fa fa fa fa fa fa
  0x7baa3b3e4080: fa fa fa fa fa fa fa fa fa fa fa fa fa fa fa fa
  0x7baa3b3e4100: fa fa fa fa fa fa fa fa fa fa fa fa fa fa fa fa
  0x7baa3b3e4180: fa fa fa fa fa fa fa fa fa fa fa fa fa fa fa fa
  0x7baa3b3e4200: fa fa fa fa fa fa fa fa fa fa fa fa fa fa fa fa
  0x7baa3b3e4280: fa fa fa fa fa fa fa fa fa fa fa fa fa fa fa fa
Shadow byte legend (one shadow byte represents 8 application bytes):
  Addressable:           00
  Partially addressable: 01 02 03 04 05 06 07 
  Heap left redzone:       fa
  Freed heap region:       fd
  Stack left redzone:      f1
  Stack mid redzone:       f2
  Stack right redzone:     f3
  Stack after return:      f5
  Stack use after scope:   f8
  Global redzone:          f9
  Global init order:       f6
  Poisoned by user:        f7
  Container overflow:      fc
  Array cookie:            ac
  Intra object redzone:    bb
  ASan internal:           fe
  Left alloca redzone:     ca
  Right alloca redzone:    cb
==4167076==ABORTING
error: test failed, to rerun pass `--lib`

Caused by:
  process didn't exit successfully: `/tmp/asan_pair9_a3_fixed_71xi_zho/target/debug/deps/pair9_a3_fixed-14b85f6522cf3f91 --nocapture` (exit status: 1)
