$ (cwd=/tmp/asan_pair19_a3_fixed_flmpzq2r) cargo +nightly test --lib -- --nocapture

   Compiling pair19_a3_fixed v0.1.0 (/tmp/asan_pair19_a3_fixed_flmpzq2r)
    Finished `test` profile [unoptimized + debuginfo] target(s) in 0.17s
     Running unittests src/lib.rs (target/debug/deps/pair19_a3_fixed-0fea16f9ce3576ce)

running 1 test
test tests::memory_safety_test ... ok

test result: ok. 1 passed; 0 failed; 0 ignored; 0 measured; 0 filtered out; finished in 0.00s


=================================================================
==4170101==ERROR: LeakSanitizer: detected memory leaks

Direct leak of 4 byte(s) in 1 object(s) allocated from:
    #0 0x614af26b3f94  (/tmp/asan_pair19_a3_fixed_flmpzq2r/target/debug/deps/pair19_a3_fixed-0fea16f9ce3576ce+0xf0f94) (BuildId: 388aaf05081acbc17859d95a2632912940b4d0bb)
    #1 0x614af26e3ad3  (/tmp/asan_pair19_a3_fixed_flmpzq2r/target/debug/deps/pair19_a3_fixed-0fea16f9ce3576ce+0x120ad3) (BuildId: 388aaf05081acbc17859d95a2632912940b4d0bb)
    #2 0x614af26e37d4  (/tmp/asan_pair19_a3_fixed_flmpzq2r/target/debug/deps/pair19_a3_fixed-0fea16f9ce3576ce+0x1207d4) (BuildId: 388aaf05081acbc17859d95a2632912940b4d0bb)
    #3 0x614af26e490f  (/tmp/asan_pair19_a3_fixed_flmpzq2r/target/debug/deps/pair19_a3_fixed-0fea16f9ce3576ce+0x12190f) (BuildId: 388aaf05081acbc17859d95a2632912940b4d0bb)
    #4 0x614af26e2d46  (/tmp/asan_pair19_a3_fixed_flmpzq2r/target/debug/deps/pair19_a3_fixed-0fea16f9ce3576ce+0x11fd46) (BuildId: 388aaf05081acbc17859d95a2632912940b4d0bb)
    #5 0x614af271b484  (/tmp/asan_pair19_a3_fixed_flmpzq2r/target/debug/deps/pair19_a3_fixed-0fea16f9ce3576ce+0x158484) (BuildId: 388aaf05081acbc17859d95a2632912940b4d0bb)
    #6 0x614af26f1ea3  (/tmp/asan_pair19_a3_fixed_flmpzq2r/target/debug/deps/pair19_a3_fixed-0fea16f9ce3576ce+0x12eea3) (BuildId: 388aaf05081acbc17859d95a2632912940b4d0bb)
    #7 0x614af26f5889  (/tmp/asan_pair19_a3_fixed_flmpzq2r/target/debug/deps/pair19_a3_fixed-0fea16f9ce3576ce+0x132889) (BuildId: 388aaf05081acbc17859d95a2632912940b4d0bb)
    #8 0x614af273b4ae  (/tmp/asan_pair19_a3_fixed_flmpzq2r/target/debug/deps/pair19_a3_fixed-0fea16f9ce3576ce+0x1784ae) (BuildId: 388aaf05081acbc17859d95a2632912940b4d0bb)
    #9 0x614af26b1e56  (/tmp/asan_pair19_a3_fixed_flmpzq2r/target/debug/deps/pair19_a3_fixed-0fea16f9ce3576ce+0xeee56) (BuildId: 388aaf05081acbc17859d95a2632912940b4d0bb)

SUMMARY: AddressSanitizer: 4 byte(s) leaked in 1 allocation(s).
