$ (cwd=/tmp/asan_pair7_vulnerable_anxrnzwy) cargo +nightly test --lib -- --nocapture

   Compiling pair7_vulnerable v0.1.0 (/tmp/asan_pair7_vulnerable_anxrnzwy)
    Finished `test` profile [unoptimized + debuginfo] target(s) in 0.18s
     Running unittests src/lib.rs (target/debug/deps/pair7_vulnerable-a54fe009eb39d90e)

running 1 test
=================================================================
==3482869==ERROR: AddressSanitizer: heap-use-after-free on address 0x781b86de4010 at pc 0x57dcae539056 bp 0x77fb847fe240 sp 0x77fb847fe238
READ of size 4 at 0x781b86de4010 thread T1
    #0 0x57dcae539055  (/tmp/asan_pair7_vulnerable_anxrnzwy/target/debug/deps/pair7_vulnerable-a54fe009eb39d90e+0x122055) (BuildId: ee697215582e707649819886aaaec4acf41b9558)
    #1 0x57dcae538df5  (/tmp/asan_pair7_vulnerable_anxrnzwy/target/debug/deps/pair7_vulnerable-a54fe009eb39d90e+0x121df5) (BuildId: ee697215582e707649819886aaaec4acf41b9558)
    #2 0x57dcae536b7f  (/tmp/asan_pair7_vulnerable_anxrnzwy/target/debug/deps/pair7_vulnerable-a54fe009eb39d90e+0x11fb7f) (BuildId: ee697215582e707649819886aaaec4acf41b9558)
    #3 0x57dcae539816  (/tmp/asan_pair7_vulnerable_anxrnzwy/target/debug/deps/pair7_vulnerable-a54fe009eb39d90e+0x122816) (BuildId: ee697215582e707649819886aaaec4acf41b9558)
    #4 0x57dcae537b45  (/tmp/asan_pair7_vulnerable_anxrnzwy/target/debug/deps/pair7_vulnerable-a54fe009eb39d90e+0x120b45) (BuildId: ee697215582e707649819886aaaec4acf41b9558)
    #5 0x57dcae55a61a  (/tmp/asan_pair7_vulnerable_anxrnzwy/target/debug/deps/pair7_vulnerable-a54fe009eb39d90e+0x14361a) (BuildId: ee697215582e707649819886aaaec4acf41b9558)
    #6 0x57dcae570004  (/tmp/asan_pair7_vulnerable_anxrnzwy/target/debug/deps/pair7_vulnerable-a54fe009eb39d90e+0x159004) (BuildId: ee697215582e707649819886aaaec4acf41b9558)
    #7 0x57dcae546a23  (/tmp/asan_pair7_vulnerable_anxrnzwy/target/debug/deps/pair7_vulnerable-a54fe009eb39d90e+0x12fa23) (BuildId: ee697215582e707649819886aaaec4acf41b9558)
    #8 0x57dcae54a409  (/tmp/asan_pair7_vulnerable_anxrnzwy/target/debug/deps/pair7_vulnerable-a54fe009eb39d90e+0x133409) (BuildId: ee697215582e707649819886aaaec4acf41b9558)
    #9 0x57dcae59002e  (/tmp/asan_pair7_vulnerable_anxrnzwy/target/debug/deps/pair7_vulnerable-a54fe009eb39d90e+0x17902e) (BuildId: ee697215582e707649819886aaaec4acf41b9558)
    #10 0x57dcae5062b6  (/tmp/asan_pair7_vulnerable_anxrnzwy/target/debug/deps/pair7_vulnerable-a54fe009eb39d90e+0xef2b6) (BuildId: ee697215582e707649819886aaaec4acf41b9558)
    #11 0x7bfb87a94ac2  (/lib/x86_64-linux-gnu/libc.so.6+0x94ac2) (BuildId: d5197096f709801829b118af1b7cf6631efa2dcd)
    #12 0x7bfb87b2684f  (/lib/x86_64-linux-gnu/libc.so.6+0x12684f) (BuildId: d5197096f709801829b118af1b7cf6631efa2dcd)

0x781b86de4010 is located 0 bytes inside of 4-byte region [0x781b86de4010,0x781b86de4014)
freed by thread T1 here:
    #0 0x57dcae508156  (/tmp/asan_pair7_vulnerable_anxrnzwy/target/debug/deps/pair7_vulnerable-a54fe009eb39d90e+0xf1156) (BuildId: ee697215582e707649819886aaaec4acf41b9558)
    #1 0x57dcae53732a  (/tmp/asan_pair7_vulnerable_anxrnzwy/target/debug/deps/pair7_vulnerable-a54fe009eb39d90e+0x12032a) (BuildId: ee697215582e707649819886aaaec4acf41b9558)
    #2 0x57dcae537f33  (/tmp/asan_pair7_vulnerable_anxrnzwy/target/debug/deps/pair7_vulnerable-a54fe009eb39d90e+0x120f33) (BuildId: ee697215582e707649819886aaaec4acf41b9558)
    #3 0x57dcae537d60  (/tmp/asan_pair7_vulnerable_anxrnzwy/target/debug/deps/pair7_vulnerable-a54fe009eb39d90e+0x120d60) (BuildId: ee697215582e707649819886aaaec4acf41b9558)
    #4 0x57dcae538d05  (/tmp/asan_pair7_vulnerable_anxrnzwy/target/debug/deps/pair7_vulnerable-a54fe009eb39d90e+0x121d05) (BuildId: ee697215582e707649819886aaaec4acf41b9558)
    #5 0x57dcae536b7f  (/tmp/asan_pair7_vulnerable_anxrnzwy/target/debug/deps/pair7_vulnerable-a54fe009eb39d90e+0x11fb7f) (BuildId: ee697215582e707649819886aaaec4acf41b9558)
    #6 0x57dcae539816  (/tmp/asan_pair7_vulnerable_anxrnzwy/target/debug/deps/pair7_vulnerable-a54fe009eb39d90e+0x122816) (BuildId: ee697215582e707649819886aaaec4acf41b9558)
    #7 0x57dcae570004  (/tmp/asan_pair7_vulnerable_anxrnzwy/target/debug/deps/pair7_vulnerable-a54fe009eb39d90e+0x159004) (BuildId: ee697215582e707649819886aaaec4acf41b9558)
    #8 0x57dcae546a23  (/tmp/asan_pair7_vulnerable_anxrnzwy/target/debug/deps/pair7_vulnerable-a54fe009eb39d90e+0x12fa23) (BuildId: ee697215582e707649819886aaaec4acf41b9558)
    #9 0x57dcae54a409  (/tmp/asan_pair7_vulnerable_anxrnzwy/target/debug/deps/pair7_vulnerable-a54fe009eb39d90e+0x133409) (BuildId: ee697215582e707649819886aaaec4acf41b9558)
    #10 0x57dcae59002e  (/tmp/asan_pair7_vulnerable_anxrnzwy/target/debug/deps/pair7_vulnerable-a54fe009eb39d90e+0x17902e) (BuildId: ee697215582e707649819886aaaec4acf41b9558)
    #11 0x57dcae5062b6  (/tmp/asan_pair7_vulnerable_anxrnzwy/target/debug/deps/pair7_vulnerable-a54fe009eb39d90e+0xef2b6) (BuildId: ee697215582e707649819886aaaec4acf41b9558)

previously allocated by thread T1 here:
    #0 0x57dcae5083f4  (/tmp/asan_pair7_vulnerable_anxrnzwy/target/debug/deps/pair7_vulnerable-a54fe009eb39d90e+0xf13f4) (BuildId: ee697215582e707649819886aaaec4acf41b9558)
    #1 0x57dcae537013  (/tmp/asan_pair7_vulnerable_anxrnzwy/target/debug/deps/pair7_vulnerable-a54fe009eb39d90e+0x120013) (BuildId: ee697215582e707649819886aaaec4acf41b9558)
    #2 0x57dcae536d14  (/tmp/asan_pair7_vulnerable_anxrnzwy/target/debug/deps/pair7_vulnerable-a54fe009eb39d90e+0x11fd14) (BuildId: ee697215582e707649819886aaaec4acf41b9558)
    #3 0x57dcae536b7f  (/tmp/asan_pair7_vulnerable_anxrnzwy/target/debug/deps/pair7_vulnerable-a54fe009eb39d90e+0x11fb7f) (BuildId: ee697215582e707649819886aaaec4acf41b9558)
    #4 0x57dcae539816  (/tmp/asan_pair7_vulnerable_anxrnzwy/target/debug/deps/pair7_vulnerable-a54fe009eb39d90e+0x122816) (BuildId: ee697215582e707649819886aaaec4acf41b9558)
    #5 0x57dcae570004  (/tmp/asan_pair7_vulnerable_anxrnzwy/target/debug/deps/pair7_vulnerable-a54fe009eb39d90e+0x159004) (BuildId: ee697215582e707649819886aaaec4acf41b9558)
    #6 0x57dcae546a23  (/tmp/asan_pair7_vulnerable_anxrnzwy/target/debug/deps/pair7_vulnerable-a54fe009eb39d90e+0x12fa23) (BuildId: ee697215582e707649819886aaaec4acf41b9558)
    #7 0x57dcae54a409  (/tmp/asan_pair7_vulnerable_anxrnzwy/target/debug/deps/pair7_vulnerable-a54fe009eb39d90e+0x133409) (BuildId: ee697215582e707649819886aaaec4acf41b9558)
    #8 0x57dcae59002e  (/tmp/asan_pair7_vulnerable_anxrnzwy/target/debug/deps/pair7_vulnerable-a54fe009eb39d90e+0x17902e) (BuildId: ee697215582e707649819886aaaec4acf41b9558)
    #9 0x57dcae5062b6  (/tmp/asan_pair7_vulnerable_anxrnzwy/target/debug/deps/pair7_vulnerable-a54fe009eb39d90e+0xef2b6) (BuildId: ee697215582e707649819886aaaec4acf41b9558)

Thread T1 created by T0 here:
    #0 0x57dcae4ecce1  (/tmp/asan_pair7_vulnerable_anxrnzwy/target/debug/deps/pair7_vulnerable-a54fe009eb39d90e+0xd5ce1) (BuildId: ee697215582e707649819886aaaec4acf41b9558)
    #1 0x57dcae59024f  (/tmp/asan_pair7_vulnerable_anxrnzwy/target/debug/deps/pair7_vulnerable-a54fe009eb39d90e+0x17924f) (BuildId: ee697215582e707649819886aaaec4acf41b9558)
    #2 0x57dcae56eb7d  (/tmp/asan_pair7_vulnerable_anxrnzwy/target/debug/deps/pair7_vulnerable-a54fe009eb39d90e+0x157b7d) (BuildId: ee697215582e707649819886aaaec4acf41b9558)
    #3 0x57dcae567ec4  (/tmp/asan_pair7_vulnerable_anxrnzwy/target/debug/deps/pair7_vulnerable-a54fe009eb39d90e+0x150ec4) (BuildId: ee697215582e707649819886aaaec4acf41b9558)
    #4 0x57dcae571505  (/tmp/asan_pair7_vulnerable_anxrnzwy/target/debug/deps/pair7_vulnerable-a54fe009eb39d90e+0x15a505) (BuildId: ee697215582e707649819886aaaec4acf41b9558)
    #5 0x57dcae55a25a  (/tmp/asan_pair7_vulnerable_anxrnzwy/target/debug/deps/pair7_vulnerable-a54fe009eb39d90e+0x14325a) (BuildId: ee697215582e707649819886aaaec4acf41b9558)
    #6 0x57dcae538c02  (/tmp/asan_pair7_vulnerable_anxrnzwy/target/debug/deps/pair7_vulnerable-a54fe009eb39d90e+0x121c02) (BuildId: ee697215582e707649819886aaaec4acf41b9558)
    #7 0x57dcae538b3f  (/tmp/asan_pair7_vulnerable_anxrnzwy/target/debug/deps/pair7_vulnerable-a54fe009eb39d90e+0x121b3f) (BuildId: ee697215582e707649819886aaaec4acf41b9558)
    #8 0x57dcae5391dd  (/tmp/asan_pair7_vulnerable_anxrnzwy/target/debug/deps/pair7_vulnerable-a54fe009eb39d90e+0x1221dd) (BuildId: ee697215582e707649819886aaaec4acf41b9558)

SUMMARY: AddressSanitizer: heap-use-after-free (/tmp/asan_pair7_vulnerable_anxrnzwy/target/debug/deps/pair7_vulnerable-a54fe009eb39d90e+0x122055) (BuildId: ee697215582e707649819886aaaec4acf41b9558) 
Shadow bytes around the buggy address:
  0x781b86de3d80: fa fa fa fa fa fa fa fa fa fa fa fa fa fa fa fa
  0x781b86de3e00: fa fa fa fa fa fa fa fa fa fa fa fa fa fa fa fa
  0x781b86de3e80: fa fa fa fa fa fa fa fa fa fa fa fa fa fa fa fa
  0x781b86de3f00: fa fa fa fa fa fa fa fa fa fa fa fa fa fa fa fa
  0x781b86de3f80: fa fa fa fa fa fa fa fa fa fa fa fa fa fa fa fa
=>0x781b86de4000: fa fa[fd]fa fa fa 04 fa fa fa fa fa fa fa fa fa
  0x781b86de4080: fa fa fa fa fa fa fa fa fa fa fa fa fa fa fa fa
  0x781b86de4100: fa fa fa fa fa fa fa fa fa fa fa fa fa fa fa fa
  0x781b86de4180: fa fa fa fa fa fa fa fa fa fa fa fa fa fa fa fa
  0x781b86de4200: fa fa fa fa fa fa fa fa fa fa fa fa fa fa fa fa
  0x781b86de4280: fa fa fa fa fa fa fa fa fa fa fa fa fa fa fa fa
Shadow byte legend (one shadow byte represents 8 application bytes):
  Addressable:           00
  Partially addressable: 01 02 03 04 05 06 07 
  Heap left redzone:       fa
  Freed heap region:       fd
  Stack left redzone:      f1
  Stack mid redzone:       f2
  Stack right redzone:     f3
  Stack after return:      f5
  Stack use after scope:   f8
  Global redzone:          f9
  Global init order:       f6
  Poisoned by user:        f7
  Container overflow:      fc
  Array cookie:            ac
  Intra object redzone:    bb
  ASan internal:           fe
  Left alloca redzone:     ca
  Right alloca redzone:    cb
==3482869==ABORTING
error: test failed, to rerun pass `--lib`

Caused by:
  process didn't exit successfully: `/tmp/asan_pair7_vulnerable_anxrnzwy/target/debug/deps/pair7_vulnerable-a54fe009eb39d90e --nocapture` (exit status: 1)
