$ (cwd=/tmp/asan_pair3_a1_vulnerable_f09f0wy9) cargo +nightly test --lib -- --nocapture

   Compiling pair3_a1_vulnerable v0.1.0 (/tmp/asan_pair3_a1_vulnerable_f09f0wy9)
    Finished `test` profile [unoptimized + debuginfo] target(s) in 0.19s
     Running unittests src/lib.rs (target/debug/deps/pair3_a1_vulnerable-59222f2d75d14c44)

running 1 test
=================================================================
==3830509==ERROR: AddressSanitizer: heap-buffer-overflow on address 0x732ffcbe18b8 at pc 0x5e6a4c83051e bp 0x72fffa5fe1f0 sp 0x72fffa5fe1e8
WRITE of size 4 at 0x732ffcbe18b8 thread T1
    #0 0x5e6a4c83051d  (/tmp/asan_pair3_a1_vulnerable_f09f0wy9/target/debug/deps/pair3_a1_vulnerable-59222f2d75d14c44+0x12151d) (BuildId: 71339b32bf9aa6a98c4626acbf781bbdf4798459)
    #1 0x5e6a4c82e55f  (/tmp/asan_pair3_a1_vulnerable_f09f0wy9/target/debug/deps/pair3_a1_vulnerable-59222f2d75d14c44+0x11f55f) (BuildId: 71339b32bf9aa6a98c4626acbf781bbdf4798459)
    #2 0x5e6a4c82ea66  (/tmp/asan_pair3_a1_vulnerable_f09f0wy9/target/debug/deps/pair3_a1_vulnerable-59222f2d75d14c44+0x11fa66) (BuildId: 71339b32bf9aa6a98c4626acbf781bbdf4798459)
    #3 0x5e6a4c82ef55  (/tmp/asan_pair3_a1_vulnerable_f09f0wy9/target/debug/deps/pair3_a1_vulnerable-59222f2d75d14c44+0x11ff55) (BuildId: 71339b32bf9aa6a98c4626acbf781bbdf4798459)
    #4 0x5e6a4c85341a  (/tmp/asan_pair3_a1_vulnerable_f09f0wy9/target/debug/deps/pair3_a1_vulnerable-59222f2d75d14c44+0x14441a) (BuildId: 71339b32bf9aa6a98c4626acbf781bbdf4798459)
    #5 0x5e6a4c868e04  (/tmp/asan_pair3_a1_vulnerable_f09f0wy9/target/debug/deps/pair3_a1_vulnerable-59222f2d75d14c44+0x159e04) (BuildId: 71339b32bf9aa6a98c4626acbf781bbdf4798459)
    #6 0x5e6a4c83f823  (/tmp/asan_pair3_a1_vulnerable_f09f0wy9/target/debug/deps/pair3_a1_vulnerable-59222f2d75d14c44+0x130823) (BuildId: 71339b32bf9aa6a98c4626acbf781bbdf4798459)
    #7 0x5e6a4c843209  (/tmp/asan_pair3_a1_vulnerable_f09f0wy9/target/debug/deps/pair3_a1_vulnerable-59222f2d75d14c44+0x134209) (BuildId: 71339b32bf9aa6a98c4626acbf781bbdf4798459)
    #8 0x5e6a4c888e2e  (/tmp/asan_pair3_a1_vulnerable_f09f0wy9/target/debug/deps/pair3_a1_vulnerable-59222f2d75d14c44+0x179e2e) (BuildId: 71339b32bf9aa6a98c4626acbf781bbdf4798459)
    #9 0x5e6a4c7fddc6  (/tmp/asan_pair3_a1_vulnerable_f09f0wy9/target/debug/deps/pair3_a1_vulnerable-59222f2d75d14c44+0xeedc6) (BuildId: 71339b32bf9aa6a98c4626acbf781bbdf4798459)
    #10 0x76fffd894ac2  (/lib/x86_64-linux-gnu/libc.so.6+0x94ac2) (BuildId: d5197096f709801829b118af1b7cf6631efa2dcd)
    #11 0x76fffd92684f  (/lib/x86_64-linux-gnu/libc.so.6+0x12684f) (BuildId: d5197096f709801829b118af1b7cf6631efa2dcd)

0x732ffcbe18b8 is located 0 bytes after 24-byte region [0x732ffcbe18a0,0x732ffcbe18b8)
allocated by thread T1 here:
    #0 0x5e6a4c8000d9  (/tmp/asan_pair3_a1_vulnerable_f09f0wy9/target/debug/deps/pair3_a1_vulnerable-59222f2d75d14c44+0xf10d9) (BuildId: 71339b32bf9aa6a98c4626acbf781bbdf4798459)
    #1 0x5e6a4c8b93a7  (/tmp/asan_pair3_a1_vulnerable_f09f0wy9/target/debug/deps/pair3_a1_vulnerable-59222f2d75d14c44+0x1aa3a7) (BuildId: 71339b32bf9aa6a98c4626acbf781bbdf4798459)
    #2 0x5e6a4c82f4d7  (/tmp/asan_pair3_a1_vulnerable_f09f0wy9/target/debug/deps/pair3_a1_vulnerable-59222f2d75d14c44+0x1204d7) (BuildId: 71339b32bf9aa6a98c4626acbf781bbdf4798459)
    #3 0x5e6a4c8316a8  (/tmp/asan_pair3_a1_vulnerable_f09f0wy9/target/debug/deps/pair3_a1_vulnerable-59222f2d75d14c44+0x1226a8) (BuildId: 71339b32bf9aa6a98c4626acbf781bbdf4798459)
    #4 0x5e6a4c82e54b  (/tmp/asan_pair3_a1_vulnerable_f09f0wy9/target/debug/deps/pair3_a1_vulnerable-59222f2d75d14c44+0x11f54b) (BuildId: 71339b32bf9aa6a98c4626acbf781bbdf4798459)
    #5 0x5e6a4c82ea66  (/tmp/asan_pair3_a1_vulnerable_f09f0wy9/target/debug/deps/pair3_a1_vulnerable-59222f2d75d14c44+0x11fa66) (BuildId: 71339b32bf9aa6a98c4626acbf781bbdf4798459)
    #6 0x5e6a4c868e04  (/tmp/asan_pair3_a1_vulnerable_f09f0wy9/target/debug/deps/pair3_a1_vulnerable-59222f2d75d14c44+0x159e04) (BuildId: 71339b32bf9aa6a98c4626acbf781bbdf4798459)
    #7 0x5e6a4c83f823  (/tmp/asan_pair3_a1_vulnerable_f09f0wy9/target/debug/deps/pair3_a1_vulnerable-59222f2d75d14c44+0x130823) (BuildId: 71339b32bf9aa6a98c4626acbf781bbdf4798459)
    #8 0x5e6a4c843209  (/tmp/asan_pair3_a1_vulnerable_f09f0wy9/target/debug/deps/pair3_a1_vulnerable-59222f2d75d14c44+0x134209) (BuildId: 71339b32bf9aa6a98c4626acbf781bbdf4798459)
    #9 0x5e6a4c888e2e  (/tmp/asan_pair3_a1_vulnerable_f09f0wy9/target/debug/deps/pair3_a1_vulnerable-59222f2d75d14c44+0x179e2e) (BuildId: 71339b32bf9aa6a98c4626acbf781bbdf4798459)
    #10 0x5e6a4c7fddc6  (/tmp/asan_pair3_a1_vulnerable_f09f0wy9/target/debug/deps/pair3_a1_vulnerable-59222f2d75d14c44+0xeedc6) (BuildId: 71339b32bf9aa6a98c4626acbf781bbdf4798459)

Thread T1 created by T0 here:
    #0 0x5e6a4c7e47f1  (/tmp/asan_pair3_a1_vulnerable_f09f0wy9/target/debug/deps/pair3_a1_vulnerable-59222f2d75d14c44+0xd57f1) (BuildId: 71339b32bf9aa6a98c4626acbf781bbdf4798459)
    #1 0x5e6a4c88904f  (/tmp/asan_pair3_a1_vulnerable_f09f0wy9/target/debug/deps/pair3_a1_vulnerable-59222f2d75d14c44+0x17a04f) (BuildId: 71339b32bf9aa6a98c4626acbf781bbdf4798459)
    #2 0x5e6a4c86797d  (/tmp/asan_pair3_a1_vulnerable_f09f0wy9/target/debug/deps/pair3_a1_vulnerable-59222f2d75d14c44+0x15897d) (BuildId: 71339b32bf9aa6a98c4626acbf781bbdf4798459)
    #3 0x5e6a4c860cc4  (/tmp/asan_pair3_a1_vulnerable_f09f0wy9/target/debug/deps/pair3_a1_vulnerable-59222f2d75d14c44+0x151cc4) (BuildId: 71339b32bf9aa6a98c4626acbf781bbdf4798459)
    #4 0x5e6a4c86a305  (/tmp/asan_pair3_a1_vulnerable_f09f0wy9/target/debug/deps/pair3_a1_vulnerable-59222f2d75d14c44+0x15b305) (BuildId: 71339b32bf9aa6a98c4626acbf781bbdf4798459)
    #5 0x5e6a4c85305a  (/tmp/asan_pair3_a1_vulnerable_f09f0wy9/target/debug/deps/pair3_a1_vulnerable-59222f2d75d14c44+0x14405a) (BuildId: 71339b32bf9aa6a98c4626acbf781bbdf4798459)
    #6 0x5e6a4c830172  (/tmp/asan_pair3_a1_vulnerable_f09f0wy9/target/debug/deps/pair3_a1_vulnerable-59222f2d75d14c44+0x121172) (BuildId: 71339b32bf9aa6a98c4626acbf781bbdf4798459)
    #7 0x5e6a4c830d4f  (/tmp/asan_pair3_a1_vulnerable_f09f0wy9/target/debug/deps/pair3_a1_vulnerable-59222f2d75d14c44+0x121d4f) (BuildId: 71339b32bf9aa6a98c4626acbf781bbdf4798459)
    #8 0x5e6a4c83056d  (/tmp/asan_pair3_a1_vulnerable_f09f0wy9/target/debug/deps/pair3_a1_vulnerable-59222f2d75d14c44+0x12156d) (BuildId: 71339b32bf9aa6a98c4626acbf781bbdf4798459)

SUMMARY: AddressSanitizer: heap-buffer-overflow (/tmp/asan_pair3_a1_vulnerable_f09f0wy9/target/debug/deps/pair3_a1_vulnerable-59222f2d75d14c44+0x12151d) (BuildId: 71339b32bf9aa6a98c4626acbf781bbdf4798459) 
Shadow bytes around the buggy address:
  0x732ffcbe1600: fa fa fa fa fa fa fa fa fa fa fa fa fa fa fa fa
  0x732ffcbe1680: fa fa fa fa fa fa fa fa fa fa fa fa fa fa fa fa
  0x732ffcbe1700: fa fa fa fa fa fa fa fa fa fa fa fa fa fa fa fa
  0x732ffcbe1780: fa fa fa fa fa fa fa fa fa fa fa fa fa fa fa fa
  0x732ffcbe1800: fa fa fd fd fd fd fa fa fd fd fd fd fa fa 00 00
=>0x732ffcbe1880: 00 00 fa fa 00 00 00[fa]fa fa fa fa fa fa fa fa
  0x732ffcbe1900: fa fa fa fa fa fa fa fa fa fa fa fa fa fa fa fa
  0x732ffcbe1980: fa fa fa fa fa fa fa fa fa fa fa fa fa fa fa fa
  0x732ffcbe1a00: fa fa fa fa fa fa fa fa fa fa fa fa fa fa fa fa
  0x732ffcbe1a80: fa fa fa fa fa fa fa fa fa fa fa fa fa fa fa fa
  0x732ffcbe1b00: fa fa fa fa fa fa fa fa fa fa fa fa fa fa fa fa
Shadow byte legend (one shadow byte represents 8 application bytes):
  Addressable:           00
  Partially addressable: 01 02 03 04 05 06 07 
  Heap left redzone:       fa
  Freed heap region:       fd
  Stack left redzone:      f1
  Stack mid redzone:       f2
  Stack right redzone:     f3
  Stack after return:      f5
  Stack use after scope:   f8
  Global redzone:          f9
  Global init order:       f6
  Poisoned by user:        f7
  Container overflow:      fc
  Array cookie:            ac
  Intra object redzone:    bb
  ASan internal:           fe
  Left alloca redzone:     ca
  Right alloca redzone:    cb
==3830509==ABORTING
error: test failed, to rerun pass `--lib`

Caused by:
  process didn't exit successfully: `/tmp/asan_pair3_a1_vulnerable_f09f0wy9/target/debug/deps/pair3_a1_vulnerable-59222f2d75d14c44 --nocapture` (exit status: 1)
