$ (cwd=/tmp/asan_pair9_a1_vulnerable_v5cm20ki) cargo +nightly test --lib -- --nocapture

   Compiling pair9_a1_vulnerable v0.1.0 (/tmp/asan_pair9_a1_vulnerable_v5cm20ki)
    Finished `test` profile [unoptimized + debuginfo] target(s) in 0.20s
     Running unittests src/lib.rs (target/debug/deps/pair9_a1_vulnerable-b5212c49643dbb19)

running 1 test
=================================================================
==3831628==ERROR: AddressSanitizer: heap-buffer-overflow on address 0x7b251dfe20b8 at pc 0x592562b9c4fe bp 0x7ae51b9fe110 sp 0x7ae51b9fe108
WRITE of size 4 at 0x7b251dfe20b8 thread T1
    #0 0x592562b9c4fd  (/tmp/asan_pair9_a1_vulnerable_v5cm20ki/target/debug/deps/pair9_a1_vulnerable-b5212c49643dbb19+0x1244fd) (BuildId: 779b13a93b93260512d1e3cd9549ce12edb2fc65)
    #1 0x592562b99613  (/tmp/asan_pair9_a1_vulnerable_v5cm20ki/target/debug/deps/pair9_a1_vulnerable-b5212c49643dbb19+0x121613) (BuildId: 779b13a93b93260512d1e3cd9549ce12edb2fc65)
    #2 0x592562b99dd6  (/tmp/asan_pair9_a1_vulnerable_v5cm20ki/target/debug/deps/pair9_a1_vulnerable-b5212c49643dbb19+0x121dd6) (BuildId: 779b13a93b93260512d1e3cd9549ce12edb2fc65)
    #3 0x592562b9a1a5  (/tmp/asan_pair9_a1_vulnerable_v5cm20ki/target/debug/deps/pair9_a1_vulnerable-b5212c49643dbb19+0x1221a5) (BuildId: 779b13a93b93260512d1e3cd9549ce12edb2fc65)
    #4 0x592562bbec5a  (/tmp/asan_pair9_a1_vulnerable_v5cm20ki/target/debug/deps/pair9_a1_vulnerable-b5212c49643dbb19+0x146c5a) (BuildId: 779b13a93b93260512d1e3cd9549ce12edb2fc65)
    #5 0x592562bd4644  (/tmp/asan_pair9_a1_vulnerable_v5cm20ki/target/debug/deps/pair9_a1_vulnerable-b5212c49643dbb19+0x15c644) (BuildId: 779b13a93b93260512d1e3cd9549ce12edb2fc65)
    #6 0x592562bab063  (/tmp/asan_pair9_a1_vulnerable_v5cm20ki/target/debug/deps/pair9_a1_vulnerable-b5212c49643dbb19+0x133063) (BuildId: 779b13a93b93260512d1e3cd9549ce12edb2fc65)
    #7 0x592562baea49  (/tmp/asan_pair9_a1_vulnerable_v5cm20ki/target/debug/deps/pair9_a1_vulnerable-b5212c49643dbb19+0x136a49) (BuildId: 779b13a93b93260512d1e3cd9549ce12edb2fc65)
    #8 0x592562bf466e  (/tmp/asan_pair9_a1_vulnerable_v5cm20ki/target/debug/deps/pair9_a1_vulnerable-b5212c49643dbb19+0x17c66e) (BuildId: 779b13a93b93260512d1e3cd9549ce12edb2fc65)
    #9 0x592562b68b16  (/tmp/asan_pair9_a1_vulnerable_v5cm20ki/target/debug/deps/pair9_a1_vulnerable-b5212c49643dbb19+0xf0b16) (BuildId: 779b13a93b93260512d1e3cd9549ce12edb2fc65)
    #10 0x7ee51ec94ac2  (/lib/x86_64-linux-gnu/libc.so.6+0x94ac2) (BuildId: d5197096f709801829b118af1b7cf6631efa2dcd)
    #11 0x7ee51ed2684f  (/lib/x86_64-linux-gnu/libc.so.6+0x12684f) (BuildId: d5197096f709801829b118af1b7cf6631efa2dcd)

0x7b251dfe20b8 is located 0 bytes after 40-byte region [0x7b251dfe2090,0x7b251dfe20b8)
allocated by thread T1 here:
    #0 0x592562b6ac54  (/tmp/asan_pair9_a1_vulnerable_v5cm20ki/target/debug/deps/pair9_a1_vulnerable-b5212c49643dbb19+0xf2c54) (BuildId: 779b13a93b93260512d1e3cd9549ce12edb2fc65)
    #1 0x592562c24bfd  (/tmp/asan_pair9_a1_vulnerable_v5cm20ki/target/debug/deps/pair9_a1_vulnerable-b5212c49643dbb19+0x1acbfd) (BuildId: 779b13a93b93260512d1e3cd9549ce12edb2fc65)
    #2 0x592562b9d3de  (/tmp/asan_pair9_a1_vulnerable_v5cm20ki/target/debug/deps/pair9_a1_vulnerable-b5212c49643dbb19+0x1253de) (BuildId: 779b13a93b93260512d1e3cd9549ce12edb2fc65)
    #3 0x592562b9a42c  (/tmp/asan_pair9_a1_vulnerable_v5cm20ki/target/debug/deps/pair9_a1_vulnerable-b5212c49643dbb19+0x12242c) (BuildId: 779b13a93b93260512d1e3cd9549ce12edb2fc65)
    #4 0x592562b9958e  (/tmp/asan_pair9_a1_vulnerable_v5cm20ki/target/debug/deps/pair9_a1_vulnerable-b5212c49643dbb19+0x12158e) (BuildId: 779b13a93b93260512d1e3cd9549ce12edb2fc65)
    #5 0x592562b99dd6  (/tmp/asan_pair9_a1_vulnerable_v5cm20ki/target/debug/deps/pair9_a1_vulnerable-b5212c49643dbb19+0x121dd6) (BuildId: 779b13a93b93260512d1e3cd9549ce12edb2fc65)
    #6 0x592562bd4644  (/tmp/asan_pair9_a1_vulnerable_v5cm20ki/target/debug/deps/pair9_a1_vulnerable-b5212c49643dbb19+0x15c644) (BuildId: 779b13a93b93260512d1e3cd9549ce12edb2fc65)
    #7 0x592562bab063  (/tmp/asan_pair9_a1_vulnerable_v5cm20ki/target/debug/deps/pair9_a1_vulnerable-b5212c49643dbb19+0x133063) (BuildId: 779b13a93b93260512d1e3cd9549ce12edb2fc65)
    #8 0x592562baea49  (/tmp/asan_pair9_a1_vulnerable_v5cm20ki/target/debug/deps/pair9_a1_vulnerable-b5212c49643dbb19+0x136a49) (BuildId: 779b13a93b93260512d1e3cd9549ce12edb2fc65)
    #9 0x592562bf466e  (/tmp/asan_pair9_a1_vulnerable_v5cm20ki/target/debug/deps/pair9_a1_vulnerable-b5212c49643dbb19+0x17c66e) (BuildId: 779b13a93b93260512d1e3cd9549ce12edb2fc65)
    #10 0x592562b68b16  (/tmp/asan_pair9_a1_vulnerable_v5cm20ki/target/debug/deps/pair9_a1_vulnerable-b5212c49643dbb19+0xf0b16) (BuildId: 779b13a93b93260512d1e3cd9549ce12edb2fc65)

Thread T1 created by T0 here:
    #0 0x592562b4f541  (/tmp/asan_pair9_a1_vulnerable_v5cm20ki/target/debug/deps/pair9_a1_vulnerable-b5212c49643dbb19+0xd7541) (BuildId: 779b13a93b93260512d1e3cd9549ce12edb2fc65)
    #1 0x592562bf488f  (/tmp/asan_pair9_a1_vulnerable_v5cm20ki/target/debug/deps/pair9_a1_vulnerable-b5212c49643dbb19+0x17c88f) (BuildId: 779b13a93b93260512d1e3cd9549ce12edb2fc65)
    #2 0x592562bd31bd  (/tmp/asan_pair9_a1_vulnerable_v5cm20ki/target/debug/deps/pair9_a1_vulnerable-b5212c49643dbb19+0x15b1bd) (BuildId: 779b13a93b93260512d1e3cd9549ce12edb2fc65)
    #3 0x592562bcc504  (/tmp/asan_pair9_a1_vulnerable_v5cm20ki/target/debug/deps/pair9_a1_vulnerable-b5212c49643dbb19+0x154504) (BuildId: 779b13a93b93260512d1e3cd9549ce12edb2fc65)
    #4 0x592562bd5b45  (/tmp/asan_pair9_a1_vulnerable_v5cm20ki/target/debug/deps/pair9_a1_vulnerable-b5212c49643dbb19+0x15db45) (BuildId: 779b13a93b93260512d1e3cd9549ce12edb2fc65)
    #5 0x592562bbe89a  (/tmp/asan_pair9_a1_vulnerable_v5cm20ki/target/debug/deps/pair9_a1_vulnerable-b5212c49643dbb19+0x14689a) (BuildId: 779b13a93b93260512d1e3cd9549ce12edb2fc65)
    #6 0x592562b9c532  (/tmp/asan_pair9_a1_vulnerable_v5cm20ki/target/debug/deps/pair9_a1_vulnerable-b5212c49643dbb19+0x124532) (BuildId: 779b13a93b93260512d1e3cd9549ce12edb2fc65)
    #7 0x592562b9cd0f  (/tmp/asan_pair9_a1_vulnerable_v5cm20ki/target/debug/deps/pair9_a1_vulnerable-b5212c49643dbb19+0x124d0f) (BuildId: 779b13a93b93260512d1e3cd9549ce12edb2fc65)
    #8 0x592562b9c55d  (/tmp/asan_pair9_a1_vulnerable_v5cm20ki/target/debug/deps/pair9_a1_vulnerable-b5212c49643dbb19+0x12455d) (BuildId: 779b13a93b93260512d1e3cd9549ce12edb2fc65)

SUMMARY: AddressSanitizer: heap-buffer-overflow (/tmp/asan_pair9_a1_vulnerable_v5cm20ki/target/debug/deps/pair9_a1_vulnerable-b5212c49643dbb19+0x1244fd) (BuildId: 779b13a93b93260512d1e3cd9549ce12edb2fc65) 
Shadow bytes around the buggy address:
  0x7b251dfe1e00: fa fa fa fa fa fa fa fa fa fa fa fa fa fa fa fa
  0x7b251dfe1e80: fa fa fa fa fa fa fa fa fa fa fa fa fa fa fa fa
  0x7b251dfe1f00: fa fa fa fa fa fa fa fa fa fa fa fa fa fa fa fa
  0x7b251dfe1f80: fa fa fa fa fa fa fa fa fa fa fa fa fa fa fa fa
  0x7b251dfe2000: fa fa 00 00 00 00 00 00 fa fa 00 00 00 00 00 04
=>0x7b251dfe2080: fa fa 00 00 00 00 00[fa]fa fa fa fa fa fa fa fa
  0x7b251dfe2100: fa fa fa fa fa fa fa fa fa fa fa fa fa fa fa fa
  0x7b251dfe2180: fa fa fa fa fa fa fa fa fa fa fa fa fa fa fa fa
  0x7b251dfe2200: fa fa fa fa fa fa fa fa fa fa fa fa fa fa fa fa
  0x7b251dfe2280: fa fa fa fa fa fa fa fa fa fa fa fa fa fa fa fa
  0x7b251dfe2300: fa fa fa fa fa fa fa fa fa fa fa fa fa fa fa fa
Shadow byte legend (one shadow byte represents 8 application bytes):
  Addressable:           00
  Partially addressable: 01 02 03 04 05 06 07 
  Heap left redzone:       fa
  Freed heap region:       fd
  Stack left redzone:      f1
  Stack mid redzone:       f2
  Stack right redzone:     f3
  Stack after return:      f5
  Stack use after scope:   f8
  Global redzone:          f9
  Global init order:       f6
  Poisoned by user:        f7
  Container overflow:      fc
  Array cookie:            ac
  Intra object redzone:    bb
  ASan internal:           fe
  Left alloca redzone:     ca
  Right alloca redzone:    cb
==3831628==ABORTING
error: test failed, to rerun pass `--lib`

Caused by:
  process didn't exit successfully: `/tmp/asan_pair9_a1_vulnerable_v5cm20ki/target/debug/deps/pair9_a1_vulnerable-b5212c49643dbb19 --nocapture` (exit status: 1)
