$ (cwd=/tmp/asan_pair9_vulnerable_umn0t8yf) cargo +nightly test --lib -- --nocapture

   Compiling pair9_vulnerable v0.1.0 (/tmp/asan_pair9_vulnerable_umn0t8yf)
    Finished `test` profile [unoptimized + debuginfo] target(s) in 0.20s
     Running unittests src/lib.rs (target/debug/deps/pair9_vulnerable-a851f53d7680889d)

running 1 test
=================================================================
==3498606==ERROR: AddressSanitizer: heap-buffer-overflow on address 0x750d825e20b8 at pc 0x598566624c53 bp 0x74cd7fffe110 sp 0x74cd7fffe108
WRITE of size 4 at 0x750d825e20b8 thread T1
    #0 0x598566624c52  (/tmp/asan_pair9_vulnerable_umn0t8yf/target/debug/deps/pair9_vulnerable-a851f53d7680889d+0x121c52) (BuildId: 6561a47e317563c6fbbff18f3ed769096f52a723)
    #1 0x5985666270a3  (/tmp/asan_pair9_vulnerable_umn0t8yf/target/debug/deps/pair9_vulnerable-a851f53d7680889d+0x1240a3) (BuildId: 6561a47e317563c6fbbff18f3ed769096f52a723)
    #2 0x598566624226  (/tmp/asan_pair9_vulnerable_umn0t8yf/target/debug/deps/pair9_vulnerable-a851f53d7680889d+0x121226) (BuildId: 6561a47e317563c6fbbff18f3ed769096f52a723)
    #3 0x598566626125  (/tmp/asan_pair9_vulnerable_umn0t8yf/target/debug/deps/pair9_vulnerable-a851f53d7680889d+0x123125) (BuildId: 6561a47e317563c6fbbff18f3ed769096f52a723)
    #4 0x598566649b3a  (/tmp/asan_pair9_vulnerable_umn0t8yf/target/debug/deps/pair9_vulnerable-a851f53d7680889d+0x146b3a) (BuildId: 6561a47e317563c6fbbff18f3ed769096f52a723)
    #5 0x59856665f524  (/tmp/asan_pair9_vulnerable_umn0t8yf/target/debug/deps/pair9_vulnerable-a851f53d7680889d+0x15c524) (BuildId: 6561a47e317563c6fbbff18f3ed769096f52a723)
    #6 0x598566635f43  (/tmp/asan_pair9_vulnerable_umn0t8yf/target/debug/deps/pair9_vulnerable-a851f53d7680889d+0x132f43) (BuildId: 6561a47e317563c6fbbff18f3ed769096f52a723)
    #7 0x598566639929  (/tmp/asan_pair9_vulnerable_umn0t8yf/target/debug/deps/pair9_vulnerable-a851f53d7680889d+0x136929) (BuildId: 6561a47e317563c6fbbff18f3ed769096f52a723)
    #8 0x59856667f54e  (/tmp/asan_pair9_vulnerable_umn0t8yf/target/debug/deps/pair9_vulnerable-a851f53d7680889d+0x17c54e) (BuildId: 6561a47e317563c6fbbff18f3ed769096f52a723)
    #9 0x5985665f3a16  (/tmp/asan_pair9_vulnerable_umn0t8yf/target/debug/deps/pair9_vulnerable-a851f53d7680889d+0xf0a16) (BuildId: 6561a47e317563c6fbbff18f3ed769096f52a723)
    #10 0x78cd83294ac2  (/lib/x86_64-linux-gnu/libc.so.6+0x94ac2) (BuildId: d5197096f709801829b118af1b7cf6631efa2dcd)
    #11 0x78cd8332684f  (/lib/x86_64-linux-gnu/libc.so.6+0x12684f) (BuildId: d5197096f709801829b118af1b7cf6631efa2dcd)

0x750d825e20b8 is located 0 bytes after 40-byte region [0x750d825e2090,0x750d825e20b8)
allocated by thread T1 here:
    #0 0x5985665f5b54  (/tmp/asan_pair9_vulnerable_umn0t8yf/target/debug/deps/pair9_vulnerable-a851f53d7680889d+0xf2b54) (BuildId: 6561a47e317563c6fbbff18f3ed769096f52a723)
    #1 0x5985666afadd  (/tmp/asan_pair9_vulnerable_umn0t8yf/target/debug/deps/pair9_vulnerable-a851f53d7680889d+0x1acadd) (BuildId: 6561a47e317563c6fbbff18f3ed769096f52a723)
    #2 0x59856662789e  (/tmp/asan_pair9_vulnerable_umn0t8yf/target/debug/deps/pair9_vulnerable-a851f53d7680889d+0x12489e) (BuildId: 6561a47e317563c6fbbff18f3ed769096f52a723)
    #3 0x598566625bbc  (/tmp/asan_pair9_vulnerable_umn0t8yf/target/debug/deps/pair9_vulnerable-a851f53d7680889d+0x122bbc) (BuildId: 6561a47e317563c6fbbff18f3ed769096f52a723)
    #4 0x59856662701e  (/tmp/asan_pair9_vulnerable_umn0t8yf/target/debug/deps/pair9_vulnerable-a851f53d7680889d+0x12401e) (BuildId: 6561a47e317563c6fbbff18f3ed769096f52a723)
    #5 0x598566624226  (/tmp/asan_pair9_vulnerable_umn0t8yf/target/debug/deps/pair9_vulnerable-a851f53d7680889d+0x121226) (BuildId: 6561a47e317563c6fbbff18f3ed769096f52a723)
    #6 0x59856665f524  (/tmp/asan_pair9_vulnerable_umn0t8yf/target/debug/deps/pair9_vulnerable-a851f53d7680889d+0x15c524) (BuildId: 6561a47e317563c6fbbff18f3ed769096f52a723)
    #7 0x598566635f43  (/tmp/asan_pair9_vulnerable_umn0t8yf/target/debug/deps/pair9_vulnerable-a851f53d7680889d+0x132f43) (BuildId: 6561a47e317563c6fbbff18f3ed769096f52a723)
    #8 0x598566639929  (/tmp/asan_pair9_vulnerable_umn0t8yf/target/debug/deps/pair9_vulnerable-a851f53d7680889d+0x136929) (BuildId: 6561a47e317563c6fbbff18f3ed769096f52a723)
    #9 0x59856667f54e  (/tmp/asan_pair9_vulnerable_umn0t8yf/target/debug/deps/pair9_vulnerable-a851f53d7680889d+0x17c54e) (BuildId: 6561a47e317563c6fbbff18f3ed769096f52a723)
    #10 0x5985665f3a16  (/tmp/asan_pair9_vulnerable_umn0t8yf/target/debug/deps/pair9_vulnerable-a851f53d7680889d+0xf0a16) (BuildId: 6561a47e317563c6fbbff18f3ed769096f52a723)

Thread T1 created by T0 here:
    #0 0x5985665da441  (/tmp/asan_pair9_vulnerable_umn0t8yf/target/debug/deps/pair9_vulnerable-a851f53d7680889d+0xd7441) (BuildId: 6561a47e317563c6fbbff18f3ed769096f52a723)
    #1 0x59856667f76f  (/tmp/asan_pair9_vulnerable_umn0t8yf/target/debug/deps/pair9_vulnerable-a851f53d7680889d+0x17c76f) (BuildId: 6561a47e317563c6fbbff18f3ed769096f52a723)
    #2 0x59856665e09d  (/tmp/asan_pair9_vulnerable_umn0t8yf/target/debug/deps/pair9_vulnerable-a851f53d7680889d+0x15b09d) (BuildId: 6561a47e317563c6fbbff18f3ed769096f52a723)
    #3 0x5985666573e4  (/tmp/asan_pair9_vulnerable_umn0t8yf/target/debug/deps/pair9_vulnerable-a851f53d7680889d+0x1543e4) (BuildId: 6561a47e317563c6fbbff18f3ed769096f52a723)
    #4 0x598566660a25  (/tmp/asan_pair9_vulnerable_umn0t8yf/target/debug/deps/pair9_vulnerable-a851f53d7680889d+0x15da25) (BuildId: 6561a47e317563c6fbbff18f3ed769096f52a723)
    #5 0x59856664977a  (/tmp/asan_pair9_vulnerable_umn0t8yf/target/debug/deps/pair9_vulnerable-a851f53d7680889d+0x14677a) (BuildId: 6561a47e317563c6fbbff18f3ed769096f52a723)
    #6 0x598566624c92  (/tmp/asan_pair9_vulnerable_umn0t8yf/target/debug/deps/pair9_vulnerable-a851f53d7680889d+0x121c92) (BuildId: 6561a47e317563c6fbbff18f3ed769096f52a723)
    #7 0x5985666269cf  (/tmp/asan_pair9_vulnerable_umn0t8yf/target/debug/deps/pair9_vulnerable-a851f53d7680889d+0x1239cf) (BuildId: 6561a47e317563c6fbbff18f3ed769096f52a723)
    #8 0x598566624cbd  (/tmp/asan_pair9_vulnerable_umn0t8yf/target/debug/deps/pair9_vulnerable-a851f53d7680889d+0x121cbd) (BuildId: 6561a47e317563c6fbbff18f3ed769096f52a723)

SUMMARY: AddressSanitizer: heap-buffer-overflow (/tmp/asan_pair9_vulnerable_umn0t8yf/target/debug/deps/pair9_vulnerable-a851f53d7680889d+0x121c52) (BuildId: 6561a47e317563c6fbbff18f3ed769096f52a723) 
Shadow bytes around the buggy address:
  0x750d825e1e00: fa fa fa fa fa fa fa fa fa fa fa fa fa fa fa fa
  0x750d825e1e80: fa fa fa fa fa fa fa fa fa fa fa fa fa fa fa fa
  0x750d825e1f00: fa fa fa fa fa fa fa fa fa fa fa fa fa fa fa fa
  0x750d825e1f80: fa fa fa fa fa fa fa fa fa fa fa fa fa fa fa fa
  0x750d825e2000: fa fa 00 00 00 00 00 00 fa fa 00 00 00 00 00 04
=>0x750d825e2080: fa fa 00 00 00 00 00[fa]fa fa fa fa fa fa fa fa
  0x750d825e2100: fa fa fa fa fa fa fa fa fa fa fa fa fa fa fa fa
  0x750d825e2180: fa fa fa fa fa fa fa fa fa fa fa fa fa fa fa fa
  0x750d825e2200: fa fa fa fa fa fa fa fa fa fa fa fa fa fa fa fa
  0x750d825e2280: fa fa fa fa fa fa fa fa fa fa fa fa fa fa fa fa
  0x750d825e2300: fa fa fa fa fa fa fa fa fa fa fa fa fa fa fa fa
Shadow byte legend (one shadow byte represents 8 application bytes):
  Addressable:           00
  Partially addressable: 01 02 03 04 05 06 07 
  Heap left redzone:       fa
  Freed heap region:       fd
  Stack left redzone:      f1
  Stack mid redzone:       f2
  Stack right redzone:     f3
  Stack after return:      f5
  Stack use after scope:   f8
  Global redzone:          f9
  Global init order:       f6
  Poisoned by user:        f7
  Container overflow:      fc
  Array cookie:            ac
  Intra object redzone:    bb
  ASan internal:           fe
  Left alloca redzone:     ca
  Right alloca redzone:    cb
==3498606==ABORTING
error: test failed, to rerun pass `--lib`

Caused by:
  process didn't exit successfully: `/tmp/asan_pair9_vulnerable_umn0t8yf/target/debug/deps/pair9_vulnerable-a851f53d7680889d --nocapture` (exit status: 1)
