$ (cwd=/tmp/asan_pair4_a1_fixed_g_i9x_xp) cargo +nightly test --lib -- --nocapture

   Compiling pair4_a1_fixed v0.1.0 (/tmp/asan_pair4_a1_fixed_g_i9x_xp)
    Finished `test` profile [unoptimized + debuginfo] target(s) in 0.19s
     Running unittests src/lib.rs (target/debug/deps/pair4_a1_fixed-4fd86a7840b8a2fd)

running 1 test
test tests::test_compute_result ... ok

test result: ok. 1 passed; 0 failed; 0 ignored; 0 measured; 0 filtered out; finished in 0.00s


=================================================================
==3811527==ERROR: LeakSanitizer: detected memory leaks

Direct leak of 4 byte(s) in 1 object(s) allocated from:
    #0 0x5b00a25483d4  (/tmp/asan_pair4_a1_fixed_g_i9x_xp/target/debug/deps/pair4_a1_fixed-4fd86a7840b8a2fd+0xf13d4) (BuildId: 649a91d6f74c4fbbb9c5cb0371c05c451e5b8280)
    #1 0x5b00a2577403  (/tmp/asan_pair4_a1_fixed_g_i9x_xp/target/debug/deps/pair4_a1_fixed-4fd86a7840b8a2fd+0x120403) (BuildId: 649a91d6f74c4fbbb9c5cb0371c05c451e5b8280)
    #2 0x5b00a2577104  (/tmp/asan_pair4_a1_fixed_g_i9x_xp/target/debug/deps/pair4_a1_fixed-4fd86a7840b8a2fd+0x120104) (BuildId: 649a91d6f74c4fbbb9c5cb0371c05c451e5b8280)
    #3 0x5b00a2577bae  (/tmp/asan_pair4_a1_fixed_g_i9x_xp/target/debug/deps/pair4_a1_fixed-4fd86a7840b8a2fd+0x120bae) (BuildId: 649a91d6f74c4fbbb9c5cb0371c05c451e5b8280)
    #4 0x5b00a2577d26  (/tmp/asan_pair4_a1_fixed_g_i9x_xp/target/debug/deps/pair4_a1_fixed-4fd86a7840b8a2fd+0x120d26) (BuildId: 649a91d6f74c4fbbb9c5cb0371c05c451e5b8280)
    #5 0x5b00a25aff34  (/tmp/asan_pair4_a1_fixed_g_i9x_xp/target/debug/deps/pair4_a1_fixed-4fd86a7840b8a2fd+0x158f34) (BuildId: 649a91d6f74c4fbbb9c5cb0371c05c451e5b8280)
    #6 0x5b00a2586953  (/tmp/asan_pair4_a1_fixed_g_i9x_xp/target/debug/deps/pair4_a1_fixed-4fd86a7840b8a2fd+0x12f953) (BuildId: 649a91d6f74c4fbbb9c5cb0371c05c451e5b8280)
    #7 0x5b00a258a339  (/tmp/asan_pair4_a1_fixed_g_i9x_xp/target/debug/deps/pair4_a1_fixed-4fd86a7840b8a2fd+0x133339) (BuildId: 649a91d6f74c4fbbb9c5cb0371c05c451e5b8280)
    #8 0x5b00a25cff5e  (/tmp/asan_pair4_a1_fixed_g_i9x_xp/target/debug/deps/pair4_a1_fixed-4fd86a7840b8a2fd+0x178f5e) (BuildId: 649a91d6f74c4fbbb9c5cb0371c05c451e5b8280)
    #9 0x5b00a2546296  (/tmp/asan_pair4_a1_fixed_g_i9x_xp/target/debug/deps/pair4_a1_fixed-4fd86a7840b8a2fd+0xef296) (BuildId: 649a91d6f74c4fbbb9c5cb0371c05c451e5b8280)

SUMMARY: AddressSanitizer: 4 byte(s) leaked in 1 allocation(s).
