$ (cwd=/tmp/asan_pair2_a3_vulnerable_3ndzke5r) cargo +nightly test --lib -- --nocapture

   Compiling pair2_a3_vulnerable v0.1.0 (/tmp/asan_pair2_a3_vulnerable_3ndzke5r)
    Finished `test` profile [unoptimized + debuginfo] target(s) in 0.17s
     Running unittests src/lib.rs (target/debug/deps/pair2_a3_vulnerable-54b46e9a7df646a8)

running 1 test
=================================================================
==4170479==ERROR: AddressSanitizer: heap-use-after-free on address 0x701c2e9e4010 at pc 0x572f27331b5f bp 0x6ffc2c3fe270 sp 0x6ffc2c3fe268
READ of size 4 at 0x701c2e9e4010 thread T1
    #0 0x572f27331b5e  (/tmp/asan_pair2_a3_vulnerable_3ndzke5r/target/debug/deps/pair2_a3_vulnerable-54b46e9a7df646a8+0x120b5e) (BuildId: de59ab2ca517497b29f215a937c4e4c540d36ba9)
    #1 0x572f2733086f  (/tmp/asan_pair2_a3_vulnerable_3ndzke5r/target/debug/deps/pair2_a3_vulnerable-54b46e9a7df646a8+0x11f86f) (BuildId: de59ab2ca517497b29f215a937c4e4c540d36ba9)
    #2 0x572f27332266  (/tmp/asan_pair2_a3_vulnerable_3ndzke5r/target/debug/deps/pair2_a3_vulnerable-54b46e9a7df646a8+0x121266) (BuildId: de59ab2ca517497b29f215a937c4e4c540d36ba9)
    #3 0x572f27333225  (/tmp/asan_pair2_a3_vulnerable_3ndzke5r/target/debug/deps/pair2_a3_vulnerable-54b46e9a7df646a8+0x122225) (BuildId: de59ab2ca517497b29f215a937c4e4c540d36ba9)
    #4 0x572f273544aa  (/tmp/asan_pair2_a3_vulnerable_3ndzke5r/target/debug/deps/pair2_a3_vulnerable-54b46e9a7df646a8+0x1434aa) (BuildId: de59ab2ca517497b29f215a937c4e4c540d36ba9)
    #5 0x572f27369e94  (/tmp/asan_pair2_a3_vulnerable_3ndzke5r/target/debug/deps/pair2_a3_vulnerable-54b46e9a7df646a8+0x158e94) (BuildId: de59ab2ca517497b29f215a937c4e4c540d36ba9)
    #6 0x572f273408b3  (/tmp/asan_pair2_a3_vulnerable_3ndzke5r/target/debug/deps/pair2_a3_vulnerable-54b46e9a7df646a8+0x12f8b3) (BuildId: de59ab2ca517497b29f215a937c4e4c540d36ba9)
    #7 0x572f27344299  (/tmp/asan_pair2_a3_vulnerable_3ndzke5r/target/debug/deps/pair2_a3_vulnerable-54b46e9a7df646a8+0x133299) (BuildId: de59ab2ca517497b29f215a937c4e4c540d36ba9)
    #8 0x572f27389ebe  (/tmp/asan_pair2_a3_vulnerable_3ndzke5r/target/debug/deps/pair2_a3_vulnerable-54b46e9a7df646a8+0x178ebe) (BuildId: de59ab2ca517497b29f215a937c4e4c540d36ba9)
    #9 0x572f27300286  (/tmp/asan_pair2_a3_vulnerable_3ndzke5r/target/debug/deps/pair2_a3_vulnerable-54b46e9a7df646a8+0xef286) (BuildId: de59ab2ca517497b29f215a937c4e4c540d36ba9)
    #10 0x73fc2f694ac2  (/lib/x86_64-linux-gnu/libc.so.6+0x94ac2) (BuildId: d5197096f709801829b118af1b7cf6631efa2dcd)
    #11 0x73fc2f72684f  (/lib/x86_64-linux-gnu/libc.so.6+0x12684f) (BuildId: d5197096f709801829b118af1b7cf6631efa2dcd)

0x701c2e9e4010 is located 0 bytes inside of 4-byte region [0x701c2e9e4010,0x701c2e9e4014)
freed by thread T1 here:
    #0 0x572f27302126  (/tmp/asan_pair2_a3_vulnerable_3ndzke5r/target/debug/deps/pair2_a3_vulnerable-54b46e9a7df646a8+0xf1126) (BuildId: de59ab2ca517497b29f215a937c4e4c540d36ba9)
    #1 0x572f2733304a  (/tmp/asan_pair2_a3_vulnerable_3ndzke5r/target/debug/deps/pair2_a3_vulnerable-54b46e9a7df646a8+0x12204a) (BuildId: de59ab2ca517497b29f215a937c4e4c540d36ba9)
    #2 0x572f27333603  (/tmp/asan_pair2_a3_vulnerable_3ndzke5r/target/debug/deps/pair2_a3_vulnerable-54b46e9a7df646a8+0x122603) (BuildId: de59ab2ca517497b29f215a937c4e4c540d36ba9)
    #3 0x572f27333430  (/tmp/asan_pair2_a3_vulnerable_3ndzke5r/target/debug/deps/pair2_a3_vulnerable-54b46e9a7df646a8+0x122430) (BuildId: de59ab2ca517497b29f215a937c4e4c540d36ba9)
    #4 0x572f27331a1d  (/tmp/asan_pair2_a3_vulnerable_3ndzke5r/target/debug/deps/pair2_a3_vulnerable-54b46e9a7df646a8+0x120a1d) (BuildId: de59ab2ca517497b29f215a937c4e4c540d36ba9)
    #5 0x572f2733086f  (/tmp/asan_pair2_a3_vulnerable_3ndzke5r/target/debug/deps/pair2_a3_vulnerable-54b46e9a7df646a8+0x11f86f) (BuildId: de59ab2ca517497b29f215a937c4e4c540d36ba9)
    #6 0x572f27332266  (/tmp/asan_pair2_a3_vulnerable_3ndzke5r/target/debug/deps/pair2_a3_vulnerable-54b46e9a7df646a8+0x121266) (BuildId: de59ab2ca517497b29f215a937c4e4c540d36ba9)
    #7 0x572f27369e94  (/tmp/asan_pair2_a3_vulnerable_3ndzke5r/target/debug/deps/pair2_a3_vulnerable-54b46e9a7df646a8+0x158e94) (BuildId: de59ab2ca517497b29f215a937c4e4c540d36ba9)
    #8 0x572f273408b3  (/tmp/asan_pair2_a3_vulnerable_3ndzke5r/target/debug/deps/pair2_a3_vulnerable-54b46e9a7df646a8+0x12f8b3) (BuildId: de59ab2ca517497b29f215a937c4e4c540d36ba9)
    #9 0x572f27344299  (/tmp/asan_pair2_a3_vulnerable_3ndzke5r/target/debug/deps/pair2_a3_vulnerable-54b46e9a7df646a8+0x133299) (BuildId: de59ab2ca517497b29f215a937c4e4c540d36ba9)
    #10 0x572f27389ebe  (/tmp/asan_pair2_a3_vulnerable_3ndzke5r/target/debug/deps/pair2_a3_vulnerable-54b46e9a7df646a8+0x178ebe) (BuildId: de59ab2ca517497b29f215a937c4e4c540d36ba9)
    #11 0x572f27300286  (/tmp/asan_pair2_a3_vulnerable_3ndzke5r/target/debug/deps/pair2_a3_vulnerable-54b46e9a7df646a8+0xef286) (BuildId: de59ab2ca517497b29f215a937c4e4c540d36ba9)

previously allocated by thread T1 here:
    #0 0x572f273023c4  (/tmp/asan_pair2_a3_vulnerable_3ndzke5r/target/debug/deps/pair2_a3_vulnerable-54b46e9a7df646a8+0xf13c4) (BuildId: de59ab2ca517497b29f215a937c4e4c540d36ba9)
    #1 0x572f27332d33  (/tmp/asan_pair2_a3_vulnerable_3ndzke5r/target/debug/deps/pair2_a3_vulnerable-54b46e9a7df646a8+0x121d33) (BuildId: de59ab2ca517497b29f215a937c4e4c540d36ba9)
    #2 0x572f27332a34  (/tmp/asan_pair2_a3_vulnerable_3ndzke5r/target/debug/deps/pair2_a3_vulnerable-54b46e9a7df646a8+0x121a34) (BuildId: de59ab2ca517497b29f215a937c4e4c540d36ba9)
    #3 0x572f2733086f  (/tmp/asan_pair2_a3_vulnerable_3ndzke5r/target/debug/deps/pair2_a3_vulnerable-54b46e9a7df646a8+0x11f86f) (BuildId: de59ab2ca517497b29f215a937c4e4c540d36ba9)
    #4 0x572f27332266  (/tmp/asan_pair2_a3_vulnerable_3ndzke5r/target/debug/deps/pair2_a3_vulnerable-54b46e9a7df646a8+0x121266) (BuildId: de59ab2ca517497b29f215a937c4e4c540d36ba9)
    #5 0x572f27369e94  (/tmp/asan_pair2_a3_vulnerable_3ndzke5r/target/debug/deps/pair2_a3_vulnerable-54b46e9a7df646a8+0x158e94) (BuildId: de59ab2ca517497b29f215a937c4e4c540d36ba9)
    #6 0x572f273408b3  (/tmp/asan_pair2_a3_vulnerable_3ndzke5r/target/debug/deps/pair2_a3_vulnerable-54b46e9a7df646a8+0x12f8b3) (BuildId: de59ab2ca517497b29f215a937c4e4c540d36ba9)
    #7 0x572f27344299  (/tmp/asan_pair2_a3_vulnerable_3ndzke5r/target/debug/deps/pair2_a3_vulnerable-54b46e9a7df646a8+0x133299) (BuildId: de59ab2ca517497b29f215a937c4e4c540d36ba9)
    #8 0x572f27389ebe  (/tmp/asan_pair2_a3_vulnerable_3ndzke5r/target/debug/deps/pair2_a3_vulnerable-54b46e9a7df646a8+0x178ebe) (BuildId: de59ab2ca517497b29f215a937c4e4c540d36ba9)
    #9 0x572f27300286  (/tmp/asan_pair2_a3_vulnerable_3ndzke5r/target/debug/deps/pair2_a3_vulnerable-54b46e9a7df646a8+0xef286) (BuildId: de59ab2ca517497b29f215a937c4e4c540d36ba9)

Thread T1 created by T0 here:
    #0 0x572f272e6cb1  (/tmp/asan_pair2_a3_vulnerable_3ndzke5r/target/debug/deps/pair2_a3_vulnerable-54b46e9a7df646a8+0xd5cb1) (BuildId: de59ab2ca517497b29f215a937c4e4c540d36ba9)
    #1 0x572f2738a0df  (/tmp/asan_pair2_a3_vulnerable_3ndzke5r/target/debug/deps/pair2_a3_vulnerable-54b46e9a7df646a8+0x1790df) (BuildId: de59ab2ca517497b29f215a937c4e4c540d36ba9)
    #2 0x572f27368a0d  (/tmp/asan_pair2_a3_vulnerable_3ndzke5r/target/debug/deps/pair2_a3_vulnerable-54b46e9a7df646a8+0x157a0d) (BuildId: de59ab2ca517497b29f215a937c4e4c540d36ba9)
    #3 0x572f27361d54  (/tmp/asan_pair2_a3_vulnerable_3ndzke5r/target/debug/deps/pair2_a3_vulnerable-54b46e9a7df646a8+0x150d54) (BuildId: de59ab2ca517497b29f215a937c4e4c540d36ba9)
    #4 0x572f2736b395  (/tmp/asan_pair2_a3_vulnerable_3ndzke5r/target/debug/deps/pair2_a3_vulnerable-54b46e9a7df646a8+0x15a395) (BuildId: de59ab2ca517497b29f215a937c4e4c540d36ba9)
    #5 0x572f273540ea  (/tmp/asan_pair2_a3_vulnerable_3ndzke5r/target/debug/deps/pair2_a3_vulnerable-54b46e9a7df646a8+0x1430ea) (BuildId: de59ab2ca517497b29f215a937c4e4c540d36ba9)
    #6 0x572f27331c02  (/tmp/asan_pair2_a3_vulnerable_3ndzke5r/target/debug/deps/pair2_a3_vulnerable-54b46e9a7df646a8+0x120c02) (BuildId: de59ab2ca517497b29f215a937c4e4c540d36ba9)
    #7 0x572f273310df  (/tmp/asan_pair2_a3_vulnerable_3ndzke5r/target/debug/deps/pair2_a3_vulnerable-54b46e9a7df646a8+0x1200df) (BuildId: de59ab2ca517497b29f215a937c4e4c540d36ba9)
    #8 0x572f27331c2d  (/tmp/asan_pair2_a3_vulnerable_3ndzke5r/target/debug/deps/pair2_a3_vulnerable-54b46e9a7df646a8+0x120c2d) (BuildId: de59ab2ca517497b29f215a937c4e4c540d36ba9)

SUMMARY: AddressSanitizer: heap-use-after-free (/tmp/asan_pair2_a3_vulnerable_3ndzke5r/target/debug/deps/pair2_a3_vulnerable-54b46e9a7df646a8+0x120b5e) (BuildId: de59ab2ca517497b29f215a937c4e4c540d36ba9) 
Shadow bytes around the buggy address:
  0x701c2e9e3d80: fa fa fa fa fa fa fa fa fa fa fa fa fa fa fa fa
  0x701c2e9e3e00: fa fa fa fa fa fa fa fa fa fa fa fa fa fa fa fa
  0x701c2e9e3e80: fa fa fa fa fa fa fa fa fa fa fa fa fa fa fa fa
  0x701c2e9e3f00: fa fa fa fa fa fa fa fa fa fa fa fa fa fa fa fa
  0x701c2e9e3f80: fa fa fa fa fa fa fa fa fa fa fa fa fa fa fa fa
=>0x701c2e9e4000: fa fa[fd]fa fa fa 04 fa fa fa fa fa fa fa fa fa
  0x701c2e9e4080: fa fa fa fa fa fa fa fa fa fa fa fa fa fa fa fa
  0x701c2e9e4100: fa fa fa fa fa fa fa fa fa fa fa fa fa fa fa fa
  0x701c2e9e4180: fa fa fa fa fa fa fa fa fa fa fa fa fa fa fa fa
  0x701c2e9e4200: fa fa fa fa fa fa fa fa fa fa fa fa fa fa fa fa
  0x701c2e9e4280: fa fa fa fa fa fa fa fa fa fa fa fa fa fa fa fa
Shadow byte legend (one shadow byte represents 8 application bytes):
  Addressable:           00
  Partially addressable: 01 02 03 04 05 06 07 
  Heap left redzone:       fa
  Freed heap region:       fd
  Stack left redzone:      f1
  Stack mid redzone:       f2
  Stack right redzone:     f3
  Stack after return:      f5
  Stack use after scope:   f8
  Global redzone:          f9
  Global init order:       f6
  Poisoned by user:        f7
  Container overflow:      fc
  Array cookie:            ac
  Intra object redzone:    bb
  ASan internal:           fe
  Left alloca redzone:     ca
  Right alloca redzone:    cb
==4170479==ABORTING
error: test failed, to rerun pass `--lib`

Caused by:
  process didn't exit successfully: `/tmp/asan_pair2_a3_vulnerable_3ndzke5r/target/debug/deps/pair2_a3_vulnerable-54b46e9a7df646a8 --nocapture` (exit status: 1)
