$ (cwd=/tmp/asan_pair6_vulnerable_py8w3bks) cargo +nightly test --lib -- --nocapture

   Compiling pair6_vulnerable v0.1.0 (/tmp/asan_pair6_vulnerable_py8w3bks)
    Finished `test` profile [unoptimized + debuginfo] target(s) in 0.20s
     Running unittests src/lib.rs (target/debug/deps/pair6_vulnerable-17fad621274a779c)

running 1 test
=================================================================
==3471055==ERROR: AddressSanitizer: heap-buffer-overflow on address 0x6e240bbe4040 at pc 0x55d3dee282d2 bp 0x6e04095fe110 sp 0x6e04095fe108
WRITE of size 4 at 0x6e240bbe4040 thread T1
    #0 0x55d3dee282d1  (/tmp/asan_pair6_vulnerable_py8w3bks/target/debug/deps/pair6_vulnerable-17fad621274a779c+0x1232d1) (BuildId: 455263827b3f6da5774c7efc6e2e0ea2d27be995)
    #1 0x55d3dee2ad71  (/tmp/asan_pair6_vulnerable_py8w3bks/target/debug/deps/pair6_vulnerable-17fad621274a779c+0x125d71) (BuildId: 455263827b3f6da5774c7efc6e2e0ea2d27be995)
    #2 0x55d3dee287f6  (/tmp/asan_pair6_vulnerable_py8w3bks/target/debug/deps/pair6_vulnerable-17fad621274a779c+0x1237f6) (BuildId: 455263827b3f6da5774c7efc6e2e0ea2d27be995)
    #3 0x55d3dee29b65  (/tmp/asan_pair6_vulnerable_py8w3bks/target/debug/deps/pair6_vulnerable-17fad621274a779c+0x124b65) (BuildId: 455263827b3f6da5774c7efc6e2e0ea2d27be995)
    #4 0x55d3dee4bbaa  (/tmp/asan_pair6_vulnerable_py8w3bks/target/debug/deps/pair6_vulnerable-17fad621274a779c+0x146baa) (BuildId: 455263827b3f6da5774c7efc6e2e0ea2d27be995)
    #5 0x55d3dee61594  (/tmp/asan_pair6_vulnerable_py8w3bks/target/debug/deps/pair6_vulnerable-17fad621274a779c+0x15c594) (BuildId: 455263827b3f6da5774c7efc6e2e0ea2d27be995)
    #6 0x55d3dee37fb3  (/tmp/asan_pair6_vulnerable_py8w3bks/target/debug/deps/pair6_vulnerable-17fad621274a779c+0x132fb3) (BuildId: 455263827b3f6da5774c7efc6e2e0ea2d27be995)
    #7 0x55d3dee3b999  (/tmp/asan_pair6_vulnerable_py8w3bks/target/debug/deps/pair6_vulnerable-17fad621274a779c+0x136999) (BuildId: 455263827b3f6da5774c7efc6e2e0ea2d27be995)
    #8 0x55d3dee815be  (/tmp/asan_pair6_vulnerable_py8w3bks/target/debug/deps/pair6_vulnerable-17fad621274a779c+0x17c5be) (BuildId: 455263827b3f6da5774c7efc6e2e0ea2d27be995)
    #9 0x55d3dedf5cc6  (/tmp/asan_pair6_vulnerable_py8w3bks/target/debug/deps/pair6_vulnerable-17fad621274a779c+0xf0cc6) (BuildId: 455263827b3f6da5774c7efc6e2e0ea2d27be995)
    #10 0x72040c894ac2  (/lib/x86_64-linux-gnu/libc.so.6+0x94ac2) (BuildId: d5197096f709801829b118af1b7cf6631efa2dcd)
    #11 0x72040c92684f  (/lib/x86_64-linux-gnu/libc.so.6+0x12684f) (BuildId: d5197096f709801829b118af1b7cf6631efa2dcd)

0x6e240bbe4040 is located 0 bytes after 16-byte region [0x6e240bbe4030,0x6e240bbe4040)
allocated by thread T1 here:
    #0 0x55d3dedf7e04  (/tmp/asan_pair6_vulnerable_py8w3bks/target/debug/deps/pair6_vulnerable-17fad621274a779c+0xf2e04) (BuildId: 455263827b3f6da5774c7efc6e2e0ea2d27be995)
    #1 0x55d3deeb1b4d  (/tmp/asan_pair6_vulnerable_py8w3bks/target/debug/deps/pair6_vulnerable-17fad621274a779c+0x1acb4d) (BuildId: 455263827b3f6da5774c7efc6e2e0ea2d27be995)
    #2 0x55d3dee2765e  (/tmp/asan_pair6_vulnerable_py8w3bks/target/debug/deps/pair6_vulnerable-17fad621274a779c+0x12265e) (BuildId: 455263827b3f6da5774c7efc6e2e0ea2d27be995)
    #3 0x55d3dee264ac  (/tmp/asan_pair6_vulnerable_py8w3bks/target/debug/deps/pair6_vulnerable-17fad621274a779c+0x1214ac) (BuildId: 455263827b3f6da5774c7efc6e2e0ea2d27be995)
    #4 0x55d3dee2ad71  (/tmp/asan_pair6_vulnerable_py8w3bks/target/debug/deps/pair6_vulnerable-17fad621274a779c+0x125d71) (BuildId: 455263827b3f6da5774c7efc6e2e0ea2d27be995)
    #5 0x55d3dee287f6  (/tmp/asan_pair6_vulnerable_py8w3bks/target/debug/deps/pair6_vulnerable-17fad621274a779c+0x1237f6) (BuildId: 455263827b3f6da5774c7efc6e2e0ea2d27be995)
    #6 0x55d3dee61594  (/tmp/asan_pair6_vulnerable_py8w3bks/target/debug/deps/pair6_vulnerable-17fad621274a779c+0x15c594) (BuildId: 455263827b3f6da5774c7efc6e2e0ea2d27be995)
    #7 0x55d3dee37fb3  (/tmp/asan_pair6_vulnerable_py8w3bks/target/debug/deps/pair6_vulnerable-17fad621274a779c+0x132fb3) (BuildId: 455263827b3f6da5774c7efc6e2e0ea2d27be995)
    #8 0x55d3dee3b999  (/tmp/asan_pair6_vulnerable_py8w3bks/target/debug/deps/pair6_vulnerable-17fad621274a779c+0x136999) (BuildId: 455263827b3f6da5774c7efc6e2e0ea2d27be995)
    #9 0x55d3dee815be  (/tmp/asan_pair6_vulnerable_py8w3bks/target/debug/deps/pair6_vulnerable-17fad621274a779c+0x17c5be) (BuildId: 455263827b3f6da5774c7efc6e2e0ea2d27be995)
    #10 0x55d3dedf5cc6  (/tmp/asan_pair6_vulnerable_py8w3bks/target/debug/deps/pair6_vulnerable-17fad621274a779c+0xf0cc6) (BuildId: 455263827b3f6da5774c7efc6e2e0ea2d27be995)

Thread T1 created by T0 here:
    #0 0x55d3deddc6f1  (/tmp/asan_pair6_vulnerable_py8w3bks/target/debug/deps/pair6_vulnerable-17fad621274a779c+0xd76f1) (BuildId: 455263827b3f6da5774c7efc6e2e0ea2d27be995)
    #1 0x55d3dee817df  (/tmp/asan_pair6_vulnerable_py8w3bks/target/debug/deps/pair6_vulnerable-17fad621274a779c+0x17c7df) (BuildId: 455263827b3f6da5774c7efc6e2e0ea2d27be995)
    #2 0x55d3dee6010d  (/tmp/asan_pair6_vulnerable_py8w3bks/target/debug/deps/pair6_vulnerable-17fad621274a779c+0x15b10d) (BuildId: 455263827b3f6da5774c7efc6e2e0ea2d27be995)
    #3 0x55d3dee59454  (/tmp/asan_pair6_vulnerable_py8w3bks/target/debug/deps/pair6_vulnerable-17fad621274a779c+0x154454) (BuildId: 455263827b3f6da5774c7efc6e2e0ea2d27be995)
    #4 0x55d3dee62a95  (/tmp/asan_pair6_vulnerable_py8w3bks/target/debug/deps/pair6_vulnerable-17fad621274a779c+0x15da95) (BuildId: 455263827b3f6da5774c7efc6e2e0ea2d27be995)
    #5 0x55d3dee4b7ea  (/tmp/asan_pair6_vulnerable_py8w3bks/target/debug/deps/pair6_vulnerable-17fad621274a779c+0x1467ea) (BuildId: 455263827b3f6da5774c7efc6e2e0ea2d27be995)
    #6 0x55d3dee27e02  (/tmp/asan_pair6_vulnerable_py8w3bks/target/debug/deps/pair6_vulnerable-17fad621274a779c+0x122e02) (BuildId: 455263827b3f6da5774c7efc6e2e0ea2d27be995)
    #7 0x55d3dee2a0ef  (/tmp/asan_pair6_vulnerable_py8w3bks/target/debug/deps/pair6_vulnerable-17fad621274a779c+0x1250ef) (BuildId: 455263827b3f6da5774c7efc6e2e0ea2d27be995)
    #8 0x55d3dee284cd  (/tmp/asan_pair6_vulnerable_py8w3bks/target/debug/deps/pair6_vulnerable-17fad621274a779c+0x1234cd) (BuildId: 455263827b3f6da5774c7efc6e2e0ea2d27be995)

SUMMARY: AddressSanitizer: heap-buffer-overflow (/tmp/asan_pair6_vulnerable_py8w3bks/target/debug/deps/pair6_vulnerable-17fad621274a779c+0x1232d1) (BuildId: 455263827b3f6da5774c7efc6e2e0ea2d27be995) 
Shadow bytes around the buggy address:
  0x6e240bbe3d80: fa fa fa fa fa fa fa fa fa fa fa fa fa fa fa fa
  0x6e240bbe3e00: fa fa fa fa fa fa fa fa fa fa fa fa fa fa fa fa
  0x6e240bbe3e80: fa fa fa fa fa fa fa fa fa fa fa fa fa fa fa fa
  0x6e240bbe3f00: fa fa fa fa fa fa fa fa fa fa fa fa fa fa fa fa
  0x6e240bbe3f80: fa fa fa fa fa fa fa fa fa fa fa fa fa fa fa fa
=>0x6e240bbe4000: fa fa 00 00 fa fa 00 00[fa]fa fa fa fa fa fa fa
  0x6e240bbe4080: fa fa fa fa fa fa fa fa fa fa fa fa fa fa fa fa
  0x6e240bbe4100: fa fa fa fa fa fa fa fa fa fa fa fa fa fa fa fa
  0x6e240bbe4180: fa fa fa fa fa fa fa fa fa fa fa fa fa fa fa fa
  0x6e240bbe4200: fa fa fa fa fa fa fa fa fa fa fa fa fa fa fa fa
  0x6e240bbe4280: fa fa fa fa fa fa fa fa fa fa fa fa fa fa fa fa
Shadow byte legend (one shadow byte represents 8 application bytes):
  Addressable:           00
  Partially addressable: 01 02 03 04 05 06 07 
  Heap left redzone:       fa
  Freed heap region:       fd
  Stack left redzone:      f1
  Stack mid redzone:       f2
  Stack right redzone:     f3
  Stack after return:      f5
  Stack use after scope:   f8
  Global redzone:          f9
  Global init order:       f6
  Poisoned by user:        f7
  Container overflow:      fc
  Array cookie:            ac
  Intra object redzone:    bb
  ASan internal:           fe
  Left alloca redzone:     ca
  Right alloca redzone:    cb
==3471055==ABORTING
error: test failed, to rerun pass `--lib`

Caused by:
  process didn't exit successfully: `/tmp/asan_pair6_vulnerable_py8w3bks/target/debug/deps/pair6_vulnerable-17fad621274a779c --nocapture` (exit status: 1)
