$ (cwd=/tmp/asan_pair2_a2_vulnerable_atasx0js) cargo +nightly test --lib -- --nocapture

   Compiling pair2_a2_vulnerable v0.1.0 (/tmp/asan_pair2_a2_vulnerable_atasx0js)
error[E0433]: failed to resolve: could not find `Buffer` in the crate root
  --> src/lib.rs:48:38
   |
48 |         let buffer = Arc::new(crate::Buffer::new((0..10).collect()));
   |                                      ^^^^^^ could not find `Buffer` in the crate root

error[E0282]: type annotations needed for `Arc<_, _>`
  --> src/lib.rs:50:17
   |
50 |             let buf = Arc::clone(&buffer);
   |                 ^^^
51 |             thread::spawn(move || {
52 |                 buf.access(15)
   |                     ------ type must be known at this point
   |
help: consider giving `buf` an explicit type, where the placeholders `_` are specified
   |
50 |             let buf: Arc<T, A> = Arc::clone(&buffer);
   |                    +++++++++++

Some errors have detailed explanations: E0282, E0433.
For more information about an error, try `rustc --explain E0282`.
error: could not compile `pair2_a2_vulnerable` (lib test) due to 2 previous errors
