$ (cwd=/tmp/asan_pair19_vulnerable_c6ykpezb) cargo +nightly test --lib -- --nocapture

   Compiling pair19_vulnerable v0.1.0 (/tmp/asan_pair19_vulnerable_c6ykpezb)
    Finished `test` profile [unoptimized + debuginfo] target(s) in 0.17s
     Running unittests src/lib.rs (target/debug/deps/pair19_vulnerable-d284d2f5c035ec52)

running 1 test
=================================================================
==3481002==ERROR: AddressSanitizer: heap-use-after-free on address 0x79963e5e4010 at pc 0x6239cebf4d8c bp 0x79763bffe340 sp 0x79763bffe338
WRITE of size 4 at 0x79963e5e4010 thread T1
    #0 0x6239cebf4d8b  (/tmp/asan_pair19_vulnerable_c6ykpezb/target/debug/deps/pair19_vulnerable-d284d2f5c035ec52+0x121d8b) (BuildId: 64c38e67252bc8e27acb46f80cfa46a856241b09)
    #1 0x6239cebf2f3f  (/tmp/asan_pair19_vulnerable_c6ykpezb/target/debug/deps/pair19_vulnerable-d284d2f5c035ec52+0x11ff3f) (BuildId: 64c38e67252bc8e27acb46f80cfa46a856241b09)
    #2 0x6239cebf3e76  (/tmp/asan_pair19_vulnerable_c6ykpezb/target/debug/deps/pair19_vulnerable-d284d2f5c035ec52+0x120e76) (BuildId: 64c38e67252bc8e27acb46f80cfa46a856241b09)
    #3 0x6239cebf3955  (/tmp/asan_pair19_vulnerable_c6ykpezb/target/debug/deps/pair19_vulnerable-d284d2f5c035ec52+0x120955) (BuildId: 64c38e67252bc8e27acb46f80cfa46a856241b09)
    #4 0x6239cec1653a  (/tmp/asan_pair19_vulnerable_c6ykpezb/target/debug/deps/pair19_vulnerable-d284d2f5c035ec52+0x14353a) (BuildId: 64c38e67252bc8e27acb46f80cfa46a856241b09)
    #5 0x6239cec2bf24  (/tmp/asan_pair19_vulnerable_c6ykpezb/target/debug/deps/pair19_vulnerable-d284d2f5c035ec52+0x158f24) (BuildId: 64c38e67252bc8e27acb46f80cfa46a856241b09)
    #6 0x6239cec02943  (/tmp/asan_pair19_vulnerable_c6ykpezb/target/debug/deps/pair19_vulnerable-d284d2f5c035ec52+0x12f943) (BuildId: 64c38e67252bc8e27acb46f80cfa46a856241b09)
    #7 0x6239cec06329  (/tmp/asan_pair19_vulnerable_c6ykpezb/target/debug/deps/pair19_vulnerable-d284d2f5c035ec52+0x133329) (BuildId: 64c38e67252bc8e27acb46f80cfa46a856241b09)
    #8 0x6239cec4bf4e  (/tmp/asan_pair19_vulnerable_c6ykpezb/target/debug/deps/pair19_vulnerable-d284d2f5c035ec52+0x178f4e) (BuildId: 64c38e67252bc8e27acb46f80cfa46a856241b09)
    #9 0x6239cebc2346  (/tmp/asan_pair19_vulnerable_c6ykpezb/target/debug/deps/pair19_vulnerable-d284d2f5c035ec52+0xef346) (BuildId: 64c38e67252bc8e27acb46f80cfa46a856241b09)
    #10 0x7d763f294ac2  (/lib/x86_64-linux-gnu/libc.so.6+0x94ac2) (BuildId: d5197096f709801829b118af1b7cf6631efa2dcd)
    #11 0x7d763f32684f  (/lib/x86_64-linux-gnu/libc.so.6+0x12684f) (BuildId: d5197096f709801829b118af1b7cf6631efa2dcd)

0x79963e5e4010 is located 0 bytes inside of 4-byte region [0x79963e5e4010,0x79963e5e4014)
freed by thread T1 here:
    #0 0x6239cebc41e6  (/tmp/asan_pair19_vulnerable_c6ykpezb/target/debug/deps/pair19_vulnerable-d284d2f5c035ec52+0xf11e6) (BuildId: 64c38e67252bc8e27acb46f80cfa46a856241b09)
    #1 0x6239cebf4cda  (/tmp/asan_pair19_vulnerable_c6ykpezb/target/debug/deps/pair19_vulnerable-d284d2f5c035ec52+0x121cda) (BuildId: 64c38e67252bc8e27acb46f80cfa46a856241b09)
    #2 0x6239cebf3e53  (/tmp/asan_pair19_vulnerable_c6ykpezb/target/debug/deps/pair19_vulnerable-d284d2f5c035ec52+0x120e53) (BuildId: 64c38e67252bc8e27acb46f80cfa46a856241b09)
    #3 0x6239cebf3b40  (/tmp/asan_pair19_vulnerable_c6ykpezb/target/debug/deps/pair19_vulnerable-d284d2f5c035ec52+0x120b40) (BuildId: 64c38e67252bc8e27acb46f80cfa46a856241b09)
    #4 0x6239cebf3b09  (/tmp/asan_pair19_vulnerable_c6ykpezb/target/debug/deps/pair19_vulnerable-d284d2f5c035ec52+0x120b09) (BuildId: 64c38e67252bc8e27acb46f80cfa46a856241b09)
    #5 0x6239cebf4d14  (/tmp/asan_pair19_vulnerable_c6ykpezb/target/debug/deps/pair19_vulnerable-d284d2f5c035ec52+0x121d14) (BuildId: 64c38e67252bc8e27acb46f80cfa46a856241b09)
    #6 0x6239cebf3e76  (/tmp/asan_pair19_vulnerable_c6ykpezb/target/debug/deps/pair19_vulnerable-d284d2f5c035ec52+0x120e76) (BuildId: 64c38e67252bc8e27acb46f80cfa46a856241b09)
    #7 0x6239cec2bf24  (/tmp/asan_pair19_vulnerable_c6ykpezb/target/debug/deps/pair19_vulnerable-d284d2f5c035ec52+0x158f24) (BuildId: 64c38e67252bc8e27acb46f80cfa46a856241b09)
    #8 0x6239cec02943  (/tmp/asan_pair19_vulnerable_c6ykpezb/target/debug/deps/pair19_vulnerable-d284d2f5c035ec52+0x12f943) (BuildId: 64c38e67252bc8e27acb46f80cfa46a856241b09)
    #9 0x6239cec06329  (/tmp/asan_pair19_vulnerable_c6ykpezb/target/debug/deps/pair19_vulnerable-d284d2f5c035ec52+0x133329) (BuildId: 64c38e67252bc8e27acb46f80cfa46a856241b09)
    #10 0x6239cec4bf4e  (/tmp/asan_pair19_vulnerable_c6ykpezb/target/debug/deps/pair19_vulnerable-d284d2f5c035ec52+0x178f4e) (BuildId: 64c38e67252bc8e27acb46f80cfa46a856241b09)
    #11 0x6239cebc2346  (/tmp/asan_pair19_vulnerable_c6ykpezb/target/debug/deps/pair19_vulnerable-d284d2f5c035ec52+0xef346) (BuildId: 64c38e67252bc8e27acb46f80cfa46a856241b09)

previously allocated by thread T1 here:
    #0 0x6239cebc4484  (/tmp/asan_pair19_vulnerable_c6ykpezb/target/debug/deps/pair19_vulnerable-d284d2f5c035ec52+0xf1484) (BuildId: 64c38e67252bc8e27acb46f80cfa46a856241b09)
    #1 0x6239cebf49c3  (/tmp/asan_pair19_vulnerable_c6ykpezb/target/debug/deps/pair19_vulnerable-d284d2f5c035ec52+0x1219c3) (BuildId: 64c38e67252bc8e27acb46f80cfa46a856241b09)
    #2 0x6239cebf46c4  (/tmp/asan_pair19_vulnerable_c6ykpezb/target/debug/deps/pair19_vulnerable-d284d2f5c035ec52+0x1216c4) (BuildId: 64c38e67252bc8e27acb46f80cfa46a856241b09)
    #3 0x6239cebf3e76  (/tmp/asan_pair19_vulnerable_c6ykpezb/target/debug/deps/pair19_vulnerable-d284d2f5c035ec52+0x120e76) (BuildId: 64c38e67252bc8e27acb46f80cfa46a856241b09)
    #4 0x6239cec2bf24  (/tmp/asan_pair19_vulnerable_c6ykpezb/target/debug/deps/pair19_vulnerable-d284d2f5c035ec52+0x158f24) (BuildId: 64c38e67252bc8e27acb46f80cfa46a856241b09)
    #5 0x6239cec02943  (/tmp/asan_pair19_vulnerable_c6ykpezb/target/debug/deps/pair19_vulnerable-d284d2f5c035ec52+0x12f943) (BuildId: 64c38e67252bc8e27acb46f80cfa46a856241b09)
    #6 0x6239cec06329  (/tmp/asan_pair19_vulnerable_c6ykpezb/target/debug/deps/pair19_vulnerable-d284d2f5c035ec52+0x133329) (BuildId: 64c38e67252bc8e27acb46f80cfa46a856241b09)
    #7 0x6239cec4bf4e  (/tmp/asan_pair19_vulnerable_c6ykpezb/target/debug/deps/pair19_vulnerable-d284d2f5c035ec52+0x178f4e) (BuildId: 64c38e67252bc8e27acb46f80cfa46a856241b09)
    #8 0x6239cebc2346  (/tmp/asan_pair19_vulnerable_c6ykpezb/target/debug/deps/pair19_vulnerable-d284d2f5c035ec52+0xef346) (BuildId: 64c38e67252bc8e27acb46f80cfa46a856241b09)

Thread T1 created by T0 here:
    #0 0x6239ceba8d71  (/tmp/asan_pair19_vulnerable_c6ykpezb/target/debug/deps/pair19_vulnerable-d284d2f5c035ec52+0xd5d71) (BuildId: 64c38e67252bc8e27acb46f80cfa46a856241b09)
    #1 0x6239cec4c16f  (/tmp/asan_pair19_vulnerable_c6ykpezb/target/debug/deps/pair19_vulnerable-d284d2f5c035ec52+0x17916f) (BuildId: 64c38e67252bc8e27acb46f80cfa46a856241b09)
    #2 0x6239cec2aa9d  (/tmp/asan_pair19_vulnerable_c6ykpezb/target/debug/deps/pair19_vulnerable-d284d2f5c035ec52+0x157a9d) (BuildId: 64c38e67252bc8e27acb46f80cfa46a856241b09)
    #3 0x6239cec23de4  (/tmp/asan_pair19_vulnerable_c6ykpezb/target/debug/deps/pair19_vulnerable-d284d2f5c035ec52+0x150de4) (BuildId: 64c38e67252bc8e27acb46f80cfa46a856241b09)
    #4 0x6239cec2d425  (/tmp/asan_pair19_vulnerable_c6ykpezb/target/debug/deps/pair19_vulnerable-d284d2f5c035ec52+0x15a425) (BuildId: 64c38e67252bc8e27acb46f80cfa46a856241b09)
    #5 0x6239cec1617a  (/tmp/asan_pair19_vulnerable_c6ykpezb/target/debug/deps/pair19_vulnerable-d284d2f5c035ec52+0x14317a) (BuildId: 64c38e67252bc8e27acb46f80cfa46a856241b09)
    #6 0x6239cebf4e52  (/tmp/asan_pair19_vulnerable_c6ykpezb/target/debug/deps/pair19_vulnerable-d284d2f5c035ec52+0x121e52) (BuildId: 64c38e67252bc8e27acb46f80cfa46a856241b09)
    #7 0x6239cebf3f8f  (/tmp/asan_pair19_vulnerable_c6ykpezb/target/debug/deps/pair19_vulnerable-d284d2f5c035ec52+0x120f8f) (BuildId: 64c38e67252bc8e27acb46f80cfa46a856241b09)
    #8 0x6239cebf4f1d  (/tmp/asan_pair19_vulnerable_c6ykpezb/target/debug/deps/pair19_vulnerable-d284d2f5c035ec52+0x121f1d) (BuildId: 64c38e67252bc8e27acb46f80cfa46a856241b09)

SUMMARY: AddressSanitizer: heap-use-after-free (/tmp/asan_pair19_vulnerable_c6ykpezb/target/debug/deps/pair19_vulnerable-d284d2f5c035ec52+0x121d8b) (BuildId: 64c38e67252bc8e27acb46f80cfa46a856241b09) 
Shadow bytes around the buggy address:
  0x79963e5e3d80: fa fa fa fa fa fa fa fa fa fa fa fa fa fa fa fa
  0x79963e5e3e00: fa fa fa fa fa fa fa fa fa fa fa fa fa fa fa fa
  0x79963e5e3e80: fa fa fa fa fa fa fa fa fa fa fa fa fa fa fa fa
  0x79963e5e3f00: fa fa fa fa fa fa fa fa fa fa fa fa fa fa fa fa
  0x79963e5e3f80: fa fa fa fa fa fa fa fa fa fa fa fa fa fa fa fa
=>0x79963e5e4000: fa fa[fd]fa fa fa fa fa fa fa fa fa fa fa fa fa
  0x79963e5e4080: fa fa fa fa fa fa fa fa fa fa fa fa fa fa fa fa
  0x79963e5e4100: fa fa fa fa fa fa fa fa fa fa fa fa fa fa fa fa
  0x79963e5e4180: fa fa fa fa fa fa fa fa fa fa fa fa fa fa fa fa
  0x79963e5e4200: fa fa fa fa fa fa fa fa fa fa fa fa fa fa fa fa
  0x79963e5e4280: fa fa fa fa fa fa fa fa fa fa fa fa fa fa fa fa
Shadow byte legend (one shadow byte represents 8 application bytes):
  Addressable:           00
  Partially addressable: 01 02 03 04 05 06 07 
  Heap left redzone:       fa
  Freed heap region:       fd
  Stack left redzone:      f1
  Stack mid redzone:       f2
  Stack right redzone:     f3
  Stack after return:      f5
  Stack use after scope:   f8
  Global redzone:          f9
  Global init order:       f6
  Poisoned by user:        f7
  Container overflow:      fc
  Array cookie:            ac
  Intra object redzone:    bb
  ASan internal:           fe
  Left alloca redzone:     ca
  Right alloca redzone:    cb
==3481002==ABORTING
error: test failed, to rerun pass `--lib`

Caused by:
  process didn't exit successfully: `/tmp/asan_pair19_vulnerable_c6ykpezb/target/debug/deps/pair19_vulnerable-d284d2f5c035ec52 --nocapture` (exit status: 1)
