$ (cwd=/tmp/asan_pair4_a3_vulnerable_7bqx_s99) cargo +nightly test --lib -- --nocapture

   Compiling pair4_a3_vulnerable v0.1.0 (/tmp/asan_pair4_a3_vulnerable_7bqx_s99)
    Finished `test` profile [unoptimized + debuginfo] target(s) in 0.20s
     Running unittests src/lib.rs (target/debug/deps/pair4_a3_vulnerable-d0cbb8f68f205ace)

running 1 test
=================================================================
==4115968==ERROR: AddressSanitizer: heap-buffer-overflow on address 0x6f22265e4013 at pc 0x61c6252ad89a bp 0x6f0223ffe130 sp 0x6f0223ffe128
READ of size 1 at 0x6f22265e4013 thread T1
    #0 0x61c6252ad899  (/tmp/asan_pair4_a3_vulnerable_7bqx_s99/target/debug/deps/pair4_a3_vulnerable-d0cbb8f68f205ace+0x122899) (BuildId: 7f16d1032873155abbcd2b080b2418587c341473)
    #1 0x61c6252acdae  (/tmp/asan_pair4_a3_vulnerable_7bqx_s99/target/debug/deps/pair4_a3_vulnerable-d0cbb8f68f205ace+0x121dae) (BuildId: 7f16d1032873155abbcd2b080b2418587c341473)
    #2 0x61c6252ada82  (/tmp/asan_pair4_a3_vulnerable_7bqx_s99/target/debug/deps/pair4_a3_vulnerable-d0cbb8f68f205ace+0x122a82) (BuildId: 7f16d1032873155abbcd2b080b2418587c341473)
    #3 0x61c6252ad7ea  (/tmp/asan_pair4_a3_vulnerable_7bqx_s99/target/debug/deps/pair4_a3_vulnerable-d0cbb8f68f205ace+0x1227ea) (BuildId: 7f16d1032873155abbcd2b080b2418587c341473)
    #4 0x61c6252ad621  (/tmp/asan_pair4_a3_vulnerable_7bqx_s99/target/debug/deps/pair4_a3_vulnerable-d0cbb8f68f205ace+0x122621) (BuildId: 7f16d1032873155abbcd2b080b2418587c341473)
    #5 0x61c6252ae34e  (/tmp/asan_pair4_a3_vulnerable_7bqx_s99/target/debug/deps/pair4_a3_vulnerable-d0cbb8f68f205ace+0x12334e) (BuildId: 7f16d1032873155abbcd2b080b2418587c341473)
    #6 0x61c6252acd86  (/tmp/asan_pair4_a3_vulnerable_7bqx_s99/target/debug/deps/pair4_a3_vulnerable-d0cbb8f68f205ace+0x121d86) (BuildId: 7f16d1032873155abbcd2b080b2418587c341473)
    #7 0x61c6252aed55  (/tmp/asan_pair4_a3_vulnerable_7bqx_s99/target/debug/deps/pair4_a3_vulnerable-d0cbb8f68f205ace+0x123d55) (BuildId: 7f16d1032873155abbcd2b080b2418587c341473)
    #8 0x61c6252d0cca  (/tmp/asan_pair4_a3_vulnerable_7bqx_s99/target/debug/deps/pair4_a3_vulnerable-d0cbb8f68f205ace+0x145cca) (BuildId: 7f16d1032873155abbcd2b080b2418587c341473)
    #9 0x61c6252e66b4  (/tmp/asan_pair4_a3_vulnerable_7bqx_s99/target/debug/deps/pair4_a3_vulnerable-d0cbb8f68f205ace+0x15b6b4) (BuildId: 7f16d1032873155abbcd2b080b2418587c341473)
    #10 0x61c6252bd0d3  (/tmp/asan_pair4_a3_vulnerable_7bqx_s99/target/debug/deps/pair4_a3_vulnerable-d0cbb8f68f205ace+0x1320d3) (BuildId: 7f16d1032873155abbcd2b080b2418587c341473)
    #11 0x61c6252c0ab9  (/tmp/asan_pair4_a3_vulnerable_7bqx_s99/target/debug/deps/pair4_a3_vulnerable-d0cbb8f68f205ace+0x135ab9) (BuildId: 7f16d1032873155abbcd2b080b2418587c341473)
    #12 0x61c6253066de  (/tmp/asan_pair4_a3_vulnerable_7bqx_s99/target/debug/deps/pair4_a3_vulnerable-d0cbb8f68f205ace+0x17b6de) (BuildId: 7f16d1032873155abbcd2b080b2418587c341473)
    #13 0x61c62527b246  (/tmp/asan_pair4_a3_vulnerable_7bqx_s99/target/debug/deps/pair4_a3_vulnerable-d0cbb8f68f205ace+0xf0246) (BuildId: 7f16d1032873155abbcd2b080b2418587c341473)
    #14 0x730227294ac2  (/lib/x86_64-linux-gnu/libc.so.6+0x94ac2) (BuildId: d5197096f709801829b118af1b7cf6631efa2dcd)
    #15 0x73022732684f  (/lib/x86_64-linux-gnu/libc.so.6+0x12684f) (BuildId: d5197096f709801829b118af1b7cf6631efa2dcd)

0x6f22265e4013 is located 0 bytes after 3-byte region [0x6f22265e4010,0x6f22265e4013)
allocated by thread T1 here:
    #0 0x61c62527d384  (/tmp/asan_pair4_a3_vulnerable_7bqx_s99/target/debug/deps/pair4_a3_vulnerable-d0cbb8f68f205ace+0xf2384) (BuildId: 7f16d1032873155abbcd2b080b2418587c341473)
    #1 0x61c6252afca3  (/tmp/asan_pair4_a3_vulnerable_7bqx_s99/target/debug/deps/pair4_a3_vulnerable-d0cbb8f68f205ace+0x124ca3) (BuildId: 7f16d1032873155abbcd2b080b2418587c341473)
    #2 0x61c6252af9a4  (/tmp/asan_pair4_a3_vulnerable_7bqx_s99/target/debug/deps/pair4_a3_vulnerable-d0cbb8f68f205ace+0x1249a4) (BuildId: 7f16d1032873155abbcd2b080b2418587c341473)
    #3 0x61c6252acd86  (/tmp/asan_pair4_a3_vulnerable_7bqx_s99/target/debug/deps/pair4_a3_vulnerable-d0cbb8f68f205ace+0x121d86) (BuildId: 7f16d1032873155abbcd2b080b2418587c341473)
    #4 0x61c6252e66b4  (/tmp/asan_pair4_a3_vulnerable_7bqx_s99/target/debug/deps/pair4_a3_vulnerable-d0cbb8f68f205ace+0x15b6b4) (BuildId: 7f16d1032873155abbcd2b080b2418587c341473)
    #5 0x61c6252bd0d3  (/tmp/asan_pair4_a3_vulnerable_7bqx_s99/target/debug/deps/pair4_a3_vulnerable-d0cbb8f68f205ace+0x1320d3) (BuildId: 7f16d1032873155abbcd2b080b2418587c341473)
    #6 0x61c6252c0ab9  (/tmp/asan_pair4_a3_vulnerable_7bqx_s99/target/debug/deps/pair4_a3_vulnerable-d0cbb8f68f205ace+0x135ab9) (BuildId: 7f16d1032873155abbcd2b080b2418587c341473)
    #7 0x61c6253066de  (/tmp/asan_pair4_a3_vulnerable_7bqx_s99/target/debug/deps/pair4_a3_vulnerable-d0cbb8f68f205ace+0x17b6de) (BuildId: 7f16d1032873155abbcd2b080b2418587c341473)
    #8 0x61c62527b246  (/tmp/asan_pair4_a3_vulnerable_7bqx_s99/target/debug/deps/pair4_a3_vulnerable-d0cbb8f68f205ace+0xf0246) (BuildId: 7f16d1032873155abbcd2b080b2418587c341473)

Thread T1 created by T0 here:
    #0 0x61c625261c71  (/tmp/asan_pair4_a3_vulnerable_7bqx_s99/target/debug/deps/pair4_a3_vulnerable-d0cbb8f68f205ace+0xd6c71) (BuildId: 7f16d1032873155abbcd2b080b2418587c341473)
    #1 0x61c6253068ff  (/tmp/asan_pair4_a3_vulnerable_7bqx_s99/target/debug/deps/pair4_a3_vulnerable-d0cbb8f68f205ace+0x17b8ff) (BuildId: 7f16d1032873155abbcd2b080b2418587c341473)
    #2 0x61c6252e522d  (/tmp/asan_pair4_a3_vulnerable_7bqx_s99/target/debug/deps/pair4_a3_vulnerable-d0cbb8f68f205ace+0x15a22d) (BuildId: 7f16d1032873155abbcd2b080b2418587c341473)
    #3 0x61c6252de574  (/tmp/asan_pair4_a3_vulnerable_7bqx_s99/target/debug/deps/pair4_a3_vulnerable-d0cbb8f68f205ace+0x153574) (BuildId: 7f16d1032873155abbcd2b080b2418587c341473)
    #4 0x61c6252e7bb5  (/tmp/asan_pair4_a3_vulnerable_7bqx_s99/target/debug/deps/pair4_a3_vulnerable-d0cbb8f68f205ace+0x15cbb5) (BuildId: 7f16d1032873155abbcd2b080b2418587c341473)
    #5 0x61c6252d090a  (/tmp/asan_pair4_a3_vulnerable_7bqx_s99/target/debug/deps/pair4_a3_vulnerable-d0cbb8f68f205ace+0x14590a) (BuildId: 7f16d1032873155abbcd2b080b2418587c341473)
    #6 0x61c6252af922  (/tmp/asan_pair4_a3_vulnerable_7bqx_s99/target/debug/deps/pair4_a3_vulnerable-d0cbb8f68f205ace+0x124922) (BuildId: 7f16d1032873155abbcd2b080b2418587c341473)
    #7 0x61c6252ae90f  (/tmp/asan_pair4_a3_vulnerable_7bqx_s99/target/debug/deps/pair4_a3_vulnerable-d0cbb8f68f205ace+0x12390f) (BuildId: 7f16d1032873155abbcd2b080b2418587c341473)
    #8 0x61c6252af94d  (/tmp/asan_pair4_a3_vulnerable_7bqx_s99/target/debug/deps/pair4_a3_vulnerable-d0cbb8f68f205ace+0x12494d) (BuildId: 7f16d1032873155abbcd2b080b2418587c341473)

SUMMARY: AddressSanitizer: heap-buffer-overflow (/tmp/asan_pair4_a3_vulnerable_7bqx_s99/target/debug/deps/pair4_a3_vulnerable-d0cbb8f68f205ace+0x122899) (BuildId: 7f16d1032873155abbcd2b080b2418587c341473) 
Shadow bytes around the buggy address:
  0x6f22265e3d80: fa fa fa fa fa fa fa fa fa fa fa fa fa fa fa fa
  0x6f22265e3e00: fa fa fa fa fa fa fa fa fa fa fa fa fa fa fa fa
  0x6f22265e3e80: fa fa fa fa fa fa fa fa fa fa fa fa fa fa fa fa
  0x6f22265e3f00: fa fa fa fa fa fa fa fa fa fa fa fa fa fa fa fa
  0x6f22265e3f80: fa fa fa fa fa fa fa fa fa fa fa fa fa fa fa fa
=>0x6f22265e4000: fa fa[03]fa fa fa fa fa fa fa fa fa fa fa fa fa
  0x6f22265e4080: fa fa fa fa fa fa fa fa fa fa fa fa fa fa fa fa
  0x6f22265e4100: fa fa fa fa fa fa fa fa fa fa fa fa fa fa fa fa
  0x6f22265e4180: fa fa fa fa fa fa fa fa fa fa fa fa fa fa fa fa
  0x6f22265e4200: fa fa fa fa fa fa fa fa fa fa fa fa fa fa fa fa
  0x6f22265e4280: fa fa fa fa fa fa fa fa fa fa fa fa fa fa fa fa
Shadow byte legend (one shadow byte represents 8 application bytes):
  Addressable:           00
  Partially addressable: 01 02 03 04 05 06 07 
  Heap left redzone:       fa
  Freed heap region:       fd
  Stack left redzone:      f1
  Stack mid redzone:       f2
  Stack right redzone:     f3
  Stack after return:      f5
  Stack use after scope:   f8
  Global redzone:          f9
  Global init order:       f6
  Poisoned by user:        f7
  Container overflow:      fc
  Array cookie:            ac
  Intra object redzone:    bb
  ASan internal:           fe
  Left alloca redzone:     ca
  Right alloca redzone:    cb
==4115968==ABORTING
error: test failed, to rerun pass `--lib`

Caused by:
  process didn't exit successfully: `/tmp/asan_pair4_a3_vulnerable_7bqx_s99/target/debug/deps/pair4_a3_vulnerable-d0cbb8f68f205ace --nocapture` (exit status: 1)
