$ (cwd=/tmp/asan_pair9_a2_vulnerable_hnhpx4m0) cargo +nightly test --lib -- --nocapture

   Compiling pair9_a2_vulnerable v0.1.0 (/tmp/asan_pair9_a2_vulnerable_hnhpx4m0)
error[E0277]: `*const u8` cannot be shared between threads safely
  --> src/lib.rs:16:36
   |
16 |           let handle = thread::spawn(move || {
   |  ______________________-------------_^
   | |                      |
   | |                      required by a bound introduced by this call
17 | |             unsafe {
18 | |                 let slice = clone.as_slice();
19 | |                 slice.iter().map(|&b| b as u32).sum::<u32>()
20 | |             }
21 | |         });
   | |_________^ `*const u8` cannot be shared between threads safely
   |
   = help: within `Data`, the trait `Sync` is not implemented for `*const u8`
note: required because it appears within the type `Data`
  --> src/lib.rs:3:8
   |
 3 | struct Data {
   |        ^^^^
   = note: required for `Arc<Data>` to implement `Send`
note: required because it's used within this closure
  --> src/lib.rs:16:36
   |
16 |         let handle = thread::spawn(move || {
   |                                    ^^^^^^^
note: required by a bound in `spawn`
  --> /rustc/fa3155a644dd62e865825087b403646be01d4cef/library/std/src/thread/mod.rs:723:1

error[E0277]: `*const u8` cannot be sent between threads safely
  --> src/lib.rs:16:36
   |
16 |           let handle = thread::spawn(move || {
   |  ______________________-------------_^
   | |                      |
   | |                      required by a bound introduced by this call
17 | |             unsafe {
18 | |                 let slice = clone.as_slice();
19 | |                 slice.iter().map(|&b| b as u32).sum::<u32>()
20 | |             }
21 | |         });
   | |_________^ `*const u8` cannot be sent between threads safely
   |
   = help: within `Data`, the trait `Send` is not implemented for `*const u8`
note: required because it appears within the type `Data`
  --> src/lib.rs:3:8
   |
 3 | struct Data {
   |        ^^^^
   = note: required for `Arc<Data>` to implement `Send`
note: required because it's used within this closure
  --> src/lib.rs:16:36
   |
16 |         let handle = thread::spawn(move || {
   |                                    ^^^^^^^
note: required by a bound in `spawn`
  --> /rustc/fa3155a644dd62e865825087b403646be01d4cef/library/std/src/thread/mod.rs:723:1

For more information about this error, try `rustc --explain E0277`.
error: could not compile `pair9_a2_vulnerable` (lib test) due to 2 previous errors
