$ (cwd=/tmp/asan_pair11_a3_vulnerable_dnjjn5r6) cargo +nightly test --lib -- --nocapture

   Compiling pair11_a3_vulnerable v0.1.0 (/tmp/asan_pair11_a3_vulnerable_dnjjn5r6)
    Finished `test` profile [unoptimized + debuginfo] target(s) in 0.18s
     Running unittests src/lib.rs (target/debug/deps/pair11_a3_vulnerable-73a945536955b500)

running 1 test
=================================================================
==4162888==ERROR: AddressSanitizer: attempting double-free on 0x7401d29e4010 in thread T1:
    #0 0x60dbf09059d6  (/tmp/asan_pair11_a3_vulnerable_dnjjn5r6/target/debug/deps/pair11_a3_vulnerable-73a945536955b500+0xf19d6) (BuildId: cd1812823ec8b0a18b0d3e5ff1b7d6b8e6ce4ff3)
    #1 0x60dbf0936e7a  (/tmp/asan_pair11_a3_vulnerable_dnjjn5r6/target/debug/deps/pair11_a3_vulnerable-73a945536955b500+0x122e7a) (BuildId: cd1812823ec8b0a18b0d3e5ff1b7d6b8e6ce4ff3)
    #2 0x60dbf0934a93  (/tmp/asan_pair11_a3_vulnerable_dnjjn5r6/target/debug/deps/pair11_a3_vulnerable-73a945536955b500+0x120a93) (BuildId: cd1812823ec8b0a18b0d3e5ff1b7d6b8e6ce4ff3)
    #3 0x60dbf09348c0  (/tmp/asan_pair11_a3_vulnerable_dnjjn5r6/target/debug/deps/pair11_a3_vulnerable-73a945536955b500+0x1208c0) (BuildId: cd1812823ec8b0a18b0d3e5ff1b7d6b8e6ce4ff3)
    #4 0x60dbf09375aa  (/tmp/asan_pair11_a3_vulnerable_dnjjn5r6/target/debug/deps/pair11_a3_vulnerable-73a945536955b500+0x1235aa) (BuildId: cd1812823ec8b0a18b0d3e5ff1b7d6b8e6ce4ff3)
    #5 0x60dbf09352da  (/tmp/asan_pair11_a3_vulnerable_dnjjn5r6/target/debug/deps/pair11_a3_vulnerable-73a945536955b500+0x1212da) (BuildId: cd1812823ec8b0a18b0d3e5ff1b7d6b8e6ce4ff3)
    #6 0x60dbf09351cb  (/tmp/asan_pair11_a3_vulnerable_dnjjn5r6/target/debug/deps/pair11_a3_vulnerable-73a945536955b500+0x1211cb) (BuildId: cd1812823ec8b0a18b0d3e5ff1b7d6b8e6ce4ff3)
    #7 0x60dbf093585c  (/tmp/asan_pair11_a3_vulnerable_dnjjn5r6/target/debug/deps/pair11_a3_vulnerable-73a945536955b500+0x12185c) (BuildId: cd1812823ec8b0a18b0d3e5ff1b7d6b8e6ce4ff3)
    #8 0x60dbf0936386  (/tmp/asan_pair11_a3_vulnerable_dnjjn5r6/target/debug/deps/pair11_a3_vulnerable-73a945536955b500+0x122386) (BuildId: cd1812823ec8b0a18b0d3e5ff1b7d6b8e6ce4ff3)
    #9 0x60dbf0934825  (/tmp/asan_pair11_a3_vulnerable_dnjjn5r6/target/debug/deps/pair11_a3_vulnerable-73a945536955b500+0x120825) (BuildId: cd1812823ec8b0a18b0d3e5ff1b7d6b8e6ce4ff3)
    #10 0x60dbf09584aa  (/tmp/asan_pair11_a3_vulnerable_dnjjn5r6/target/debug/deps/pair11_a3_vulnerable-73a945536955b500+0x1444aa) (BuildId: cd1812823ec8b0a18b0d3e5ff1b7d6b8e6ce4ff3)
    #11 0x60dbf096de94  (/tmp/asan_pair11_a3_vulnerable_dnjjn5r6/target/debug/deps/pair11_a3_vulnerable-73a945536955b500+0x159e94) (BuildId: cd1812823ec8b0a18b0d3e5ff1b7d6b8e6ce4ff3)
    #12 0x60dbf09448b3  (/tmp/asan_pair11_a3_vulnerable_dnjjn5r6/target/debug/deps/pair11_a3_vulnerable-73a945536955b500+0x1308b3) (BuildId: cd1812823ec8b0a18b0d3e5ff1b7d6b8e6ce4ff3)
    #13 0x60dbf0948299  (/tmp/asan_pair11_a3_vulnerable_dnjjn5r6/target/debug/deps/pair11_a3_vulnerable-73a945536955b500+0x134299) (BuildId: cd1812823ec8b0a18b0d3e5ff1b7d6b8e6ce4ff3)
    #14 0x60dbf098debe  (/tmp/asan_pair11_a3_vulnerable_dnjjn5r6/target/debug/deps/pair11_a3_vulnerable-73a945536955b500+0x179ebe) (BuildId: cd1812823ec8b0a18b0d3e5ff1b7d6b8e6ce4ff3)
    #15 0x60dbf0903b36  (/tmp/asan_pair11_a3_vulnerable_dnjjn5r6/target/debug/deps/pair11_a3_vulnerable-73a945536955b500+0xefb36) (BuildId: cd1812823ec8b0a18b0d3e5ff1b7d6b8e6ce4ff3)
    #16 0x77e1d3894ac2  (/lib/x86_64-linux-gnu/libc.so.6+0x94ac2) (BuildId: d5197096f709801829b118af1b7cf6631efa2dcd)
    #17 0x77e1d392684f  (/lib/x86_64-linux-gnu/libc.so.6+0x12684f) (BuildId: d5197096f709801829b118af1b7cf6631efa2dcd)

0x7401d29e4010 is located 0 bytes inside of 4-byte region [0x7401d29e4010,0x7401d29e4014)
freed by thread T1 here:
    #0 0x60dbf09059d6  (/tmp/asan_pair11_a3_vulnerable_dnjjn5r6/target/debug/deps/pair11_a3_vulnerable-73a945536955b500+0xf19d6) (BuildId: cd1812823ec8b0a18b0d3e5ff1b7d6b8e6ce4ff3)
    #1 0x60dbf0936e7a  (/tmp/asan_pair11_a3_vulnerable_dnjjn5r6/target/debug/deps/pair11_a3_vulnerable-73a945536955b500+0x122e7a) (BuildId: cd1812823ec8b0a18b0d3e5ff1b7d6b8e6ce4ff3)
    #2 0x60dbf0934a93  (/tmp/asan_pair11_a3_vulnerable_dnjjn5r6/target/debug/deps/pair11_a3_vulnerable-73a945536955b500+0x120a93) (BuildId: cd1812823ec8b0a18b0d3e5ff1b7d6b8e6ce4ff3)
    #3 0x60dbf09348c0  (/tmp/asan_pair11_a3_vulnerable_dnjjn5r6/target/debug/deps/pair11_a3_vulnerable-73a945536955b500+0x1208c0) (BuildId: cd1812823ec8b0a18b0d3e5ff1b7d6b8e6ce4ff3)
    #4 0x60dbf09352da  (/tmp/asan_pair11_a3_vulnerable_dnjjn5r6/target/debug/deps/pair11_a3_vulnerable-73a945536955b500+0x1212da) (BuildId: cd1812823ec8b0a18b0d3e5ff1b7d6b8e6ce4ff3)
    #5 0x60dbf093585c  (/tmp/asan_pair11_a3_vulnerable_dnjjn5r6/target/debug/deps/pair11_a3_vulnerable-73a945536955b500+0x12185c) (BuildId: cd1812823ec8b0a18b0d3e5ff1b7d6b8e6ce4ff3)
    #6 0x60dbf0936386  (/tmp/asan_pair11_a3_vulnerable_dnjjn5r6/target/debug/deps/pair11_a3_vulnerable-73a945536955b500+0x122386) (BuildId: cd1812823ec8b0a18b0d3e5ff1b7d6b8e6ce4ff3)
    #7 0x60dbf096de94  (/tmp/asan_pair11_a3_vulnerable_dnjjn5r6/target/debug/deps/pair11_a3_vulnerable-73a945536955b500+0x159e94) (BuildId: cd1812823ec8b0a18b0d3e5ff1b7d6b8e6ce4ff3)
    #8 0x60dbf09448b3  (/tmp/asan_pair11_a3_vulnerable_dnjjn5r6/target/debug/deps/pair11_a3_vulnerable-73a945536955b500+0x1308b3) (BuildId: cd1812823ec8b0a18b0d3e5ff1b7d6b8e6ce4ff3)
    #9 0x60dbf0948299  (/tmp/asan_pair11_a3_vulnerable_dnjjn5r6/target/debug/deps/pair11_a3_vulnerable-73a945536955b500+0x134299) (BuildId: cd1812823ec8b0a18b0d3e5ff1b7d6b8e6ce4ff3)
    #10 0x60dbf098debe  (/tmp/asan_pair11_a3_vulnerable_dnjjn5r6/target/debug/deps/pair11_a3_vulnerable-73a945536955b500+0x179ebe) (BuildId: cd1812823ec8b0a18b0d3e5ff1b7d6b8e6ce4ff3)
    #11 0x60dbf0903b36  (/tmp/asan_pair11_a3_vulnerable_dnjjn5r6/target/debug/deps/pair11_a3_vulnerable-73a945536955b500+0xefb36) (BuildId: cd1812823ec8b0a18b0d3e5ff1b7d6b8e6ce4ff3)

previously allocated by thread T1 here:
    #0 0x60dbf0905c74  (/tmp/asan_pair11_a3_vulnerable_dnjjn5r6/target/debug/deps/pair11_a3_vulnerable-73a945536955b500+0xf1c74) (BuildId: cd1812823ec8b0a18b0d3e5ff1b7d6b8e6ce4ff3)
    #1 0x60dbf0936b63  (/tmp/asan_pair11_a3_vulnerable_dnjjn5r6/target/debug/deps/pair11_a3_vulnerable-73a945536955b500+0x122b63) (BuildId: cd1812823ec8b0a18b0d3e5ff1b7d6b8e6ce4ff3)
    #2 0x60dbf0936864  (/tmp/asan_pair11_a3_vulnerable_dnjjn5r6/target/debug/deps/pair11_a3_vulnerable-73a945536955b500+0x122864) (BuildId: cd1812823ec8b0a18b0d3e5ff1b7d6b8e6ce4ff3)
    #3 0x60dbf093585c  (/tmp/asan_pair11_a3_vulnerable_dnjjn5r6/target/debug/deps/pair11_a3_vulnerable-73a945536955b500+0x12185c) (BuildId: cd1812823ec8b0a18b0d3e5ff1b7d6b8e6ce4ff3)
    #4 0x60dbf0936386  (/tmp/asan_pair11_a3_vulnerable_dnjjn5r6/target/debug/deps/pair11_a3_vulnerable-73a945536955b500+0x122386) (BuildId: cd1812823ec8b0a18b0d3e5ff1b7d6b8e6ce4ff3)
    #5 0x60dbf096de94  (/tmp/asan_pair11_a3_vulnerable_dnjjn5r6/target/debug/deps/pair11_a3_vulnerable-73a945536955b500+0x159e94) (BuildId: cd1812823ec8b0a18b0d3e5ff1b7d6b8e6ce4ff3)
    #6 0x60dbf09448b3  (/tmp/asan_pair11_a3_vulnerable_dnjjn5r6/target/debug/deps/pair11_a3_vulnerable-73a945536955b500+0x1308b3) (BuildId: cd1812823ec8b0a18b0d3e5ff1b7d6b8e6ce4ff3)
    #7 0x60dbf0948299  (/tmp/asan_pair11_a3_vulnerable_dnjjn5r6/target/debug/deps/pair11_a3_vulnerable-73a945536955b500+0x134299) (BuildId: cd1812823ec8b0a18b0d3e5ff1b7d6b8e6ce4ff3)
    #8 0x60dbf098debe  (/tmp/asan_pair11_a3_vulnerable_dnjjn5r6/target/debug/deps/pair11_a3_vulnerable-73a945536955b500+0x179ebe) (BuildId: cd1812823ec8b0a18b0d3e5ff1b7d6b8e6ce4ff3)
    #9 0x60dbf0903b36  (/tmp/asan_pair11_a3_vulnerable_dnjjn5r6/target/debug/deps/pair11_a3_vulnerable-73a945536955b500+0xefb36) (BuildId: cd1812823ec8b0a18b0d3e5ff1b7d6b8e6ce4ff3)

Thread T1 created by T0 here:
    #0 0x60dbf08ea561  (/tmp/asan_pair11_a3_vulnerable_dnjjn5r6/target/debug/deps/pair11_a3_vulnerable-73a945536955b500+0xd6561) (BuildId: cd1812823ec8b0a18b0d3e5ff1b7d6b8e6ce4ff3)
    #1 0x60dbf098e0df  (/tmp/asan_pair11_a3_vulnerable_dnjjn5r6/target/debug/deps/pair11_a3_vulnerable-73a945536955b500+0x17a0df) (BuildId: cd1812823ec8b0a18b0d3e5ff1b7d6b8e6ce4ff3)
    #2 0x60dbf096ca0d  (/tmp/asan_pair11_a3_vulnerable_dnjjn5r6/target/debug/deps/pair11_a3_vulnerable-73a945536955b500+0x158a0d) (BuildId: cd1812823ec8b0a18b0d3e5ff1b7d6b8e6ce4ff3)
    #3 0x60dbf0965d54  (/tmp/asan_pair11_a3_vulnerable_dnjjn5r6/target/debug/deps/pair11_a3_vulnerable-73a945536955b500+0x151d54) (BuildId: cd1812823ec8b0a18b0d3e5ff1b7d6b8e6ce4ff3)
    #4 0x60dbf096f395  (/tmp/asan_pair11_a3_vulnerable_dnjjn5r6/target/debug/deps/pair11_a3_vulnerable-73a945536955b500+0x15b395) (BuildId: cd1812823ec8b0a18b0d3e5ff1b7d6b8e6ce4ff3)
    #5 0x60dbf09580ea  (/tmp/asan_pair11_a3_vulnerable_dnjjn5r6/target/debug/deps/pair11_a3_vulnerable-73a945536955b500+0x1440ea) (BuildId: cd1812823ec8b0a18b0d3e5ff1b7d6b8e6ce4ff3)
    #6 0x60dbf09350e2  (/tmp/asan_pair11_a3_vulnerable_dnjjn5r6/target/debug/deps/pair11_a3_vulnerable-73a945536955b500+0x1210e2) (BuildId: cd1812823ec8b0a18b0d3e5ff1b7d6b8e6ce4ff3)
    #7 0x60dbf09371ff  (/tmp/asan_pair11_a3_vulnerable_dnjjn5r6/target/debug/deps/pair11_a3_vulnerable-73a945536955b500+0x1231ff) (BuildId: cd1812823ec8b0a18b0d3e5ff1b7d6b8e6ce4ff3)
    #8 0x60dbf09353ad  (/tmp/asan_pair11_a3_vulnerable_dnjjn5r6/target/debug/deps/pair11_a3_vulnerable-73a945536955b500+0x1213ad) (BuildId: cd1812823ec8b0a18b0d3e5ff1b7d6b8e6ce4ff3)

SUMMARY: AddressSanitizer: double-free (/tmp/asan_pair11_a3_vulnerable_dnjjn5r6/target/debug/deps/pair11_a3_vulnerable-73a945536955b500+0xf19d6) (BuildId: cd1812823ec8b0a18b0d3e5ff1b7d6b8e6ce4ff3) 

thread 'tests::test_resource_handling' (4162889) panicked at src/lib.rs:57:9:
Resource handling failed due to double free vulnerability
note: run with `RUST_BACKTRACE=1` environment variable to display a backtrace
test tests::test_resource_handling ... FAILED

failures:

failures:
    tests::test_resource_handling

test result: FAILED. 0 passed; 1 failed; 0 ignored; 0 measured; 0 filtered out; finished in 0.00s

error: test failed, to rerun pass `--lib`
