$ (cwd=/tmp/asan_pair14_a3_vulnerable_id7hbi8u) cargo +nightly test --lib -- --nocapture

   Compiling pair14_a3_vulnerable v0.1.0 (/tmp/asan_pair14_a3_vulnerable_id7hbi8u)
    Finished `test` profile [unoptimized + debuginfo] target(s) in 0.26s
     Running unittests src/lib.rs (target/debug/deps/pair14_a3_vulnerable-4ae099670bd0dcec)

running 1 test
=================================================================
==4129814==ERROR: AddressSanitizer: heap-buffer-overflow on address 0x6e0cbcfe2078 at pc 0x5e91795fc5b1 bp 0x6dccb9cf4570 sp 0x6dccb9cf4568
WRITE of size 4 at 0x6e0cbcfe2078 thread T2
    #0 0x5e91795fc5b0  (/tmp/asan_pair14_a3_vulnerable_id7hbi8u/target/debug/deps/pair14_a3_vulnerable-4ae099670bd0dcec+0x1385b0) (BuildId: 522cbeaf09cff5cdf3ac04c09421fd05e3b1e4e8)
    #1 0x5e91795f38ac  (/tmp/asan_pair14_a3_vulnerable_id7hbi8u/target/debug/deps/pair14_a3_vulnerable-4ae099670bd0dcec+0x12f8ac) (BuildId: 522cbeaf09cff5cdf3ac04c09421fd05e3b1e4e8)
    #2 0x5e91795eef62  (/tmp/asan_pair14_a3_vulnerable_id7hbi8u/target/debug/deps/pair14_a3_vulnerable-4ae099670bd0dcec+0x12af62) (BuildId: 522cbeaf09cff5cdf3ac04c09421fd05e3b1e4e8)
    #3 0x5e91795f2423  (/tmp/asan_pair14_a3_vulnerable_id7hbi8u/target/debug/deps/pair14_a3_vulnerable-4ae099670bd0dcec+0x12e423) (BuildId: 522cbeaf09cff5cdf3ac04c09421fd05e3b1e4e8)
    #4 0x5e91795f625f  (/tmp/asan_pair14_a3_vulnerable_id7hbi8u/target/debug/deps/pair14_a3_vulnerable-4ae099670bd0dcec+0x13225f) (BuildId: 522cbeaf09cff5cdf3ac04c09421fd05e3b1e4e8)
    #5 0x5e91795ebd40  (/tmp/asan_pair14_a3_vulnerable_id7hbi8u/target/debug/deps/pair14_a3_vulnerable-4ae099670bd0dcec+0x127d40) (BuildId: 522cbeaf09cff5cdf3ac04c09421fd05e3b1e4e8)
    #6 0x5e91795f26fa  (/tmp/asan_pair14_a3_vulnerable_id7hbi8u/target/debug/deps/pair14_a3_vulnerable-4ae099670bd0dcec+0x12e6fa) (BuildId: 522cbeaf09cff5cdf3ac04c09421fd05e3b1e4e8)
    #7 0x5e91795f1bd6  (/tmp/asan_pair14_a3_vulnerable_id7hbi8u/target/debug/deps/pair14_a3_vulnerable-4ae099670bd0dcec+0x12dbd6) (BuildId: 522cbeaf09cff5cdf3ac04c09421fd05e3b1e4e8)
    #8 0x5e91795f8c1d  (/tmp/asan_pair14_a3_vulnerable_id7hbi8u/target/debug/deps/pair14_a3_vulnerable-4ae099670bd0dcec+0x134c1d) (BuildId: 522cbeaf09cff5cdf3ac04c09421fd05e3b1e4e8)
    #9 0x5e9179655e8e  (/tmp/asan_pair14_a3_vulnerable_id7hbi8u/target/debug/deps/pair14_a3_vulnerable-4ae099670bd0dcec+0x191e8e) (BuildId: 522cbeaf09cff5cdf3ac04c09421fd05e3b1e4e8)
    #10 0x5e91795bb446  (/tmp/asan_pair14_a3_vulnerable_id7hbi8u/target/debug/deps/pair14_a3_vulnerable-4ae099670bd0dcec+0xf7446) (BuildId: 522cbeaf09cff5cdf3ac04c09421fd05e3b1e4e8)
    #11 0x71ccbde94ac2  (/lib/x86_64-linux-gnu/libc.so.6+0x94ac2) (BuildId: d5197096f709801829b118af1b7cf6631efa2dcd)
    #12 0x71ccbdf2684f  (/lib/x86_64-linux-gnu/libc.so.6+0x12684f) (BuildId: d5197096f709801829b118af1b7cf6631efa2dcd)

0x6e0cbcfe2078 is located 0 bytes after 40-byte region [0x6e0cbcfe2050,0x6e0cbcfe2078)
allocated by thread T1 here:
    #0 0x5e91795bd949  (/tmp/asan_pair14_a3_vulnerable_id7hbi8u/target/debug/deps/pair14_a3_vulnerable-4ae099670bd0dcec+0xf9949) (BuildId: 522cbeaf09cff5cdf3ac04c09421fd05e3b1e4e8)
    #1 0x5e9179686407  (/tmp/asan_pair14_a3_vulnerable_id7hbi8u/target/debug/deps/pair14_a3_vulnerable-4ae099670bd0dcec+0x1c2407) (BuildId: 522cbeaf09cff5cdf3ac04c09421fd05e3b1e4e8)
    #2 0x5e91795ff547  (/tmp/asan_pair14_a3_vulnerable_id7hbi8u/target/debug/deps/pair14_a3_vulnerable-4ae099670bd0dcec+0x13b547) (BuildId: 522cbeaf09cff5cdf3ac04c09421fd05e3b1e4e8)
    #3 0x5e91795f4688  (/tmp/asan_pair14_a3_vulnerable_id7hbi8u/target/debug/deps/pair14_a3_vulnerable-4ae099670bd0dcec+0x130688) (BuildId: 522cbeaf09cff5cdf3ac04c09421fd05e3b1e4e8)
    #4 0x5e91795fbe4f  (/tmp/asan_pair14_a3_vulnerable_id7hbi8u/target/debug/deps/pair14_a3_vulnerable-4ae099670bd0dcec+0x137e4f) (BuildId: 522cbeaf09cff5cdf3ac04c09421fd05e3b1e4e8)
    #5 0x5e91795f5e84  (/tmp/asan_pair14_a3_vulnerable_id7hbi8u/target/debug/deps/pair14_a3_vulnerable-4ae099670bd0dcec+0x131e84) (BuildId: 522cbeaf09cff5cdf3ac04c09421fd05e3b1e4e8)
    #6 0x5e91795eeba6  (/tmp/asan_pair14_a3_vulnerable_id7hbi8u/target/debug/deps/pair14_a3_vulnerable-4ae099670bd0dcec+0x12aba6) (BuildId: 522cbeaf09cff5cdf3ac04c09421fd05e3b1e4e8)
    #7 0x5e9179635e64  (/tmp/asan_pair14_a3_vulnerable_id7hbi8u/target/debug/deps/pair14_a3_vulnerable-4ae099670bd0dcec+0x171e64) (BuildId: 522cbeaf09cff5cdf3ac04c09421fd05e3b1e4e8)
    #8 0x5e917960c883  (/tmp/asan_pair14_a3_vulnerable_id7hbi8u/target/debug/deps/pair14_a3_vulnerable-4ae099670bd0dcec+0x148883) (BuildId: 522cbeaf09cff5cdf3ac04c09421fd05e3b1e4e8)
    #9 0x5e9179610269  (/tmp/asan_pair14_a3_vulnerable_id7hbi8u/target/debug/deps/pair14_a3_vulnerable-4ae099670bd0dcec+0x14c269) (BuildId: 522cbeaf09cff5cdf3ac04c09421fd05e3b1e4e8)
    #10 0x5e9179655e8e  (/tmp/asan_pair14_a3_vulnerable_id7hbi8u/target/debug/deps/pair14_a3_vulnerable-4ae099670bd0dcec+0x191e8e) (BuildId: 522cbeaf09cff5cdf3ac04c09421fd05e3b1e4e8)
    #11 0x5e91795bb446  (/tmp/asan_pair14_a3_vulnerable_id7hbi8u/target/debug/deps/pair14_a3_vulnerable-4ae099670bd0dcec+0xf7446) (BuildId: 522cbeaf09cff5cdf3ac04c09421fd05e3b1e4e8)

Thread T2 created by T1 here:
    #0 0x5e91795a1e71  (/tmp/asan_pair14_a3_vulnerable_id7hbi8u/target/debug/deps/pair14_a3_vulnerable-4ae099670bd0dcec+0xdde71) (BuildId: 522cbeaf09cff5cdf3ac04c09421fd05e3b1e4e8)
    #1 0x5e91796560af  (/tmp/asan_pair14_a3_vulnerable_id7hbi8u/target/debug/deps/pair14_a3_vulnerable-4ae099670bd0dcec+0x1920af) (BuildId: 522cbeaf09cff5cdf3ac04c09421fd05e3b1e4e8)
    #2 0x5e91795f0f35  (/tmp/asan_pair14_a3_vulnerable_id7hbi8u/target/debug/deps/pair14_a3_vulnerable-4ae099670bd0dcec+0x12cf35) (BuildId: 522cbeaf09cff5cdf3ac04c09421fd05e3b1e4e8)
    #3 0x5e91795f020f  (/tmp/asan_pair14_a3_vulnerable_id7hbi8u/target/debug/deps/pair14_a3_vulnerable-4ae099670bd0dcec+0x12c20f) (BuildId: 522cbeaf09cff5cdf3ac04c09421fd05e3b1e4e8)
    #4 0x5e91795fbf1e  (/tmp/asan_pair14_a3_vulnerable_id7hbi8u/target/debug/deps/pair14_a3_vulnerable-4ae099670bd0dcec+0x137f1e) (BuildId: 522cbeaf09cff5cdf3ac04c09421fd05e3b1e4e8)
    #5 0x5e91795f5e84  (/tmp/asan_pair14_a3_vulnerable_id7hbi8u/target/debug/deps/pair14_a3_vulnerable-4ae099670bd0dcec+0x131e84) (BuildId: 522cbeaf09cff5cdf3ac04c09421fd05e3b1e4e8)
    #6 0x5e91795eeba6  (/tmp/asan_pair14_a3_vulnerable_id7hbi8u/target/debug/deps/pair14_a3_vulnerable-4ae099670bd0dcec+0x12aba6) (BuildId: 522cbeaf09cff5cdf3ac04c09421fd05e3b1e4e8)
    #7 0x5e9179635e64  (/tmp/asan_pair14_a3_vulnerable_id7hbi8u/target/debug/deps/pair14_a3_vulnerable-4ae099670bd0dcec+0x171e64) (BuildId: 522cbeaf09cff5cdf3ac04c09421fd05e3b1e4e8)
    #8 0x5e917960c883  (/tmp/asan_pair14_a3_vulnerable_id7hbi8u/target/debug/deps/pair14_a3_vulnerable-4ae099670bd0dcec+0x148883) (BuildId: 522cbeaf09cff5cdf3ac04c09421fd05e3b1e4e8)
    #9 0x5e9179610269  (/tmp/asan_pair14_a3_vulnerable_id7hbi8u/target/debug/deps/pair14_a3_vulnerable-4ae099670bd0dcec+0x14c269) (BuildId: 522cbeaf09cff5cdf3ac04c09421fd05e3b1e4e8)
    #10 0x5e9179655e8e  (/tmp/asan_pair14_a3_vulnerable_id7hbi8u/target/debug/deps/pair14_a3_vulnerable-4ae099670bd0dcec+0x191e8e) (BuildId: 522cbeaf09cff5cdf3ac04c09421fd05e3b1e4e8)
    #11 0x5e91795bb446  (/tmp/asan_pair14_a3_vulnerable_id7hbi8u/target/debug/deps/pair14_a3_vulnerable-4ae099670bd0dcec+0xf7446) (BuildId: 522cbeaf09cff5cdf3ac04c09421fd05e3b1e4e8)

Thread T1 created by T0 here:
    #0 0x5e91795a1e71  (/tmp/asan_pair14_a3_vulnerable_id7hbi8u/target/debug/deps/pair14_a3_vulnerable-4ae099670bd0dcec+0xdde71) (BuildId: 522cbeaf09cff5cdf3ac04c09421fd05e3b1e4e8)
    #1 0x5e91796560af  (/tmp/asan_pair14_a3_vulnerable_id7hbi8u/target/debug/deps/pair14_a3_vulnerable-4ae099670bd0dcec+0x1920af) (BuildId: 522cbeaf09cff5cdf3ac04c09421fd05e3b1e4e8)
    #2 0x5e91796349dd  (/tmp/asan_pair14_a3_vulnerable_id7hbi8u/target/debug/deps/pair14_a3_vulnerable-4ae099670bd0dcec+0x1709dd) (BuildId: 522cbeaf09cff5cdf3ac04c09421fd05e3b1e4e8)
    #3 0x5e917962dd24  (/tmp/asan_pair14_a3_vulnerable_id7hbi8u/target/debug/deps/pair14_a3_vulnerable-4ae099670bd0dcec+0x169d24) (BuildId: 522cbeaf09cff5cdf3ac04c09421fd05e3b1e4e8)
    #4 0x5e9179637365  (/tmp/asan_pair14_a3_vulnerable_id7hbi8u/target/debug/deps/pair14_a3_vulnerable-4ae099670bd0dcec+0x173365) (BuildId: 522cbeaf09cff5cdf3ac04c09421fd05e3b1e4e8)
    #5 0x5e91796200ba  (/tmp/asan_pair14_a3_vulnerable_id7hbi8u/target/debug/deps/pair14_a3_vulnerable-4ae099670bd0dcec+0x15c0ba) (BuildId: 522cbeaf09cff5cdf3ac04c09421fd05e3b1e4e8)
    #6 0x5e91795fbc82  (/tmp/asan_pair14_a3_vulnerable_id7hbi8u/target/debug/deps/pair14_a3_vulnerable-4ae099670bd0dcec+0x137c82) (BuildId: 522cbeaf09cff5cdf3ac04c09421fd05e3b1e4e8)
    #7 0x5e91795f529f  (/tmp/asan_pair14_a3_vulnerable_id7hbi8u/target/debug/deps/pair14_a3_vulnerable-4ae099670bd0dcec+0x13129f) (BuildId: 522cbeaf09cff5cdf3ac04c09421fd05e3b1e4e8)
    #8 0x5e91795fc8bd  (/tmp/asan_pair14_a3_vulnerable_id7hbi8u/target/debug/deps/pair14_a3_vulnerable-4ae099670bd0dcec+0x1388bd) (BuildId: 522cbeaf09cff5cdf3ac04c09421fd05e3b1e4e8)

SUMMARY: AddressSanitizer: heap-buffer-overflow (/tmp/asan_pair14_a3_vulnerable_id7hbi8u/target/debug/deps/pair14_a3_vulnerable-4ae099670bd0dcec+0x1385b0) (BuildId: 522cbeaf09cff5cdf3ac04c09421fd05e3b1e4e8) 
Shadow bytes around the buggy address:
  0x6e0cbcfe1d80: fa fa fa fa fa fa fa fa fa fa fa fa fa fa fa fa
  0x6e0cbcfe1e00: fa fa fa fa fa fa fa fa fa fa fa fa fa fa fa fa
  0x6e0cbcfe1e80: fa fa fa fa fa fa fa fa fa fa fa fa fa fa fa fa
  0x6e0cbcfe1f00: fa fa fa fa fa fa fa fa fa fa fa fa fa fa fa fa
  0x6e0cbcfe1f80: fa fa fa fa fa fa fa fa fa fa fa fa fa fa fa fa
=>0x6e0cbcfe2000: fa fa 00 00 00 00 00 00 fa fa 00 00 00 00 00[fa]
  0x6e0cbcfe2080: fa fa 00 00 00 00 00 fa fa fa 00 00 00 00 00 00
  0x6e0cbcfe2100: fa fa 00 00 00 00 00 00 fa fa fa fa fa fa fa fa
  0x6e0cbcfe2180: fa fa fa fa fa fa fa fa fa fa fa fa fa fa fa fa
  0x6e0cbcfe2200: fa fa fa fa fa fa fa fa fa fa fa fa fa fa fa fa
  0x6e0cbcfe2280: fa fa fa fa fa fa fa fa fa fa fa fa fa fa fa fa
Shadow byte legend (one shadow byte represents 8 application bytes):
  Addressable:           00
  Partially addressable: 01 02 03 04 05 06 07 
  Heap left redzone:       fa
  Freed heap region:       fd
  Stack left redzone:      f1
  Stack mid redzone:       f2
  Stack right redzone:     f3
  Stack after return:      f5
  Stack use after scope:   f8
  Global redzone:          f9
  Global init order:       f6
  Poisoned by user:        f7
  Container overflow:      fc
  Array cookie:            ac
  Intra object redzone:    bb
  ASan internal:           fe
  Left alloca redzone:     ca
  Right alloca redzone:    cb
==4129814==ABORTING
error: test failed, to rerun pass `--lib`

Caused by:
  process didn't exit successfully: `/tmp/asan_pair14_a3_vulnerable_id7hbi8u/target/debug/deps/pair14_a3_vulnerable-4ae099670bd0dcec --nocapture` (exit status: 1)
