$ (cwd=/tmp/asan_pair17_a1_vulnerable_zjo619oi) cargo +nightly test --lib -- --nocapture

   Compiling pair17_a1_vulnerable v0.1.0 (/tmp/asan_pair17_a1_vulnerable_zjo619oi)
    Finished `test` profile [unoptimized + debuginfo] target(s) in 0.21s
     Running unittests src/lib.rs (target/debug/deps/pair17_a1_vulnerable-4cbd48b131ba2c40)

running 1 test
=================================================================
==3723614==ERROR: AddressSanitizer: heap-buffer-overflow on address 0x767cf99e4035 at pc 0x6172c62ad956 bp 0x765cf73fe100 sp 0x765cf73fe0f8
WRITE of size 1 at 0x767cf99e4035 thread T1
    #0 0x6172c62ad955  (/tmp/asan_pair17_a1_vulnerable_zjo619oi/target/debug/deps/pair17_a1_vulnerable-4cbd48b131ba2c40+0x124955) (BuildId: b8f2ffe845af54bd99172e50d5bb518892ade137)
    #1 0x6172c62aee95  (/tmp/asan_pair17_a1_vulnerable_zjo619oi/target/debug/deps/pair17_a1_vulnerable-4cbd48b131ba2c40+0x125e95) (BuildId: b8f2ffe845af54bd99172e50d5bb518892ade137)
    #2 0x6172c62ac042  (/tmp/asan_pair17_a1_vulnerable_zjo619oi/target/debug/deps/pair17_a1_vulnerable-4cbd48b131ba2c40+0x123042) (BuildId: b8f2ffe845af54bd99172e50d5bb518892ade137)
    #3 0x6172c62ae7c6  (/tmp/asan_pair17_a1_vulnerable_zjo619oi/target/debug/deps/pair17_a1_vulnerable-4cbd48b131ba2c40+0x1257c6) (BuildId: b8f2ffe845af54bd99172e50d5bb518892ade137)
    #4 0x6172c62ad3b5  (/tmp/asan_pair17_a1_vulnerable_zjo619oi/target/debug/deps/pair17_a1_vulnerable-4cbd48b131ba2c40+0x1243b5) (BuildId: b8f2ffe845af54bd99172e50d5bb518892ade137)
    #5 0x6172c62d28da  (/tmp/asan_pair17_a1_vulnerable_zjo619oi/target/debug/deps/pair17_a1_vulnerable-4cbd48b131ba2c40+0x1498da) (BuildId: b8f2ffe845af54bd99172e50d5bb518892ade137)
    #6 0x6172c62e82c4  (/tmp/asan_pair17_a1_vulnerable_zjo619oi/target/debug/deps/pair17_a1_vulnerable-4cbd48b131ba2c40+0x15f2c4) (BuildId: b8f2ffe845af54bd99172e50d5bb518892ade137)
    #7 0x6172c62bece3  (/tmp/asan_pair17_a1_vulnerable_zjo619oi/target/debug/deps/pair17_a1_vulnerable-4cbd48b131ba2c40+0x135ce3) (BuildId: b8f2ffe845af54bd99172e50d5bb518892ade137)
    #8 0x6172c62c26c9  (/tmp/asan_pair17_a1_vulnerable_zjo619oi/target/debug/deps/pair17_a1_vulnerable-4cbd48b131ba2c40+0x1396c9) (BuildId: b8f2ffe845af54bd99172e50d5bb518892ade137)
    #9 0x6172c63082ee  (/tmp/asan_pair17_a1_vulnerable_zjo619oi/target/debug/deps/pair17_a1_vulnerable-4cbd48b131ba2c40+0x17f2ee) (BuildId: b8f2ffe845af54bd99172e50d5bb518892ade137)
    #10 0x6172c627aac6  (/tmp/asan_pair17_a1_vulnerable_zjo619oi/target/debug/deps/pair17_a1_vulnerable-4cbd48b131ba2c40+0xf1ac6) (BuildId: b8f2ffe845af54bd99172e50d5bb518892ade137)
    #11 0x7a5cfa894ac2  (/lib/x86_64-linux-gnu/libc.so.6+0x94ac2) (BuildId: d5197096f709801829b118af1b7cf6631efa2dcd)
    #12 0x7a5cfa92684f  (/lib/x86_64-linux-gnu/libc.so.6+0x12684f) (BuildId: d5197096f709801829b118af1b7cf6631efa2dcd)

0x767cf99e4035 is located 0 bytes after 5-byte region [0x767cf99e4030,0x767cf99e4035)
allocated by thread T1 here:
    #0 0x6172c627cfc9  (/tmp/asan_pair17_a1_vulnerable_zjo619oi/target/debug/deps/pair17_a1_vulnerable-4cbd48b131ba2c40+0xf3fc9) (BuildId: b8f2ffe845af54bd99172e50d5bb518892ade137)
    #1 0x6172c6338867  (/tmp/asan_pair17_a1_vulnerable_zjo619oi/target/debug/deps/pair17_a1_vulnerable-4cbd48b131ba2c40+0x1af867) (BuildId: b8f2ffe845af54bd99172e50d5bb518892ade137)
    #2 0x6172c62b09fe  (/tmp/asan_pair17_a1_vulnerable_zjo619oi/target/debug/deps/pair17_a1_vulnerable-4cbd48b131ba2c40+0x1279fe) (BuildId: b8f2ffe845af54bd99172e50d5bb518892ade137)
    #3 0x6172c62af6ce  (/tmp/asan_pair17_a1_vulnerable_zjo619oi/target/debug/deps/pair17_a1_vulnerable-4cbd48b131ba2c40+0x1266ce) (BuildId: b8f2ffe845af54bd99172e50d5bb518892ade137)
    #4 0x6172c62abfd6  (/tmp/asan_pair17_a1_vulnerable_zjo619oi/target/debug/deps/pair17_a1_vulnerable-4cbd48b131ba2c40+0x122fd6) (BuildId: b8f2ffe845af54bd99172e50d5bb518892ade137)
    #5 0x6172c62ae7c6  (/tmp/asan_pair17_a1_vulnerable_zjo619oi/target/debug/deps/pair17_a1_vulnerable-4cbd48b131ba2c40+0x1257c6) (BuildId: b8f2ffe845af54bd99172e50d5bb518892ade137)
    #6 0x6172c62e82c4  (/tmp/asan_pair17_a1_vulnerable_zjo619oi/target/debug/deps/pair17_a1_vulnerable-4cbd48b131ba2c40+0x15f2c4) (BuildId: b8f2ffe845af54bd99172e50d5bb518892ade137)
    #7 0x6172c62bece3  (/tmp/asan_pair17_a1_vulnerable_zjo619oi/target/debug/deps/pair17_a1_vulnerable-4cbd48b131ba2c40+0x135ce3) (BuildId: b8f2ffe845af54bd99172e50d5bb518892ade137)
    #8 0x6172c62c26c9  (/tmp/asan_pair17_a1_vulnerable_zjo619oi/target/debug/deps/pair17_a1_vulnerable-4cbd48b131ba2c40+0x1396c9) (BuildId: b8f2ffe845af54bd99172e50d5bb518892ade137)
    #9 0x6172c63082ee  (/tmp/asan_pair17_a1_vulnerable_zjo619oi/target/debug/deps/pair17_a1_vulnerable-4cbd48b131ba2c40+0x17f2ee) (BuildId: b8f2ffe845af54bd99172e50d5bb518892ade137)
    #10 0x6172c627aac6  (/tmp/asan_pair17_a1_vulnerable_zjo619oi/target/debug/deps/pair17_a1_vulnerable-4cbd48b131ba2c40+0xf1ac6) (BuildId: b8f2ffe845af54bd99172e50d5bb518892ade137)

Thread T1 created by T0 here:
    #0 0x6172c62614f1  (/tmp/asan_pair17_a1_vulnerable_zjo619oi/target/debug/deps/pair17_a1_vulnerable-4cbd48b131ba2c40+0xd84f1) (BuildId: b8f2ffe845af54bd99172e50d5bb518892ade137)
    #1 0x6172c630850f  (/tmp/asan_pair17_a1_vulnerable_zjo619oi/target/debug/deps/pair17_a1_vulnerable-4cbd48b131ba2c40+0x17f50f) (BuildId: b8f2ffe845af54bd99172e50d5bb518892ade137)
    #2 0x6172c62e6e3d  (/tmp/asan_pair17_a1_vulnerable_zjo619oi/target/debug/deps/pair17_a1_vulnerable-4cbd48b131ba2c40+0x15de3d) (BuildId: b8f2ffe845af54bd99172e50d5bb518892ade137)
    #3 0x6172c62e0184  (/tmp/asan_pair17_a1_vulnerable_zjo619oi/target/debug/deps/pair17_a1_vulnerable-4cbd48b131ba2c40+0x157184) (BuildId: b8f2ffe845af54bd99172e50d5bb518892ade137)
    #4 0x6172c62e97c5  (/tmp/asan_pair17_a1_vulnerable_zjo619oi/target/debug/deps/pair17_a1_vulnerable-4cbd48b131ba2c40+0x1607c5) (BuildId: b8f2ffe845af54bd99172e50d5bb518892ade137)
    #5 0x6172c62d251a  (/tmp/asan_pair17_a1_vulnerable_zjo619oi/target/debug/deps/pair17_a1_vulnerable-4cbd48b131ba2c40+0x14951a) (BuildId: b8f2ffe845af54bd99172e50d5bb518892ade137)
    #6 0x6172c62ae8d2  (/tmp/asan_pair17_a1_vulnerable_zjo619oi/target/debug/deps/pair17_a1_vulnerable-4cbd48b131ba2c40+0x1258d2) (BuildId: b8f2ffe845af54bd99172e50d5bb518892ade137)
    #7 0x6172c62af7ef  (/tmp/asan_pair17_a1_vulnerable_zjo619oi/target/debug/deps/pair17_a1_vulnerable-4cbd48b131ba2c40+0x1267ef) (BuildId: b8f2ffe845af54bd99172e50d5bb518892ade137)
    #8 0x6172c62aeedd  (/tmp/asan_pair17_a1_vulnerable_zjo619oi/target/debug/deps/pair17_a1_vulnerable-4cbd48b131ba2c40+0x125edd) (BuildId: b8f2ffe845af54bd99172e50d5bb518892ade137)

SUMMARY: AddressSanitizer: heap-buffer-overflow (/tmp/asan_pair17_a1_vulnerable_zjo619oi/target/debug/deps/pair17_a1_vulnerable-4cbd48b131ba2c40+0x124955) (BuildId: b8f2ffe845af54bd99172e50d5bb518892ade137) 
Shadow bytes around the buggy address:
  0x767cf99e3d80: fa fa fa fa fa fa fa fa fa fa fa fa fa fa fa fa
  0x767cf99e3e00: fa fa fa fa fa fa fa fa fa fa fa fa fa fa fa fa
  0x767cf99e3e80: fa fa fa fa fa fa fa fa fa fa fa fa fa fa fa fa
  0x767cf99e3f00: fa fa fa fa fa fa fa fa fa fa fa fa fa fa fa fa
  0x767cf99e3f80: fa fa fa fa fa fa fa fa fa fa fa fa fa fa fa fa
=>0x767cf99e4000: fa fa 05 fa fa fa[05]fa fa fa fa fa fa fa fa fa
  0x767cf99e4080: fa fa fa fa fa fa fa fa fa fa fa fa fa fa fa fa
  0x767cf99e4100: fa fa fa fa fa fa fa fa fa fa fa fa fa fa fa fa
  0x767cf99e4180: fa fa fa fa fa fa fa fa fa fa fa fa fa fa fa fa
  0x767cf99e4200: fa fa fa fa fa fa fa fa fa fa fa fa fa fa fa fa
  0x767cf99e4280: fa fa fa fa fa fa fa fa fa fa fa fa fa fa fa fa
Shadow byte legend (one shadow byte represents 8 application bytes):
  Addressable:           00
  Partially addressable: 01 02 03 04 05 06 07 
  Heap left redzone:       fa
  Freed heap region:       fd
  Stack left redzone:      f1
  Stack mid redzone:       f2
  Stack right redzone:     f3
  Stack after return:      f5
  Stack use after scope:   f8
  Global redzone:          f9
  Global init order:       f6
  Poisoned by user:        f7
  Container overflow:      fc
  Array cookie:            ac
  Intra object redzone:    bb
  ASan internal:           fe
  Left alloca redzone:     ca
  Right alloca redzone:    cb
==3723614==ABORTING
error: test failed, to rerun pass `--lib`

Caused by:
  process didn't exit successfully: `/tmp/asan_pair17_a1_vulnerable_zjo619oi/target/debug/deps/pair17_a1_vulnerable-4cbd48b131ba2c40 --nocapture` (exit status: 1)
