$ (cwd=/tmp/asan_pair9_a1_vulnerable_q0d3q0oo) cargo +nightly test --lib -- --nocapture

   Compiling pair9_a1_vulnerable v0.1.0 (/tmp/asan_pair9_a1_vulnerable_q0d3q0oo)
    Finished `test` profile [unoptimized + debuginfo] target(s) in 0.19s
     Running unittests src/lib.rs (target/debug/deps/pair9_a1_vulnerable-b5212c49643dbb19)

running 1 test
=================================================================
==3775546==ERROR: AddressSanitizer: heap-buffer-overflow on address 0x6fcd50de4015 at pc 0x5c063540c56b bp 0x6fad4e7fe190 sp 0x6fad4e7fd950
READ of size 6 at 0x6fcd50de4015 thread T1
    #0 0x5c063540c56a  (/tmp/asan_pair9_a1_vulnerable_q0d3q0oo/target/debug/deps/pair9_a1_vulnerable-b5212c49643dbb19+0xef56a) (BuildId: 1d3ada923bbc05f70b536f040e3712865551616f)
    #1 0x5c063543e882  (/tmp/asan_pair9_a1_vulnerable_q0d3q0oo/target/debug/deps/pair9_a1_vulnerable-b5212c49643dbb19+0x121882) (BuildId: 1d3ada923bbc05f70b536f040e3712865551616f)
    #2 0x5c063543c881  (/tmp/asan_pair9_a1_vulnerable_q0d3q0oo/target/debug/deps/pair9_a1_vulnerable-b5212c49643dbb19+0x11f881) (BuildId: 1d3ada923bbc05f70b536f040e3712865551616f)
    #3 0x5c063543ce86  (/tmp/asan_pair9_a1_vulnerable_q0d3q0oo/target/debug/deps/pair9_a1_vulnerable-b5212c49643dbb19+0x11fe86) (BuildId: 1d3ada923bbc05f70b536f040e3712865551616f)
    #4 0x5c063543d205  (/tmp/asan_pair9_a1_vulnerable_q0d3q0oo/target/debug/deps/pair9_a1_vulnerable-b5212c49643dbb19+0x120205) (BuildId: 1d3ada923bbc05f70b536f040e3712865551616f)
    #5 0x5c063546019a  (/tmp/asan_pair9_a1_vulnerable_q0d3q0oo/target/debug/deps/pair9_a1_vulnerable-b5212c49643dbb19+0x14319a) (BuildId: 1d3ada923bbc05f70b536f040e3712865551616f)
    #6 0x5c0635475b84  (/tmp/asan_pair9_a1_vulnerable_q0d3q0oo/target/debug/deps/pair9_a1_vulnerable-b5212c49643dbb19+0x158b84) (BuildId: 1d3ada923bbc05f70b536f040e3712865551616f)
    #7 0x5c063544c5a3  (/tmp/asan_pair9_a1_vulnerable_q0d3q0oo/target/debug/deps/pair9_a1_vulnerable-b5212c49643dbb19+0x12f5a3) (BuildId: 1d3ada923bbc05f70b536f040e3712865551616f)
    #8 0x5c063544ff89  (/tmp/asan_pair9_a1_vulnerable_q0d3q0oo/target/debug/deps/pair9_a1_vulnerable-b5212c49643dbb19+0x132f89) (BuildId: 1d3ada923bbc05f70b536f040e3712865551616f)
    #9 0x5c0635495bae  (/tmp/asan_pair9_a1_vulnerable_q0d3q0oo/target/debug/deps/pair9_a1_vulnerable-b5212c49643dbb19+0x178bae) (BuildId: 1d3ada923bbc05f70b536f040e3712865551616f)
    #10 0x5c063540c1a6  (/tmp/asan_pair9_a1_vulnerable_q0d3q0oo/target/debug/deps/pair9_a1_vulnerable-b5212c49643dbb19+0xef1a6) (BuildId: 1d3ada923bbc05f70b536f040e3712865551616f)
    #11 0x73ad51a94ac2  (/lib/x86_64-linux-gnu/libc.so.6+0x94ac2) (BuildId: d5197096f709801829b118af1b7cf6631efa2dcd)
    #12 0x73ad51b2684f  (/lib/x86_64-linux-gnu/libc.so.6+0x12684f) (BuildId: d5197096f709801829b118af1b7cf6631efa2dcd)

0x6fcd50de4015 is located 0 bytes after 5-byte region [0x6fcd50de4010,0x6fcd50de4015)
allocated by thread T1 here:
    #0 0x5c063540e2e4  (/tmp/asan_pair9_a1_vulnerable_q0d3q0oo/target/debug/deps/pair9_a1_vulnerable-b5212c49643dbb19+0xf12e4) (BuildId: 1d3ada923bbc05f70b536f040e3712865551616f)
    #1 0x5c06354c613d  (/tmp/asan_pair9_a1_vulnerable_q0d3q0oo/target/debug/deps/pair9_a1_vulnerable-b5212c49643dbb19+0x1a913d) (BuildId: 1d3ada923bbc05f70b536f040e3712865551616f)
    #2 0x5c063543f35e  (/tmp/asan_pair9_a1_vulnerable_q0d3q0oo/target/debug/deps/pair9_a1_vulnerable-b5212c49643dbb19+0x12235e) (BuildId: 1d3ada923bbc05f70b536f040e3712865551616f)
    #3 0x5c063543f0bd  (/tmp/asan_pair9_a1_vulnerable_q0d3q0oo/target/debug/deps/pair9_a1_vulnerable-b5212c49643dbb19+0x1220bd) (BuildId: 1d3ada923bbc05f70b536f040e3712865551616f)
    #4 0x5c063543d4e4  (/tmp/asan_pair9_a1_vulnerable_q0d3q0oo/target/debug/deps/pair9_a1_vulnerable-b5212c49643dbb19+0x1204e4) (BuildId: 1d3ada923bbc05f70b536f040e3712865551616f)
    #5 0x5c063543c82d  (/tmp/asan_pair9_a1_vulnerable_q0d3q0oo/target/debug/deps/pair9_a1_vulnerable-b5212c49643dbb19+0x11f82d) (BuildId: 1d3ada923bbc05f70b536f040e3712865551616f)
    #6 0x5c063543ce86  (/tmp/asan_pair9_a1_vulnerable_q0d3q0oo/target/debug/deps/pair9_a1_vulnerable-b5212c49643dbb19+0x11fe86) (BuildId: 1d3ada923bbc05f70b536f040e3712865551616f)
    #7 0x5c0635475b84  (/tmp/asan_pair9_a1_vulnerable_q0d3q0oo/target/debug/deps/pair9_a1_vulnerable-b5212c49643dbb19+0x158b84) (BuildId: 1d3ada923bbc05f70b536f040e3712865551616f)
    #8 0x5c063544c5a3  (/tmp/asan_pair9_a1_vulnerable_q0d3q0oo/target/debug/deps/pair9_a1_vulnerable-b5212c49643dbb19+0x12f5a3) (BuildId: 1d3ada923bbc05f70b536f040e3712865551616f)
    #9 0x5c063544ff89  (/tmp/asan_pair9_a1_vulnerable_q0d3q0oo/target/debug/deps/pair9_a1_vulnerable-b5212c49643dbb19+0x132f89) (BuildId: 1d3ada923bbc05f70b536f040e3712865551616f)
    #10 0x5c0635495bae  (/tmp/asan_pair9_a1_vulnerable_q0d3q0oo/target/debug/deps/pair9_a1_vulnerable-b5212c49643dbb19+0x178bae) (BuildId: 1d3ada923bbc05f70b536f040e3712865551616f)
    #11 0x5c063540c1a6  (/tmp/asan_pair9_a1_vulnerable_q0d3q0oo/target/debug/deps/pair9_a1_vulnerable-b5212c49643dbb19+0xef1a6) (BuildId: 1d3ada923bbc05f70b536f040e3712865551616f)

Thread T1 created by T0 here:
    #0 0x5c06353f2bd1  (/tmp/asan_pair9_a1_vulnerable_q0d3q0oo/target/debug/deps/pair9_a1_vulnerable-b5212c49643dbb19+0xd5bd1) (BuildId: 1d3ada923bbc05f70b536f040e3712865551616f)
    #1 0x5c0635495dcf  (/tmp/asan_pair9_a1_vulnerable_q0d3q0oo/target/debug/deps/pair9_a1_vulnerable-b5212c49643dbb19+0x178dcf) (BuildId: 1d3ada923bbc05f70b536f040e3712865551616f)
    #2 0x5c06354746fd  (/tmp/asan_pair9_a1_vulnerable_q0d3q0oo/target/debug/deps/pair9_a1_vulnerable-b5212c49643dbb19+0x1576fd) (BuildId: 1d3ada923bbc05f70b536f040e3712865551616f)
    #3 0x5c063546da44  (/tmp/asan_pair9_a1_vulnerable_q0d3q0oo/target/debug/deps/pair9_a1_vulnerable-b5212c49643dbb19+0x150a44) (BuildId: 1d3ada923bbc05f70b536f040e3712865551616f)
    #4 0x5c0635477085  (/tmp/asan_pair9_a1_vulnerable_q0d3q0oo/target/debug/deps/pair9_a1_vulnerable-b5212c49643dbb19+0x15a085) (BuildId: 1d3ada923bbc05f70b536f040e3712865551616f)
    #5 0x5c063545fdda  (/tmp/asan_pair9_a1_vulnerable_q0d3q0oo/target/debug/deps/pair9_a1_vulnerable-b5212c49643dbb19+0x142dda) (BuildId: 1d3ada923bbc05f70b536f040e3712865551616f)
    #6 0x5c063543e5c2  (/tmp/asan_pair9_a1_vulnerable_q0d3q0oo/target/debug/deps/pair9_a1_vulnerable-b5212c49643dbb19+0x1215c2) (BuildId: 1d3ada923bbc05f70b536f040e3712865551616f)
    #7 0x5c063543ef0f  (/tmp/asan_pair9_a1_vulnerable_q0d3q0oo/target/debug/deps/pair9_a1_vulnerable-b5212c49643dbb19+0x121f0f) (BuildId: 1d3ada923bbc05f70b536f040e3712865551616f)
    #8 0x5c063543e99d  (/tmp/asan_pair9_a1_vulnerable_q0d3q0oo/target/debug/deps/pair9_a1_vulnerable-b5212c49643dbb19+0x12199d) (BuildId: 1d3ada923bbc05f70b536f040e3712865551616f)

SUMMARY: AddressSanitizer: heap-buffer-overflow (/tmp/asan_pair9_a1_vulnerable_q0d3q0oo/target/debug/deps/pair9_a1_vulnerable-b5212c49643dbb19+0xef56a) (BuildId: 1d3ada923bbc05f70b536f040e3712865551616f) 
Shadow bytes around the buggy address:
  0x6fcd50de3d80: fa fa fa fa fa fa fa fa fa fa fa fa fa fa fa fa
  0x6fcd50de3e00: fa fa fa fa fa fa fa fa fa fa fa fa fa fa fa fa
  0x6fcd50de3e80: fa fa fa fa fa fa fa fa fa fa fa fa fa fa fa fa
  0x6fcd50de3f00: fa fa fa fa fa fa fa fa fa fa fa fa fa fa fa fa
  0x6fcd50de3f80: fa fa fa fa fa fa fa fa fa fa fa fa fa fa fa fa
=>0x6fcd50de4000: fa fa[05]fa fa fa 00 02 fa fa fa fa fa fa fa fa
  0x6fcd50de4080: fa fa fa fa fa fa fa fa fa fa fa fa fa fa fa fa
  0x6fcd50de4100: fa fa fa fa fa fa fa fa fa fa fa fa fa fa fa fa
  0x6fcd50de4180: fa fa fa fa fa fa fa fa fa fa fa fa fa fa fa fa
  0x6fcd50de4200: fa fa fa fa fa fa fa fa fa fa fa fa fa fa fa fa
  0x6fcd50de4280: fa fa fa fa fa fa fa fa fa fa fa fa fa fa fa fa
Shadow byte legend (one shadow byte represents 8 application bytes):
  Addressable:           00
  Partially addressable: 01 02 03 04 05 06 07 
  Heap left redzone:       fa
  Freed heap region:       fd
  Stack left redzone:      f1
  Stack mid redzone:       f2
  Stack right redzone:     f3
  Stack after return:      f5
  Stack use after scope:   f8
  Global redzone:          f9
  Global init order:       f6
  Poisoned by user:        f7
  Container overflow:      fc
  Array cookie:            ac
  Intra object redzone:    bb
  ASan internal:           fe
  Left alloca redzone:     ca
  Right alloca redzone:    cb

thread 'tests::test_packet_pack_length' (3775547) panicked at src/lib.rs:77:13:
assertion `left == right` failed: Packed buffer length mismatch!
  left: 10
 right: 9
note: run with `RUST_BACKTRACE=1` environment variable to display a backtrace
test tests::test_packet_pack_length ... FAILED

failures:

failures:
    tests::test_packet_pack_length

test result: FAILED. 0 passed; 1 failed; 0 ignored; 0 measured; 0 filtered out; finished in 0.00s

error: test failed, to rerun pass `--lib`
