$ (cwd=/tmp/asan_pair7_a3_vulnerable_6r20zd5p) cargo +nightly test --lib -- --nocapture

   Compiling pair7_a3_vulnerable v0.1.0 (/tmp/asan_pair7_a3_vulnerable_6r20zd5p)
    Finished `test` profile [unoptimized + debuginfo] target(s) in 0.17s
     Running unittests src/lib.rs (target/debug/deps/pair7_a3_vulnerable-35e9621fac7ca399)

running 1 test
=================================================================
==4172097==ERROR: AddressSanitizer: heap-use-after-free on address 0x7704323e4010 at pc 0x60f516648ff6 bp 0x76e42fdfe240 sp 0x76e42fdfe238
READ of size 4 at 0x7704323e4010 thread T1
    #0 0x60f516648ff5  (/tmp/asan_pair7_a3_vulnerable_6r20zd5p/target/debug/deps/pair7_a3_vulnerable-35e9621fac7ca399+0x11fff5) (BuildId: 3c44dc025cc00fac78020447315fe4de24253bab)
    #1 0x60f516648d95  (/tmp/asan_pair7_a3_vulnerable_6r20zd5p/target/debug/deps/pair7_a3_vulnerable-35e9621fac7ca399+0x11fd95) (BuildId: 3c44dc025cc00fac78020447315fe4de24253bab)
    #2 0x60f51664aebf  (/tmp/asan_pair7_a3_vulnerable_6r20zd5p/target/debug/deps/pair7_a3_vulnerable-35e9621fac7ca399+0x121ebf) (BuildId: 3c44dc025cc00fac78020447315fe4de24253bab)
    #3 0x60f51664b9a6  (/tmp/asan_pair7_a3_vulnerable_6r20zd5p/target/debug/deps/pair7_a3_vulnerable-35e9621fac7ca399+0x1229a6) (BuildId: 3c44dc025cc00fac78020447315fe4de24253bab)
    #4 0x60f5166492b5  (/tmp/asan_pair7_a3_vulnerable_6r20zd5p/target/debug/deps/pair7_a3_vulnerable-35e9621fac7ca399+0x1202b5) (BuildId: 3c44dc025cc00fac78020447315fe4de24253bab)
    #5 0x60f51666c61a  (/tmp/asan_pair7_a3_vulnerable_6r20zd5p/target/debug/deps/pair7_a3_vulnerable-35e9621fac7ca399+0x14361a) (BuildId: 3c44dc025cc00fac78020447315fe4de24253bab)
    #6 0x60f516682004  (/tmp/asan_pair7_a3_vulnerable_6r20zd5p/target/debug/deps/pair7_a3_vulnerable-35e9621fac7ca399+0x159004) (BuildId: 3c44dc025cc00fac78020447315fe4de24253bab)
    #7 0x60f516658a23  (/tmp/asan_pair7_a3_vulnerable_6r20zd5p/target/debug/deps/pair7_a3_vulnerable-35e9621fac7ca399+0x12fa23) (BuildId: 3c44dc025cc00fac78020447315fe4de24253bab)
    #8 0x60f51665c409  (/tmp/asan_pair7_a3_vulnerable_6r20zd5p/target/debug/deps/pair7_a3_vulnerable-35e9621fac7ca399+0x133409) (BuildId: 3c44dc025cc00fac78020447315fe4de24253bab)
    #9 0x60f5166a202e  (/tmp/asan_pair7_a3_vulnerable_6r20zd5p/target/debug/deps/pair7_a3_vulnerable-35e9621fac7ca399+0x17902e) (BuildId: 3c44dc025cc00fac78020447315fe4de24253bab)
    #10 0x60f5166182b6  (/tmp/asan_pair7_a3_vulnerable_6r20zd5p/target/debug/deps/pair7_a3_vulnerable-35e9621fac7ca399+0xef2b6) (BuildId: 3c44dc025cc00fac78020447315fe4de24253bab)
    #11 0x7ae433094ac2  (/lib/x86_64-linux-gnu/libc.so.6+0x94ac2) (BuildId: d5197096f709801829b118af1b7cf6631efa2dcd)
    #12 0x7ae43312684f  (/lib/x86_64-linux-gnu/libc.so.6+0x12684f) (BuildId: d5197096f709801829b118af1b7cf6631efa2dcd)

0x7704323e4010 is located 0 bytes inside of 4-byte region [0x7704323e4010,0x7704323e4014)
freed by thread T1 here:
    #0 0x60f51661a156  (/tmp/asan_pair7_a3_vulnerable_6r20zd5p/target/debug/deps/pair7_a3_vulnerable-35e9621fac7ca399+0xf1156) (BuildId: 3c44dc025cc00fac78020447315fe4de24253bab)
    #1 0x60f51664adaa  (/tmp/asan_pair7_a3_vulnerable_6r20zd5p/target/debug/deps/pair7_a3_vulnerable-35e9621fac7ca399+0x121daa) (BuildId: 3c44dc025cc00fac78020447315fe4de24253bab)
    #2 0x60f5166496a3  (/tmp/asan_pair7_a3_vulnerable_6r20zd5p/target/debug/deps/pair7_a3_vulnerable-35e9621fac7ca399+0x1206a3) (BuildId: 3c44dc025cc00fac78020447315fe4de24253bab)
    #3 0x60f5166494d0  (/tmp/asan_pair7_a3_vulnerable_6r20zd5p/target/debug/deps/pair7_a3_vulnerable-35e9621fac7ca399+0x1204d0) (BuildId: 3c44dc025cc00fac78020447315fe4de24253bab)
    #4 0x60f516648ca5  (/tmp/asan_pair7_a3_vulnerable_6r20zd5p/target/debug/deps/pair7_a3_vulnerable-35e9621fac7ca399+0x11fca5) (BuildId: 3c44dc025cc00fac78020447315fe4de24253bab)
    #5 0x60f51664aebf  (/tmp/asan_pair7_a3_vulnerable_6r20zd5p/target/debug/deps/pair7_a3_vulnerable-35e9621fac7ca399+0x121ebf) (BuildId: 3c44dc025cc00fac78020447315fe4de24253bab)
    #6 0x60f51664b9a6  (/tmp/asan_pair7_a3_vulnerable_6r20zd5p/target/debug/deps/pair7_a3_vulnerable-35e9621fac7ca399+0x1229a6) (BuildId: 3c44dc025cc00fac78020447315fe4de24253bab)
    #7 0x60f516682004  (/tmp/asan_pair7_a3_vulnerable_6r20zd5p/target/debug/deps/pair7_a3_vulnerable-35e9621fac7ca399+0x159004) (BuildId: 3c44dc025cc00fac78020447315fe4de24253bab)
    #8 0x60f516658a23  (/tmp/asan_pair7_a3_vulnerable_6r20zd5p/target/debug/deps/pair7_a3_vulnerable-35e9621fac7ca399+0x12fa23) (BuildId: 3c44dc025cc00fac78020447315fe4de24253bab)
    #9 0x60f51665c409  (/tmp/asan_pair7_a3_vulnerable_6r20zd5p/target/debug/deps/pair7_a3_vulnerable-35e9621fac7ca399+0x133409) (BuildId: 3c44dc025cc00fac78020447315fe4de24253bab)
    #10 0x60f5166a202e  (/tmp/asan_pair7_a3_vulnerable_6r20zd5p/target/debug/deps/pair7_a3_vulnerable-35e9621fac7ca399+0x17902e) (BuildId: 3c44dc025cc00fac78020447315fe4de24253bab)
    #11 0x60f5166182b6  (/tmp/asan_pair7_a3_vulnerable_6r20zd5p/target/debug/deps/pair7_a3_vulnerable-35e9621fac7ca399+0xef2b6) (BuildId: 3c44dc025cc00fac78020447315fe4de24253bab)

previously allocated by thread T1 here:
    #0 0x60f51661a3f4  (/tmp/asan_pair7_a3_vulnerable_6r20zd5p/target/debug/deps/pair7_a3_vulnerable-35e9621fac7ca399+0xf13f4) (BuildId: 3c44dc025cc00fac78020447315fe4de24253bab)
    #1 0x60f51664aa93  (/tmp/asan_pair7_a3_vulnerable_6r20zd5p/target/debug/deps/pair7_a3_vulnerable-35e9621fac7ca399+0x121a93) (BuildId: 3c44dc025cc00fac78020447315fe4de24253bab)
    #2 0x60f51664a794  (/tmp/asan_pair7_a3_vulnerable_6r20zd5p/target/debug/deps/pair7_a3_vulnerable-35e9621fac7ca399+0x121794) (BuildId: 3c44dc025cc00fac78020447315fe4de24253bab)
    #3 0x60f51664aebf  (/tmp/asan_pair7_a3_vulnerable_6r20zd5p/target/debug/deps/pair7_a3_vulnerable-35e9621fac7ca399+0x121ebf) (BuildId: 3c44dc025cc00fac78020447315fe4de24253bab)
    #4 0x60f51664b9a6  (/tmp/asan_pair7_a3_vulnerable_6r20zd5p/target/debug/deps/pair7_a3_vulnerable-35e9621fac7ca399+0x1229a6) (BuildId: 3c44dc025cc00fac78020447315fe4de24253bab)
    #5 0x60f516682004  (/tmp/asan_pair7_a3_vulnerable_6r20zd5p/target/debug/deps/pair7_a3_vulnerable-35e9621fac7ca399+0x159004) (BuildId: 3c44dc025cc00fac78020447315fe4de24253bab)
    #6 0x60f516658a23  (/tmp/asan_pair7_a3_vulnerable_6r20zd5p/target/debug/deps/pair7_a3_vulnerable-35e9621fac7ca399+0x12fa23) (BuildId: 3c44dc025cc00fac78020447315fe4de24253bab)
    #7 0x60f51665c409  (/tmp/asan_pair7_a3_vulnerable_6r20zd5p/target/debug/deps/pair7_a3_vulnerable-35e9621fac7ca399+0x133409) (BuildId: 3c44dc025cc00fac78020447315fe4de24253bab)
    #8 0x60f5166a202e  (/tmp/asan_pair7_a3_vulnerable_6r20zd5p/target/debug/deps/pair7_a3_vulnerable-35e9621fac7ca399+0x17902e) (BuildId: 3c44dc025cc00fac78020447315fe4de24253bab)
    #9 0x60f5166182b6  (/tmp/asan_pair7_a3_vulnerable_6r20zd5p/target/debug/deps/pair7_a3_vulnerable-35e9621fac7ca399+0xef2b6) (BuildId: 3c44dc025cc00fac78020447315fe4de24253bab)

Thread T1 created by T0 here:
    #0 0x60f5165fece1  (/tmp/asan_pair7_a3_vulnerable_6r20zd5p/target/debug/deps/pair7_a3_vulnerable-35e9621fac7ca399+0xd5ce1) (BuildId: 3c44dc025cc00fac78020447315fe4de24253bab)
    #1 0x60f5166a224f  (/tmp/asan_pair7_a3_vulnerable_6r20zd5p/target/debug/deps/pair7_a3_vulnerable-35e9621fac7ca399+0x17924f) (BuildId: 3c44dc025cc00fac78020447315fe4de24253bab)
    #2 0x60f516680b7d  (/tmp/asan_pair7_a3_vulnerable_6r20zd5p/target/debug/deps/pair7_a3_vulnerable-35e9621fac7ca399+0x157b7d) (BuildId: 3c44dc025cc00fac78020447315fe4de24253bab)
    #3 0x60f516679ec4  (/tmp/asan_pair7_a3_vulnerable_6r20zd5p/target/debug/deps/pair7_a3_vulnerable-35e9621fac7ca399+0x150ec4) (BuildId: 3c44dc025cc00fac78020447315fe4de24253bab)
    #4 0x60f516683505  (/tmp/asan_pair7_a3_vulnerable_6r20zd5p/target/debug/deps/pair7_a3_vulnerable-35e9621fac7ca399+0x15a505) (BuildId: 3c44dc025cc00fac78020447315fe4de24253bab)
    #5 0x60f51666c25a  (/tmp/asan_pair7_a3_vulnerable_6r20zd5p/target/debug/deps/pair7_a3_vulnerable-35e9621fac7ca399+0x14325a) (BuildId: 3c44dc025cc00fac78020447315fe4de24253bab)
    #6 0x60f516648ba2  (/tmp/asan_pair7_a3_vulnerable_6r20zd5p/target/debug/deps/pair7_a3_vulnerable-35e9621fac7ca399+0x11fba2) (BuildId: 3c44dc025cc00fac78020447315fe4de24253bab)
    #7 0x60f51664b0ff  (/tmp/asan_pair7_a3_vulnerable_6r20zd5p/target/debug/deps/pair7_a3_vulnerable-35e9621fac7ca399+0x1220ff) (BuildId: 3c44dc025cc00fac78020447315fe4de24253bab)
    #8 0x60f51664917d  (/tmp/asan_pair7_a3_vulnerable_6r20zd5p/target/debug/deps/pair7_a3_vulnerable-35e9621fac7ca399+0x12017d) (BuildId: 3c44dc025cc00fac78020447315fe4de24253bab)

SUMMARY: AddressSanitizer: heap-use-after-free (/tmp/asan_pair7_a3_vulnerable_6r20zd5p/target/debug/deps/pair7_a3_vulnerable-35e9621fac7ca399+0x11fff5) (BuildId: 3c44dc025cc00fac78020447315fe4de24253bab) 
Shadow bytes around the buggy address:
  0x7704323e3d80: fa fa fa fa fa fa fa fa fa fa fa fa fa fa fa fa
  0x7704323e3e00: fa fa fa fa fa fa fa fa fa fa fa fa fa fa fa fa
  0x7704323e3e80: fa fa fa fa fa fa fa fa fa fa fa fa fa fa fa fa
  0x7704323e3f00: fa fa fa fa fa fa fa fa fa fa fa fa fa fa fa fa
  0x7704323e3f80: fa fa fa fa fa fa fa fa fa fa fa fa fa fa fa fa
=>0x7704323e4000: fa fa[fd]fa fa fa 04 fa fa fa fa fa fa fa fa fa
  0x7704323e4080: fa fa fa fa fa fa fa fa fa fa fa fa fa fa fa fa
  0x7704323e4100: fa fa fa fa fa fa fa fa fa fa fa fa fa fa fa fa
  0x7704323e4180: fa fa fa fa fa fa fa fa fa fa fa fa fa fa fa fa
  0x7704323e4200: fa fa fa fa fa fa fa fa fa fa fa fa fa fa fa fa
  0x7704323e4280: fa fa fa fa fa fa fa fa fa fa fa fa fa fa fa fa
Shadow byte legend (one shadow byte represents 8 application bytes):
  Addressable:           00
  Partially addressable: 01 02 03 04 05 06 07 
  Heap left redzone:       fa
  Freed heap region:       fd
  Stack left redzone:      f1
  Stack mid redzone:       f2
  Stack right redzone:     f3
  Stack after return:      f5
  Stack use after scope:   f8
  Global redzone:          f9
  Global init order:       f6
  Poisoned by user:        f7
  Container overflow:      fc
  Array cookie:            ac
  Intra object redzone:    bb
  ASan internal:           fe
  Left alloca redzone:     ca
  Right alloca redzone:    cb
==4172097==ABORTING
error: test failed, to rerun pass `--lib`

Caused by:
  process didn't exit successfully: `/tmp/asan_pair7_a3_vulnerable_6r20zd5p/target/debug/deps/pair7_a3_vulnerable-35e9621fac7ca399 --nocapture` (exit status: 1)
