$ (cwd=/tmp/asan_pair20_a1_vulnerable_bo_pws6_) cargo +nightly test --lib -- --nocapture

   Compiling pair20_a1_vulnerable v0.1.0 (/tmp/asan_pair20_a1_vulnerable_bo_pws6_)
    Finished `test` profile [unoptimized + debuginfo] target(s) in 0.26s
     Running unittests src/lib.rs (target/debug/deps/pair20_a1_vulnerable-d4231c808133d07c)

running 1 test
=================================================================
==3816644==ERROR: AddressSanitizer: heap-buffer-overflow on address 0x7b375e9e4018 at pc 0x61b54ae3799c bp 0x7b175b6f4590 sp 0x7b175b6f4588
READ of size 4 at 0x7b375e9e4018 thread T2
    #0 0x61b54ae3799b  (/tmp/asan_pair20_a1_vulnerable_bo_pws6_/target/debug/deps/pair20_a1_vulnerable-d4231c808133d07c+0x13399b) (BuildId: 3c4b9090dd5d8830ce8bb08cd63ddbf5989d6a0c)
    #1 0x61b54ae2e634  (/tmp/asan_pair20_a1_vulnerable_bo_pws6_/target/debug/deps/pair20_a1_vulnerable-d4231c808133d07c+0x12a634) (BuildId: 3c4b9090dd5d8830ce8bb08cd63ddbf5989d6a0c)
    #2 0x61b54ae367dd  (/tmp/asan_pair20_a1_vulnerable_bo_pws6_/target/debug/deps/pair20_a1_vulnerable-d4231c808133d07c+0x1327dd) (BuildId: 3c4b9090dd5d8830ce8bb08cd63ddbf5989d6a0c)
    #3 0x61b54ae35798  (/tmp/asan_pair20_a1_vulnerable_bo_pws6_/target/debug/deps/pair20_a1_vulnerable-d4231c808133d07c+0x131798) (BuildId: 3c4b9090dd5d8830ce8bb08cd63ddbf5989d6a0c)
    #4 0x61b54ae2c94f  (/tmp/asan_pair20_a1_vulnerable_bo_pws6_/target/debug/deps/pair20_a1_vulnerable-d4231c808133d07c+0x12894f) (BuildId: 3c4b9090dd5d8830ce8bb08cd63ddbf5989d6a0c)
    #5 0x61b54ae38bd7  (/tmp/asan_pair20_a1_vulnerable_bo_pws6_/target/debug/deps/pair20_a1_vulnerable-d4231c808133d07c+0x134bd7) (BuildId: 3c4b9090dd5d8830ce8bb08cd63ddbf5989d6a0c)
    #6 0x61b54ae3170e  (/tmp/asan_pair20_a1_vulnerable_bo_pws6_/target/debug/deps/pair20_a1_vulnerable-d4231c808133d07c+0x12d70e) (BuildId: 3c4b9090dd5d8830ce8bb08cd63ddbf5989d6a0c)
    #7 0x61b54ae2cc9a  (/tmp/asan_pair20_a1_vulnerable_bo_pws6_/target/debug/deps/pair20_a1_vulnerable-d4231c808133d07c+0x128c9a) (BuildId: 3c4b9090dd5d8830ce8bb08cd63ddbf5989d6a0c)
    #8 0x61b54ae2bdef  (/tmp/asan_pair20_a1_vulnerable_bo_pws6_/target/debug/deps/pair20_a1_vulnerable-d4231c808133d07c+0x127def) (BuildId: 3c4b9090dd5d8830ce8bb08cd63ddbf5989d6a0c)
    #9 0x61b54ae3269d  (/tmp/asan_pair20_a1_vulnerable_bo_pws6_/target/debug/deps/pair20_a1_vulnerable-d4231c808133d07c+0x12e69d) (BuildId: 3c4b9090dd5d8830ce8bb08cd63ddbf5989d6a0c)
    #10 0x61b54ae8fd4e  (/tmp/asan_pair20_a1_vulnerable_bo_pws6_/target/debug/deps/pair20_a1_vulnerable-d4231c808133d07c+0x18bd4e) (BuildId: 3c4b9090dd5d8830ce8bb08cd63ddbf5989d6a0c)
    #11 0x61b54adf9c06  (/tmp/asan_pair20_a1_vulnerable_bo_pws6_/target/debug/deps/pair20_a1_vulnerable-d4231c808133d07c+0xf5c06) (BuildId: 3c4b9090dd5d8830ce8bb08cd63ddbf5989d6a0c)
    #12 0x7f175f894ac2  (/lib/x86_64-linux-gnu/libc.so.6+0x94ac2) (BuildId: d5197096f709801829b118af1b7cf6631efa2dcd)
    #13 0x7f175f92684f  (/lib/x86_64-linux-gnu/libc.so.6+0x12684f) (BuildId: d5197096f709801829b118af1b7cf6631efa2dcd)

0x7b375e9e4018 is located 0 bytes after 8-byte region [0x7b375e9e4010,0x7b375e9e4018)
allocated by thread T1 here:
    #0 0x61b54adfbf34  (/tmp/asan_pair20_a1_vulnerable_bo_pws6_/target/debug/deps/pair20_a1_vulnerable-d4231c808133d07c+0xf7f34) (BuildId: 3c4b9090dd5d8830ce8bb08cd63ddbf5989d6a0c)
    #1 0x61b54ae2fbf3  (/tmp/asan_pair20_a1_vulnerable_bo_pws6_/target/debug/deps/pair20_a1_vulnerable-d4231c808133d07c+0x12bbf3) (BuildId: 3c4b9090dd5d8830ce8bb08cd63ddbf5989d6a0c)
    #2 0x61b54ae2f8f4  (/tmp/asan_pair20_a1_vulnerable_bo_pws6_/target/debug/deps/pair20_a1_vulnerable-d4231c808133d07c+0x12b8f4) (BuildId: 3c4b9090dd5d8830ce8bb08cd63ddbf5989d6a0c)
    #3 0x61b54ae367b6  (/tmp/asan_pair20_a1_vulnerable_bo_pws6_/target/debug/deps/pair20_a1_vulnerable-d4231c808133d07c+0x1327b6) (BuildId: 3c4b9090dd5d8830ce8bb08cd63ddbf5989d6a0c)
    #4 0x61b54ae6fd24  (/tmp/asan_pair20_a1_vulnerable_bo_pws6_/target/debug/deps/pair20_a1_vulnerable-d4231c808133d07c+0x16bd24) (BuildId: 3c4b9090dd5d8830ce8bb08cd63ddbf5989d6a0c)
    #5 0x61b54ae46743  (/tmp/asan_pair20_a1_vulnerable_bo_pws6_/target/debug/deps/pair20_a1_vulnerable-d4231c808133d07c+0x142743) (BuildId: 3c4b9090dd5d8830ce8bb08cd63ddbf5989d6a0c)
    #6 0x61b54ae4a129  (/tmp/asan_pair20_a1_vulnerable_bo_pws6_/target/debug/deps/pair20_a1_vulnerable-d4231c808133d07c+0x146129) (BuildId: 3c4b9090dd5d8830ce8bb08cd63ddbf5989d6a0c)
    #7 0x61b54ae8fd4e  (/tmp/asan_pair20_a1_vulnerable_bo_pws6_/target/debug/deps/pair20_a1_vulnerable-d4231c808133d07c+0x18bd4e) (BuildId: 3c4b9090dd5d8830ce8bb08cd63ddbf5989d6a0c)
    #8 0x61b54adf9c06  (/tmp/asan_pair20_a1_vulnerable_bo_pws6_/target/debug/deps/pair20_a1_vulnerable-d4231c808133d07c+0xf5c06) (BuildId: 3c4b9090dd5d8830ce8bb08cd63ddbf5989d6a0c)

Thread T2 created by T1 here:
    #0 0x61b54ade0631  (/tmp/asan_pair20_a1_vulnerable_bo_pws6_/target/debug/deps/pair20_a1_vulnerable-d4231c808133d07c+0xdc631) (BuildId: 3c4b9090dd5d8830ce8bb08cd63ddbf5989d6a0c)
    #1 0x61b54ae8ff6f  (/tmp/asan_pair20_a1_vulnerable_bo_pws6_/target/debug/deps/pair20_a1_vulnerable-d4231c808133d07c+0x18bf6f) (BuildId: 3c4b9090dd5d8830ce8bb08cd63ddbf5989d6a0c)
    #2 0x61b54ae2b479  (/tmp/asan_pair20_a1_vulnerable_bo_pws6_/target/debug/deps/pair20_a1_vulnerable-d4231c808133d07c+0x127479) (BuildId: 3c4b9090dd5d8830ce8bb08cd63ddbf5989d6a0c)
    #3 0x61b54ae2a73e  (/tmp/asan_pair20_a1_vulnerable_bo_pws6_/target/debug/deps/pair20_a1_vulnerable-d4231c808133d07c+0x12673e) (BuildId: 3c4b9090dd5d8830ce8bb08cd63ddbf5989d6a0c)
    #4 0x61b54ae350d8  (/tmp/asan_pair20_a1_vulnerable_bo_pws6_/target/debug/deps/pair20_a1_vulnerable-d4231c808133d07c+0x1310d8) (BuildId: 3c4b9090dd5d8830ce8bb08cd63ddbf5989d6a0c)
    #5 0x61b54ae367b6  (/tmp/asan_pair20_a1_vulnerable_bo_pws6_/target/debug/deps/pair20_a1_vulnerable-d4231c808133d07c+0x1327b6) (BuildId: 3c4b9090dd5d8830ce8bb08cd63ddbf5989d6a0c)
    #6 0x61b54ae6fd24  (/tmp/asan_pair20_a1_vulnerable_bo_pws6_/target/debug/deps/pair20_a1_vulnerable-d4231c808133d07c+0x16bd24) (BuildId: 3c4b9090dd5d8830ce8bb08cd63ddbf5989d6a0c)
    #7 0x61b54ae46743  (/tmp/asan_pair20_a1_vulnerable_bo_pws6_/target/debug/deps/pair20_a1_vulnerable-d4231c808133d07c+0x142743) (BuildId: 3c4b9090dd5d8830ce8bb08cd63ddbf5989d6a0c)
    #8 0x61b54ae4a129  (/tmp/asan_pair20_a1_vulnerable_bo_pws6_/target/debug/deps/pair20_a1_vulnerable-d4231c808133d07c+0x146129) (BuildId: 3c4b9090dd5d8830ce8bb08cd63ddbf5989d6a0c)
    #9 0x61b54ae8fd4e  (/tmp/asan_pair20_a1_vulnerable_bo_pws6_/target/debug/deps/pair20_a1_vulnerable-d4231c808133d07c+0x18bd4e) (BuildId: 3c4b9090dd5d8830ce8bb08cd63ddbf5989d6a0c)
    #10 0x61b54adf9c06  (/tmp/asan_pair20_a1_vulnerable_bo_pws6_/target/debug/deps/pair20_a1_vulnerable-d4231c808133d07c+0xf5c06) (BuildId: 3c4b9090dd5d8830ce8bb08cd63ddbf5989d6a0c)

Thread T1 created by T0 here:
    #0 0x61b54ade0631  (/tmp/asan_pair20_a1_vulnerable_bo_pws6_/target/debug/deps/pair20_a1_vulnerable-d4231c808133d07c+0xdc631) (BuildId: 3c4b9090dd5d8830ce8bb08cd63ddbf5989d6a0c)
    #1 0x61b54ae8ff6f  (/tmp/asan_pair20_a1_vulnerable_bo_pws6_/target/debug/deps/pair20_a1_vulnerable-d4231c808133d07c+0x18bf6f) (BuildId: 3c4b9090dd5d8830ce8bb08cd63ddbf5989d6a0c)
    #2 0x61b54ae6e89d  (/tmp/asan_pair20_a1_vulnerable_bo_pws6_/target/debug/deps/pair20_a1_vulnerable-d4231c808133d07c+0x16a89d) (BuildId: 3c4b9090dd5d8830ce8bb08cd63ddbf5989d6a0c)
    #3 0x61b54ae67be4  (/tmp/asan_pair20_a1_vulnerable_bo_pws6_/target/debug/deps/pair20_a1_vulnerable-d4231c808133d07c+0x163be4) (BuildId: 3c4b9090dd5d8830ce8bb08cd63ddbf5989d6a0c)
    #4 0x61b54ae71225  (/tmp/asan_pair20_a1_vulnerable_bo_pws6_/target/debug/deps/pair20_a1_vulnerable-d4231c808133d07c+0x16d225) (BuildId: 3c4b9090dd5d8830ce8bb08cd63ddbf5989d6a0c)
    #5 0x61b54ae59f7a  (/tmp/asan_pair20_a1_vulnerable_bo_pws6_/target/debug/deps/pair20_a1_vulnerable-d4231c808133d07c+0x155f7a) (BuildId: 3c4b9090dd5d8830ce8bb08cd63ddbf5989d6a0c)
    #6 0x61b54ae2e4c2  (/tmp/asan_pair20_a1_vulnerable_bo_pws6_/target/debug/deps/pair20_a1_vulnerable-d4231c808133d07c+0x12a4c2) (BuildId: 3c4b9090dd5d8830ce8bb08cd63ddbf5989d6a0c)
    #7 0x61b54ae30b2f  (/tmp/asan_pair20_a1_vulnerable_bo_pws6_/target/debug/deps/pair20_a1_vulnerable-d4231c808133d07c+0x12cb2f) (BuildId: 3c4b9090dd5d8830ce8bb08cd63ddbf5989d6a0c)
    #8 0x61b54ae2e6dd  (/tmp/asan_pair20_a1_vulnerable_bo_pws6_/target/debug/deps/pair20_a1_vulnerable-d4231c808133d07c+0x12a6dd) (BuildId: 3c4b9090dd5d8830ce8bb08cd63ddbf5989d6a0c)

SUMMARY: AddressSanitizer: heap-buffer-overflow (/tmp/asan_pair20_a1_vulnerable_bo_pws6_/target/debug/deps/pair20_a1_vulnerable-d4231c808133d07c+0x13399b) (BuildId: 3c4b9090dd5d8830ce8bb08cd63ddbf5989d6a0c) 
Shadow bytes around the buggy address:
  0x7b375e9e3d80: fa fa fa fa fa fa fa fa fa fa fa fa fa fa fa fa
  0x7b375e9e3e00: fa fa fa fa fa fa fa fa fa fa fa fa fa fa fa fa
  0x7b375e9e3e80: fa fa fa fa fa fa fa fa fa fa fa fa fa fa fa fa
  0x7b375e9e3f00: fa fa fa fa fa fa fa fa fa fa fa fa fa fa fa fa
  0x7b375e9e3f80: fa fa fa fa fa fa fa fa fa fa fa fa fa fa fa fa
=>0x7b375e9e4000: fa fa 00[fa]fa fa fa fa fa fa fa fa fa fa fa fa
  0x7b375e9e4080: fa fa fa fa fa fa fa fa fa fa fa fa fa fa fa fa
  0x7b375e9e4100: fa fa fa fa fa fa fa fa fa fa fa fa fa fa fa fa
  0x7b375e9e4180: fa fa fa fa fa fa fa fa fa fa fa fa fa fa fa fa
  0x7b375e9e4200: fa fa fa fa fa fa fa fa fa fa fa fa fa fa fa fa
  0x7b375e9e4280: fa fa fa fa fa fa fa fa fa fa fa fa fa fa fa fa
Shadow byte legend (one shadow byte represents 8 application bytes):
  Addressable:           00
  Partially addressable: 01 02 03 04 05 06 07 
  Heap left redzone:       fa
  Freed heap region:       fd
  Stack left redzone:      f1
  Stack mid redzone:       f2
  Stack right redzone:     f3
  Stack after return:      f5
  Stack use after scope:   f8
  Global redzone:          f9
  Global init order:       f6
  Poisoned by user:        f7
  Container overflow:      fc
  Array cookie:            ac
  Intra object redzone:    bb
  ASan internal:           fe
  Left alloca redzone:     ca
  Right alloca redzone:    cb
==3816644==ABORTING
error: test failed, to rerun pass `--lib`

Caused by:
  process didn't exit successfully: `/tmp/asan_pair20_a1_vulnerable_bo_pws6_/target/debug/deps/pair20_a1_vulnerable-d4231c808133d07c --nocapture` (exit status: 1)
