$ (cwd=/tmp/asan_pair9_a2_vulnerable_74zndj7p) cargo +nightly test --lib -- --nocapture

   Compiling pair9_a2_vulnerable v0.1.0 (/tmp/asan_pair9_a2_vulnerable_74zndj7p)
error[E0277]: `*mut Worker` cannot be sent between threads safely
  --> src/lib.rs:35:36
   |
35 |           let handle = thread::spawn(move || {
   |                        ------------- ^------
   |                        |             |
   |  ______________________|_____________within this `{closure@src/lib.rs:35:36: 35:43}`
   | |                      |
   | |                      required by a bound introduced by this call
36 | |             unsafe {
37 | |                 (*worker_ptr).process();
38 | |             }
39 | |         });
   | |_________^ `*mut Worker` cannot be sent between threads safely
   |
   = help: within `{closure@src/lib.rs:35:36: 35:43}`, the trait `Send` is not implemented for `*mut Worker`
note: required because it's used within this closure
  --> src/lib.rs:35:36
   |
35 |         let handle = thread::spawn(move || {
   |                                    ^^^^^^^
note: required by a bound in `spawn`
  --> /rustc/fa3155a644dd62e865825087b403646be01d4cef/library/std/src/thread/mod.rs:723:1

For more information about this error, try `rustc --explain E0277`.
error: could not compile `pair9_a2_vulnerable` (lib test) due to 1 previous error
