$ (cwd=/tmp/asan_pair6_vulnerable_lug0mvvp) cargo +nightly test --lib -- --nocapture

   Compiling pair6_vulnerable v0.1.0 (/tmp/asan_pair6_vulnerable_lug0mvvp)
    Finished `test` profile [unoptimized + debuginfo] target(s) in 0.18s
     Running unittests src/lib.rs (target/debug/deps/pair6_vulnerable-17fad621274a779c)

running 1 test
=================================================================
==3498063==ERROR: AddressSanitizer: heap-buffer-overflow on address 0x6c8f53fe2078 at pc 0x653069a57fc2 bp 0x6c4f519fe2e0 sp 0x6c4f519fe2d8
WRITE of size 4 at 0x6c8f53fe2078 thread T1
    #0 0x653069a57fc1  (/tmp/asan_pair6_vulnerable_lug0mvvp/target/debug/deps/pair6_vulnerable-17fad621274a779c+0x11ffc1) (BuildId: 01121d5133d127b2ff261af5ad9e66c214a5d61c)
    #1 0x653069a5902f  (/tmp/asan_pair6_vulnerable_lug0mvvp/target/debug/deps/pair6_vulnerable-17fad621274a779c+0x12102f) (BuildId: 01121d5133d127b2ff261af5ad9e66c214a5d61c)
    #2 0x653069a58336  (/tmp/asan_pair6_vulnerable_lug0mvvp/target/debug/deps/pair6_vulnerable-17fad621274a779c+0x120336) (BuildId: 01121d5133d127b2ff261af5ad9e66c214a5d61c)
    #3 0x653069a58815  (/tmp/asan_pair6_vulnerable_lug0mvvp/target/debug/deps/pair6_vulnerable-17fad621274a779c+0x120815) (BuildId: 01121d5133d127b2ff261af5ad9e66c214a5d61c)
    #4 0x653069a79e6a  (/tmp/asan_pair6_vulnerable_lug0mvvp/target/debug/deps/pair6_vulnerable-17fad621274a779c+0x141e6a) (BuildId: 01121d5133d127b2ff261af5ad9e66c214a5d61c)
    #5 0x653069a8f854  (/tmp/asan_pair6_vulnerable_lug0mvvp/target/debug/deps/pair6_vulnerable-17fad621274a779c+0x157854) (BuildId: 01121d5133d127b2ff261af5ad9e66c214a5d61c)
    #6 0x653069a66273  (/tmp/asan_pair6_vulnerable_lug0mvvp/target/debug/deps/pair6_vulnerable-17fad621274a779c+0x12e273) (BuildId: 01121d5133d127b2ff261af5ad9e66c214a5d61c)
    #7 0x653069a69c59  (/tmp/asan_pair6_vulnerable_lug0mvvp/target/debug/deps/pair6_vulnerable-17fad621274a779c+0x131c59) (BuildId: 01121d5133d127b2ff261af5ad9e66c214a5d61c)
    #8 0x653069aaf87e  (/tmp/asan_pair6_vulnerable_lug0mvvp/target/debug/deps/pair6_vulnerable-17fad621274a779c+0x17787e) (BuildId: 01121d5133d127b2ff261af5ad9e66c214a5d61c)
    #9 0x653069a266d6  (/tmp/asan_pair6_vulnerable_lug0mvvp/target/debug/deps/pair6_vulnerable-17fad621274a779c+0xee6d6) (BuildId: 01121d5133d127b2ff261af5ad9e66c214a5d61c)
    #10 0x704f54c94ac2  (/lib/x86_64-linux-gnu/libc.so.6+0x94ac2) (BuildId: d5197096f709801829b118af1b7cf6631efa2dcd)
    #11 0x704f54d2684f  (/lib/x86_64-linux-gnu/libc.so.6+0x12684f) (BuildId: d5197096f709801829b118af1b7cf6631efa2dcd)

0x6c8f53fe2078 is located 0 bytes after 40-byte region [0x6c8f53fe2050,0x6c8f53fe2078)
allocated by thread T1 here:
    #0 0x653069a28814  (/tmp/asan_pair6_vulnerable_lug0mvvp/target/debug/deps/pair6_vulnerable-17fad621274a779c+0xf0814) (BuildId: 01121d5133d127b2ff261af5ad9e66c214a5d61c)
    #1 0x653069adfe0d  (/tmp/asan_pair6_vulnerable_lug0mvvp/target/debug/deps/pair6_vulnerable-17fad621274a779c+0x1a7e0d) (BuildId: 01121d5133d127b2ff261af5ad9e66c214a5d61c)
    #2 0x653069a57a4e  (/tmp/asan_pair6_vulnerable_lug0mvvp/target/debug/deps/pair6_vulnerable-17fad621274a779c+0x11fa4e) (BuildId: 01121d5133d127b2ff261af5ad9e66c214a5d61c)
    #3 0x653069a56afc  (/tmp/asan_pair6_vulnerable_lug0mvvp/target/debug/deps/pair6_vulnerable-17fad621274a779c+0x11eafc) (BuildId: 01121d5133d127b2ff261af5ad9e66c214a5d61c)
    #4 0x653069a59010  (/tmp/asan_pair6_vulnerable_lug0mvvp/target/debug/deps/pair6_vulnerable-17fad621274a779c+0x121010) (BuildId: 01121d5133d127b2ff261af5ad9e66c214a5d61c)
    #5 0x653069a58336  (/tmp/asan_pair6_vulnerable_lug0mvvp/target/debug/deps/pair6_vulnerable-17fad621274a779c+0x120336) (BuildId: 01121d5133d127b2ff261af5ad9e66c214a5d61c)
    #6 0x653069a8f854  (/tmp/asan_pair6_vulnerable_lug0mvvp/target/debug/deps/pair6_vulnerable-17fad621274a779c+0x157854) (BuildId: 01121d5133d127b2ff261af5ad9e66c214a5d61c)
    #7 0x653069a66273  (/tmp/asan_pair6_vulnerable_lug0mvvp/target/debug/deps/pair6_vulnerable-17fad621274a779c+0x12e273) (BuildId: 01121d5133d127b2ff261af5ad9e66c214a5d61c)
    #8 0x653069a69c59  (/tmp/asan_pair6_vulnerable_lug0mvvp/target/debug/deps/pair6_vulnerable-17fad621274a779c+0x131c59) (BuildId: 01121d5133d127b2ff261af5ad9e66c214a5d61c)
    #9 0x653069aaf87e  (/tmp/asan_pair6_vulnerable_lug0mvvp/target/debug/deps/pair6_vulnerable-17fad621274a779c+0x17787e) (BuildId: 01121d5133d127b2ff261af5ad9e66c214a5d61c)
    #10 0x653069a266d6  (/tmp/asan_pair6_vulnerable_lug0mvvp/target/debug/deps/pair6_vulnerable-17fad621274a779c+0xee6d6) (BuildId: 01121d5133d127b2ff261af5ad9e66c214a5d61c)

Thread T1 created by T0 here:
    #0 0x653069a0d101  (/tmp/asan_pair6_vulnerable_lug0mvvp/target/debug/deps/pair6_vulnerable-17fad621274a779c+0xd5101) (BuildId: 01121d5133d127b2ff261af5ad9e66c214a5d61c)
    #1 0x653069aafa9f  (/tmp/asan_pair6_vulnerable_lug0mvvp/target/debug/deps/pair6_vulnerable-17fad621274a779c+0x177a9f) (BuildId: 01121d5133d127b2ff261af5ad9e66c214a5d61c)
    #2 0x653069a8e3cd  (/tmp/asan_pair6_vulnerable_lug0mvvp/target/debug/deps/pair6_vulnerable-17fad621274a779c+0x1563cd) (BuildId: 01121d5133d127b2ff261af5ad9e66c214a5d61c)
    #3 0x653069a87714  (/tmp/asan_pair6_vulnerable_lug0mvvp/target/debug/deps/pair6_vulnerable-17fad621274a779c+0x14f714) (BuildId: 01121d5133d127b2ff261af5ad9e66c214a5d61c)
    #4 0x653069a90d55  (/tmp/asan_pair6_vulnerable_lug0mvvp/target/debug/deps/pair6_vulnerable-17fad621274a779c+0x158d55) (BuildId: 01121d5133d127b2ff261af5ad9e66c214a5d61c)
    #5 0x653069a79aaa  (/tmp/asan_pair6_vulnerable_lug0mvvp/target/debug/deps/pair6_vulnerable-17fad621274a779c+0x141aaa) (BuildId: 01121d5133d127b2ff261af5ad9e66c214a5d61c)
    #6 0x653069a57ce2  (/tmp/asan_pair6_vulnerable_lug0mvvp/target/debug/deps/pair6_vulnerable-17fad621274a779c+0x11fce2) (BuildId: 01121d5133d127b2ff261af5ad9e66c214a5d61c)
    #7 0x653069a58a9f  (/tmp/asan_pair6_vulnerable_lug0mvvp/target/debug/deps/pair6_vulnerable-17fad621274a779c+0x120a9f) (BuildId: 01121d5133d127b2ff261af5ad9e66c214a5d61c)
    #8 0x653069a5800d  (/tmp/asan_pair6_vulnerable_lug0mvvp/target/debug/deps/pair6_vulnerable-17fad621274a779c+0x12000d) (BuildId: 01121d5133d127b2ff261af5ad9e66c214a5d61c)

SUMMARY: AddressSanitizer: heap-buffer-overflow (/tmp/asan_pair6_vulnerable_lug0mvvp/target/debug/deps/pair6_vulnerable-17fad621274a779c+0x11ffc1) (BuildId: 01121d5133d127b2ff261af5ad9e66c214a5d61c) 
Shadow bytes around the buggy address:
  0x6c8f53fe1d80: fa fa fa fa fa fa fa fa fa fa fa fa fa fa fa fa
  0x6c8f53fe1e00: fa fa fa fa fa fa fa fa fa fa fa fa fa fa fa fa
  0x6c8f53fe1e80: fa fa fa fa fa fa fa fa fa fa fa fa fa fa fa fa
  0x6c8f53fe1f00: fa fa fa fa fa fa fa fa fa fa fa fa fa fa fa fa
  0x6c8f53fe1f80: fa fa fa fa fa fa fa fa fa fa fa fa fa fa fa fa
=>0x6c8f53fe2000: fa fa 00 00 00 00 00 00 fa fa 00 00 00 00 00[fa]
  0x6c8f53fe2080: fa fa fa fa fa fa fa fa fa fa fa fa fa fa fa fa
  0x6c8f53fe2100: fa fa fa fa fa fa fa fa fa fa fa fa fa fa fa fa
  0x6c8f53fe2180: fa fa fa fa fa fa fa fa fa fa fa fa fa fa fa fa
  0x6c8f53fe2200: fa fa fa fa fa fa fa fa fa fa fa fa fa fa fa fa
  0x6c8f53fe2280: fa fa fa fa fa fa fa fa fa fa fa fa fa fa fa fa
Shadow byte legend (one shadow byte represents 8 application bytes):
  Addressable:           00
  Partially addressable: 01 02 03 04 05 06 07 
  Heap left redzone:       fa
  Freed heap region:       fd
  Stack left redzone:      f1
  Stack mid redzone:       f2
  Stack right redzone:     f3
  Stack after return:      f5
  Stack use after scope:   f8
  Global redzone:          f9
  Global init order:       f6
  Poisoned by user:        f7
  Container overflow:      fc
  Array cookie:            ac
  Intra object redzone:    bb
  ASan internal:           fe
  Left alloca redzone:     ca
  Right alloca redzone:    cb
==3498063==ABORTING
error: test failed, to rerun pass `--lib`

Caused by:
  process didn't exit successfully: `/tmp/asan_pair6_vulnerable_lug0mvvp/target/debug/deps/pair6_vulnerable-17fad621274a779c --nocapture` (exit status: 1)
