$ (cwd=/tmp/asan_pair19_a2_vulnerable_z8dpjxhc) cargo +nightly test --lib -- --nocapture

   Compiling pair19_a2_vulnerable v0.1.0 (/tmp/asan_pair19_a2_vulnerable_z8dpjxhc)
    Finished `test` profile [unoptimized + debuginfo] target(s) in 0.17s
     Running unittests src/lib.rs (target/debug/deps/pair19_a2_vulnerable-79207584239c7d9a)

running 1 test
=================================================================
==4012110==ERROR: AddressSanitizer: heap-use-after-free on address 0x6fb7229e4010 at pc 0x6434a984962c bp 0x6f97203fe340 sp 0x6f97203fe338
WRITE of size 4 at 0x6fb7229e4010 thread T1
    #0 0x6434a984962b  (/tmp/asan_pair19_a2_vulnerable_z8dpjxhc/target/debug/deps/pair19_a2_vulnerable-79207584239c7d9a+0x12162b) (BuildId: 98d629df5a0561c76351ba16ce70ca4f89516627)
    #1 0x6434a9848b9f  (/tmp/asan_pair19_a2_vulnerable_z8dpjxhc/target/debug/deps/pair19_a2_vulnerable-79207584239c7d9a+0x120b9f) (BuildId: 98d629df5a0561c76351ba16ce70ca4f89516627)
    #2 0x6434a984a226  (/tmp/asan_pair19_a2_vulnerable_z8dpjxhc/target/debug/deps/pair19_a2_vulnerable-79207584239c7d9a+0x122226) (BuildId: 98d629df5a0561c76351ba16ce70ca4f89516627)
    #3 0x6434a98483c5  (/tmp/asan_pair19_a2_vulnerable_z8dpjxhc/target/debug/deps/pair19_a2_vulnerable-79207584239c7d9a+0x1203c5) (BuildId: 98d629df5a0561c76351ba16ce70ca4f89516627)
    #4 0x6434a986b52a  (/tmp/asan_pair19_a2_vulnerable_z8dpjxhc/target/debug/deps/pair19_a2_vulnerable-79207584239c7d9a+0x14352a) (BuildId: 98d629df5a0561c76351ba16ce70ca4f89516627)
    #5 0x6434a9880f14  (/tmp/asan_pair19_a2_vulnerable_z8dpjxhc/target/debug/deps/pair19_a2_vulnerable-79207584239c7d9a+0x158f14) (BuildId: 98d629df5a0561c76351ba16ce70ca4f89516627)
    #6 0x6434a9857933  (/tmp/asan_pair19_a2_vulnerable_z8dpjxhc/target/debug/deps/pair19_a2_vulnerable-79207584239c7d9a+0x12f933) (BuildId: 98d629df5a0561c76351ba16ce70ca4f89516627)
    #7 0x6434a985b319  (/tmp/asan_pair19_a2_vulnerable_z8dpjxhc/target/debug/deps/pair19_a2_vulnerable-79207584239c7d9a+0x133319) (BuildId: 98d629df5a0561c76351ba16ce70ca4f89516627)
    #8 0x6434a98a0f3e  (/tmp/asan_pair19_a2_vulnerable_z8dpjxhc/target/debug/deps/pair19_a2_vulnerable-79207584239c7d9a+0x178f3e) (BuildId: 98d629df5a0561c76351ba16ce70ca4f89516627)
    #9 0x6434a9817336  (/tmp/asan_pair19_a2_vulnerable_z8dpjxhc/target/debug/deps/pair19_a2_vulnerable-79207584239c7d9a+0xef336) (BuildId: 98d629df5a0561c76351ba16ce70ca4f89516627)
    #10 0x739723894ac2  (/lib/x86_64-linux-gnu/libc.so.6+0x94ac2) (BuildId: d5197096f709801829b118af1b7cf6631efa2dcd)
    #11 0x73972392684f  (/lib/x86_64-linux-gnu/libc.so.6+0x12684f) (BuildId: d5197096f709801829b118af1b7cf6631efa2dcd)

0x6fb7229e4010 is located 0 bytes inside of 4-byte region [0x6fb7229e4010,0x6fb7229e4014)
freed by thread T1 here:
    #0 0x6434a98191d6  (/tmp/asan_pair19_a2_vulnerable_z8dpjxhc/target/debug/deps/pair19_a2_vulnerable-79207584239c7d9a+0xf11d6) (BuildId: 98d629df5a0561c76351ba16ce70ca4f89516627)
    #1 0x6434a9847d5a  (/tmp/asan_pair19_a2_vulnerable_z8dpjxhc/target/debug/deps/pair19_a2_vulnerable-79207584239c7d9a+0x11fd5a) (BuildId: 98d629df5a0561c76351ba16ce70ca4f89516627)
    #2 0x6434a9848783  (/tmp/asan_pair19_a2_vulnerable_z8dpjxhc/target/debug/deps/pair19_a2_vulnerable-79207584239c7d9a+0x120783) (BuildId: 98d629df5a0561c76351ba16ce70ca4f89516627)
    #3 0x6434a9848460  (/tmp/asan_pair19_a2_vulnerable_z8dpjxhc/target/debug/deps/pair19_a2_vulnerable-79207584239c7d9a+0x120460) (BuildId: 98d629df5a0561c76351ba16ce70ca4f89516627)
    #4 0x6434a9848479  (/tmp/asan_pair19_a2_vulnerable_z8dpjxhc/target/debug/deps/pair19_a2_vulnerable-79207584239c7d9a+0x120479) (BuildId: 98d629df5a0561c76351ba16ce70ca4f89516627)
    #5 0x6434a98495b4  (/tmp/asan_pair19_a2_vulnerable_z8dpjxhc/target/debug/deps/pair19_a2_vulnerable-79207584239c7d9a+0x1215b4) (BuildId: 98d629df5a0561c76351ba16ce70ca4f89516627)
    #6 0x6434a984a226  (/tmp/asan_pair19_a2_vulnerable_z8dpjxhc/target/debug/deps/pair19_a2_vulnerable-79207584239c7d9a+0x122226) (BuildId: 98d629df5a0561c76351ba16ce70ca4f89516627)
    #7 0x6434a9880f14  (/tmp/asan_pair19_a2_vulnerable_z8dpjxhc/target/debug/deps/pair19_a2_vulnerable-79207584239c7d9a+0x158f14) (BuildId: 98d629df5a0561c76351ba16ce70ca4f89516627)
    #8 0x6434a9857933  (/tmp/asan_pair19_a2_vulnerable_z8dpjxhc/target/debug/deps/pair19_a2_vulnerable-79207584239c7d9a+0x12f933) (BuildId: 98d629df5a0561c76351ba16ce70ca4f89516627)
    #9 0x6434a985b319  (/tmp/asan_pair19_a2_vulnerable_z8dpjxhc/target/debug/deps/pair19_a2_vulnerable-79207584239c7d9a+0x133319) (BuildId: 98d629df5a0561c76351ba16ce70ca4f89516627)
    #10 0x6434a98a0f3e  (/tmp/asan_pair19_a2_vulnerable_z8dpjxhc/target/debug/deps/pair19_a2_vulnerable-79207584239c7d9a+0x178f3e) (BuildId: 98d629df5a0561c76351ba16ce70ca4f89516627)
    #11 0x6434a9817336  (/tmp/asan_pair19_a2_vulnerable_z8dpjxhc/target/debug/deps/pair19_a2_vulnerable-79207584239c7d9a+0xef336) (BuildId: 98d629df5a0561c76351ba16ce70ca4f89516627)

previously allocated by thread T1 here:
    #0 0x6434a9819474  (/tmp/asan_pair19_a2_vulnerable_z8dpjxhc/target/debug/deps/pair19_a2_vulnerable-79207584239c7d9a+0xf1474) (BuildId: 98d629df5a0561c76351ba16ce70ca4f89516627)
    #1 0x6434a9847a43  (/tmp/asan_pair19_a2_vulnerable_z8dpjxhc/target/debug/deps/pair19_a2_vulnerable-79207584239c7d9a+0x11fa43) (BuildId: 98d629df5a0561c76351ba16ce70ca4f89516627)
    #2 0x6434a9847744  (/tmp/asan_pair19_a2_vulnerable_z8dpjxhc/target/debug/deps/pair19_a2_vulnerable-79207584239c7d9a+0x11f744) (BuildId: 98d629df5a0561c76351ba16ce70ca4f89516627)
    #3 0x6434a984a226  (/tmp/asan_pair19_a2_vulnerable_z8dpjxhc/target/debug/deps/pair19_a2_vulnerable-79207584239c7d9a+0x122226) (BuildId: 98d629df5a0561c76351ba16ce70ca4f89516627)
    #4 0x6434a9880f14  (/tmp/asan_pair19_a2_vulnerable_z8dpjxhc/target/debug/deps/pair19_a2_vulnerable-79207584239c7d9a+0x158f14) (BuildId: 98d629df5a0561c76351ba16ce70ca4f89516627)
    #5 0x6434a9857933  (/tmp/asan_pair19_a2_vulnerable_z8dpjxhc/target/debug/deps/pair19_a2_vulnerable-79207584239c7d9a+0x12f933) (BuildId: 98d629df5a0561c76351ba16ce70ca4f89516627)
    #6 0x6434a985b319  (/tmp/asan_pair19_a2_vulnerable_z8dpjxhc/target/debug/deps/pair19_a2_vulnerable-79207584239c7d9a+0x133319) (BuildId: 98d629df5a0561c76351ba16ce70ca4f89516627)
    #7 0x6434a98a0f3e  (/tmp/asan_pair19_a2_vulnerable_z8dpjxhc/target/debug/deps/pair19_a2_vulnerable-79207584239c7d9a+0x178f3e) (BuildId: 98d629df5a0561c76351ba16ce70ca4f89516627)
    #8 0x6434a9817336  (/tmp/asan_pair19_a2_vulnerable_z8dpjxhc/target/debug/deps/pair19_a2_vulnerable-79207584239c7d9a+0xef336) (BuildId: 98d629df5a0561c76351ba16ce70ca4f89516627)

Thread T1 created by T0 here:
    #0 0x6434a97fdd61  (/tmp/asan_pair19_a2_vulnerable_z8dpjxhc/target/debug/deps/pair19_a2_vulnerable-79207584239c7d9a+0xd5d61) (BuildId: 98d629df5a0561c76351ba16ce70ca4f89516627)
    #1 0x6434a98a115f  (/tmp/asan_pair19_a2_vulnerable_z8dpjxhc/target/debug/deps/pair19_a2_vulnerable-79207584239c7d9a+0x17915f) (BuildId: 98d629df5a0561c76351ba16ce70ca4f89516627)
    #2 0x6434a987fa8d  (/tmp/asan_pair19_a2_vulnerable_z8dpjxhc/target/debug/deps/pair19_a2_vulnerable-79207584239c7d9a+0x157a8d) (BuildId: 98d629df5a0561c76351ba16ce70ca4f89516627)
    #3 0x6434a9878dd4  (/tmp/asan_pair19_a2_vulnerable_z8dpjxhc/target/debug/deps/pair19_a2_vulnerable-79207584239c7d9a+0x150dd4) (BuildId: 98d629df5a0561c76351ba16ce70ca4f89516627)
    #4 0x6434a9882415  (/tmp/asan_pair19_a2_vulnerable_z8dpjxhc/target/debug/deps/pair19_a2_vulnerable-79207584239c7d9a+0x15a415) (BuildId: 98d629df5a0561c76351ba16ce70ca4f89516627)
    #5 0x6434a986b16a  (/tmp/asan_pair19_a2_vulnerable_z8dpjxhc/target/debug/deps/pair19_a2_vulnerable-79207584239c7d9a+0x14316a) (BuildId: 98d629df5a0561c76351ba16ce70ca4f89516627)
    #6 0x6434a98496f2  (/tmp/asan_pair19_a2_vulnerable_z8dpjxhc/target/debug/deps/pair19_a2_vulnerable-79207584239c7d9a+0x1216f2) (BuildId: 98d629df5a0561c76351ba16ce70ca4f89516627)
    #7 0x6434a984813f  (/tmp/asan_pair19_a2_vulnerable_z8dpjxhc/target/debug/deps/pair19_a2_vulnerable-79207584239c7d9a+0x12013f) (BuildId: 98d629df5a0561c76351ba16ce70ca4f89516627)
    #8 0x6434a98497bd  (/tmp/asan_pair19_a2_vulnerable_z8dpjxhc/target/debug/deps/pair19_a2_vulnerable-79207584239c7d9a+0x1217bd) (BuildId: 98d629df5a0561c76351ba16ce70ca4f89516627)

SUMMARY: AddressSanitizer: heap-use-after-free (/tmp/asan_pair19_a2_vulnerable_z8dpjxhc/target/debug/deps/pair19_a2_vulnerable-79207584239c7d9a+0x12162b) (BuildId: 98d629df5a0561c76351ba16ce70ca4f89516627) 
Shadow bytes around the buggy address:
  0x6fb7229e3d80: fa fa fa fa fa fa fa fa fa fa fa fa fa fa fa fa
  0x6fb7229e3e00: fa fa fa fa fa fa fa fa fa fa fa fa fa fa fa fa
  0x6fb7229e3e80: fa fa fa fa fa fa fa fa fa fa fa fa fa fa fa fa
  0x6fb7229e3f00: fa fa fa fa fa fa fa fa fa fa fa fa fa fa fa fa
  0x6fb7229e3f80: fa fa fa fa fa fa fa fa fa fa fa fa fa fa fa fa
=>0x6fb7229e4000: fa fa[fd]fa fa fa fa fa fa fa fa fa fa fa fa fa
  0x6fb7229e4080: fa fa fa fa fa fa fa fa fa fa fa fa fa fa fa fa
  0x6fb7229e4100: fa fa fa fa fa fa fa fa fa fa fa fa fa fa fa fa
  0x6fb7229e4180: fa fa fa fa fa fa fa fa fa fa fa fa fa fa fa fa
  0x6fb7229e4200: fa fa fa fa fa fa fa fa fa fa fa fa fa fa fa fa
  0x6fb7229e4280: fa fa fa fa fa fa fa fa fa fa fa fa fa fa fa fa
Shadow byte legend (one shadow byte represents 8 application bytes):
  Addressable:           00
  Partially addressable: 01 02 03 04 05 06 07 
  Heap left redzone:       fa
  Freed heap region:       fd
  Stack left redzone:      f1
  Stack mid redzone:       f2
  Stack right redzone:     f3
  Stack after return:      f5
  Stack use after scope:   f8
  Global redzone:          f9
  Global init order:       f6
  Poisoned by user:        f7
  Container overflow:      fc
  Array cookie:            ac
  Intra object redzone:    bb
  ASan internal:           fe
  Left alloca redzone:     ca
  Right alloca redzone:    cb
==4012110==ABORTING
error: test failed, to rerun pass `--lib`

Caused by:
  process didn't exit successfully: `/tmp/asan_pair19_a2_vulnerable_z8dpjxhc/target/debug/deps/pair19_a2_vulnerable-79207584239c7d9a --nocapture` (exit status: 1)
