$ (cwd=/tmp/asan_pair9_vulnerable_m4rmwcqj) cargo +nightly test --lib -- --nocapture

   Compiling pair9_vulnerable v0.1.0 (/tmp/asan_pair9_vulnerable_m4rmwcqj)
    Finished `test` profile [unoptimized + debuginfo] target(s) in 0.19s
     Running unittests src/lib.rs (target/debug/deps/pair9_vulnerable-a851f53d7680889d)

running 1 test
=================================================================
==3483379==ERROR: AddressSanitizer: heap-use-after-free on address 0x73b3133e4010 at pc 0x5fc60bfaf3e0 bp 0x739310dfe2b0 sp 0x739310dfe2a8
READ of size 4 at 0x73b3133e4010 thread T1
    #0 0x5fc60bfaf3df  (/tmp/asan_pair9_vulnerable_m4rmwcqj/target/debug/deps/pair9_vulnerable-a851f53d7680889d+0x1203df) (BuildId: 1ab551253a67401455f5e41d1863e44a7265378a)
    #1 0x5fc60bfb0d2f  (/tmp/asan_pair9_vulnerable_m4rmwcqj/target/debug/deps/pair9_vulnerable-a851f53d7680889d+0x121d2f) (BuildId: 1ab551253a67401455f5e41d1863e44a7265378a)
    #2 0x5fc60bfaebc6  (/tmp/asan_pair9_vulnerable_m4rmwcqj/target/debug/deps/pair9_vulnerable-a851f53d7680889d+0x11fbc6) (BuildId: 1ab551253a67401455f5e41d1863e44a7265378a)
    #3 0x5fc60bfaff15  (/tmp/asan_pair9_vulnerable_m4rmwcqj/target/debug/deps/pair9_vulnerable-a851f53d7680889d+0x120f15) (BuildId: 1ab551253a67401455f5e41d1863e44a7265378a)
    #4 0x5fc60bfd278a  (/tmp/asan_pair9_vulnerable_m4rmwcqj/target/debug/deps/pair9_vulnerable-a851f53d7680889d+0x14378a) (BuildId: 1ab551253a67401455f5e41d1863e44a7265378a)
    #5 0x5fc60bfe8174  (/tmp/asan_pair9_vulnerable_m4rmwcqj/target/debug/deps/pair9_vulnerable-a851f53d7680889d+0x159174) (BuildId: 1ab551253a67401455f5e41d1863e44a7265378a)
    #6 0x5fc60bfbeb93  (/tmp/asan_pair9_vulnerable_m4rmwcqj/target/debug/deps/pair9_vulnerable-a851f53d7680889d+0x12fb93) (BuildId: 1ab551253a67401455f5e41d1863e44a7265378a)
    #7 0x5fc60bfc2579  (/tmp/asan_pair9_vulnerable_m4rmwcqj/target/debug/deps/pair9_vulnerable-a851f53d7680889d+0x133579) (BuildId: 1ab551253a67401455f5e41d1863e44a7265378a)
    #8 0x5fc60c00819e  (/tmp/asan_pair9_vulnerable_m4rmwcqj/target/debug/deps/pair9_vulnerable-a851f53d7680889d+0x17919e) (BuildId: 1ab551253a67401455f5e41d1863e44a7265378a)
    #9 0x5fc60bf7e3b6  (/tmp/asan_pair9_vulnerable_m4rmwcqj/target/debug/deps/pair9_vulnerable-a851f53d7680889d+0xef3b6) (BuildId: 1ab551253a67401455f5e41d1863e44a7265378a)
    #10 0x779314094ac2  (/lib/x86_64-linux-gnu/libc.so.6+0x94ac2) (BuildId: d5197096f709801829b118af1b7cf6631efa2dcd)
    #11 0x77931412684f  (/lib/x86_64-linux-gnu/libc.so.6+0x12684f) (BuildId: d5197096f709801829b118af1b7cf6631efa2dcd)

0x73b3133e4010 is located 0 bytes inside of 4-byte region [0x73b3133e4010,0x73b3133e4014)
freed by thread T1 here:
    #0 0x5fc60bf80256  (/tmp/asan_pair9_vulnerable_m4rmwcqj/target/debug/deps/pair9_vulnerable-a851f53d7680889d+0xf1256) (BuildId: 1ab551253a67401455f5e41d1863e44a7265378a)
    #1 0x5fc60bfaf24a  (/tmp/asan_pair9_vulnerable_m4rmwcqj/target/debug/deps/pair9_vulnerable-a851f53d7680889d+0x12024a) (BuildId: 1ab551253a67401455f5e41d1863e44a7265378a)
    #2 0x5fc60bfb0443  (/tmp/asan_pair9_vulnerable_m4rmwcqj/target/debug/deps/pair9_vulnerable-a851f53d7680889d+0x121443) (BuildId: 1ab551253a67401455f5e41d1863e44a7265378a)
    #3 0x5fc60bfb0130  (/tmp/asan_pair9_vulnerable_m4rmwcqj/target/debug/deps/pair9_vulnerable-a851f53d7680889d+0x121130) (BuildId: 1ab551253a67401455f5e41d1863e44a7265378a)
    #4 0x5fc60bfb00f9  (/tmp/asan_pair9_vulnerable_m4rmwcqj/target/debug/deps/pair9_vulnerable-a851f53d7680889d+0x1210f9) (BuildId: 1ab551253a67401455f5e41d1863e44a7265378a)
    #5 0x5fc60bfb0d2f  (/tmp/asan_pair9_vulnerable_m4rmwcqj/target/debug/deps/pair9_vulnerable-a851f53d7680889d+0x121d2f) (BuildId: 1ab551253a67401455f5e41d1863e44a7265378a)
    #6 0x5fc60bfaebc6  (/tmp/asan_pair9_vulnerable_m4rmwcqj/target/debug/deps/pair9_vulnerable-a851f53d7680889d+0x11fbc6) (BuildId: 1ab551253a67401455f5e41d1863e44a7265378a)
    #7 0x5fc60bfe8174  (/tmp/asan_pair9_vulnerable_m4rmwcqj/target/debug/deps/pair9_vulnerable-a851f53d7680889d+0x159174) (BuildId: 1ab551253a67401455f5e41d1863e44a7265378a)
    #8 0x5fc60bfbeb93  (/tmp/asan_pair9_vulnerable_m4rmwcqj/target/debug/deps/pair9_vulnerable-a851f53d7680889d+0x12fb93) (BuildId: 1ab551253a67401455f5e41d1863e44a7265378a)
    #9 0x5fc60bfc2579  (/tmp/asan_pair9_vulnerable_m4rmwcqj/target/debug/deps/pair9_vulnerable-a851f53d7680889d+0x133579) (BuildId: 1ab551253a67401455f5e41d1863e44a7265378a)
    #10 0x5fc60c00819e  (/tmp/asan_pair9_vulnerable_m4rmwcqj/target/debug/deps/pair9_vulnerable-a851f53d7680889d+0x17919e) (BuildId: 1ab551253a67401455f5e41d1863e44a7265378a)
    #11 0x5fc60bf7e3b6  (/tmp/asan_pair9_vulnerable_m4rmwcqj/target/debug/deps/pair9_vulnerable-a851f53d7680889d+0xef3b6) (BuildId: 1ab551253a67401455f5e41d1863e44a7265378a)

previously allocated by thread T1 here:
    #0 0x5fc60bf804f4  (/tmp/asan_pair9_vulnerable_m4rmwcqj/target/debug/deps/pair9_vulnerable-a851f53d7680889d+0xf14f4) (BuildId: 1ab551253a67401455f5e41d1863e44a7265378a)
    #1 0x5fc60bfaef33  (/tmp/asan_pair9_vulnerable_m4rmwcqj/target/debug/deps/pair9_vulnerable-a851f53d7680889d+0x11ff33) (BuildId: 1ab551253a67401455f5e41d1863e44a7265378a)
    #2 0x5fc60bfaec34  (/tmp/asan_pair9_vulnerable_m4rmwcqj/target/debug/deps/pair9_vulnerable-a851f53d7680889d+0x11fc34) (BuildId: 1ab551253a67401455f5e41d1863e44a7265378a)
    #3 0x5fc60bfb0d2f  (/tmp/asan_pair9_vulnerable_m4rmwcqj/target/debug/deps/pair9_vulnerable-a851f53d7680889d+0x121d2f) (BuildId: 1ab551253a67401455f5e41d1863e44a7265378a)
    #4 0x5fc60bfaebc6  (/tmp/asan_pair9_vulnerable_m4rmwcqj/target/debug/deps/pair9_vulnerable-a851f53d7680889d+0x11fbc6) (BuildId: 1ab551253a67401455f5e41d1863e44a7265378a)
    #5 0x5fc60bfe8174  (/tmp/asan_pair9_vulnerable_m4rmwcqj/target/debug/deps/pair9_vulnerable-a851f53d7680889d+0x159174) (BuildId: 1ab551253a67401455f5e41d1863e44a7265378a)
    #6 0x5fc60bfbeb93  (/tmp/asan_pair9_vulnerable_m4rmwcqj/target/debug/deps/pair9_vulnerable-a851f53d7680889d+0x12fb93) (BuildId: 1ab551253a67401455f5e41d1863e44a7265378a)
    #7 0x5fc60bfc2579  (/tmp/asan_pair9_vulnerable_m4rmwcqj/target/debug/deps/pair9_vulnerable-a851f53d7680889d+0x133579) (BuildId: 1ab551253a67401455f5e41d1863e44a7265378a)
    #8 0x5fc60c00819e  (/tmp/asan_pair9_vulnerable_m4rmwcqj/target/debug/deps/pair9_vulnerable-a851f53d7680889d+0x17919e) (BuildId: 1ab551253a67401455f5e41d1863e44a7265378a)
    #9 0x5fc60bf7e3b6  (/tmp/asan_pair9_vulnerable_m4rmwcqj/target/debug/deps/pair9_vulnerable-a851f53d7680889d+0xef3b6) (BuildId: 1ab551253a67401455f5e41d1863e44a7265378a)

Thread T1 created by T0 here:
    #0 0x5fc60bf64de1  (/tmp/asan_pair9_vulnerable_m4rmwcqj/target/debug/deps/pair9_vulnerable-a851f53d7680889d+0xd5de1) (BuildId: 1ab551253a67401455f5e41d1863e44a7265378a)
    #1 0x5fc60c0083bf  (/tmp/asan_pair9_vulnerable_m4rmwcqj/target/debug/deps/pair9_vulnerable-a851f53d7680889d+0x1793bf) (BuildId: 1ab551253a67401455f5e41d1863e44a7265378a)
    #2 0x5fc60bfe6ced  (/tmp/asan_pair9_vulnerable_m4rmwcqj/target/debug/deps/pair9_vulnerable-a851f53d7680889d+0x157ced) (BuildId: 1ab551253a67401455f5e41d1863e44a7265378a)
    #3 0x5fc60bfe0034  (/tmp/asan_pair9_vulnerable_m4rmwcqj/target/debug/deps/pair9_vulnerable-a851f53d7680889d+0x151034) (BuildId: 1ab551253a67401455f5e41d1863e44a7265378a)
    #4 0x5fc60bfe9675  (/tmp/asan_pair9_vulnerable_m4rmwcqj/target/debug/deps/pair9_vulnerable-a851f53d7680889d+0x15a675) (BuildId: 1ab551253a67401455f5e41d1863e44a7265378a)
    #5 0x5fc60bfd23ca  (/tmp/asan_pair9_vulnerable_m4rmwcqj/target/debug/deps/pair9_vulnerable-a851f53d7680889d+0x1433ca) (BuildId: 1ab551253a67401455f5e41d1863e44a7265378a)
    #6 0x5fc60bfaf272  (/tmp/asan_pair9_vulnerable_m4rmwcqj/target/debug/deps/pair9_vulnerable-a851f53d7680889d+0x120272) (BuildId: 1ab551253a67401455f5e41d1863e44a7265378a)
    #7 0x5fc60bfb0b7f  (/tmp/asan_pair9_vulnerable_m4rmwcqj/target/debug/deps/pair9_vulnerable-a851f53d7680889d+0x121b7f) (BuildId: 1ab551253a67401455f5e41d1863e44a7265378a)
    #8 0x5fc60bfaf4fd  (/tmp/asan_pair9_vulnerable_m4rmwcqj/target/debug/deps/pair9_vulnerable-a851f53d7680889d+0x1204fd) (BuildId: 1ab551253a67401455f5e41d1863e44a7265378a)

SUMMARY: AddressSanitizer: heap-use-after-free (/tmp/asan_pair9_vulnerable_m4rmwcqj/target/debug/deps/pair9_vulnerable-a851f53d7680889d+0x1203df) (BuildId: 1ab551253a67401455f5e41d1863e44a7265378a) 
Shadow bytes around the buggy address:
  0x73b3133e3d80: fa fa fa fa fa fa fa fa fa fa fa fa fa fa fa fa
  0x73b3133e3e00: fa fa fa fa fa fa fa fa fa fa fa fa fa fa fa fa
  0x73b3133e3e80: fa fa fa fa fa fa fa fa fa fa fa fa fa fa fa fa
  0x73b3133e3f00: fa fa fa fa fa fa fa fa fa fa fa fa fa fa fa fa
  0x73b3133e3f80: fa fa fa fa fa fa fa fa fa fa fa fa fa fa fa fa
=>0x73b3133e4000: fa fa[fd]fa fa fa fa fa fa fa fa fa fa fa fa fa
  0x73b3133e4080: fa fa fa fa fa fa fa fa fa fa fa fa fa fa fa fa
  0x73b3133e4100: fa fa fa fa fa fa fa fa fa fa fa fa fa fa fa fa
  0x73b3133e4180: fa fa fa fa fa fa fa fa fa fa fa fa fa fa fa fa
  0x73b3133e4200: fa fa fa fa fa fa fa fa fa fa fa fa fa fa fa fa
  0x73b3133e4280: fa fa fa fa fa fa fa fa fa fa fa fa fa fa fa fa
Shadow byte legend (one shadow byte represents 8 application bytes):
  Addressable:           00
  Partially addressable: 01 02 03 04 05 06 07 
  Heap left redzone:       fa
  Freed heap region:       fd
  Stack left redzone:      f1
  Stack mid redzone:       f2
  Stack right redzone:     f3
  Stack after return:      f5
  Stack use after scope:   f8
  Global redzone:          f9
  Global init order:       f6
  Poisoned by user:        f7
  Container overflow:      fc
  Array cookie:            ac
  Intra object redzone:    bb
  ASan internal:           fe
  Left alloca redzone:     ca
  Right alloca redzone:    cb
==3483379==ABORTING
error: test failed, to rerun pass `--lib`

Caused by:
  process didn't exit successfully: `/tmp/asan_pair9_vulnerable_m4rmwcqj/target/debug/deps/pair9_vulnerable-a851f53d7680889d --nocapture` (exit status: 1)
