$ (cwd=/tmp/asan_pair18_vulnerable__gp88dyq) cargo +nightly test --lib -- --nocapture

   Compiling pair18_vulnerable v0.1.0 (/tmp/asan_pair18_vulnerable__gp88dyq)
    Finished `test` profile [unoptimized + debuginfo] target(s) in 0.18s
     Running unittests src/lib.rs (target/debug/deps/pair18_vulnerable-bdaccf112456475f)

running 1 test
=================================================================
==3480749==ERROR: AddressSanitizer: heap-use-after-free on address 0x7a122b1e4010 at pc 0x5cf11948a7ec bp 0x79f228bfe230 sp 0x79f228bfe228
READ of size 4 at 0x7a122b1e4010 thread T1
    #0 0x5cf11948a7eb  (/tmp/asan_pair18_vulnerable__gp88dyq/target/debug/deps/pair18_vulnerable-bdaccf112456475f+0x1207eb) (BuildId: 671213bc1fccefcb9a7774c6f08974ddcff385fd)
    #1 0x5cf1194898df  (/tmp/asan_pair18_vulnerable__gp88dyq/target/debug/deps/pair18_vulnerable-bdaccf112456475f+0x11f8df) (BuildId: 671213bc1fccefcb9a7774c6f08974ddcff385fd)
    #2 0x5cf1194897d5  (/tmp/asan_pair18_vulnerable__gp88dyq/target/debug/deps/pair18_vulnerable-bdaccf112456475f+0x11f7d5) (BuildId: 671213bc1fccefcb9a7774c6f08974ddcff385fd)
    #3 0x5cf11948b1f6  (/tmp/asan_pair18_vulnerable__gp88dyq/target/debug/deps/pair18_vulnerable-bdaccf112456475f+0x1211f6) (BuildId: 671213bc1fccefcb9a7774c6f08974ddcff385fd)
    #4 0x5cf11948af95  (/tmp/asan_pair18_vulnerable__gp88dyq/target/debug/deps/pair18_vulnerable-bdaccf112456475f+0x120f95) (BuildId: 671213bc1fccefcb9a7774c6f08974ddcff385fd)
    #5 0x5cf1194ad45a  (/tmp/asan_pair18_vulnerable__gp88dyq/target/debug/deps/pair18_vulnerable-bdaccf112456475f+0x14345a) (BuildId: 671213bc1fccefcb9a7774c6f08974ddcff385fd)
    #6 0x5cf1194c2e44  (/tmp/asan_pair18_vulnerable__gp88dyq/target/debug/deps/pair18_vulnerable-bdaccf112456475f+0x158e44) (BuildId: 671213bc1fccefcb9a7774c6f08974ddcff385fd)
    #7 0x5cf119499863  (/tmp/asan_pair18_vulnerable__gp88dyq/target/debug/deps/pair18_vulnerable-bdaccf112456475f+0x12f863) (BuildId: 671213bc1fccefcb9a7774c6f08974ddcff385fd)
    #8 0x5cf11949d249  (/tmp/asan_pair18_vulnerable__gp88dyq/target/debug/deps/pair18_vulnerable-bdaccf112456475f+0x133249) (BuildId: 671213bc1fccefcb9a7774c6f08974ddcff385fd)
    #9 0x5cf1194e2e6e  (/tmp/asan_pair18_vulnerable__gp88dyq/target/debug/deps/pair18_vulnerable-bdaccf112456475f+0x178e6e) (BuildId: 671213bc1fccefcb9a7774c6f08974ddcff385fd)
    #10 0x5cf119459266  (/tmp/asan_pair18_vulnerable__gp88dyq/target/debug/deps/pair18_vulnerable-bdaccf112456475f+0xef266) (BuildId: 671213bc1fccefcb9a7774c6f08974ddcff385fd)
    #11 0x7df22be94ac2  (/lib/x86_64-linux-gnu/libc.so.6+0x94ac2) (BuildId: d5197096f709801829b118af1b7cf6631efa2dcd)
    #12 0x7df22bf2684f  (/lib/x86_64-linux-gnu/libc.so.6+0x12684f) (BuildId: d5197096f709801829b118af1b7cf6631efa2dcd)

0x7a122b1e4010 is located 0 bytes inside of 4-byte region [0x7a122b1e4010,0x7a122b1e4014)
freed by thread T1 here:
    #0 0x5cf11945b106  (/tmp/asan_pair18_vulnerable__gp88dyq/target/debug/deps/pair18_vulnerable-bdaccf112456475f+0xf1106) (BuildId: 671213bc1fccefcb9a7774c6f08974ddcff385fd)
    #1 0x5cf11948bc6a  (/tmp/asan_pair18_vulnerable__gp88dyq/target/debug/deps/pair18_vulnerable-bdaccf112456475f+0x121c6a) (BuildId: 671213bc1fccefcb9a7774c6f08974ddcff385fd)
    #2 0x5cf11948b1d3  (/tmp/asan_pair18_vulnerable__gp88dyq/target/debug/deps/pair18_vulnerable-bdaccf112456475f+0x1211d3) (BuildId: 671213bc1fccefcb9a7774c6f08974ddcff385fd)
    #3 0x5cf11948b000  (/tmp/asan_pair18_vulnerable__gp88dyq/target/debug/deps/pair18_vulnerable-bdaccf112456475f+0x121000) (BuildId: 671213bc1fccefcb9a7774c6f08974ddcff385fd)
    #4 0x5cf1194898df  (/tmp/asan_pair18_vulnerable__gp88dyq/target/debug/deps/pair18_vulnerable-bdaccf112456475f+0x11f8df) (BuildId: 671213bc1fccefcb9a7774c6f08974ddcff385fd)
    #5 0x5cf1194897d5  (/tmp/asan_pair18_vulnerable__gp88dyq/target/debug/deps/pair18_vulnerable-bdaccf112456475f+0x11f7d5) (BuildId: 671213bc1fccefcb9a7774c6f08974ddcff385fd)
    #6 0x5cf1194c2e44  (/tmp/asan_pair18_vulnerable__gp88dyq/target/debug/deps/pair18_vulnerable-bdaccf112456475f+0x158e44) (BuildId: 671213bc1fccefcb9a7774c6f08974ddcff385fd)
    #7 0x5cf119499863  (/tmp/asan_pair18_vulnerable__gp88dyq/target/debug/deps/pair18_vulnerable-bdaccf112456475f+0x12f863) (BuildId: 671213bc1fccefcb9a7774c6f08974ddcff385fd)
    #8 0x5cf11949d249  (/tmp/asan_pair18_vulnerable__gp88dyq/target/debug/deps/pair18_vulnerable-bdaccf112456475f+0x133249) (BuildId: 671213bc1fccefcb9a7774c6f08974ddcff385fd)
    #9 0x5cf1194e2e6e  (/tmp/asan_pair18_vulnerable__gp88dyq/target/debug/deps/pair18_vulnerable-bdaccf112456475f+0x178e6e) (BuildId: 671213bc1fccefcb9a7774c6f08974ddcff385fd)
    #10 0x5cf119459266  (/tmp/asan_pair18_vulnerable__gp88dyq/target/debug/deps/pair18_vulnerable-bdaccf112456475f+0xef266) (BuildId: 671213bc1fccefcb9a7774c6f08974ddcff385fd)

previously allocated by thread T1 here:
    #0 0x5cf11945b3a4  (/tmp/asan_pair18_vulnerable__gp88dyq/target/debug/deps/pair18_vulnerable-bdaccf112456475f+0xf13a4) (BuildId: 671213bc1fccefcb9a7774c6f08974ddcff385fd)
    #1 0x5cf11948b953  (/tmp/asan_pair18_vulnerable__gp88dyq/target/debug/deps/pair18_vulnerable-bdaccf112456475f+0x121953) (BuildId: 671213bc1fccefcb9a7774c6f08974ddcff385fd)
    #2 0x5cf11948b654  (/tmp/asan_pair18_vulnerable__gp88dyq/target/debug/deps/pair18_vulnerable-bdaccf112456475f+0x121654) (BuildId: 671213bc1fccefcb9a7774c6f08974ddcff385fd)
    #3 0x5cf1194898df  (/tmp/asan_pair18_vulnerable__gp88dyq/target/debug/deps/pair18_vulnerable-bdaccf112456475f+0x11f8df) (BuildId: 671213bc1fccefcb9a7774c6f08974ddcff385fd)
    #4 0x5cf1194897d5  (/tmp/asan_pair18_vulnerable__gp88dyq/target/debug/deps/pair18_vulnerable-bdaccf112456475f+0x11f7d5) (BuildId: 671213bc1fccefcb9a7774c6f08974ddcff385fd)
    #5 0x5cf1194c2e44  (/tmp/asan_pair18_vulnerable__gp88dyq/target/debug/deps/pair18_vulnerable-bdaccf112456475f+0x158e44) (BuildId: 671213bc1fccefcb9a7774c6f08974ddcff385fd)
    #6 0x5cf119499863  (/tmp/asan_pair18_vulnerable__gp88dyq/target/debug/deps/pair18_vulnerable-bdaccf112456475f+0x12f863) (BuildId: 671213bc1fccefcb9a7774c6f08974ddcff385fd)
    #7 0x5cf11949d249  (/tmp/asan_pair18_vulnerable__gp88dyq/target/debug/deps/pair18_vulnerable-bdaccf112456475f+0x133249) (BuildId: 671213bc1fccefcb9a7774c6f08974ddcff385fd)
    #8 0x5cf1194e2e6e  (/tmp/asan_pair18_vulnerable__gp88dyq/target/debug/deps/pair18_vulnerable-bdaccf112456475f+0x178e6e) (BuildId: 671213bc1fccefcb9a7774c6f08974ddcff385fd)
    #9 0x5cf119459266  (/tmp/asan_pair18_vulnerable__gp88dyq/target/debug/deps/pair18_vulnerable-bdaccf112456475f+0xef266) (BuildId: 671213bc1fccefcb9a7774c6f08974ddcff385fd)

Thread T1 created by T0 here:
    #0 0x5cf11943fc91  (/tmp/asan_pair18_vulnerable__gp88dyq/target/debug/deps/pair18_vulnerable-bdaccf112456475f+0xd5c91) (BuildId: 671213bc1fccefcb9a7774c6f08974ddcff385fd)
    #1 0x5cf1194e308f  (/tmp/asan_pair18_vulnerable__gp88dyq/target/debug/deps/pair18_vulnerable-bdaccf112456475f+0x17908f) (BuildId: 671213bc1fccefcb9a7774c6f08974ddcff385fd)
    #2 0x5cf1194c19bd  (/tmp/asan_pair18_vulnerable__gp88dyq/target/debug/deps/pair18_vulnerable-bdaccf112456475f+0x1579bd) (BuildId: 671213bc1fccefcb9a7774c6f08974ddcff385fd)
    #3 0x5cf1194bad04  (/tmp/asan_pair18_vulnerable__gp88dyq/target/debug/deps/pair18_vulnerable-bdaccf112456475f+0x150d04) (BuildId: 671213bc1fccefcb9a7774c6f08974ddcff385fd)
    #4 0x5cf1194c4345  (/tmp/asan_pair18_vulnerable__gp88dyq/target/debug/deps/pair18_vulnerable-bdaccf112456475f+0x15a345) (BuildId: 671213bc1fccefcb9a7774c6f08974ddcff385fd)
    #5 0x5cf1194ad09a  (/tmp/asan_pair18_vulnerable__gp88dyq/target/debug/deps/pair18_vulnerable-bdaccf112456475f+0x14309a) (BuildId: 671213bc1fccefcb9a7774c6f08974ddcff385fd)
    #6 0x5cf11948a462  (/tmp/asan_pair18_vulnerable__gp88dyq/target/debug/deps/pair18_vulnerable-bdaccf112456475f+0x120462) (BuildId: 671213bc1fccefcb9a7774c6f08974ddcff385fd)
    #7 0x5cf119489e2f  (/tmp/asan_pair18_vulnerable__gp88dyq/target/debug/deps/pair18_vulnerable-bdaccf112456475f+0x11fe2f) (BuildId: 671213bc1fccefcb9a7774c6f08974ddcff385fd)
    #8 0x5cf11948a8ad  (/tmp/asan_pair18_vulnerable__gp88dyq/target/debug/deps/pair18_vulnerable-bdaccf112456475f+0x1208ad) (BuildId: 671213bc1fccefcb9a7774c6f08974ddcff385fd)

SUMMARY: AddressSanitizer: heap-use-after-free (/tmp/asan_pair18_vulnerable__gp88dyq/target/debug/deps/pair18_vulnerable-bdaccf112456475f+0x1207eb) (BuildId: 671213bc1fccefcb9a7774c6f08974ddcff385fd) 
Shadow bytes around the buggy address:
  0x7a122b1e3d80: fa fa fa fa fa fa fa fa fa fa fa fa fa fa fa fa
  0x7a122b1e3e00: fa fa fa fa fa fa fa fa fa fa fa fa fa fa fa fa
  0x7a122b1e3e80: fa fa fa fa fa fa fa fa fa fa fa fa fa fa fa fa
  0x7a122b1e3f00: fa fa fa fa fa fa fa fa fa fa fa fa fa fa fa fa
  0x7a122b1e3f80: fa fa fa fa fa fa fa fa fa fa fa fa fa fa fa fa
=>0x7a122b1e4000: fa fa[fd]fa fa fa 04 fa fa fa fa fa fa fa fa fa
  0x7a122b1e4080: fa fa fa fa fa fa fa fa fa fa fa fa fa fa fa fa
  0x7a122b1e4100: fa fa fa fa fa fa fa fa fa fa fa fa fa fa fa fa
  0x7a122b1e4180: fa fa fa fa fa fa fa fa fa fa fa fa fa fa fa fa
  0x7a122b1e4200: fa fa fa fa fa fa fa fa fa fa fa fa fa fa fa fa
  0x7a122b1e4280: fa fa fa fa fa fa fa fa fa fa fa fa fa fa fa fa
Shadow byte legend (one shadow byte represents 8 application bytes):
  Addressable:           00
  Partially addressable: 01 02 03 04 05 06 07 
  Heap left redzone:       fa
  Freed heap region:       fd
  Stack left redzone:      f1
  Stack mid redzone:       f2
  Stack right redzone:     f3
  Stack after return:      f5
  Stack use after scope:   f8
  Global redzone:          f9
  Global init order:       f6
  Poisoned by user:        f7
  Container overflow:      fc
  Array cookie:            ac
  Intra object redzone:    bb
  ASan internal:           fe
  Left alloca redzone:     ca
  Right alloca redzone:    cb
==3480749==ABORTING
error: test failed, to rerun pass `--lib`

Caused by:
  process didn't exit successfully: `/tmp/asan_pair18_vulnerable__gp88dyq/target/debug/deps/pair18_vulnerable-bdaccf112456475f --nocapture` (exit status: 1)
