$ (cwd=/tmp/asan_pair2_a2_vulnerable_whf5u1wx) cargo +nightly test --lib -- --nocapture

   Compiling pair2_a2_vulnerable v0.1.0 (/tmp/asan_pair2_a2_vulnerable_whf5u1wx)
    Finished `test` profile [unoptimized + debuginfo] target(s) in 0.25s
     Running unittests src/lib.rs (target/debug/deps/pair2_a2_vulnerable-ff8c9405f2acb452)

running 2 tests

thread 'tests::configuration_test' (4034153) panicked at src/lib.rs:59:9:
assertion `left == right` failed: Message field is incorrect.
  left: "incorrect"
 right: "default"
note: run with `RUST_BACKTRACE=1` environment variable to display a backtrace

thread '<unnamed>' (4034154) panicked at src/lib.rs:70:13:
assertion failed: config_for_thread.validate()
test tests::configuration_test ... FAILED

thread 'tests::concurrent_access_test' (4034152) panicked at src/lib.rs:72:23:
called `Result::unwrap()` on an `Err` value: Any { .. }
test tests::concurrent_access_test ... FAILED

failures:

failures:
    tests::concurrent_access_test
    tests::configuration_test

test result: FAILED. 0 passed; 2 failed; 0 ignored; 0 measured; 0 filtered out; finished in 0.00s

error: test failed, to rerun pass `--lib`
