$ (cwd=/tmp/asan_pair20_vulnerable_i468d947) cargo +nightly test --lib -- --nocapture

   Compiling pair20_vulnerable v0.1.0 (/tmp/asan_pair20_vulnerable_i468d947)
    Finished `test` profile [unoptimized + debuginfo] target(s) in 0.26s
     Running unittests src/lib.rs (target/debug/deps/pair20_vulnerable-80b283470cc85e92)

running 1 test
=================================================================
==3486180==ERROR: AddressSanitizer: heap-buffer-overflow on address 0x6f91495e4018 at pc 0x5eab59c0184c bp 0x6f71462f4590 sp 0x6f71462f4588
READ of size 4 at 0x6f91495e4018 thread T2
    #0 0x5eab59c0184b  (/tmp/asan_pair20_vulnerable_i468d947/target/debug/deps/pair20_vulnerable-80b283470cc85e92+0x13384b) (BuildId: 2974fd6379158b7f012036ce2570c700d22e59a2)
    #1 0x5eab59bf4cd4  (/tmp/asan_pair20_vulnerable_i468d947/target/debug/deps/pair20_vulnerable-80b283470cc85e92+0x126cd4) (BuildId: 2974fd6379158b7f012036ce2570c700d22e59a2)
    #2 0x5eab59bf94dd  (/tmp/asan_pair20_vulnerable_i468d947/target/debug/deps/pair20_vulnerable-80b283470cc85e92+0x12b4dd) (BuildId: 2974fd6379158b7f012036ce2570c700d22e59a2)
    #3 0x5eab59bf65d8  (/tmp/asan_pair20_vulnerable_i468d947/target/debug/deps/pair20_vulnerable-80b283470cc85e92+0x1285d8) (BuildId: 2974fd6379158b7f012036ce2570c700d22e59a2)
    #4 0x5eab59bfd29f  (/tmp/asan_pair20_vulnerable_i468d947/target/debug/deps/pair20_vulnerable-80b283470cc85e92+0x12f29f) (BuildId: 2974fd6379158b7f012036ce2570c700d22e59a2)
    #5 0x5eab59c00c47  (/tmp/asan_pair20_vulnerable_i468d947/target/debug/deps/pair20_vulnerable-80b283470cc85e92+0x132c47) (BuildId: 2974fd6379158b7f012036ce2570c700d22e59a2)
    #6 0x5eab59c0346e  (/tmp/asan_pair20_vulnerable_i468d947/target/debug/deps/pair20_vulnerable-80b283470cc85e92+0x13546e) (BuildId: 2974fd6379158b7f012036ce2570c700d22e59a2)
    #7 0x5eab59bfd5ea  (/tmp/asan_pair20_vulnerable_i468d947/target/debug/deps/pair20_vulnerable-80b283470cc85e92+0x12f5ea) (BuildId: 2974fd6379158b7f012036ce2570c700d22e59a2)
    #8 0x5eab59bfca3f  (/tmp/asan_pair20_vulnerable_i468d947/target/debug/deps/pair20_vulnerable-80b283470cc85e92+0x12ea3f) (BuildId: 2974fd6379158b7f012036ce2570c700d22e59a2)
    #9 0x5eab59bf6d2d  (/tmp/asan_pair20_vulnerable_i468d947/target/debug/deps/pair20_vulnerable-80b283470cc85e92+0x128d2d) (BuildId: 2974fd6379158b7f012036ce2570c700d22e59a2)
    #10 0x5eab59c59d4e  (/tmp/asan_pair20_vulnerable_i468d947/target/debug/deps/pair20_vulnerable-80b283470cc85e92+0x18bd4e) (BuildId: 2974fd6379158b7f012036ce2570c700d22e59a2)
    #11 0x5eab59bc3c06  (/tmp/asan_pair20_vulnerable_i468d947/target/debug/deps/pair20_vulnerable-80b283470cc85e92+0xf5c06) (BuildId: 2974fd6379158b7f012036ce2570c700d22e59a2)
    #12 0x73714a294ac2  (/lib/x86_64-linux-gnu/libc.so.6+0x94ac2) (BuildId: d5197096f709801829b118af1b7cf6631efa2dcd)
    #13 0x73714a32684f  (/lib/x86_64-linux-gnu/libc.so.6+0x12684f) (BuildId: d5197096f709801829b118af1b7cf6631efa2dcd)

0x6f91495e4018 is located 0 bytes after 8-byte region [0x6f91495e4010,0x6f91495e4018)
allocated by thread T1 here:
    #0 0x5eab59bc5f34  (/tmp/asan_pair20_vulnerable_i468d947/target/debug/deps/pair20_vulnerable-80b283470cc85e92+0xf7f34) (BuildId: 2974fd6379158b7f012036ce2570c700d22e59a2)
    #1 0x5eab59c00133  (/tmp/asan_pair20_vulnerable_i468d947/target/debug/deps/pair20_vulnerable-80b283470cc85e92+0x132133) (BuildId: 2974fd6379158b7f012036ce2570c700d22e59a2)
    #2 0x5eab59bffe34  (/tmp/asan_pair20_vulnerable_i468d947/target/debug/deps/pair20_vulnerable-80b283470cc85e92+0x131e34) (BuildId: 2974fd6379158b7f012036ce2570c700d22e59a2)
    #3 0x5eab59bf9546  (/tmp/asan_pair20_vulnerable_i468d947/target/debug/deps/pair20_vulnerable-80b283470cc85e92+0x12b546) (BuildId: 2974fd6379158b7f012036ce2570c700d22e59a2)
    #4 0x5eab59c39d24  (/tmp/asan_pair20_vulnerable_i468d947/target/debug/deps/pair20_vulnerable-80b283470cc85e92+0x16bd24) (BuildId: 2974fd6379158b7f012036ce2570c700d22e59a2)
    #5 0x5eab59c10743  (/tmp/asan_pair20_vulnerable_i468d947/target/debug/deps/pair20_vulnerable-80b283470cc85e92+0x142743) (BuildId: 2974fd6379158b7f012036ce2570c700d22e59a2)
    #6 0x5eab59c14129  (/tmp/asan_pair20_vulnerable_i468d947/target/debug/deps/pair20_vulnerable-80b283470cc85e92+0x146129) (BuildId: 2974fd6379158b7f012036ce2570c700d22e59a2)
    #7 0x5eab59c59d4e  (/tmp/asan_pair20_vulnerable_i468d947/target/debug/deps/pair20_vulnerable-80b283470cc85e92+0x18bd4e) (BuildId: 2974fd6379158b7f012036ce2570c700d22e59a2)
    #8 0x5eab59bc3c06  (/tmp/asan_pair20_vulnerable_i468d947/target/debug/deps/pair20_vulnerable-80b283470cc85e92+0xf5c06) (BuildId: 2974fd6379158b7f012036ce2570c700d22e59a2)

Thread T2 created by T1 here:
    #0 0x5eab59baa631  (/tmp/asan_pair20_vulnerable_i468d947/target/debug/deps/pair20_vulnerable-80b283470cc85e92+0xdc631) (BuildId: 2974fd6379158b7f012036ce2570c700d22e59a2)
    #1 0x5eab59c59f6f  (/tmp/asan_pair20_vulnerable_i468d947/target/debug/deps/pair20_vulnerable-80b283470cc85e92+0x18bf6f) (BuildId: 2974fd6379158b7f012036ce2570c700d22e59a2)
    #2 0x5eab59bfbdc9  (/tmp/asan_pair20_vulnerable_i468d947/target/debug/deps/pair20_vulnerable-80b283470cc85e92+0x12ddc9) (BuildId: 2974fd6379158b7f012036ce2570c700d22e59a2)
    #3 0x5eab59bfb08e  (/tmp/asan_pair20_vulnerable_i468d947/target/debug/deps/pair20_vulnerable-80b283470cc85e92+0x12d08e) (BuildId: 2974fd6379158b7f012036ce2570c700d22e59a2)
    #4 0x5eab59bf51c8  (/tmp/asan_pair20_vulnerable_i468d947/target/debug/deps/pair20_vulnerable-80b283470cc85e92+0x1271c8) (BuildId: 2974fd6379158b7f012036ce2570c700d22e59a2)
    #5 0x5eab59bf9546  (/tmp/asan_pair20_vulnerable_i468d947/target/debug/deps/pair20_vulnerable-80b283470cc85e92+0x12b546) (BuildId: 2974fd6379158b7f012036ce2570c700d22e59a2)
    #6 0x5eab59c39d24  (/tmp/asan_pair20_vulnerable_i468d947/target/debug/deps/pair20_vulnerable-80b283470cc85e92+0x16bd24) (BuildId: 2974fd6379158b7f012036ce2570c700d22e59a2)
    #7 0x5eab59c10743  (/tmp/asan_pair20_vulnerable_i468d947/target/debug/deps/pair20_vulnerable-80b283470cc85e92+0x142743) (BuildId: 2974fd6379158b7f012036ce2570c700d22e59a2)
    #8 0x5eab59c14129  (/tmp/asan_pair20_vulnerable_i468d947/target/debug/deps/pair20_vulnerable-80b283470cc85e92+0x146129) (BuildId: 2974fd6379158b7f012036ce2570c700d22e59a2)
    #9 0x5eab59c59d4e  (/tmp/asan_pair20_vulnerable_i468d947/target/debug/deps/pair20_vulnerable-80b283470cc85e92+0x18bd4e) (BuildId: 2974fd6379158b7f012036ce2570c700d22e59a2)
    #10 0x5eab59bc3c06  (/tmp/asan_pair20_vulnerable_i468d947/target/debug/deps/pair20_vulnerable-80b283470cc85e92+0xf5c06) (BuildId: 2974fd6379158b7f012036ce2570c700d22e59a2)

Thread T1 created by T0 here:
    #0 0x5eab59baa631  (/tmp/asan_pair20_vulnerable_i468d947/target/debug/deps/pair20_vulnerable-80b283470cc85e92+0xdc631) (BuildId: 2974fd6379158b7f012036ce2570c700d22e59a2)
    #1 0x5eab59c59f6f  (/tmp/asan_pair20_vulnerable_i468d947/target/debug/deps/pair20_vulnerable-80b283470cc85e92+0x18bf6f) (BuildId: 2974fd6379158b7f012036ce2570c700d22e59a2)
    #2 0x5eab59c3889d  (/tmp/asan_pair20_vulnerable_i468d947/target/debug/deps/pair20_vulnerable-80b283470cc85e92+0x16a89d) (BuildId: 2974fd6379158b7f012036ce2570c700d22e59a2)
    #3 0x5eab59c31be4  (/tmp/asan_pair20_vulnerable_i468d947/target/debug/deps/pair20_vulnerable-80b283470cc85e92+0x163be4) (BuildId: 2974fd6379158b7f012036ce2570c700d22e59a2)
    #4 0x5eab59c3b225  (/tmp/asan_pair20_vulnerable_i468d947/target/debug/deps/pair20_vulnerable-80b283470cc85e92+0x16d225) (BuildId: 2974fd6379158b7f012036ce2570c700d22e59a2)
    #5 0x5eab59c23f7a  (/tmp/asan_pair20_vulnerable_i468d947/target/debug/deps/pair20_vulnerable-80b283470cc85e92+0x155f7a) (BuildId: 2974fd6379158b7f012036ce2570c700d22e59a2)
    #6 0x5eab59bf4b62  (/tmp/asan_pair20_vulnerable_i468d947/target/debug/deps/pair20_vulnerable-80b283470cc85e92+0x126b62) (BuildId: 2974fd6379158b7f012036ce2570c700d22e59a2)
    #7 0x5eab59c01acf  (/tmp/asan_pair20_vulnerable_i468d947/target/debug/deps/pair20_vulnerable-80b283470cc85e92+0x133acf) (BuildId: 2974fd6379158b7f012036ce2570c700d22e59a2)
    #8 0x5eab59bf4d7d  (/tmp/asan_pair20_vulnerable_i468d947/target/debug/deps/pair20_vulnerable-80b283470cc85e92+0x126d7d) (BuildId: 2974fd6379158b7f012036ce2570c700d22e59a2)

SUMMARY: AddressSanitizer: heap-buffer-overflow (/tmp/asan_pair20_vulnerable_i468d947/target/debug/deps/pair20_vulnerable-80b283470cc85e92+0x13384b) (BuildId: 2974fd6379158b7f012036ce2570c700d22e59a2) 
Shadow bytes around the buggy address:
  0x6f91495e3d80: fa fa fa fa fa fa fa fa fa fa fa fa fa fa fa fa
  0x6f91495e3e00: fa fa fa fa fa fa fa fa fa fa fa fa fa fa fa fa
  0x6f91495e3e80: fa fa fa fa fa fa fa fa fa fa fa fa fa fa fa fa
  0x6f91495e3f00: fa fa fa fa fa fa fa fa fa fa fa fa fa fa fa fa
  0x6f91495e3f80: fa fa fa fa fa fa fa fa fa fa fa fa fa fa fa fa
=>0x6f91495e4000: fa fa 00[fa]fa fa fa fa fa fa fa fa fa fa fa fa
  0x6f91495e4080: fa fa fa fa fa fa fa fa fa fa fa fa fa fa fa fa
  0x6f91495e4100: fa fa fa fa fa fa fa fa fa fa fa fa fa fa fa fa
  0x6f91495e4180: fa fa fa fa fa fa fa fa fa fa fa fa fa fa fa fa
  0x6f91495e4200: fa fa fa fa fa fa fa fa fa fa fa fa fa fa fa fa
  0x6f91495e4280: fa fa fa fa fa fa fa fa fa fa fa fa fa fa fa fa
Shadow byte legend (one shadow byte represents 8 application bytes):
  Addressable:           00
  Partially addressable: 01 02 03 04 05 06 07 
  Heap left redzone:       fa
  Freed heap region:       fd
  Stack left redzone:      f1
  Stack mid redzone:       f2
  Stack right redzone:     f3
  Stack after return:      f5
  Stack use after scope:   f8
  Global redzone:          f9
  Global init order:       f6
  Poisoned by user:        f7
  Container overflow:      fc
  Array cookie:            ac
  Intra object redzone:    bb
  ASan internal:           fe
  Left alloca redzone:     ca
  Right alloca redzone:    cb
==3486180==ABORTING
error: test failed, to rerun pass `--lib`

Caused by:
  process didn't exit successfully: `/tmp/asan_pair20_vulnerable_i468d947/target/debug/deps/pair20_vulnerable-80b283470cc85e92 --nocapture` (exit status: 1)
