$ (cwd=/tmp/asan_pair11_a2_vulnerable_0vz3y4bt) cargo +nightly test --lib -- --nocapture

   Compiling pair11_a2_vulnerable v0.1.0 (/tmp/asan_pair11_a2_vulnerable_0vz3y4bt)
error[E0277]: `*const Manager` cannot be sent between threads safely
  --> src/lib.rs:41:34
   |
41 |       let thread_a = thread::spawn(move || {
   |                      ------------- ^------
   |                      |             |
   |  ____________________|_____________within this `{closure@src/lib.rs:41:34: 41:41}`
   | |                    |
   | |                    required by a bound introduced by this call
42 | |         unsafe { (*ptr_a).handle(); }
43 | |     });
   | |_____^ `*const Manager` cannot be sent between threads safely
   |
   = help: within `{closure@src/lib.rs:41:34: 41:41}`, the trait `Send` is not implemented for `*const Manager`
note: required because it's used within this closure
  --> src/lib.rs:41:34
   |
41 |     let thread_a = thread::spawn(move || {
   |                                  ^^^^^^^
note: required by a bound in `spawn`
  --> /rustc/fa3155a644dd62e865825087b403646be01d4cef/library/std/src/thread/mod.rs:723:1

For more information about this error, try `rustc --explain E0277`.
error: could not compile `pair11_a2_vulnerable` (lib test) due to 1 previous error
