$ (cwd=/tmp/asan_pair8_vulnerable_mvj88nxh) cargo +nightly test --lib -- --nocapture

   Compiling pair8_vulnerable v0.1.0 (/tmp/asan_pair8_vulnerable_mvj88nxh)
    Finished `test` profile [unoptimized + debuginfo] target(s) in 0.20s
     Running unittests src/lib.rs (target/debug/deps/pair8_vulnerable-23975e7199656611)

running 1 test
=================================================================
==3498335==ERROR: AddressSanitizer: heap-buffer-overflow on address 0x702ec79e18b4 at pc 0x5e97595388c7 bp 0x6ffec53fe280 sp 0x6ffec53fe278
WRITE of size 4 at 0x702ec79e18b4 thread T1
    #0 0x5e97595388c6  (/tmp/asan_pair8_vulnerable_mvj88nxh/target/debug/deps/pair8_vulnerable-23975e7199656611+0x1238c6) (BuildId: 2a00d55c8d70b2237987ed1a79f70bcf6b089301)
    #1 0x5e975953780e  (/tmp/asan_pair8_vulnerable_mvj88nxh/target/debug/deps/pair8_vulnerable-23975e7199656611+0x12280e) (BuildId: 2a00d55c8d70b2237987ed1a79f70bcf6b089301)
    #2 0x5e9759538356  (/tmp/asan_pair8_vulnerable_mvj88nxh/target/debug/deps/pair8_vulnerable-23975e7199656611+0x123356) (BuildId: 2a00d55c8d70b2237987ed1a79f70bcf6b089301)
    #3 0x5e9759536115  (/tmp/asan_pair8_vulnerable_mvj88nxh/target/debug/deps/pair8_vulnerable-23975e7199656611+0x121115) (BuildId: 2a00d55c8d70b2237987ed1a79f70bcf6b089301)
    #4 0x5e975955b0fa  (/tmp/asan_pair8_vulnerable_mvj88nxh/target/debug/deps/pair8_vulnerable-23975e7199656611+0x1460fa) (BuildId: 2a00d55c8d70b2237987ed1a79f70bcf6b089301)
    #5 0x5e9759570ae4  (/tmp/asan_pair8_vulnerable_mvj88nxh/target/debug/deps/pair8_vulnerable-23975e7199656611+0x15bae4) (BuildId: 2a00d55c8d70b2237987ed1a79f70bcf6b089301)
    #6 0x5e9759547503  (/tmp/asan_pair8_vulnerable_mvj88nxh/target/debug/deps/pair8_vulnerable-23975e7199656611+0x132503) (BuildId: 2a00d55c8d70b2237987ed1a79f70bcf6b089301)
    #7 0x5e975954aee9  (/tmp/asan_pair8_vulnerable_mvj88nxh/target/debug/deps/pair8_vulnerable-23975e7199656611+0x135ee9) (BuildId: 2a00d55c8d70b2237987ed1a79f70bcf6b089301)
    #8 0x5e9759590b0e  (/tmp/asan_pair8_vulnerable_mvj88nxh/target/debug/deps/pair8_vulnerable-23975e7199656611+0x17bb0e) (BuildId: 2a00d55c8d70b2237987ed1a79f70bcf6b089301)
    #9 0x5e9759505a96  (/tmp/asan_pair8_vulnerable_mvj88nxh/target/debug/deps/pair8_vulnerable-23975e7199656611+0xf0a96) (BuildId: 2a00d55c8d70b2237987ed1a79f70bcf6b089301)
    #10 0x73fec8694ac2  (/lib/x86_64-linux-gnu/libc.so.6+0x94ac2) (BuildId: d5197096f709801829b118af1b7cf6631efa2dcd)
    #11 0x73fec872684f  (/lib/x86_64-linux-gnu/libc.so.6+0x12684f) (BuildId: d5197096f709801829b118af1b7cf6631efa2dcd)

0x702ec79e18b4 is located 0 bytes after 20-byte region [0x702ec79e18a0,0x702ec79e18b4)
allocated by thread T1 here:
    #0 0x5e9759507bd4  (/tmp/asan_pair8_vulnerable_mvj88nxh/target/debug/deps/pair8_vulnerable-23975e7199656611+0xf2bd4) (BuildId: 2a00d55c8d70b2237987ed1a79f70bcf6b089301)
    #1 0x5e9759536a93  (/tmp/asan_pair8_vulnerable_mvj88nxh/target/debug/deps/pair8_vulnerable-23975e7199656611+0x121a93) (BuildId: 2a00d55c8d70b2237987ed1a79f70bcf6b089301)
    #2 0x5e9759536794  (/tmp/asan_pair8_vulnerable_mvj88nxh/target/debug/deps/pair8_vulnerable-23975e7199656611+0x121794) (BuildId: 2a00d55c8d70b2237987ed1a79f70bcf6b089301)
    #3 0x5e97595377a7  (/tmp/asan_pair8_vulnerable_mvj88nxh/target/debug/deps/pair8_vulnerable-23975e7199656611+0x1227a7) (BuildId: 2a00d55c8d70b2237987ed1a79f70bcf6b089301)
    #4 0x5e9759538356  (/tmp/asan_pair8_vulnerable_mvj88nxh/target/debug/deps/pair8_vulnerable-23975e7199656611+0x123356) (BuildId: 2a00d55c8d70b2237987ed1a79f70bcf6b089301)
    #5 0x5e9759570ae4  (/tmp/asan_pair8_vulnerable_mvj88nxh/target/debug/deps/pair8_vulnerable-23975e7199656611+0x15bae4) (BuildId: 2a00d55c8d70b2237987ed1a79f70bcf6b089301)
    #6 0x5e9759547503  (/tmp/asan_pair8_vulnerable_mvj88nxh/target/debug/deps/pair8_vulnerable-23975e7199656611+0x132503) (BuildId: 2a00d55c8d70b2237987ed1a79f70bcf6b089301)
    #7 0x5e975954aee9  (/tmp/asan_pair8_vulnerable_mvj88nxh/target/debug/deps/pair8_vulnerable-23975e7199656611+0x135ee9) (BuildId: 2a00d55c8d70b2237987ed1a79f70bcf6b089301)
    #8 0x5e9759590b0e  (/tmp/asan_pair8_vulnerable_mvj88nxh/target/debug/deps/pair8_vulnerable-23975e7199656611+0x17bb0e) (BuildId: 2a00d55c8d70b2237987ed1a79f70bcf6b089301)
    #9 0x5e9759505a96  (/tmp/asan_pair8_vulnerable_mvj88nxh/target/debug/deps/pair8_vulnerable-23975e7199656611+0xf0a96) (BuildId: 2a00d55c8d70b2237987ed1a79f70bcf6b089301)

Thread T1 created by T0 here:
    #0 0x5e97594ec4c1  (/tmp/asan_pair8_vulnerable_mvj88nxh/target/debug/deps/pair8_vulnerable-23975e7199656611+0xd74c1) (BuildId: 2a00d55c8d70b2237987ed1a79f70bcf6b089301)
    #1 0x5e9759590d2f  (/tmp/asan_pair8_vulnerable_mvj88nxh/target/debug/deps/pair8_vulnerable-23975e7199656611+0x17bd2f) (BuildId: 2a00d55c8d70b2237987ed1a79f70bcf6b089301)
    #2 0x5e975956f65d  (/tmp/asan_pair8_vulnerable_mvj88nxh/target/debug/deps/pair8_vulnerable-23975e7199656611+0x15a65d) (BuildId: 2a00d55c8d70b2237987ed1a79f70bcf6b089301)
    #3 0x5e97595689a4  (/tmp/asan_pair8_vulnerable_mvj88nxh/target/debug/deps/pair8_vulnerable-23975e7199656611+0x1539a4) (BuildId: 2a00d55c8d70b2237987ed1a79f70bcf6b089301)
    #4 0x5e9759571fe5  (/tmp/asan_pair8_vulnerable_mvj88nxh/target/debug/deps/pair8_vulnerable-23975e7199656611+0x15cfe5) (BuildId: 2a00d55c8d70b2237987ed1a79f70bcf6b089301)
    #5 0x5e975955ad3a  (/tmp/asan_pair8_vulnerable_mvj88nxh/target/debug/deps/pair8_vulnerable-23975e7199656611+0x145d3a) (BuildId: 2a00d55c8d70b2237987ed1a79f70bcf6b089301)
    #6 0x5e9759538942  (/tmp/asan_pair8_vulnerable_mvj88nxh/target/debug/deps/pair8_vulnerable-23975e7199656611+0x123942) (BuildId: 2a00d55c8d70b2237987ed1a79f70bcf6b089301)
    #7 0x5e975953668f  (/tmp/asan_pair8_vulnerable_mvj88nxh/target/debug/deps/pair8_vulnerable-23975e7199656611+0x12168f) (BuildId: 2a00d55c8d70b2237987ed1a79f70bcf6b089301)
    #8 0x5e975953896d  (/tmp/asan_pair8_vulnerable_mvj88nxh/target/debug/deps/pair8_vulnerable-23975e7199656611+0x12396d) (BuildId: 2a00d55c8d70b2237987ed1a79f70bcf6b089301)

SUMMARY: AddressSanitizer: heap-buffer-overflow (/tmp/asan_pair8_vulnerable_mvj88nxh/target/debug/deps/pair8_vulnerable-23975e7199656611+0x1238c6) (BuildId: 2a00d55c8d70b2237987ed1a79f70bcf6b089301) 
Shadow bytes around the buggy address:
  0x702ec79e1600: fa fa fa fa fa fa fa fa fa fa fa fa fa fa fa fa
  0x702ec79e1680: fa fa fa fa fa fa fa fa fa fa fa fa fa fa fa fa
  0x702ec79e1700: fa fa fa fa fa fa fa fa fa fa fa fa fa fa fa fa
  0x702ec79e1780: fa fa fa fa fa fa fa fa fa fa fa fa fa fa fa fa
  0x702ec79e1800: fa fa fd fd fd fd fa fa fd fd fd fd fa fa 00 00
=>0x702ec79e1880: 00 00 fa fa 00 00[04]fa fa fa fa fa fa fa fa fa
  0x702ec79e1900: fa fa fa fa fa fa fa fa fa fa fa fa fa fa fa fa
  0x702ec79e1980: fa fa fa fa fa fa fa fa fa fa fa fa fa fa fa fa
  0x702ec79e1a00: fa fa fa fa fa fa fa fa fa fa fa fa fa fa fa fa
  0x702ec79e1a80: fa fa fa fa fa fa fa fa fa fa fa fa fa fa fa fa
  0x702ec79e1b00: fa fa fa fa fa fa fa fa fa fa fa fa fa fa fa fa
Shadow byte legend (one shadow byte represents 8 application bytes):
  Addressable:           00
  Partially addressable: 01 02 03 04 05 06 07 
  Heap left redzone:       fa
  Freed heap region:       fd
  Stack left redzone:      f1
  Stack mid redzone:       f2
  Stack right redzone:     f3
  Stack after return:      f5
  Stack use after scope:   f8
  Global redzone:          f9
  Global init order:       f6
  Poisoned by user:        f7
  Container overflow:      fc
  Array cookie:            ac
  Intra object redzone:    bb
  ASan internal:           fe
  Left alloca redzone:     ca
  Right alloca redzone:    cb
==3498335==ABORTING
error: test failed, to rerun pass `--lib`

Caused by:
  process didn't exit successfully: `/tmp/asan_pair8_vulnerable_mvj88nxh/target/debug/deps/pair8_vulnerable-23975e7199656611 --nocapture` (exit status: 1)
