$ (cwd=/tmp/asan_pair16_a1_vulnerable_6ucgsxyi) cargo +nightly test --lib -- --nocapture

   Compiling pair16_a1_vulnerable v0.1.0 (/tmp/asan_pair16_a1_vulnerable_6ucgsxyi)
    Finished `test` profile [unoptimized + debuginfo] target(s) in 0.19s
     Running unittests src/lib.rs (target/debug/deps/pair16_a1_vulnerable-9ba985deed969848)

running 1 test
=================================================================
==3829402==ERROR: AddressSanitizer: heap-buffer-overflow on address 0x6cbaaefe18b4 at pc 0x6089dee988f5 bp 0x6c8aac9fe230 sp 0x6c8aac9fe228
WRITE of size 4 at 0x6cbaaefe18b4 thread T1
    #0 0x6089dee988f4  (/tmp/asan_pair16_a1_vulnerable_6ucgsxyi/target/debug/deps/pair16_a1_vulnerable-9ba985deed969848+0x1248f4) (BuildId: f21e437ff32f89c12e4b6c9086d4587d6feaa585)
    #1 0x6089dee9640f  (/tmp/asan_pair16_a1_vulnerable_6ucgsxyi/target/debug/deps/pair16_a1_vulnerable-9ba985deed969848+0x12240f) (BuildId: f21e437ff32f89c12e4b6c9086d4587d6feaa585)
    #2 0x6089dee95266  (/tmp/asan_pair16_a1_vulnerable_6ucgsxyi/target/debug/deps/pair16_a1_vulnerable-9ba985deed969848+0x121266) (BuildId: f21e437ff32f89c12e4b6c9086d4587d6feaa585)
    #3 0x6089dee96d15  (/tmp/asan_pair16_a1_vulnerable_6ucgsxyi/target/debug/deps/pair16_a1_vulnerable-9ba985deed969848+0x122d15) (BuildId: f21e437ff32f89c12e4b6c9086d4587d6feaa585)
    #4 0x6089deeb993a  (/tmp/asan_pair16_a1_vulnerable_6ucgsxyi/target/debug/deps/pair16_a1_vulnerable-9ba985deed969848+0x14593a) (BuildId: f21e437ff32f89c12e4b6c9086d4587d6feaa585)
    #5 0x6089deecf324  (/tmp/asan_pair16_a1_vulnerable_6ucgsxyi/target/debug/deps/pair16_a1_vulnerable-9ba985deed969848+0x15b324) (BuildId: f21e437ff32f89c12e4b6c9086d4587d6feaa585)
    #6 0x6089deea5d43  (/tmp/asan_pair16_a1_vulnerable_6ucgsxyi/target/debug/deps/pair16_a1_vulnerable-9ba985deed969848+0x131d43) (BuildId: f21e437ff32f89c12e4b6c9086d4587d6feaa585)
    #7 0x6089deea9729  (/tmp/asan_pair16_a1_vulnerable_6ucgsxyi/target/debug/deps/pair16_a1_vulnerable-9ba985deed969848+0x135729) (BuildId: f21e437ff32f89c12e4b6c9086d4587d6feaa585)
    #8 0x6089deeef34e  (/tmp/asan_pair16_a1_vulnerable_6ucgsxyi/target/debug/deps/pair16_a1_vulnerable-9ba985deed969848+0x17b34e) (BuildId: f21e437ff32f89c12e4b6c9086d4587d6feaa585)
    #9 0x6089dee64676  (/tmp/asan_pair16_a1_vulnerable_6ucgsxyi/target/debug/deps/pair16_a1_vulnerable-9ba985deed969848+0xf0676) (BuildId: f21e437ff32f89c12e4b6c9086d4587d6feaa585)
    #10 0x708aafe94ac2  (/lib/x86_64-linux-gnu/libc.so.6+0x94ac2) (BuildId: d5197096f709801829b118af1b7cf6631efa2dcd)
    #11 0x708aaff2684f  (/lib/x86_64-linux-gnu/libc.so.6+0x12684f) (BuildId: d5197096f709801829b118af1b7cf6631efa2dcd)

0x6cbaaefe18b4 is located 0 bytes after 20-byte region [0x6cbaaefe18a0,0x6cbaaefe18b4)
allocated by thread T1 here:
    #0 0x6089dee667b4  (/tmp/asan_pair16_a1_vulnerable_6ucgsxyi/target/debug/deps/pair16_a1_vulnerable-9ba985deed969848+0xf27b4) (BuildId: f21e437ff32f89c12e4b6c9086d4587d6feaa585)
    #1 0x6089dee97af3  (/tmp/asan_pair16_a1_vulnerable_6ucgsxyi/target/debug/deps/pair16_a1_vulnerable-9ba985deed969848+0x123af3) (BuildId: f21e437ff32f89c12e4b6c9086d4587d6feaa585)
    #2 0x6089dee977f4  (/tmp/asan_pair16_a1_vulnerable_6ucgsxyi/target/debug/deps/pair16_a1_vulnerable-9ba985deed969848+0x1237f4) (BuildId: f21e437ff32f89c12e4b6c9086d4587d6feaa585)
    #3 0x6089dee9640f  (/tmp/asan_pair16_a1_vulnerable_6ucgsxyi/target/debug/deps/pair16_a1_vulnerable-9ba985deed969848+0x12240f) (BuildId: f21e437ff32f89c12e4b6c9086d4587d6feaa585)
    #4 0x6089dee95266  (/tmp/asan_pair16_a1_vulnerable_6ucgsxyi/target/debug/deps/pair16_a1_vulnerable-9ba985deed969848+0x121266) (BuildId: f21e437ff32f89c12e4b6c9086d4587d6feaa585)
    #5 0x6089deecf324  (/tmp/asan_pair16_a1_vulnerable_6ucgsxyi/target/debug/deps/pair16_a1_vulnerable-9ba985deed969848+0x15b324) (BuildId: f21e437ff32f89c12e4b6c9086d4587d6feaa585)
    #6 0x6089deea5d43  (/tmp/asan_pair16_a1_vulnerable_6ucgsxyi/target/debug/deps/pair16_a1_vulnerable-9ba985deed969848+0x131d43) (BuildId: f21e437ff32f89c12e4b6c9086d4587d6feaa585)
    #7 0x6089deea9729  (/tmp/asan_pair16_a1_vulnerable_6ucgsxyi/target/debug/deps/pair16_a1_vulnerable-9ba985deed969848+0x135729) (BuildId: f21e437ff32f89c12e4b6c9086d4587d6feaa585)
    #8 0x6089deeef34e  (/tmp/asan_pair16_a1_vulnerable_6ucgsxyi/target/debug/deps/pair16_a1_vulnerable-9ba985deed969848+0x17b34e) (BuildId: f21e437ff32f89c12e4b6c9086d4587d6feaa585)
    #9 0x6089dee64676  (/tmp/asan_pair16_a1_vulnerable_6ucgsxyi/target/debug/deps/pair16_a1_vulnerable-9ba985deed969848+0xf0676) (BuildId: f21e437ff32f89c12e4b6c9086d4587d6feaa585)

Thread T1 created by T0 here:
    #0 0x6089dee4b0a1  (/tmp/asan_pair16_a1_vulnerable_6ucgsxyi/target/debug/deps/pair16_a1_vulnerable-9ba985deed969848+0xd70a1) (BuildId: f21e437ff32f89c12e4b6c9086d4587d6feaa585)
    #1 0x6089deeef56f  (/tmp/asan_pair16_a1_vulnerable_6ucgsxyi/target/debug/deps/pair16_a1_vulnerable-9ba985deed969848+0x17b56f) (BuildId: f21e437ff32f89c12e4b6c9086d4587d6feaa585)
    #2 0x6089deecde9d  (/tmp/asan_pair16_a1_vulnerable_6ucgsxyi/target/debug/deps/pair16_a1_vulnerable-9ba985deed969848+0x159e9d) (BuildId: f21e437ff32f89c12e4b6c9086d4587d6feaa585)
    #3 0x6089deec71e4  (/tmp/asan_pair16_a1_vulnerable_6ucgsxyi/target/debug/deps/pair16_a1_vulnerable-9ba985deed969848+0x1531e4) (BuildId: f21e437ff32f89c12e4b6c9086d4587d6feaa585)
    #4 0x6089deed0825  (/tmp/asan_pair16_a1_vulnerable_6ucgsxyi/target/debug/deps/pair16_a1_vulnerable-9ba985deed969848+0x15c825) (BuildId: f21e437ff32f89c12e4b6c9086d4587d6feaa585)
    #5 0x6089deeb957a  (/tmp/asan_pair16_a1_vulnerable_6ucgsxyi/target/debug/deps/pair16_a1_vulnerable-9ba985deed969848+0x14557a) (BuildId: f21e437ff32f89c12e4b6c9086d4587d6feaa585)
    #6 0x6089dee98a82  (/tmp/asan_pair16_a1_vulnerable_6ucgsxyi/target/debug/deps/pair16_a1_vulnerable-9ba985deed969848+0x124a82) (BuildId: f21e437ff32f89c12e4b6c9086d4587d6feaa585)
    #7 0x6089dee94e8f  (/tmp/asan_pair16_a1_vulnerable_6ucgsxyi/target/debug/deps/pair16_a1_vulnerable-9ba985deed969848+0x120e8f) (BuildId: f21e437ff32f89c12e4b6c9086d4587d6feaa585)
    #8 0x6089dee98aad  (/tmp/asan_pair16_a1_vulnerable_6ucgsxyi/target/debug/deps/pair16_a1_vulnerable-9ba985deed969848+0x124aad) (BuildId: f21e437ff32f89c12e4b6c9086d4587d6feaa585)

SUMMARY: AddressSanitizer: heap-buffer-overflow (/tmp/asan_pair16_a1_vulnerable_6ucgsxyi/target/debug/deps/pair16_a1_vulnerable-9ba985deed969848+0x1248f4) (BuildId: f21e437ff32f89c12e4b6c9086d4587d6feaa585) 
Shadow bytes around the buggy address:
  0x6cbaaefe1600: fa fa fa fa fa fa fa fa fa fa fa fa fa fa fa fa
  0x6cbaaefe1680: fa fa fa fa fa fa fa fa fa fa fa fa fa fa fa fa
  0x6cbaaefe1700: fa fa fa fa fa fa fa fa fa fa fa fa fa fa fa fa
  0x6cbaaefe1780: fa fa fa fa fa fa fa fa fa fa fa fa fa fa fa fa
  0x6cbaaefe1800: fa fa fd fd fd fd fa fa fd fd fd fd fa fa 00 00
=>0x6cbaaefe1880: 00 00 fa fa 00 00[04]fa fa fa fa fa fa fa fa fa
  0x6cbaaefe1900: fa fa fa fa fa fa fa fa fa fa fa fa fa fa fa fa
  0x6cbaaefe1980: fa fa fa fa fa fa fa fa fa fa fa fa fa fa fa fa
  0x6cbaaefe1a00: fa fa fa fa fa fa fa fa fa fa fa fa fa fa fa fa
  0x6cbaaefe1a80: fa fa fa fa fa fa fa fa fa fa fa fa fa fa fa fa
  0x6cbaaefe1b00: fa fa fa fa fa fa fa fa fa fa fa fa fa fa fa fa
Shadow byte legend (one shadow byte represents 8 application bytes):
  Addressable:           00
  Partially addressable: 01 02 03 04 05 06 07 
  Heap left redzone:       fa
  Freed heap region:       fd
  Stack left redzone:      f1
  Stack mid redzone:       f2
  Stack right redzone:     f3
  Stack after return:      f5
  Stack use after scope:   f8
  Global redzone:          f9
  Global init order:       f6
  Poisoned by user:        f7
  Container overflow:      fc
  Array cookie:            ac
  Intra object redzone:    bb
  ASan internal:           fe
  Left alloca redzone:     ca
  Right alloca redzone:    cb
==3829402==ABORTING
error: test failed, to rerun pass `--lib`

Caused by:
  process didn't exit successfully: `/tmp/asan_pair16_a1_vulnerable_6ucgsxyi/target/debug/deps/pair16_a1_vulnerable-9ba985deed969848 --nocapture` (exit status: 1)
