$ (cwd=/tmp/asan_pair17_a3_vulnerable_b0u0ayu6) cargo +nightly test --lib -- --nocapture

   Compiling pair17_a3_vulnerable v0.1.0 (/tmp/asan_pair17_a3_vulnerable_b0u0ayu6)
    Finished `test` profile [unoptimized + debuginfo] target(s) in 0.20s
     Running unittests src/lib.rs (target/debug/deps/pair17_a3_vulnerable-b5ccfdb0a162cf2e)

running 1 test
=================================================================
==4158978==ERROR: AddressSanitizer: heap-buffer-overflow on address 0x71fdccbe2078 at pc 0x5baffa32c5a5 bp 0x71bdca5fe1d0 sp 0x71bdca5fe1c8
WRITE of size 4 at 0x71fdccbe2078 thread T1
    #0 0x5baffa32c5a4  (/tmp/asan_pair17_a3_vulnerable_b0u0ayu6/target/debug/deps/pair17_a3_vulnerable-b5ccfdb0a162cf2e+0x1235a4) (BuildId: 40fe4c54800726fa43bac1f2642d0dda323296b0)
    #1 0x5baffa32c6ad  (/tmp/asan_pair17_a3_vulnerable_b0u0ayu6/target/debug/deps/pair17_a3_vulnerable-b5ccfdb0a162cf2e+0x1236ad) (BuildId: 40fe4c54800726fa43bac1f2642d0dda323296b0)
    #2 0x5baffa329bef  (/tmp/asan_pair17_a3_vulnerable_b0u0ayu6/target/debug/deps/pair17_a3_vulnerable-b5ccfdb0a162cf2e+0x120bef) (BuildId: 40fe4c54800726fa43bac1f2642d0dda323296b0)
    #3 0x5baffa32ba76  (/tmp/asan_pair17_a3_vulnerable_b0u0ayu6/target/debug/deps/pair17_a3_vulnerable-b5ccfdb0a162cf2e+0x122a76) (BuildId: 40fe4c54800726fa43bac1f2642d0dda323296b0)
    #4 0x5baffa32aca5  (/tmp/asan_pair17_a3_vulnerable_b0u0ayu6/target/debug/deps/pair17_a3_vulnerable-b5ccfdb0a162cf2e+0x121ca5) (BuildId: 40fe4c54800726fa43bac1f2642d0dda323296b0)
    #5 0x5baffa34dc6a  (/tmp/asan_pair17_a3_vulnerable_b0u0ayu6/target/debug/deps/pair17_a3_vulnerable-b5ccfdb0a162cf2e+0x144c6a) (BuildId: 40fe4c54800726fa43bac1f2642d0dda323296b0)
    #6 0x5baffa363654  (/tmp/asan_pair17_a3_vulnerable_b0u0ayu6/target/debug/deps/pair17_a3_vulnerable-b5ccfdb0a162cf2e+0x15a654) (BuildId: 40fe4c54800726fa43bac1f2642d0dda323296b0)
    #7 0x5baffa33a073  (/tmp/asan_pair17_a3_vulnerable_b0u0ayu6/target/debug/deps/pair17_a3_vulnerable-b5ccfdb0a162cf2e+0x131073) (BuildId: 40fe4c54800726fa43bac1f2642d0dda323296b0)
    #8 0x5baffa33da59  (/tmp/asan_pair17_a3_vulnerable_b0u0ayu6/target/debug/deps/pair17_a3_vulnerable-b5ccfdb0a162cf2e+0x134a59) (BuildId: 40fe4c54800726fa43bac1f2642d0dda323296b0)
    #9 0x5baffa38367e  (/tmp/asan_pair17_a3_vulnerable_b0u0ayu6/target/debug/deps/pair17_a3_vulnerable-b5ccfdb0a162cf2e+0x17a67e) (BuildId: 40fe4c54800726fa43bac1f2642d0dda323296b0)
    #10 0x5baffa2f8d76  (/tmp/asan_pair17_a3_vulnerable_b0u0ayu6/target/debug/deps/pair17_a3_vulnerable-b5ccfdb0a162cf2e+0xefd76) (BuildId: 40fe4c54800726fa43bac1f2642d0dda323296b0)
    #11 0x75bdcda94ac2  (/lib/x86_64-linux-gnu/libc.so.6+0x94ac2) (BuildId: d5197096f709801829b118af1b7cf6631efa2dcd)
    #12 0x75bdcdb2684f  (/lib/x86_64-linux-gnu/libc.so.6+0x12684f) (BuildId: d5197096f709801829b118af1b7cf6631efa2dcd)

0x71fdccbe2078 is located 0 bytes after 40-byte region [0x71fdccbe2050,0x71fdccbe2078)
allocated by thread T1 here:
    #0 0x5baffa2faeb4  (/tmp/asan_pair17_a3_vulnerable_b0u0ayu6/target/debug/deps/pair17_a3_vulnerable-b5ccfdb0a162cf2e+0xf1eb4) (BuildId: 40fe4c54800726fa43bac1f2642d0dda323296b0)
    #1 0x5baffa3b3c0d  (/tmp/asan_pair17_a3_vulnerable_b0u0ayu6/target/debug/deps/pair17_a3_vulnerable-b5ccfdb0a162cf2e+0x1aac0d) (BuildId: 40fe4c54800726fa43bac1f2642d0dda323296b0)
    #2 0x5baffa3293ce  (/tmp/asan_pair17_a3_vulnerable_b0u0ayu6/target/debug/deps/pair17_a3_vulnerable-b5ccfdb0a162cf2e+0x1203ce) (BuildId: 40fe4c54800726fa43bac1f2642d0dda323296b0)
    #3 0x5baffa32a07c  (/tmp/asan_pair17_a3_vulnerable_b0u0ayu6/target/debug/deps/pair17_a3_vulnerable-b5ccfdb0a162cf2e+0x12107c) (BuildId: 40fe4c54800726fa43bac1f2642d0dda323296b0)
    #4 0x5baffa32c6a4  (/tmp/asan_pair17_a3_vulnerable_b0u0ayu6/target/debug/deps/pair17_a3_vulnerable-b5ccfdb0a162cf2e+0x1236a4) (BuildId: 40fe4c54800726fa43bac1f2642d0dda323296b0)
    #5 0x5baffa329bef  (/tmp/asan_pair17_a3_vulnerable_b0u0ayu6/target/debug/deps/pair17_a3_vulnerable-b5ccfdb0a162cf2e+0x120bef) (BuildId: 40fe4c54800726fa43bac1f2642d0dda323296b0)
    #6 0x5baffa32ba76  (/tmp/asan_pair17_a3_vulnerable_b0u0ayu6/target/debug/deps/pair17_a3_vulnerable-b5ccfdb0a162cf2e+0x122a76) (BuildId: 40fe4c54800726fa43bac1f2642d0dda323296b0)
    #7 0x5baffa363654  (/tmp/asan_pair17_a3_vulnerable_b0u0ayu6/target/debug/deps/pair17_a3_vulnerable-b5ccfdb0a162cf2e+0x15a654) (BuildId: 40fe4c54800726fa43bac1f2642d0dda323296b0)
    #8 0x5baffa33a073  (/tmp/asan_pair17_a3_vulnerable_b0u0ayu6/target/debug/deps/pair17_a3_vulnerable-b5ccfdb0a162cf2e+0x131073) (BuildId: 40fe4c54800726fa43bac1f2642d0dda323296b0)
    #9 0x5baffa33da59  (/tmp/asan_pair17_a3_vulnerable_b0u0ayu6/target/debug/deps/pair17_a3_vulnerable-b5ccfdb0a162cf2e+0x134a59) (BuildId: 40fe4c54800726fa43bac1f2642d0dda323296b0)
    #10 0x5baffa38367e  (/tmp/asan_pair17_a3_vulnerable_b0u0ayu6/target/debug/deps/pair17_a3_vulnerable-b5ccfdb0a162cf2e+0x17a67e) (BuildId: 40fe4c54800726fa43bac1f2642d0dda323296b0)
    #11 0x5baffa2f8d76  (/tmp/asan_pair17_a3_vulnerable_b0u0ayu6/target/debug/deps/pair17_a3_vulnerable-b5ccfdb0a162cf2e+0xefd76) (BuildId: 40fe4c54800726fa43bac1f2642d0dda323296b0)

Thread T1 created by T0 here:
    #0 0x5baffa2df7a1  (/tmp/asan_pair17_a3_vulnerable_b0u0ayu6/target/debug/deps/pair17_a3_vulnerable-b5ccfdb0a162cf2e+0xd67a1) (BuildId: 40fe4c54800726fa43bac1f2642d0dda323296b0)
    #1 0x5baffa38389f  (/tmp/asan_pair17_a3_vulnerable_b0u0ayu6/target/debug/deps/pair17_a3_vulnerable-b5ccfdb0a162cf2e+0x17a89f) (BuildId: 40fe4c54800726fa43bac1f2642d0dda323296b0)
    #2 0x5baffa3621cd  (/tmp/asan_pair17_a3_vulnerable_b0u0ayu6/target/debug/deps/pair17_a3_vulnerable-b5ccfdb0a162cf2e+0x1591cd) (BuildId: 40fe4c54800726fa43bac1f2642d0dda323296b0)
    #3 0x5baffa35b514  (/tmp/asan_pair17_a3_vulnerable_b0u0ayu6/target/debug/deps/pair17_a3_vulnerable-b5ccfdb0a162cf2e+0x152514) (BuildId: 40fe4c54800726fa43bac1f2642d0dda323296b0)
    #4 0x5baffa364b55  (/tmp/asan_pair17_a3_vulnerable_b0u0ayu6/target/debug/deps/pair17_a3_vulnerable-b5ccfdb0a162cf2e+0x15bb55) (BuildId: 40fe4c54800726fa43bac1f2642d0dda323296b0)
    #5 0x5baffa34d8aa  (/tmp/asan_pair17_a3_vulnerable_b0u0ayu6/target/debug/deps/pair17_a3_vulnerable-b5ccfdb0a162cf2e+0x1448aa) (BuildId: 40fe4c54800726fa43bac1f2642d0dda323296b0)
    #6 0x5baffa32c0d2  (/tmp/asan_pair17_a3_vulnerable_b0u0ayu6/target/debug/deps/pair17_a3_vulnerable-b5ccfdb0a162cf2e+0x1230d2) (BuildId: 40fe4c54800726fa43bac1f2642d0dda323296b0)
    #7 0x5baffa32998f  (/tmp/asan_pair17_a3_vulnerable_b0u0ayu6/target/debug/deps/pair17_a3_vulnerable-b5ccfdb0a162cf2e+0x12098f) (BuildId: 40fe4c54800726fa43bac1f2642d0dda323296b0)
    #8 0x5baffa32c7dd  (/tmp/asan_pair17_a3_vulnerable_b0u0ayu6/target/debug/deps/pair17_a3_vulnerable-b5ccfdb0a162cf2e+0x1237dd) (BuildId: 40fe4c54800726fa43bac1f2642d0dda323296b0)

SUMMARY: AddressSanitizer: heap-buffer-overflow (/tmp/asan_pair17_a3_vulnerable_b0u0ayu6/target/debug/deps/pair17_a3_vulnerable-b5ccfdb0a162cf2e+0x1235a4) (BuildId: 40fe4c54800726fa43bac1f2642d0dda323296b0) 
Shadow bytes around the buggy address:
  0x71fdccbe1d80: fa fa fa fa fa fa fa fa fa fa fa fa fa fa fa fa
  0x71fdccbe1e00: fa fa fa fa fa fa fa fa fa fa fa fa fa fa fa fa
  0x71fdccbe1e80: fa fa fa fa fa fa fa fa fa fa fa fa fa fa fa fa
  0x71fdccbe1f00: fa fa fa fa fa fa fa fa fa fa fa fa fa fa fa fa
  0x71fdccbe1f80: fa fa fa fa fa fa fa fa fa fa fa fa fa fa fa fa
=>0x71fdccbe2000: fa fa 00 00 00 00 00 00 fa fa 00 00 00 00 00[fa]
  0x71fdccbe2080: fa fa fa fa fa fa fa fa fa fa fa fa fa fa fa fa
  0x71fdccbe2100: fa fa fa fa fa fa fa fa fa fa fa fa fa fa fa fa
  0x71fdccbe2180: fa fa fa fa fa fa fa fa fa fa fa fa fa fa fa fa
  0x71fdccbe2200: fa fa fa fa fa fa fa fa fa fa fa fa fa fa fa fa
  0x71fdccbe2280: fa fa fa fa fa fa fa fa fa fa fa fa fa fa fa fa
Shadow byte legend (one shadow byte represents 8 application bytes):
  Addressable:           00
  Partially addressable: 01 02 03 04 05 06 07 
  Heap left redzone:       fa
  Freed heap region:       fd
  Stack left redzone:      f1
  Stack mid redzone:       f2
  Stack right redzone:     f3
  Stack after return:      f5
  Stack use after scope:   f8
  Global redzone:          f9
  Global init order:       f6
  Poisoned by user:        f7
  Container overflow:      fc
  Array cookie:            ac
  Intra object redzone:    bb
  ASan internal:           fe
  Left alloca redzone:     ca
  Right alloca redzone:    cb
==4158978==ABORTING
error: test failed, to rerun pass `--lib`

Caused by:
  process didn't exit successfully: `/tmp/asan_pair17_a3_vulnerable_b0u0ayu6/target/debug/deps/pair17_a3_vulnerable-b5ccfdb0a162cf2e --nocapture` (exit status: 1)
