$ (cwd=/tmp/asan_pair8_a3_vulnerable_tuzi49pz) cargo +nightly test --lib -- --nocapture

   Compiling pair8_a3_vulnerable v0.1.0 (/tmp/asan_pair8_a3_vulnerable_tuzi49pz)
    Finished `test` profile [unoptimized + debuginfo] target(s) in 0.20s
     Running unittests src/lib.rs (target/debug/deps/pair8_a3_vulnerable-42c8a2750bfc9449)

running 1 test
AddressSanitizer:DEADLYSIGNAL
=================================================================
==4191822==ERROR: AddressSanitizer: stack-overflow on address 0x738b999ffff0 (pc 0x5f43f09e9a33 bp 0x738b99a000b0 sp 0x738b999fffa0 T1)
    #0 0x5f43f09e9a33  (/tmp/asan_pair8_a3_vulnerable_tuzi49pz/target/debug/deps/pair8_a3_vulnerable-42c8a2750bfc9449+0x123a33) (BuildId: 619287b7f3ce01c1d4e815eafa7a9662a566984c)
    #1 0x5f43f09e797e  (/tmp/asan_pair8_a3_vulnerable_tuzi49pz/target/debug/deps/pair8_a3_vulnerable-42c8a2750bfc9449+0x12197e) (BuildId: 619287b7f3ce01c1d4e815eafa7a9662a566984c)
    #2 0x5f43f09e79f9  (/tmp/asan_pair8_a3_vulnerable_tuzi49pz/target/debug/deps/pair8_a3_vulnerable-42c8a2750bfc9449+0x1219f9) (BuildId: 619287b7f3ce01c1d4e815eafa7a9662a566984c)
    #3 0x5f43f09eadb7  (/tmp/asan_pair8_a3_vulnerable_tuzi49pz/target/debug/deps/pair8_a3_vulnerable-42c8a2750bfc9449+0x124db7) (BuildId: 619287b7f3ce01c1d4e815eafa7a9662a566984c)
    #4 0x5f43f09ea440  (/tmp/asan_pair8_a3_vulnerable_tuzi49pz/target/debug/deps/pair8_a3_vulnerable-42c8a2750bfc9449+0x124440) (BuildId: 619287b7f3ce01c1d4e815eafa7a9662a566984c)
    #5 0x5f43f09ea815  (/tmp/asan_pair8_a3_vulnerable_tuzi49pz/target/debug/deps/pair8_a3_vulnerable-42c8a2750bfc9449+0x124815) (BuildId: 619287b7f3ce01c1d4e815eafa7a9662a566984c)
    #6 0x5f43f09ea815  (/tmp/asan_pair8_a3_vulnerable_tuzi49pz/target/debug/deps/pair8_a3_vulnerable-42c8a2750bfc9449+0x124815) (BuildId: 619287b7f3ce01c1d4e815eafa7a9662a566984c)
    #7 0x5f43f09ea815  (/tmp/asan_pair8_a3_vulnerable_tuzi49pz/target/debug/deps/pair8_a3_vulnerable-42c8a2750bfc9449+0x124815) (BuildId: 619287b7f3ce01c1d4e815eafa7a9662a566984c)
    #8 0x5f43f09ea815  (/tmp/asan_pair8_a3_vulnerable_tuzi49pz/target/debug/deps/pair8_a3_vulnerable-42c8a2750bfc9449+0x124815) (BuildId: 619287b7f3ce01c1d4e815eafa7a9662a566984c)
    #9 0x5f43f09ea815  (/tmp/asan_pair8_a3_vulnerable_tuzi49pz/target/debug/deps/pair8_a3_vulnerable-42c8a2750bfc9449+0x124815) (BuildId: 619287b7f3ce01c1d4e815eafa7a9662a566984c)
    #10 0x5f43f09ea815  (/tmp/asan_pair8_a3_vulnerable_tuzi49pz/target/debug/deps/pair8_a3_vulnerable-42c8a2750bfc9449+0x124815) (BuildId: 619287b7f3ce01c1d4e815eafa7a9662a566984c)
    #11 0x5f43f09ea815  (/tmp/asan_pair8_a3_vulnerable_tuzi49pz/target/debug/deps/pair8_a3_vulnerable-42c8a2750bfc9449+0x124815) (BuildId: 619287b7f3ce01c1d4e815eafa7a9662a566984c)
    #12 0x5f43f09ea815  (/tmp/asan_pair8_a3_vulnerable_tuzi49pz/target/debug/deps/pair8_a3_vulnerable-42c8a2750bfc9449+0x124815) (BuildId: 619287b7f3ce01c1d4e815eafa7a9662a566984c)
    #13 0x5f43f09ea815  (/tmp/asan_pair8_a3_vulnerable_tuzi49pz/target/debug/deps/pair8_a3_vulnerable-42c8a2750bfc9449+0x124815) (BuildId: 619287b7f3ce01c1d4e815eafa7a9662a566984c)
    #14 0x5f43f09ea815  (/tmp/asan_pair8_a3_vulnerable_tuzi49pz/target/debug/deps/pair8_a3_vulnerable-42c8a2750bfc9449+0x124815) (BuildId: 619287b7f3ce01c1d4e815eafa7a9662a566984c)
    #15 0x5f43f09ea815  (/tmp/asan_pair8_a3_vulnerable_tuzi49pz/target/debug/deps/pair8_a3_vulnerable-42c8a2750bfc9449+0x124815) (BuildId: 619287b7f3ce01c1d4e815eafa7a9662a566984c)
    #16 0x5f43f09ea815  (/tmp/asan_pair8_a3_vulnerable_tuzi49pz/target/debug/deps/pair8_a3_vulnerable-42c8a2750bfc9449+0x124815) (BuildId: 619287b7f3ce01c1d4e815eafa7a9662a566984c)
    #17 0x5f43f09ea815  (/tmp/asan_pair8_a3_vulnerable_tuzi49pz/target/debug/deps/pair8_a3_vulnerable-42c8a2750bfc9449+0x124815) (BuildId: 619287b7f3ce01c1d4e815eafa7a9662a566984c)
    #18 0x5f43f09ea815  (/tmp/asan_pair8_a3_vulnerable_tuzi49pz/target/debug/deps/pair8_a3_vulnerable-42c8a2750bfc9449+0x124815) (BuildId: 619287b7f3ce01c1d4e815eafa7a9662a566984c)
    #19 0x5f43f09ea815  (/tmp/asan_pair8_a3_vulnerable_tuzi49pz/target/debug/deps/pair8_a3_vulnerable-42c8a2750bfc9449+0x124815) (BuildId: 619287b7f3ce01c1d4e815eafa7a9662a566984c)
    #20 0x5f43f09ea815  (/tmp/asan_pair8_a3_vulnerable_tuzi49pz/target/debug/deps/pair8_a3_vulnerable-42c8a2750bfc9449+0x124815) (BuildId: 619287b7f3ce01c1d4e815eafa7a9662a566984c)
    #21 0x5f43f09ea815  (/tmp/asan_pair8_a3_vulnerable_tuzi49pz/target/debug/deps/pair8_a3_vulnerable-42c8a2750bfc9449+0x124815) (BuildId: 619287b7f3ce01c1d4e815eafa7a9662a566984c)
    #22 0x5f43f09ea815  (/tmp/asan_pair8_a3_vulnerable_tuzi49pz/target/debug/deps/pair8_a3_vulnerable-42c8a2750bfc9449+0x124815) (BuildId: 619287b7f3ce01c1d4e815eafa7a9662a566984c)
    #23 0x5f43f09ea815  (/tmp/asan_pair8_a3_vulnerable_tuzi49pz/target/debug/deps/pair8_a3_vulnerable-42c8a2750bfc9449+0x124815) (BuildId: 619287b7f3ce01c1d4e815eafa7a9662a566984c)
    #24 0x5f43f09ea815  (/tmp/asan_pair8_a3_vulnerable_tuzi49pz/target/debug/deps/pair8_a3_vulnerable-42c8a2750bfc9449+0x124815) (BuildId: 619287b7f3ce01c1d4e815eafa7a9662a566984c)
    #25 0x5f43f09ea815  (/tmp/asan_pair8_a3_vulnerable_tuzi49pz/target/debug/deps/pair8_a3_vulnerable-42c8a2750bfc9449+0x124815) (BuildId: 619287b7f3ce01c1d4e815eafa7a9662a566984c)
    #26 0x5f43f09ea815  (/tmp/asan_pair8_a3_vulnerable_tuzi49pz/target/debug/deps/pair8_a3_vulnerable-42c8a2750bfc9449+0x124815) (BuildId: 619287b7f3ce01c1d4e815eafa7a9662a566984c)
    #27 0x5f43f09ea815  (/tmp/asan_pair8_a3_vulnerable_tuzi49pz/target/debug/deps/pair8_a3_vulnerable-42c8a2750bfc9449+0x124815) (BuildId: 619287b7f3ce01c1d4e815eafa7a9662a566984c)
    #28 0x5f43f09ea815  (/tmp/asan_pair8_a3_vulnerable_tuzi49pz/target/debug/deps/pair8_a3_vulnerable-42c8a2750bfc9449+0x124815) (BuildId: 619287b7f3ce01c1d4e815eafa7a9662a566984c)
    #29 0x5f43f09ea815  (/tmp/asan_pair8_a3_vulnerable_tuzi49pz/target/debug/deps/pair8_a3_vulnerable-42c8a2750bfc9449+0x124815) (BuildId: 619287b7f3ce01c1d4e815eafa7a9662a566984c)
    #30 0x5f43f09ea815  (/tmp/asan_pair8_a3_vulnerable_tuzi49pz/target/debug/deps/pair8_a3_vulnerable-42c8a2750bfc9449+0x124815) (BuildId: 619287b7f3ce01c1d4e815eafa7a9662a566984c)
    #31 0x5f43f09ea815  (/tmp/asan_pair8_a3_vulnerable_tuzi49pz/target/debug/deps/pair8_a3_vulnerable-42c8a2750bfc9449+0x124815) (BuildId: 619287b7f3ce01c1d4e815eafa7a9662a566984c)
    #32 0x5f43f09ea815  (/tmp/asan_pair8_a3_vulnerable_tuzi49pz/target/debug/deps/pair8_a3_vulnerable-42c8a2750bfc9449+0x124815) (BuildId: 619287b7f3ce01c1d4e815eafa7a9662a566984c)
    #33 0x5f43f09ea815  (/tmp/asan_pair8_a3_vulnerable_tuzi49pz/target/debug/deps/pair8_a3_vulnerable-42c8a2750bfc9449+0x124815) (BuildId: 619287b7f3ce01c1d4e815eafa7a9662a566984c)
    #34 0x5f43f09ea815  (/tmp/asan_pair8_a3_vulnerable_tuzi49pz/target/debug/deps/pair8_a3_vulnerable-42c8a2750bfc9449+0x124815) (BuildId: 619287b7f3ce01c1d4e815eafa7a9662a566984c)
    #35 0x5f43f09ea815  (/tmp/asan_pair8_a3_vulnerable_tuzi49pz/target/debug/deps/pair8_a3_vulnerable-42c8a2750bfc9449+0x124815) (BuildId: 619287b7f3ce01c1d4e815eafa7a9662a566984c)
    #36 0x5f43f09ea815  (/tmp/asan_pair8_a3_vulnerable_tuzi49pz/target/debug/deps/pair8_a3_vulnerable-42c8a2750bfc9449+0x124815) (BuildId: 619287b7f3ce01c1d4e815eafa7a9662a566984c)
    #37 0x5f43f09ea815  (/tmp/asan_pair8_a3_vulnerable_tuzi49pz/target/debug/deps/pair8_a3_vulnerable-42c8a2750bfc9449+0x124815) (BuildId: 619287b7f3ce01c1d4e815eafa7a9662a566984c)
    #38 0x5f43f09ea815  (/tmp/asan_pair8_a3_vulnerable_tuzi49pz/target/debug/deps/pair8_a3_vulnerable-42c8a2750bfc9449+0x124815) (BuildId: 619287b7f3ce01c1d4e815eafa7a9662a566984c)
    #39 0x5f43f09ea815  (/tmp/asan_pair8_a3_vulnerable_tuzi49pz/target/debug/deps/pair8_a3_vulnerable-42c8a2750bfc9449+0x124815) (BuildId: 619287b7f3ce01c1d4e815eafa7a9662a566984c)
    #40 0x5f43f09ea815  (/tmp/asan_pair8_a3_vulnerable_tuzi49pz/target/debug/deps/pair8_a3_vulnerable-42c8a2750bfc9449+0x124815) (BuildId: 619287b7f3ce01c1d4e815eafa7a9662a566984c)
    #41 0x5f43f09ea815  (/tmp/asan_pair8_a3_vulnerable_tuzi49pz/target/debug/deps/pair8_a3_vulnerable-42c8a2750bfc9449+0x124815) (BuildId: 619287b7f3ce01c1d4e815eafa7a9662a566984c)
    #42 0x5f43f09ea815  (/tmp/asan_pair8_a3_vulnerable_tuzi49pz/target/debug/deps/pair8_a3_vulnerable-42c8a2750bfc9449+0x124815) (BuildId: 619287b7f3ce01c1d4e815eafa7a9662a566984c)
    #43 0x5f43f09ea815  (/tmp/asan_pair8_a3_vulnerable_tuzi49pz/target/debug/deps/pair8_a3_vulnerable-42c8a2750bfc9449+0x124815) (BuildId: 619287b7f3ce01c1d4e815eafa7a9662a566984c)
    #44 0x5f43f09ea815  (/tmp/asan_pair8_a3_vulnerable_tuzi49pz/target/debug/deps/pair8_a3_vulnerable-42c8a2750bfc9449+0x124815) (BuildId: 619287b7f3ce01c1d4e815eafa7a9662a566984c)
    #45 0x5f43f09ea815  (/tmp/asan_pair8_a3_vulnerable_tuzi49pz/target/debug/deps/pair8_a3_vulnerable-42c8a2750bfc9449+0x124815) (BuildId: 619287b7f3ce01c1d4e815eafa7a9662a566984c)
    #46 0x5f43f09ea815  (/tmp/asan_pair8_a3_vulnerable_tuzi49pz/target/debug/deps/pair8_a3_vulnerable-42c8a2750bfc9449+0x124815) (BuildId: 619287b7f3ce01c1d4e815eafa7a9662a566984c)
    #47 0x5f43f09ea815  (/tmp/asan_pair8_a3_vulnerable_tuzi49pz/target/debug/deps/pair8_a3_vulnerable-42c8a2750bfc9449+0x124815) (BuildId: 619287b7f3ce01c1d4e815eafa7a9662a566984c)
    #48 0x5f43f09ea815  (/tmp/asan_pair8_a3_vulnerable_tuzi49pz/target/debug/deps/pair8_a3_vulnerable-42c8a2750bfc9449+0x124815) (BuildId: 619287b7f3ce01c1d4e815eafa7a9662a566984c)
    #49 0x5f43f09ea815  (/tmp/asan_pair8_a3_vulnerable_tuzi49pz/target/debug/deps/pair8_a3_vulnerable-42c8a2750bfc9449+0x124815) (BuildId: 619287b7f3ce01c1d4e815eafa7a9662a566984c)
    #50 0x5f43f09ea815  (/tmp/asan_pair8_a3_vulnerable_tuzi49pz/target/debug/deps/pair8_a3_vulnerable-42c8a2750bfc9449+0x124815) (BuildId: 619287b7f3ce01c1d4e815eafa7a9662a566984c)
    #51 0x5f43f09ea815  (/tmp/asan_pair8_a3_vulnerable_tuzi49pz/target/debug/deps/pair8_a3_vulnerable-42c8a2750bfc9449+0x124815) (BuildId: 619287b7f3ce01c1d4e815eafa7a9662a566984c)
    #52 0x5f43f09ea815  (/tmp/asan_pair8_a3_vulnerable_tuzi49pz/target/debug/deps/pair8_a3_vulnerable-42c8a2750bfc9449+0x124815) (BuildId: 619287b7f3ce01c1d4e815eafa7a9662a566984c)
    #53 0x5f43f09ea815  (/tmp/asan_pair8_a3_vulnerable_tuzi49pz/target/debug/deps/pair8_a3_vulnerable-42c8a2750bfc9449+0x124815) (BuildId: 619287b7f3ce01c1d4e815eafa7a9662a566984c)
    #54 0x5f43f09ea815  (/tmp/asan_pair8_a3_vulnerable_tuzi49pz/target/debug/deps/pair8_a3_vulnerable-42c8a2750bfc9449+0x124815) (BuildId: 619287b7f3ce01c1d4e815eafa7a9662a566984c)
    #55 0x5f43f09ea815  (/tmp/asan_pair8_a3_vulnerable_tuzi49pz/target/debug/deps/pair8_a3_vulnerable-42c8a2750bfc9449+0x124815) (BuildId: 619287b7f3ce01c1d4e815eafa7a9662a566984c)
    #56 0x5f43f09ea815  (/tmp/asan_pair8_a3_vulnerable_tuzi49pz/target/debug/deps/pair8_a3_vulnerable-42c8a2750bfc9449+0x124815) (BuildId: 619287b7f3ce01c1d4e815eafa7a9662a566984c)
    #57 0x5f43f09ea815  (/tmp/asan_pair8_a3_vulnerable_tuzi49pz/target/debug/deps/pair8_a3_vulnerable-42c8a2750bfc9449+0x124815) (BuildId: 619287b7f3ce01c1d4e815eafa7a9662a566984c)
    #58 0x5f43f09ea815  (/tmp/asan_pair8_a3_vulnerable_tuzi49pz/target/debug/deps/pair8_a3_vulnerable-42c8a2750bfc9449+0x124815) (BuildId: 619287b7f3ce01c1d4e815eafa7a9662a566984c)
    #59 0x5f43f09ea815  (/tmp/asan_pair8_a3_vulnerable_tuzi49pz/target/debug/deps/pair8_a3_vulnerable-42c8a2750bfc9449+0x124815) (BuildId: 619287b7f3ce01c1d4e815eafa7a9662a566984c)
    #60 0x5f43f09ea815  (/tmp/asan_pair8_a3_vulnerable_tuzi49pz/target/debug/deps/pair8_a3_vulnerable-42c8a2750bfc9449+0x124815) (BuildId: 619287b7f3ce01c1d4e815eafa7a9662a566984c)
    #61 0x5f43f09ea815  (/tmp/asan_pair8_a3_vulnerable_tuzi49pz/target/debug/deps/pair8_a3_vulnerable-42c8a2750bfc9449+0x124815) (BuildId: 619287b7f3ce01c1d4e815eafa7a9662a566984c)
    #62 0x5f43f09ea815  (/tmp/asan_pair8_a3_vulnerable_tuzi49pz/target/debug/deps/pair8_a3_vulnerable-42c8a2750bfc9449+0x124815) (BuildId: 619287b7f3ce01c1d4e815eafa7a9662a566984c)
    #63 0x5f43f09ea815  (/tmp/asan_pair8_a3_vulnerable_tuzi49pz/target/debug/deps/pair8_a3_vulnerable-42c8a2750bfc9449+0x124815) (BuildId: 619287b7f3ce01c1d4e815eafa7a9662a566984c)
    #64 0x5f43f09ea815  (/tmp/asan_pair8_a3_vulnerable_tuzi49pz/target/debug/deps/pair8_a3_vulnerable-42c8a2750bfc9449+0x124815) (BuildId: 619287b7f3ce01c1d4e815eafa7a9662a566984c)
    #65 0x5f43f09ea815  (/tmp/asan_pair8_a3_vulnerable_tuzi49pz/target/debug/deps/pair8_a3_vulnerable-42c8a2750bfc9449+0x124815) (BuildId: 619287b7f3ce01c1d4e815eafa7a9662a566984c)
    #66 0x5f43f09ea815  (/tmp/asan_pair8_a3_vulnerable_tuzi49pz/target/debug/deps/pair8_a3_vulnerable-42c8a2750bfc9449+0x124815) (BuildId: 619287b7f3ce01c1d4e815eafa7a9662a566984c)
    #67 0x5f43f09ea815  (/tmp/asan_pair8_a3_vulnerable_tuzi49pz/target/debug/deps/pair8_a3_vulnerable-42c8a2750bfc9449+0x124815) (BuildId: 619287b7f3ce01c1d4e815eafa7a9662a566984c)
    #68 0x5f43f09ea815  (/tmp/asan_pair8_a3_vulnerable_tuzi49pz/target/debug/deps/pair8_a3_vulnerable-42c8a2750bfc9449+0x124815) (BuildId: 619287b7f3ce01c1d4e815eafa7a9662a566984c)
    #69 0x5f43f09ea815  (/tmp/asan_pair8_a3_vulnerable_tuzi49pz/target/debug/deps/pair8_a3_vulnerable-42c8a2750bfc9449+0x124815) (BuildId: 619287b7f3ce01c1d4e815eafa7a9662a566984c)
    #70 0x5f43f09ea815  (/tmp/asan_pair8_a3_vulnerable_tuzi49pz/target/debug/deps/pair8_a3_vulnerable-42c8a2750bfc9449+0x124815) (BuildId: 619287b7f3ce01c1d4e815eafa7a9662a566984c)
    #71 0x5f43f09ea815  (/tmp/asan_pair8_a3_vulnerable_tuzi49pz/target/debug/deps/pair8_a3_vulnerable-42c8a2750bfc9449+0x124815) (BuildId: 619287b7f3ce01c1d4e815eafa7a9662a566984c)
    #72 0x5f43f09ea815  (/tmp/asan_pair8_a3_vulnerable_tuzi49pz/target/debug/deps/pair8_a3_vulnerable-42c8a2750bfc9449+0x124815) (BuildId: 619287b7f3ce01c1d4e815eafa7a9662a566984c)
    #73 0x5f43f09ea815  (/tmp/asan_pair8_a3_vulnerable_tuzi49pz/target/debug/deps/pair8_a3_vulnerable-42c8a2750bfc9449+0x124815) (BuildId: 619287b7f3ce01c1d4e815eafa7a9662a566984c)
    #74 0x5f43f09ea815  (/tmp/asan_pair8_a3_vulnerable_tuzi49pz/target/debug/deps/pair8_a3_vulnerable-42c8a2750bfc9449+0x124815) (BuildId: 619287b7f3ce01c1d4e815eafa7a9662a566984c)
    #75 0x5f43f09ea815  (/tmp/asan_pair8_a3_vulnerable_tuzi49pz/target/debug/deps/pair8_a3_vulnerable-42c8a2750bfc9449+0x124815) (BuildId: 619287b7f3ce01c1d4e815eafa7a9662a566984c)
    #76 0x5f43f09ea815  (/tmp/asan_pair8_a3_vulnerable_tuzi49pz/target/debug/deps/pair8_a3_vulnerable-42c8a2750bfc9449+0x124815) (BuildId: 619287b7f3ce01c1d4e815eafa7a9662a566984c)
    #77 0x5f43f09ea815  (/tmp/asan_pair8_a3_vulnerable_tuzi49pz/target/debug/deps/pair8_a3_vulnerable-42c8a2750bfc9449+0x124815) (BuildId: 619287b7f3ce01c1d4e815eafa7a9662a566984c)
    #78 0x5f43f09ea815  (/tmp/asan_pair8_a3_vulnerable_tuzi49pz/target/debug/deps/pair8_a3_vulnerable-42c8a2750bfc9449+0x124815) (BuildId: 619287b7f3ce01c1d4e815eafa7a9662a566984c)
    #79 0x5f43f09ea815  (/tmp/asan_pair8_a3_vulnerable_tuzi49pz/target/debug/deps/pair8_a3_vulnerable-42c8a2750bfc9449+0x124815) (BuildId: 619287b7f3ce01c1d4e815eafa7a9662a566984c)
    #80 0x5f43f09ea815  (/tmp/asan_pair8_a3_vulnerable_tuzi49pz/target/debug/deps/pair8_a3_vulnerable-42c8a2750bfc9449+0x124815) (BuildId: 619287b7f3ce01c1d4e815eafa7a9662a566984c)
    #81 0x5f43f09ea815  (/tmp/asan_pair8_a3_vulnerable_tuzi49pz/target/debug/deps/pair8_a3_vulnerable-42c8a2750bfc9449+0x124815) (BuildId: 619287b7f3ce01c1d4e815eafa7a9662a566984c)
    #82 0x5f43f09ea815  (/tmp/asan_pair8_a3_vulnerable_tuzi49pz/target/debug/deps/pair8_a3_vulnerable-42c8a2750bfc9449+0x124815) (BuildId: 619287b7f3ce01c1d4e815eafa7a9662a566984c)
    #83 0x5f43f09ea815  (/tmp/asan_pair8_a3_vulnerable_tuzi49pz/target/debug/deps/pair8_a3_vulnerable-42c8a2750bfc9449+0x124815) (BuildId: 619287b7f3ce01c1d4e815eafa7a9662a566984c)
    #84 0x5f43f09ea815  (/tmp/asan_pair8_a3_vulnerable_tuzi49pz/target/debug/deps/pair8_a3_vulnerable-42c8a2750bfc9449+0x124815) (BuildId: 619287b7f3ce01c1d4e815eafa7a9662a566984c)
    #85 0x5f43f09ea815  (/tmp/asan_pair8_a3_vulnerable_tuzi49pz/target/debug/deps/pair8_a3_vulnerable-42c8a2750bfc9449+0x124815) (BuildId: 619287b7f3ce01c1d4e815eafa7a9662a566984c)
    #86 0x5f43f09ea815  (/tmp/asan_pair8_a3_vulnerable_tuzi49pz/target/debug/deps/pair8_a3_vulnerable-42c8a2750bfc9449+0x124815) (BuildId: 619287b7f3ce01c1d4e815eafa7a9662a566984c)
    #87 0x5f43f09ea815  (/tmp/asan_pair8_a3_vulnerable_tuzi49pz/target/debug/deps/pair8_a3_vulnerable-42c8a2750bfc9449+0x124815) (BuildId: 619287b7f3ce01c1d4e815eafa7a9662a566984c)
    #88 0x5f43f09ea815  (/tmp/asan_pair8_a3_vulnerable_tuzi49pz/target/debug/deps/pair8_a3_vulnerable-42c8a2750bfc9449+0x124815) (BuildId: 619287b7f3ce01c1d4e815eafa7a9662a566984c)
    #89 0x5f43f09ea815  (/tmp/asan_pair8_a3_vulnerable_tuzi49pz/target/debug/deps/pair8_a3_vulnerable-42c8a2750bfc9449+0x124815) (BuildId: 619287b7f3ce01c1d4e815eafa7a9662a566984c)
    #90 0x5f43f09ea815  (/tmp/asan_pair8_a3_vulnerable_tuzi49pz/target/debug/deps/pair8_a3_vulnerable-42c8a2750bfc9449+0x124815) (BuildId: 619287b7f3ce01c1d4e815eafa7a9662a566984c)
    #91 0x5f43f09ea815  (/tmp/asan_pair8_a3_vulnerable_tuzi49pz/target/debug/deps/pair8_a3_vulnerable-42c8a2750bfc9449+0x124815) (BuildId: 619287b7f3ce01c1d4e815eafa7a9662a566984c)
    #92 0x5f43f09ea815  (/tmp/asan_pair8_a3_vulnerable_tuzi49pz/target/debug/deps/pair8_a3_vulnerable-42c8a2750bfc9449+0x124815) (BuildId: 619287b7f3ce01c1d4e815eafa7a9662a566984c)
    #93 0x5f43f09ea815  (/tmp/asan_pair8_a3_vulnerable_tuzi49pz/target/debug/deps/pair8_a3_vulnerable-42c8a2750bfc9449+0x124815) (BuildId: 619287b7f3ce01c1d4e815eafa7a9662a566984c)
    #94 0x5f43f09ea815  (/tmp/asan_pair8_a3_vulnerable_tuzi49pz/target/debug/deps/pair8_a3_vulnerable-42c8a2750bfc9449+0x124815) (BuildId: 619287b7f3ce01c1d4e815eafa7a9662a566984c)
    #95 0x5f43f09ea815  (/tmp/asan_pair8_a3_vulnerable_tuzi49pz/target/debug/deps/pair8_a3_vulnerable-42c8a2750bfc9449+0x124815) (BuildId: 619287b7f3ce01c1d4e815eafa7a9662a566984c)
    #96 0x5f43f09ea815  (/tmp/asan_pair8_a3_vulnerable_tuzi49pz/target/debug/deps/pair8_a3_vulnerable-42c8a2750bfc9449+0x124815) (BuildId: 619287b7f3ce01c1d4e815eafa7a9662a566984c)
    #97 0x5f43f09ea815  (/tmp/asan_pair8_a3_vulnerable_tuzi49pz/target/debug/deps/pair8_a3_vulnerable-42c8a2750bfc9449+0x124815) (BuildId: 619287b7f3ce01c1d4e815eafa7a9662a566984c)
    #98 0x5f43f09ea815  (/tmp/asan_pair8_a3_vulnerable_tuzi49pz/target/debug/deps/pair8_a3_vulnerable-42c8a2750bfc9449+0x124815) (BuildId: 619287b7f3ce01c1d4e815eafa7a9662a566984c)
    #99 0x5f43f09ea815  (/tmp/asan_pair8_a3_vulnerable_tuzi49pz/target/debug/deps/pair8_a3_vulnerable-42c8a2750bfc9449+0x124815) (BuildId: 619287b7f3ce01c1d4e815eafa7a9662a566984c)
    #100 0x5f43f09ea815  (/tmp/asan_pair8_a3_vulnerable_tuzi49pz/target/debug/deps/pair8_a3_vulnerable-42c8a2750bfc9449+0x124815) (BuildId: 619287b7f3ce01c1d4e815eafa7a9662a566984c)
    #101 0x5f43f09ea815  (/tmp/asan_pair8_a3_vulnerable_tuzi49pz/target/debug/deps/pair8_a3_vulnerable-42c8a2750bfc9449+0x124815) (BuildId: 619287b7f3ce01c1d4e815eafa7a9662a566984c)
    #102 0x5f43f09ea815  (/tmp/asan_pair8_a3_vulnerable_tuzi49pz/target/debug/deps/pair8_a3_vulnerable-42c8a2750bfc9449+0x124815) (BuildId: 619287b7f3ce01c1d4e815eafa7a9662a566984c)
    #103 0x5f43f09ea815  (/tmp/asan_pair8_a3_vulnerable_tuzi49pz/target/debug/deps/pair8_a3_vulnerable-42c8a2750bfc9449+0x124815) (BuildId: 619287b7f3ce01c1d4e815eafa7a9662a566984c)
    #104 0x5f43f09ea815  (/tmp/asan_pair8_a3_vulnerable_tuzi49pz/target/debug/deps/pair8_a3_vulnerable-42c8a2750bfc9449+0x124815) (BuildId: 619287b7f3ce01c1d4e815eafa7a9662a566984c)
    #105 0x5f43f09ea815  (/tmp/asan_pair8_a3_vulnerable_tuzi49pz/target/debug/deps/pair8_a3_vulnerable-42c8a2750bfc9449+0x124815) (BuildId: 619287b7f3ce01c1d4e815eafa7a9662a566984c)
    #106 0x5f43f09ea815  (/tmp/asan_pair8_a3_vulnerable_tuzi49pz/target/debug/deps/pair8_a3_vulnerable-42c8a2750bfc9449+0x124815) (BuildId: 619287b7f3ce01c1d4e815eafa7a9662a566984c)
    #107 0x5f43f09ea815  (/tmp/asan_pair8_a3_vulnerable_tuzi49pz/target/debug/deps/pair8_a3_vulnerable-42c8a2750bfc9449+0x124815) (BuildId: 619287b7f3ce01c1d4e815eafa7a9662a566984c)
    #108 0x5f43f09ea815  (/tmp/asan_pair8_a3_vulnerable_tuzi49pz/target/debug/deps/pair8_a3_vulnerable-42c8a2750bfc9449+0x124815) (BuildId: 619287b7f3ce01c1d4e815eafa7a9662a566984c)
    #109 0x5f43f09ea815  (/tmp/asan_pair8_a3_vulnerable_tuzi49pz/target/debug/deps/pair8_a3_vulnerable-42c8a2750bfc9449+0x124815) (BuildId: 619287b7f3ce01c1d4e815eafa7a9662a566984c)
    #110 0x5f43f09ea815  (/tmp/asan_pair8_a3_vulnerable_tuzi49pz/target/debug/deps/pair8_a3_vulnerable-42c8a2750bfc9449+0x124815) (BuildId: 619287b7f3ce01c1d4e815eafa7a9662a566984c)
    #111 0x5f43f09ea815  (/tmp/asan_pair8_a3_vulnerable_tuzi49pz/target/debug/deps/pair8_a3_vulnerable-42c8a2750bfc9449+0x124815) (BuildId: 619287b7f3ce01c1d4e815eafa7a9662a566984c)
    #112 0x5f43f09ea815  (/tmp/asan_pair8_a3_vulnerable_tuzi49pz/target/debug/deps/pair8_a3_vulnerable-42c8a2750bfc9449+0x124815) (BuildId: 619287b7f3ce01c1d4e815eafa7a9662a566984c)
    #113 0x5f43f09ea815  (/tmp/asan_pair8_a3_vulnerable_tuzi49pz/target/debug/deps/pair8_a3_vulnerable-42c8a2750bfc9449+0x124815) (BuildId: 619287b7f3ce01c1d4e815eafa7a9662a566984c)
    #114 0x5f43f09ea815  (/tmp/asan_pair8_a3_vulnerable_tuzi49pz/target/debug/deps/pair8_a3_vulnerable-42c8a2750bfc9449+0x124815) (BuildId: 619287b7f3ce01c1d4e815eafa7a9662a566984c)
    #115 0x5f43f09ea815  (/tmp/asan_pair8_a3_vulnerable_tuzi49pz/target/debug/deps/pair8_a3_vulnerable-42c8a2750bfc9449+0x124815) (BuildId: 619287b7f3ce01c1d4e815eafa7a9662a566984c)
    #116 0x5f43f09ea815  (/tmp/asan_pair8_a3_vulnerable_tuzi49pz/target/debug/deps/pair8_a3_vulnerable-42c8a2750bfc9449+0x124815) (BuildId: 619287b7f3ce01c1d4e815eafa7a9662a566984c)
    #117 0x5f43f09ea815  (/tmp/asan_pair8_a3_vulnerable_tuzi49pz/target/debug/deps/pair8_a3_vulnerable-42c8a2750bfc9449+0x124815) (BuildId: 619287b7f3ce01c1d4e815eafa7a9662a566984c)
    #118 0x5f43f09ea815  (/tmp/asan_pair8_a3_vulnerable_tuzi49pz/target/debug/deps/pair8_a3_vulnerable-42c8a2750bfc9449+0x124815) (BuildId: 619287b7f3ce01c1d4e815eafa7a9662a566984c)
    #119 0x5f43f09ea815  (/tmp/asan_pair8_a3_vulnerable_tuzi49pz/target/debug/deps/pair8_a3_vulnerable-42c8a2750bfc9449+0x124815) (BuildId: 619287b7f3ce01c1d4e815eafa7a9662a566984c)
    #120 0x5f43f09ea815  (/tmp/asan_pair8_a3_vulnerable_tuzi49pz/target/debug/deps/pair8_a3_vulnerable-42c8a2750bfc9449+0x124815) (BuildId: 619287b7f3ce01c1d4e815eafa7a9662a566984c)
    #121 0x5f43f09ea815  (/tmp/asan_pair8_a3_vulnerable_tuzi49pz/target/debug/deps/pair8_a3_vulnerable-42c8a2750bfc9449+0x124815) (BuildId: 619287b7f3ce01c1d4e815eafa7a9662a566984c)
    #122 0x5f43f09ea815  (/tmp/asan_pair8_a3_vulnerable_tuzi49pz/target/debug/deps/pair8_a3_vulnerable-42c8a2750bfc9449+0x124815) (BuildId: 619287b7f3ce01c1d4e815eafa7a9662a566984c)
    #123 0x5f43f09ea815  (/tmp/asan_pair8_a3_vulnerable_tuzi49pz/target/debug/deps/pair8_a3_vulnerable-42c8a2750bfc9449+0x124815) (BuildId: 619287b7f3ce01c1d4e815eafa7a9662a566984c)
    #124 0x5f43f09ea815  (/tmp/asan_pair8_a3_vulnerable_tuzi49pz/target/debug/deps/pair8_a3_vulnerable-42c8a2750bfc9449+0x124815) (BuildId: 619287b7f3ce01c1d4e815eafa7a9662a566984c)
    #125 0x5f43f09ea815  (/tmp/asan_pair8_a3_vulnerable_tuzi49pz/target/debug/deps/pair8_a3_vulnerable-42c8a2750bfc9449+0x124815) (BuildId: 619287b7f3ce01c1d4e815eafa7a9662a566984c)
    #126 0x5f43f09ea815  (/tmp/asan_pair8_a3_vulnerable_tuzi49pz/target/debug/deps/pair8_a3_vulnerable-42c8a2750bfc9449+0x124815) (BuildId: 619287b7f3ce01c1d4e815eafa7a9662a566984c)
    #127 0x5f43f09ea815  (/tmp/asan_pair8_a3_vulnerable_tuzi49pz/target/debug/deps/pair8_a3_vulnerable-42c8a2750bfc9449+0x124815) (BuildId: 619287b7f3ce01c1d4e815eafa7a9662a566984c)
    #128 0x5f43f09ea815  (/tmp/asan_pair8_a3_vulnerable_tuzi49pz/target/debug/deps/pair8_a3_vulnerable-42c8a2750bfc9449+0x124815) (BuildId: 619287b7f3ce01c1d4e815eafa7a9662a566984c)
    #129 0x5f43f09ea815  (/tmp/asan_pair8_a3_vulnerable_tuzi49pz/target/debug/deps/pair8_a3_vulnerable-42c8a2750bfc9449+0x124815) (BuildId: 619287b7f3ce01c1d4e815eafa7a9662a566984c)
    #130 0x5f43f09ea815  (/tmp/asan_pair8_a3_vulnerable_tuzi49pz/target/debug/deps/pair8_a3_vulnerable-42c8a2750bfc9449+0x124815) (BuildId: 619287b7f3ce01c1d4e815eafa7a9662a566984c)
    #131 0x5f43f09ea815  (/tmp/asan_pair8_a3_vulnerable_tuzi49pz/target/debug/deps/pair8_a3_vulnerable-42c8a2750bfc9449+0x124815) (BuildId: 619287b7f3ce01c1d4e815eafa7a9662a566984c)
    #132 0x5f43f09ea815  (/tmp/asan_pair8_a3_vulnerable_tuzi49pz/target/debug/deps/pair8_a3_vulnerable-42c8a2750bfc9449+0x124815) (BuildId: 619287b7f3ce01c1d4e815eafa7a9662a566984c)
    #133 0x5f43f09ea815  (/tmp/asan_pair8_a3_vulnerable_tuzi49pz/target/debug/deps/pair8_a3_vulnerable-42c8a2750bfc9449+0x124815) (BuildId: 619287b7f3ce01c1d4e815eafa7a9662a566984c)
    #134 0x5f43f09ea815  (/tmp/asan_pair8_a3_vulnerable_tuzi49pz/target/debug/deps/pair8_a3_vulnerable-42c8a2750bfc9449+0x124815) (BuildId: 619287b7f3ce01c1d4e815eafa7a9662a566984c)
    #135 0x5f43f09ea815  (/tmp/asan_pair8_a3_vulnerable_tuzi49pz/target/debug/deps/pair8_a3_vulnerable-42c8a2750bfc9449+0x124815) (BuildId: 619287b7f3ce01c1d4e815eafa7a9662a566984c)
    #136 0x5f43f09ea815  (/tmp/asan_pair8_a3_vulnerable_tuzi49pz/target/debug/deps/pair8_a3_vulnerable-42c8a2750bfc9449+0x124815) (BuildId: 619287b7f3ce01c1d4e815eafa7a9662a566984c)
    #137 0x5f43f09ea815  (/tmp/asan_pair8_a3_vulnerable_tuzi49pz/target/debug/deps/pair8_a3_vulnerable-42c8a2750bfc9449+0x124815) (BuildId: 619287b7f3ce01c1d4e815eafa7a9662a566984c)
    #138 0x5f43f09ea815  (/tmp/asan_pair8_a3_vulnerable_tuzi49pz/target/debug/deps/pair8_a3_vulnerable-42c8a2750bfc9449+0x124815) (BuildId: 619287b7f3ce01c1d4e815eafa7a9662a566984c)
    #139 0x5f43f09ea815  (/tmp/asan_pair8_a3_vulnerable_tuzi49pz/target/debug/deps/pair8_a3_vulnerable-42c8a2750bfc9449+0x124815) (BuildId: 619287b7f3ce01c1d4e815eafa7a9662a566984c)
    #140 0x5f43f09ea815  (/tmp/asan_pair8_a3_vulnerable_tuzi49pz/target/debug/deps/pair8_a3_vulnerable-42c8a2750bfc9449+0x124815) (BuildId: 619287b7f3ce01c1d4e815eafa7a9662a566984c)
    #141 0x5f43f09ea815  (/tmp/asan_pair8_a3_vulnerable_tuzi49pz/target/debug/deps/pair8_a3_vulnerable-42c8a2750bfc9449+0x124815) (BuildId: 619287b7f3ce01c1d4e815eafa7a9662a566984c)
    #142 0x5f43f09ea815  (/tmp/asan_pair8_a3_vulnerable_tuzi49pz/target/debug/deps/pair8_a3_vulnerable-42c8a2750bfc9449+0x124815) (BuildId: 619287b7f3ce01c1d4e815eafa7a9662a566984c)
    #143 0x5f43f09ea815  (/tmp/asan_pair8_a3_vulnerable_tuzi49pz/target/debug/deps/pair8_a3_vulnerable-42c8a2750bfc9449+0x124815) (BuildId: 619287b7f3ce01c1d4e815eafa7a9662a566984c)
    #144 0x5f43f09ea815  (/tmp/asan_pair8_a3_vulnerable_tuzi49pz/target/debug/deps/pair8_a3_vulnerable-42c8a2750bfc9449+0x124815) (BuildId: 619287b7f3ce01c1d4e815eafa7a9662a566984c)
    #145 0x5f43f09ea815  (/tmp/asan_pair8_a3_vulnerable_tuzi49pz/target/debug/deps/pair8_a3_vulnerable-42c8a2750bfc9449+0x124815) (BuildId: 619287b7f3ce01c1d4e815eafa7a9662a566984c)
    #146 0x5f43f09ea815  (/tmp/asan_pair8_a3_vulnerable_tuzi49pz/target/debug/deps/pair8_a3_vulnerable-42c8a2750bfc9449+0x124815) (BuildId: 619287b7f3ce01c1d4e815eafa7a9662a566984c)
    #147 0x5f43f09ea815  (/tmp/asan_pair8_a3_vulnerable_tuzi49pz/target/debug/deps/pair8_a3_vulnerable-42c8a2750bfc9449+0x124815) (BuildId: 619287b7f3ce01c1d4e815eafa7a9662a566984c)
    #148 0x5f43f09ea815  (/tmp/asan_pair8_a3_vulnerable_tuzi49pz/target/debug/deps/pair8_a3_vulnerable-42c8a2750bfc9449+0x124815) (BuildId: 619287b7f3ce01c1d4e815eafa7a9662a566984c)
    #149 0x5f43f09ea815  (/tmp/asan_pair8_a3_vulnerable_tuzi49pz/target/debug/deps/pair8_a3_vulnerable-42c8a2750bfc9449+0x124815) (BuildId: 619287b7f3ce01c1d4e815eafa7a9662a566984c)
    #150 0x5f43f09ea815  (/tmp/asan_pair8_a3_vulnerable_tuzi49pz/target/debug/deps/pair8_a3_vulnerable-42c8a2750bfc9449+0x124815) (BuildId: 619287b7f3ce01c1d4e815eafa7a9662a566984c)
    #151 0x5f43f09ea815  (/tmp/asan_pair8_a3_vulnerable_tuzi49pz/target/debug/deps/pair8_a3_vulnerable-42c8a2750bfc9449+0x124815) (BuildId: 619287b7f3ce01c1d4e815eafa7a9662a566984c)
    #152 0x5f43f09ea815  (/tmp/asan_pair8_a3_vulnerable_tuzi49pz/target/debug/deps/pair8_a3_vulnerable-42c8a2750bfc9449+0x124815) (BuildId: 619287b7f3ce01c1d4e815eafa7a9662a566984c)
    #153 0x5f43f09ea815  (/tmp/asan_pair8_a3_vulnerable_tuzi49pz/target/debug/deps/pair8_a3_vulnerable-42c8a2750bfc9449+0x124815) (BuildId: 619287b7f3ce01c1d4e815eafa7a9662a566984c)
    #154 0x5f43f09ea815  (/tmp/asan_pair8_a3_vulnerable_tuzi49pz/target/debug/deps/pair8_a3_vulnerable-42c8a2750bfc9449+0x124815) (BuildId: 619287b7f3ce01c1d4e815eafa7a9662a566984c)
    #155 0x5f43f09ea815  (/tmp/asan_pair8_a3_vulnerable_tuzi49pz/target/debug/deps/pair8_a3_vulnerable-42c8a2750bfc9449+0x124815) (BuildId: 619287b7f3ce01c1d4e815eafa7a9662a566984c)
    #156 0x5f43f09ea815  (/tmp/asan_pair8_a3_vulnerable_tuzi49pz/target/debug/deps/pair8_a3_vulnerable-42c8a2750bfc9449+0x124815) (BuildId: 619287b7f3ce01c1d4e815eafa7a9662a566984c)
    #157 0x5f43f09ea815  (/tmp/asan_pair8_a3_vulnerable_tuzi49pz/target/debug/deps/pair8_a3_vulnerable-42c8a2750bfc9449+0x124815) (BuildId: 619287b7f3ce01c1d4e815eafa7a9662a566984c)
    #158 0x5f43f09ea815  (/tmp/asan_pair8_a3_vulnerable_tuzi49pz/target/debug/deps/pair8_a3_vulnerable-42c8a2750bfc9449+0x124815) (BuildId: 619287b7f3ce01c1d4e815eafa7a9662a566984c)
    #159 0x5f43f09ea815  (/tmp/asan_pair8_a3_vulnerable_tuzi49pz/target/debug/deps/pair8_a3_vulnerable-42c8a2750bfc9449+0x124815) (BuildId: 619287b7f3ce01c1d4e815eafa7a9662a566984c)
    #160 0x5f43f09ea815  (/tmp/asan_pair8_a3_vulnerable_tuzi49pz/target/debug/deps/pair8_a3_vulnerable-42c8a2750bfc9449+0x124815) (BuildId: 619287b7f3ce01c1d4e815eafa7a9662a566984c)
    #161 0x5f43f09ea815  (/tmp/asan_pair8_a3_vulnerable_tuzi49pz/target/debug/deps/pair8_a3_vulnerable-42c8a2750bfc9449+0x124815) (BuildId: 619287b7f3ce01c1d4e815eafa7a9662a566984c)
    #162 0x5f43f09ea815  (/tmp/asan_pair8_a3_vulnerable_tuzi49pz/target/debug/deps/pair8_a3_vulnerable-42c8a2750bfc9449+0x124815) (BuildId: 619287b7f3ce01c1d4e815eafa7a9662a566984c)
    #163 0x5f43f09ea815  (/tmp/asan_pair8_a3_vulnerable_tuzi49pz/target/debug/deps/pair8_a3_vulnerable-42c8a2750bfc9449+0x124815) (BuildId: 619287b7f3ce01c1d4e815eafa7a9662a566984c)
    #164 0x5f43f09ea815  (/tmp/asan_pair8_a3_vulnerable_tuzi49pz/target/debug/deps/pair8_a3_vulnerable-42c8a2750bfc9449+0x124815) (BuildId: 619287b7f3ce01c1d4e815eafa7a9662a566984c)
    #165 0x5f43f09ea815  (/tmp/asan_pair8_a3_vulnerable_tuzi49pz/target/debug/deps/pair8_a3_vulnerable-42c8a2750bfc9449+0x124815) (BuildId: 619287b7f3ce01c1d4e815eafa7a9662a566984c)
    #166 0x5f43f09ea815  (/tmp/asan_pair8_a3_vulnerable_tuzi49pz/target/debug/deps/pair8_a3_vulnerable-42c8a2750bfc9449+0x124815) (BuildId: 619287b7f3ce01c1d4e815eafa7a9662a566984c)
    #167 0x5f43f09ea815  (/tmp/asan_pair8_a3_vulnerable_tuzi49pz/target/debug/deps/pair8_a3_vulnerable-42c8a2750bfc9449+0x124815) (BuildId: 619287b7f3ce01c1d4e815eafa7a9662a566984c)
    #168 0x5f43f09ea815  (/tmp/asan_pair8_a3_vulnerable_tuzi49pz/target/debug/deps/pair8_a3_vulnerable-42c8a2750bfc9449+0x124815) (BuildId: 619287b7f3ce01c1d4e815eafa7a9662a566984c)
    #169 0x5f43f09ea815  (/tmp/asan_pair8_a3_vulnerable_tuzi49pz/target/debug/deps/pair8_a3_vulnerable-42c8a2750bfc9449+0x124815) (BuildId: 619287b7f3ce01c1d4e815eafa7a9662a566984c)
    #170 0x5f43f09ea815  (/tmp/asan_pair8_a3_vulnerable_tuzi49pz/target/debug/deps/pair8_a3_vulnerable-42c8a2750bfc9449+0x124815) (BuildId: 619287b7f3ce01c1d4e815eafa7a9662a566984c)
    #171 0x5f43f09ea815  (/tmp/asan_pair8_a3_vulnerable_tuzi49pz/target/debug/deps/pair8_a3_vulnerable-42c8a2750bfc9449+0x124815) (BuildId: 619287b7f3ce01c1d4e815eafa7a9662a566984c)
    #172 0x5f43f09ea815  (/tmp/asan_pair8_a3_vulnerable_tuzi49pz/target/debug/deps/pair8_a3_vulnerable-42c8a2750bfc9449+0x124815) (BuildId: 619287b7f3ce01c1d4e815eafa7a9662a566984c)
    #173 0x5f43f09ea815  (/tmp/asan_pair8_a3_vulnerable_tuzi49pz/target/debug/deps/pair8_a3_vulnerable-42c8a2750bfc9449+0x124815) (BuildId: 619287b7f3ce01c1d4e815eafa7a9662a566984c)
    #174 0x5f43f09ea815  (/tmp/asan_pair8_a3_vulnerable_tuzi49pz/target/debug/deps/pair8_a3_vulnerable-42c8a2750bfc9449+0x124815) (BuildId: 619287b7f3ce01c1d4e815eafa7a9662a566984c)
    #175 0x5f43f09ea815  (/tmp/asan_pair8_a3_vulnerable_tuzi49pz/target/debug/deps/pair8_a3_vulnerable-42c8a2750bfc9449+0x124815) (BuildId: 619287b7f3ce01c1d4e815eafa7a9662a566984c)
    #176 0x5f43f09ea815  (/tmp/asan_pair8_a3_vulnerable_tuzi49pz/target/debug/deps/pair8_a3_vulnerable-42c8a2750bfc9449+0x124815) (BuildId: 619287b7f3ce01c1d4e815eafa7a9662a566984c)
    #177 0x5f43f09ea815  (/tmp/asan_pair8_a3_vulnerable_tuzi49pz/target/debug/deps/pair8_a3_vulnerable-42c8a2750bfc9449+0x124815) (BuildId: 619287b7f3ce01c1d4e815eafa7a9662a566984c)
    #178 0x5f43f09ea815  (/tmp/asan_pair8_a3_vulnerable_tuzi49pz/target/debug/deps/pair8_a3_vulnerable-42c8a2750bfc9449+0x124815) (BuildId: 619287b7f3ce01c1d4e815eafa7a9662a566984c)
    #179 0x5f43f09ea815  (/tmp/asan_pair8_a3_vulnerable_tuzi49pz/target/debug/deps/pair8_a3_vulnerable-42c8a2750bfc9449+0x124815) (BuildId: 619287b7f3ce01c1d4e815eafa7a9662a566984c)
    #180 0x5f43f09ea815  (/tmp/asan_pair8_a3_vulnerable_tuzi49pz/target/debug/deps/pair8_a3_vulnerable-42c8a2750bfc9449+0x124815) (BuildId: 619287b7f3ce01c1d4e815eafa7a9662a566984c)
    #181 0x5f43f09ea815  (/tmp/asan_pair8_a3_vulnerable_tuzi49pz/target/debug/deps/pair8_a3_vulnerable-42c8a2750bfc9449+0x124815) (BuildId: 619287b7f3ce01c1d4e815eafa7a9662a566984c)
    #182 0x5f43f09ea815  (/tmp/asan_pair8_a3_vulnerable_tuzi49pz/target/debug/deps/pair8_a3_vulnerable-42c8a2750bfc9449+0x124815) (BuildId: 619287b7f3ce01c1d4e815eafa7a9662a566984c)
    #183 0x5f43f09ea815  (/tmp/asan_pair8_a3_vulnerable_tuzi49pz/target/debug/deps/pair8_a3_vulnerable-42c8a2750bfc9449+0x124815) (BuildId: 619287b7f3ce01c1d4e815eafa7a9662a566984c)
    #184 0x5f43f09ea815  (/tmp/asan_pair8_a3_vulnerable_tuzi49pz/target/debug/deps/pair8_a3_vulnerable-42c8a2750bfc9449+0x124815) (BuildId: 619287b7f3ce01c1d4e815eafa7a9662a566984c)
    #185 0x5f43f09ea815  (/tmp/asan_pair8_a3_vulnerable_tuzi49pz/target/debug/deps/pair8_a3_vulnerable-42c8a2750bfc9449+0x124815) (BuildId: 619287b7f3ce01c1d4e815eafa7a9662a566984c)
    #186 0x5f43f09ea815  (/tmp/asan_pair8_a3_vulnerable_tuzi49pz/target/debug/deps/pair8_a3_vulnerable-42c8a2750bfc9449+0x124815) (BuildId: 619287b7f3ce01c1d4e815eafa7a9662a566984c)
    #187 0x5f43f09ea815  (/tmp/asan_pair8_a3_vulnerable_tuzi49pz/target/debug/deps/pair8_a3_vulnerable-42c8a2750bfc9449+0x124815) (BuildId: 619287b7f3ce01c1d4e815eafa7a9662a566984c)
    #188 0x5f43f09ea815  (/tmp/asan_pair8_a3_vulnerable_tuzi49pz/target/debug/deps/pair8_a3_vulnerable-42c8a2750bfc9449+0x124815) (BuildId: 619287b7f3ce01c1d4e815eafa7a9662a566984c)
    #189 0x5f43f09ea815  (/tmp/asan_pair8_a3_vulnerable_tuzi49pz/target/debug/deps/pair8_a3_vulnerable-42c8a2750bfc9449+0x124815) (BuildId: 619287b7f3ce01c1d4e815eafa7a9662a566984c)
    #190 0x5f43f09ea815  (/tmp/asan_pair8_a3_vulnerable_tuzi49pz/target/debug/deps/pair8_a3_vulnerable-42c8a2750bfc9449+0x124815) (BuildId: 619287b7f3ce01c1d4e815eafa7a9662a566984c)
    #191 0x5f43f09ea815  (/tmp/asan_pair8_a3_vulnerable_tuzi49pz/target/debug/deps/pair8_a3_vulnerable-42c8a2750bfc9449+0x124815) (BuildId: 619287b7f3ce01c1d4e815eafa7a9662a566984c)
    #192 0x5f43f09ea815  (/tmp/asan_pair8_a3_vulnerable_tuzi49pz/target/debug/deps/pair8_a3_vulnerable-42c8a2750bfc9449+0x124815) (BuildId: 619287b7f3ce01c1d4e815eafa7a9662a566984c)
    #193 0x5f43f09ea815  (/tmp/asan_pair8_a3_vulnerable_tuzi49pz/target/debug/deps/pair8_a3_vulnerable-42c8a2750bfc9449+0x124815) (BuildId: 619287b7f3ce01c1d4e815eafa7a9662a566984c)
    #194 0x5f43f09ea815  (/tmp/asan_pair8_a3_vulnerable_tuzi49pz/target/debug/deps/pair8_a3_vulnerable-42c8a2750bfc9449+0x124815) (BuildId: 619287b7f3ce01c1d4e815eafa7a9662a566984c)
    #195 0x5f43f09ea815  (/tmp/asan_pair8_a3_vulnerable_tuzi49pz/target/debug/deps/pair8_a3_vulnerable-42c8a2750bfc9449+0x124815) (BuildId: 619287b7f3ce01c1d4e815eafa7a9662a566984c)
    #196 0x5f43f09ea815  (/tmp/asan_pair8_a3_vulnerable_tuzi49pz/target/debug/deps/pair8_a3_vulnerable-42c8a2750bfc9449+0x124815) (BuildId: 619287b7f3ce01c1d4e815eafa7a9662a566984c)
    #197 0x5f43f09ea815  (/tmp/asan_pair8_a3_vulnerable_tuzi49pz/target/debug/deps/pair8_a3_vulnerable-42c8a2750bfc9449+0x124815) (BuildId: 619287b7f3ce01c1d4e815eafa7a9662a566984c)
    #198 0x5f43f09ea815  (/tmp/asan_pair8_a3_vulnerable_tuzi49pz/target/debug/deps/pair8_a3_vulnerable-42c8a2750bfc9449+0x124815) (BuildId: 619287b7f3ce01c1d4e815eafa7a9662a566984c)
    #199 0x5f43f09ea815  (/tmp/asan_pair8_a3_vulnerable_tuzi49pz/target/debug/deps/pair8_a3_vulnerable-42c8a2750bfc9449+0x124815) (BuildId: 619287b7f3ce01c1d4e815eafa7a9662a566984c)
    #200 0x5f43f09ea815  (/tmp/asan_pair8_a3_vulnerable_tuzi49pz/target/debug/deps/pair8_a3_vulnerable-42c8a2750bfc9449+0x124815) (BuildId: 619287b7f3ce01c1d4e815eafa7a9662a566984c)
    #201 0x5f43f09ea815  (/tmp/asan_pair8_a3_vulnerable_tuzi49pz/target/debug/deps/pair8_a3_vulnerable-42c8a2750bfc9449+0x124815) (BuildId: 619287b7f3ce01c1d4e815eafa7a9662a566984c)
    #202 0x5f43f09ea815  (/tmp/asan_pair8_a3_vulnerable_tuzi49pz/target/debug/deps/pair8_a3_vulnerable-42c8a2750bfc9449+0x124815) (BuildId: 619287b7f3ce01c1d4e815eafa7a9662a566984c)
    #203 0x5f43f09ea815  (/tmp/asan_pair8_a3_vulnerable_tuzi49pz/target/debug/deps/pair8_a3_vulnerable-42c8a2750bfc9449+0x124815) (BuildId: 619287b7f3ce01c1d4e815eafa7a9662a566984c)
    #204 0x5f43f09ea815  (/tmp/asan_pair8_a3_vulnerable_tuzi49pz/target/debug/deps/pair8_a3_vulnerable-42c8a2750bfc9449+0x124815) (BuildId: 619287b7f3ce01c1d4e815eafa7a9662a566984c)
    #205 0x5f43f09ea815  (/tmp/asan_pair8_a3_vulnerable_tuzi49pz/target/debug/deps/pair8_a3_vulnerable-42c8a2750bfc9449+0x124815) (BuildId: 619287b7f3ce01c1d4e815eafa7a9662a566984c)
    #206 0x5f43f09ea815  (/tmp/asan_pair8_a3_vulnerable_tuzi49pz/target/debug/deps/pair8_a3_vulnerable-42c8a2750bfc9449+0x124815) (BuildId: 619287b7f3ce01c1d4e815eafa7a9662a566984c)
    #207 0x5f43f09ea815  (/tmp/asan_pair8_a3_vulnerable_tuzi49pz/target/debug/deps/pair8_a3_vulnerable-42c8a2750bfc9449+0x124815) (BuildId: 619287b7f3ce01c1d4e815eafa7a9662a566984c)
    #208 0x5f43f09ea815  (/tmp/asan_pair8_a3_vulnerable_tuzi49pz/target/debug/deps/pair8_a3_vulnerable-42c8a2750bfc9449+0x124815) (BuildId: 619287b7f3ce01c1d4e815eafa7a9662a566984c)
    #209 0x5f43f09ea815  (/tmp/asan_pair8_a3_vulnerable_tuzi49pz/target/debug/deps/pair8_a3_vulnerable-42c8a2750bfc9449+0x124815) (BuildId: 619287b7f3ce01c1d4e815eafa7a9662a566984c)
    #210 0x5f43f09ea815  (/tmp/asan_pair8_a3_vulnerable_tuzi49pz/target/debug/deps/pair8_a3_vulnerable-42c8a2750bfc9449+0x124815) (BuildId: 619287b7f3ce01c1d4e815eafa7a9662a566984c)
    #211 0x5f43f09ea815  (/tmp/asan_pair8_a3_vulnerable_tuzi49pz/target/debug/deps/pair8_a3_vulnerable-42c8a2750bfc9449+0x124815) (BuildId: 619287b7f3ce01c1d4e815eafa7a9662a566984c)
    #212 0x5f43f09ea815  (/tmp/asan_pair8_a3_vulnerable_tuzi49pz/target/debug/deps/pair8_a3_vulnerable-42c8a2750bfc9449+0x124815) (BuildId: 619287b7f3ce01c1d4e815eafa7a9662a566984c)
    #213 0x5f43f09ea815  (/tmp/asan_pair8_a3_vulnerable_tuzi49pz/target/debug/deps/pair8_a3_vulnerable-42c8a2750bfc9449+0x124815) (BuildId: 619287b7f3ce01c1d4e815eafa7a9662a566984c)
    #214 0x5f43f09ea815  (/tmp/asan_pair8_a3_vulnerable_tuzi49pz/target/debug/deps/pair8_a3_vulnerable-42c8a2750bfc9449+0x124815) (BuildId: 619287b7f3ce01c1d4e815eafa7a9662a566984c)
    #215 0x5f43f09ea815  (/tmp/asan_pair8_a3_vulnerable_tuzi49pz/target/debug/deps/pair8_a3_vulnerable-42c8a2750bfc9449+0x124815) (BuildId: 619287b7f3ce01c1d4e815eafa7a9662a566984c)
    #216 0x5f43f09ea815  (/tmp/asan_pair8_a3_vulnerable_tuzi49pz/target/debug/deps/pair8_a3_vulnerable-42c8a2750bfc9449+0x124815) (BuildId: 619287b7f3ce01c1d4e815eafa7a9662a566984c)
    #217 0x5f43f09ea815  (/tmp/asan_pair8_a3_vulnerable_tuzi49pz/target/debug/deps/pair8_a3_vulnerable-42c8a2750bfc9449+0x124815) (BuildId: 619287b7f3ce01c1d4e815eafa7a9662a566984c)
    #218 0x5f43f09ea815  (/tmp/asan_pair8_a3_vulnerable_tuzi49pz/target/debug/deps/pair8_a3_vulnerable-42c8a2750bfc9449+0x124815) (BuildId: 619287b7f3ce01c1d4e815eafa7a9662a566984c)
    #219 0x5f43f09ea815  (/tmp/asan_pair8_a3_vulnerable_tuzi49pz/target/debug/deps/pair8_a3_vulnerable-42c8a2750bfc9449+0x124815) (BuildId: 619287b7f3ce01c1d4e815eafa7a9662a566984c)
    #220 0x5f43f09ea815  (/tmp/asan_pair8_a3_vulnerable_tuzi49pz/target/debug/deps/pair8_a3_vulnerable-42c8a2750bfc9449+0x124815) (BuildId: 619287b7f3ce01c1d4e815eafa7a9662a566984c)
    #221 0x5f43f09ea815  (/tmp/asan_pair8_a3_vulnerable_tuzi49pz/target/debug/deps/pair8_a3_vulnerable-42c8a2750bfc9449+0x124815) (BuildId: 619287b7f3ce01c1d4e815eafa7a9662a566984c)
    #222 0x5f43f09ea815  (/tmp/asan_pair8_a3_vulnerable_tuzi49pz/target/debug/deps/pair8_a3_vulnerable-42c8a2750bfc9449+0x124815) (BuildId: 619287b7f3ce01c1d4e815eafa7a9662a566984c)
    #223 0x5f43f09ea815  (/tmp/asan_pair8_a3_vulnerable_tuzi49pz/target/debug/deps/pair8_a3_vulnerable-42c8a2750bfc9449+0x124815) (BuildId: 619287b7f3ce01c1d4e815eafa7a9662a566984c)
    #224 0x5f43f09ea815  (/tmp/asan_pair8_a3_vulnerable_tuzi49pz/target/debug/deps/pair8_a3_vulnerable-42c8a2750bfc9449+0x124815) (BuildId: 619287b7f3ce01c1d4e815eafa7a9662a566984c)
    #225 0x5f43f09ea815  (/tmp/asan_pair8_a3_vulnerable_tuzi49pz/target/debug/deps/pair8_a3_vulnerable-42c8a2750bfc9449+0x124815) (BuildId: 619287b7f3ce01c1d4e815eafa7a9662a566984c)
    #226 0x5f43f09ea815  (/tmp/asan_pair8_a3_vulnerable_tuzi49pz/target/debug/deps/pair8_a3_vulnerable-42c8a2750bfc9449+0x124815) (BuildId: 619287b7f3ce01c1d4e815eafa7a9662a566984c)
    #227 0x5f43f09ea815  (/tmp/asan_pair8_a3_vulnerable_tuzi49pz/target/debug/deps/pair8_a3_vulnerable-42c8a2750bfc9449+0x124815) (BuildId: 619287b7f3ce01c1d4e815eafa7a9662a566984c)
    #228 0x5f43f09ea815  (/tmp/asan_pair8_a3_vulnerable_tuzi49pz/target/debug/deps/pair8_a3_vulnerable-42c8a2750bfc9449+0x124815) (BuildId: 619287b7f3ce01c1d4e815eafa7a9662a566984c)
    #229 0x5f43f09ea815  (/tmp/asan_pair8_a3_vulnerable_tuzi49pz/target/debug/deps/pair8_a3_vulnerable-42c8a2750bfc9449+0x124815) (BuildId: 619287b7f3ce01c1d4e815eafa7a9662a566984c)
    #230 0x5f43f09ea815  (/tmp/asan_pair8_a3_vulnerable_tuzi49pz/target/debug/deps/pair8_a3_vulnerable-42c8a2750bfc9449+0x124815) (BuildId: 619287b7f3ce01c1d4e815eafa7a9662a566984c)
    #231 0x5f43f09ea815  (/tmp/asan_pair8_a3_vulnerable_tuzi49pz/target/debug/deps/pair8_a3_vulnerable-42c8a2750bfc9449+0x124815) (BuildId: 619287b7f3ce01c1d4e815eafa7a9662a566984c)
    #232 0x5f43f09ea815  (/tmp/asan_pair8_a3_vulnerable_tuzi49pz/target/debug/deps/pair8_a3_vulnerable-42c8a2750bfc9449+0x124815) (BuildId: 619287b7f3ce01c1d4e815eafa7a9662a566984c)
    #233 0x5f43f09ea815  (/tmp/asan_pair8_a3_vulnerable_tuzi49pz/target/debug/deps/pair8_a3_vulnerable-42c8a2750bfc9449+0x124815) (BuildId: 619287b7f3ce01c1d4e815eafa7a9662a566984c)
    #234 0x5f43f09ea815  (/tmp/asan_pair8_a3_vulnerable_tuzi49pz/target/debug/deps/pair8_a3_vulnerable-42c8a2750bfc9449+0x124815) (BuildId: 619287b7f3ce01c1d4e815eafa7a9662a566984c)
    #235 0x5f43f09ea815  (/tmp/asan_pair8_a3_vulnerable_tuzi49pz/target/debug/deps/pair8_a3_vulnerable-42c8a2750bfc9449+0x124815) (BuildId: 619287b7f3ce01c1d4e815eafa7a9662a566984c)
    #236 0x5f43f09ea815  (/tmp/asan_pair8_a3_vulnerable_tuzi49pz/target/debug/deps/pair8_a3_vulnerable-42c8a2750bfc9449+0x124815) (BuildId: 619287b7f3ce01c1d4e815eafa7a9662a566984c)
    #237 0x5f43f09ea815  (/tmp/asan_pair8_a3_vulnerable_tuzi49pz/target/debug/deps/pair8_a3_vulnerable-42c8a2750bfc9449+0x124815) (BuildId: 619287b7f3ce01c1d4e815eafa7a9662a566984c)
    #238 0x5f43f09ea815  (/tmp/asan_pair8_a3_vulnerable_tuzi49pz/target/debug/deps/pair8_a3_vulnerable-42c8a2750bfc9449+0x124815) (BuildId: 619287b7f3ce01c1d4e815eafa7a9662a566984c)
    #239 0x5f43f09ea815  (/tmp/asan_pair8_a3_vulnerable_tuzi49pz/target/debug/deps/pair8_a3_vulnerable-42c8a2750bfc9449+0x124815) (BuildId: 619287b7f3ce01c1d4e815eafa7a9662a566984c)
    #240 0x5f43f09ea815  (/tmp/asan_pair8_a3_vulnerable_tuzi49pz/target/debug/deps/pair8_a3_vulnerable-42c8a2750bfc9449+0x124815) (BuildId: 619287b7f3ce01c1d4e815eafa7a9662a566984c)
    #241 0x5f43f09ea815  (/tmp/asan_pair8_a3_vulnerable_tuzi49pz/target/debug/deps/pair8_a3_vulnerable-42c8a2750bfc9449+0x124815) (BuildId: 619287b7f3ce01c1d4e815eafa7a9662a566984c)
    #242 0x5f43f09ea815  (/tmp/asan_pair8_a3_vulnerable_tuzi49pz/target/debug/deps/pair8_a3_vulnerable-42c8a2750bfc9449+0x124815) (BuildId: 619287b7f3ce01c1d4e815eafa7a9662a566984c)
    #243 0x5f43f09ea815  (/tmp/asan_pair8_a3_vulnerable_tuzi49pz/target/debug/deps/pair8_a3_vulnerable-42c8a2750bfc9449+0x124815) (BuildId: 619287b7f3ce01c1d4e815eafa7a9662a566984c)
    #244 0x5f43f09ea815  (/tmp/asan_pair8_a3_vulnerable_tuzi49pz/target/debug/deps/pair8_a3_vulnerable-42c8a2750bfc9449+0x124815) (BuildId: 619287b7f3ce01c1d4e815eafa7a9662a566984c)
    #245 0x5f43f09ea815  (/tmp/asan_pair8_a3_vulnerable_tuzi49pz/target/debug/deps/pair8_a3_vulnerable-42c8a2750bfc9449+0x124815) (BuildId: 619287b7f3ce01c1d4e815eafa7a9662a566984c)
    #246 0x5f43f09ea815  (/tmp/asan_pair8_a3_vulnerable_tuzi49pz/target/debug/deps/pair8_a3_vulnerable-42c8a2750bfc9449+0x124815) (BuildId: 619287b7f3ce01c1d4e815eafa7a9662a566984c)

SUMMARY: AddressSanitizer: stack-overflow (/tmp/asan_pair8_a3_vulnerable_tuzi49pz/target/debug/deps/pair8_a3_vulnerable-42c8a2750bfc9449+0x123a33) (BuildId: 619287b7f3ce01c1d4e815eafa7a9662a566984c) 
Thread T1 created by T0 here:
    #0 0x5f43f099cb41  (/tmp/asan_pair8_a3_vulnerable_tuzi49pz/target/debug/deps/pair8_a3_vulnerable-42c8a2750bfc9449+0xd6b41) (BuildId: 619287b7f3ce01c1d4e815eafa7a9662a566984c)
    #1 0x5f43f0a4259f  (/tmp/asan_pair8_a3_vulnerable_tuzi49pz/target/debug/deps/pair8_a3_vulnerable-42c8a2750bfc9449+0x17c59f) (BuildId: 619287b7f3ce01c1d4e815eafa7a9662a566984c)
    #2 0x5f43f0a20ecd  (/tmp/asan_pair8_a3_vulnerable_tuzi49pz/target/debug/deps/pair8_a3_vulnerable-42c8a2750bfc9449+0x15aecd) (BuildId: 619287b7f3ce01c1d4e815eafa7a9662a566984c)
    #3 0x5f43f0a1a214  (/tmp/asan_pair8_a3_vulnerable_tuzi49pz/target/debug/deps/pair8_a3_vulnerable-42c8a2750bfc9449+0x154214) (BuildId: 619287b7f3ce01c1d4e815eafa7a9662a566984c)
    #4 0x5f43f0a23855  (/tmp/asan_pair8_a3_vulnerable_tuzi49pz/target/debug/deps/pair8_a3_vulnerable-42c8a2750bfc9449+0x15d855) (BuildId: 619287b7f3ce01c1d4e815eafa7a9662a566984c)
    #5 0x5f43f0a0c5aa  (/tmp/asan_pair8_a3_vulnerable_tuzi49pz/target/debug/deps/pair8_a3_vulnerable-42c8a2750bfc9449+0x1465aa) (BuildId: 619287b7f3ce01c1d4e815eafa7a9662a566984c)
    #6 0x5f43f09ea152  (/tmp/asan_pair8_a3_vulnerable_tuzi49pz/target/debug/deps/pair8_a3_vulnerable-42c8a2750bfc9449+0x124152) (BuildId: 619287b7f3ce01c1d4e815eafa7a9662a566984c)
    #7 0x5f43f09e717f  (/tmp/asan_pair8_a3_vulnerable_tuzi49pz/target/debug/deps/pair8_a3_vulnerable-42c8a2750bfc9449+0x12117f) (BuildId: 619287b7f3ce01c1d4e815eafa7a9662a566984c)
    #8 0x5f43f09eaf4d  (/tmp/asan_pair8_a3_vulnerable_tuzi49pz/target/debug/deps/pair8_a3_vulnerable-42c8a2750bfc9449+0x124f4d) (BuildId: 619287b7f3ce01c1d4e815eafa7a9662a566984c)

==4191822==ABORTING
error: test failed, to rerun pass `--lib`

Caused by:
  process didn't exit successfully: `/tmp/asan_pair8_a3_vulnerable_tuzi49pz/target/debug/deps/pair8_a3_vulnerable-42c8a2750bfc9449 --nocapture` (exit status: 1)
