$ (cwd=/tmp/asan_pair6_a2_vulnerable_piv6vklh) cargo +nightly test --lib -- --nocapture

   Compiling pair6_a2_vulnerable v0.1.0 (/tmp/asan_pair6_a2_vulnerable_piv6vklh)
    Finished `test` profile [unoptimized + debuginfo] target(s) in 0.17s
     Running unittests src/lib.rs (target/debug/deps/pair6_a2_vulnerable-5cdb96f29cdebb00)

running 1 test
=================================================================
==4029928==ERROR: AddressSanitizer: heap-buffer-overflow on address 0x6cf998fe2078 at pc 0x5678854e26a2 bp 0x6cb9969fe2e0 sp 0x6cb9969fe2d8
WRITE of size 4 at 0x6cf998fe2078 thread T1
    #0 0x5678854e26a1  (/tmp/asan_pair6_a2_vulnerable_piv6vklh/target/debug/deps/pair6_a2_vulnerable-5cdb96f29cdebb00+0x1206a1) (BuildId: 3baab6622124f77251032617742444637f02e4f8)
    #1 0x5678854e144f  (/tmp/asan_pair6_a2_vulnerable_piv6vklh/target/debug/deps/pair6_a2_vulnerable-5cdb96f29cdebb00+0x11f44f) (BuildId: 3baab6622124f77251032617742444637f02e4f8)
    #2 0x5678854e0aa6  (/tmp/asan_pair6_a2_vulnerable_piv6vklh/target/debug/deps/pair6_a2_vulnerable-5cdb96f29cdebb00+0x11eaa6) (BuildId: 3baab6622124f77251032617742444637f02e4f8)
    #3 0x5678854e0cf5  (/tmp/asan_pair6_a2_vulnerable_piv6vklh/target/debug/deps/pair6_a2_vulnerable-5cdb96f29cdebb00+0x11ecf5) (BuildId: 3baab6622124f77251032617742444637f02e4f8)
    #4 0x567885503e6a  (/tmp/asan_pair6_a2_vulnerable_piv6vklh/target/debug/deps/pair6_a2_vulnerable-5cdb96f29cdebb00+0x141e6a) (BuildId: 3baab6622124f77251032617742444637f02e4f8)
    #5 0x567885519854  (/tmp/asan_pair6_a2_vulnerable_piv6vklh/target/debug/deps/pair6_a2_vulnerable-5cdb96f29cdebb00+0x157854) (BuildId: 3baab6622124f77251032617742444637f02e4f8)
    #6 0x5678854f0273  (/tmp/asan_pair6_a2_vulnerable_piv6vklh/target/debug/deps/pair6_a2_vulnerable-5cdb96f29cdebb00+0x12e273) (BuildId: 3baab6622124f77251032617742444637f02e4f8)
    #7 0x5678854f3c59  (/tmp/asan_pair6_a2_vulnerable_piv6vklh/target/debug/deps/pair6_a2_vulnerable-5cdb96f29cdebb00+0x131c59) (BuildId: 3baab6622124f77251032617742444637f02e4f8)
    #8 0x56788553987e  (/tmp/asan_pair6_a2_vulnerable_piv6vklh/target/debug/deps/pair6_a2_vulnerable-5cdb96f29cdebb00+0x17787e) (BuildId: 3baab6622124f77251032617742444637f02e4f8)
    #9 0x5678854b06d6  (/tmp/asan_pair6_a2_vulnerable_piv6vklh/target/debug/deps/pair6_a2_vulnerable-5cdb96f29cdebb00+0xee6d6) (BuildId: 3baab6622124f77251032617742444637f02e4f8)
    #10 0x70b999c94ac2  (/lib/x86_64-linux-gnu/libc.so.6+0x94ac2) (BuildId: d5197096f709801829b118af1b7cf6631efa2dcd)
    #11 0x70b999d2684f  (/lib/x86_64-linux-gnu/libc.so.6+0x12684f) (BuildId: d5197096f709801829b118af1b7cf6631efa2dcd)

0x6cf998fe2078 is located 0 bytes after 40-byte region [0x6cf998fe2050,0x6cf998fe2078)
allocated by thread T1 here:
    #0 0x5678854b2814  (/tmp/asan_pair6_a2_vulnerable_piv6vklh/target/debug/deps/pair6_a2_vulnerable-5cdb96f29cdebb00+0xf0814) (BuildId: 3baab6622124f77251032617742444637f02e4f8)
    #1 0x567885569e0d  (/tmp/asan_pair6_a2_vulnerable_piv6vklh/target/debug/deps/pair6_a2_vulnerable-5cdb96f29cdebb00+0x1a7e0d) (BuildId: 3baab6622124f77251032617742444637f02e4f8)
    #2 0x5678854e21fe  (/tmp/asan_pair6_a2_vulnerable_piv6vklh/target/debug/deps/pair6_a2_vulnerable-5cdb96f29cdebb00+0x1201fe) (BuildId: 3baab6622124f77251032617742444637f02e4f8)
    #3 0x5678854e307c  (/tmp/asan_pair6_a2_vulnerable_piv6vklh/target/debug/deps/pair6_a2_vulnerable-5cdb96f29cdebb00+0x12107c) (BuildId: 3baab6622124f77251032617742444637f02e4f8)
    #4 0x5678854e1430  (/tmp/asan_pair6_a2_vulnerable_piv6vklh/target/debug/deps/pair6_a2_vulnerable-5cdb96f29cdebb00+0x11f430) (BuildId: 3baab6622124f77251032617742444637f02e4f8)
    #5 0x5678854e0aa6  (/tmp/asan_pair6_a2_vulnerable_piv6vklh/target/debug/deps/pair6_a2_vulnerable-5cdb96f29cdebb00+0x11eaa6) (BuildId: 3baab6622124f77251032617742444637f02e4f8)
    #6 0x567885519854  (/tmp/asan_pair6_a2_vulnerable_piv6vklh/target/debug/deps/pair6_a2_vulnerable-5cdb96f29cdebb00+0x157854) (BuildId: 3baab6622124f77251032617742444637f02e4f8)
    #7 0x5678854f0273  (/tmp/asan_pair6_a2_vulnerable_piv6vklh/target/debug/deps/pair6_a2_vulnerable-5cdb96f29cdebb00+0x12e273) (BuildId: 3baab6622124f77251032617742444637f02e4f8)
    #8 0x5678854f3c59  (/tmp/asan_pair6_a2_vulnerable_piv6vklh/target/debug/deps/pair6_a2_vulnerable-5cdb96f29cdebb00+0x131c59) (BuildId: 3baab6622124f77251032617742444637f02e4f8)
    #9 0x56788553987e  (/tmp/asan_pair6_a2_vulnerable_piv6vklh/target/debug/deps/pair6_a2_vulnerable-5cdb96f29cdebb00+0x17787e) (BuildId: 3baab6622124f77251032617742444637f02e4f8)
    #10 0x5678854b06d6  (/tmp/asan_pair6_a2_vulnerable_piv6vklh/target/debug/deps/pair6_a2_vulnerable-5cdb96f29cdebb00+0xee6d6) (BuildId: 3baab6622124f77251032617742444637f02e4f8)

Thread T1 created by T0 here:
    #0 0x567885497101  (/tmp/asan_pair6_a2_vulnerable_piv6vklh/target/debug/deps/pair6_a2_vulnerable-5cdb96f29cdebb00+0xd5101) (BuildId: 3baab6622124f77251032617742444637f02e4f8)
    #1 0x567885539a9f  (/tmp/asan_pair6_a2_vulnerable_piv6vklh/target/debug/deps/pair6_a2_vulnerable-5cdb96f29cdebb00+0x177a9f) (BuildId: 3baab6622124f77251032617742444637f02e4f8)
    #2 0x5678855183cd  (/tmp/asan_pair6_a2_vulnerable_piv6vklh/target/debug/deps/pair6_a2_vulnerable-5cdb96f29cdebb00+0x1563cd) (BuildId: 3baab6622124f77251032617742444637f02e4f8)
    #3 0x567885511714  (/tmp/asan_pair6_a2_vulnerable_piv6vklh/target/debug/deps/pair6_a2_vulnerable-5cdb96f29cdebb00+0x14f714) (BuildId: 3baab6622124f77251032617742444637f02e4f8)
    #4 0x56788551ad55  (/tmp/asan_pair6_a2_vulnerable_piv6vklh/target/debug/deps/pair6_a2_vulnerable-5cdb96f29cdebb00+0x158d55) (BuildId: 3baab6622124f77251032617742444637f02e4f8)
    #5 0x567885503aaa  (/tmp/asan_pair6_a2_vulnerable_piv6vklh/target/debug/deps/pair6_a2_vulnerable-5cdb96f29cdebb00+0x141aaa) (BuildId: 3baab6622124f77251032617742444637f02e4f8)
    #6 0x5678854e23c2  (/tmp/asan_pair6_a2_vulnerable_piv6vklh/target/debug/deps/pair6_a2_vulnerable-5cdb96f29cdebb00+0x1203c2) (BuildId: 3baab6622124f77251032617742444637f02e4f8)
    #7 0x5678854e2e1f  (/tmp/asan_pair6_a2_vulnerable_piv6vklh/target/debug/deps/pair6_a2_vulnerable-5cdb96f29cdebb00+0x120e1f) (BuildId: 3baab6622124f77251032617742444637f02e4f8)
    #8 0x5678854e26ed  (/tmp/asan_pair6_a2_vulnerable_piv6vklh/target/debug/deps/pair6_a2_vulnerable-5cdb96f29cdebb00+0x1206ed) (BuildId: 3baab6622124f77251032617742444637f02e4f8)

SUMMARY: AddressSanitizer: heap-buffer-overflow (/tmp/asan_pair6_a2_vulnerable_piv6vklh/target/debug/deps/pair6_a2_vulnerable-5cdb96f29cdebb00+0x1206a1) (BuildId: 3baab6622124f77251032617742444637f02e4f8) 
Shadow bytes around the buggy address:
  0x6cf998fe1d80: fa fa fa fa fa fa fa fa fa fa fa fa fa fa fa fa
  0x6cf998fe1e00: fa fa fa fa fa fa fa fa fa fa fa fa fa fa fa fa
  0x6cf998fe1e80: fa fa fa fa fa fa fa fa fa fa fa fa fa fa fa fa
  0x6cf998fe1f00: fa fa fa fa fa fa fa fa fa fa fa fa fa fa fa fa
  0x6cf998fe1f80: fa fa fa fa fa fa fa fa fa fa fa fa fa fa fa fa
=>0x6cf998fe2000: fa fa 00 00 00 00 00 00 fa fa 00 00 00 00 00[fa]
  0x6cf998fe2080: fa fa fa fa fa fa fa fa fa fa fa fa fa fa fa fa
  0x6cf998fe2100: fa fa fa fa fa fa fa fa fa fa fa fa fa fa fa fa
  0x6cf998fe2180: fa fa fa fa fa fa fa fa fa fa fa fa fa fa fa fa
  0x6cf998fe2200: fa fa fa fa fa fa fa fa fa fa fa fa fa fa fa fa
  0x6cf998fe2280: fa fa fa fa fa fa fa fa fa fa fa fa fa fa fa fa
Shadow byte legend (one shadow byte represents 8 application bytes):
  Addressable:           00
  Partially addressable: 01 02 03 04 05 06 07 
  Heap left redzone:       fa
  Freed heap region:       fd
  Stack left redzone:      f1
  Stack mid redzone:       f2
  Stack right redzone:     f3
  Stack after return:      f5
  Stack use after scope:   f8
  Global redzone:          f9
  Global init order:       f6
  Poisoned by user:        f7
  Container overflow:      fc
  Array cookie:            ac
  Intra object redzone:    bb
  ASan internal:           fe
  Left alloca redzone:     ca
  Right alloca redzone:    cb
==4029928==ABORTING
error: test failed, to rerun pass `--lib`

Caused by:
  process didn't exit successfully: `/tmp/asan_pair6_a2_vulnerable_piv6vklh/target/debug/deps/pair6_a2_vulnerable-5cdb96f29cdebb00 --nocapture` (exit status: 1)
