$ (cwd=/tmp/asan_pair6_a3_vulnerable_ouzb90yg) cargo +nightly test --lib -- --nocapture

   Compiling pair6_a3_vulnerable v0.1.0 (/tmp/asan_pair6_a3_vulnerable_ouzb90yg)
    Finished `test` profile [unoptimized + debuginfo] target(s) in 0.17s
     Running unittests src/lib.rs (target/debug/deps/pair6_a3_vulnerable-649d6490019e4669)

running 1 test
=================================================================
==4171820==ERROR: AddressSanitizer: heap-use-after-free on address 0x75028dde4010 at pc 0x5f53e9d7d5c6 bp 0x74e28b7fe320 sp 0x74e28b7fe318
READ of size 4 at 0x75028dde4010 thread T1
    #0 0x5f53e9d7d5c5  (/tmp/asan_pair6_a3_vulnerable_ouzb90yg/target/debug/deps/pair6_a3_vulnerable-649d6490019e4669+0x1215c5) (BuildId: 6c5bb46bcf6218aae74e38a1807a7fcc3eec9a15)
    #1 0x5f53e9d7e07f  (/tmp/asan_pair6_a3_vulnerable_ouzb90yg/target/debug/deps/pair6_a3_vulnerable-649d6490019e4669+0x12207f) (BuildId: 6c5bb46bcf6218aae74e38a1807a7fcc3eec9a15)
    #2 0x5f53e9d7c576  (/tmp/asan_pair6_a3_vulnerable_ouzb90yg/target/debug/deps/pair6_a3_vulnerable-649d6490019e4669+0x120576) (BuildId: 6c5bb46bcf6218aae74e38a1807a7fcc3eec9a15)
    #3 0x5f53e9d7c7a5  (/tmp/asan_pair6_a3_vulnerable_ouzb90yg/target/debug/deps/pair6_a3_vulnerable-649d6490019e4669+0x1207a5) (BuildId: 6c5bb46bcf6218aae74e38a1807a7fcc3eec9a15)
    #4 0x5f53e9d9f21a  (/tmp/asan_pair6_a3_vulnerable_ouzb90yg/target/debug/deps/pair6_a3_vulnerable-649d6490019e4669+0x14321a) (BuildId: 6c5bb46bcf6218aae74e38a1807a7fcc3eec9a15)
    #5 0x5f53e9db4c04  (/tmp/asan_pair6_a3_vulnerable_ouzb90yg/target/debug/deps/pair6_a3_vulnerable-649d6490019e4669+0x158c04) (BuildId: 6c5bb46bcf6218aae74e38a1807a7fcc3eec9a15)
    #6 0x5f53e9d8b623  (/tmp/asan_pair6_a3_vulnerable_ouzb90yg/target/debug/deps/pair6_a3_vulnerable-649d6490019e4669+0x12f623) (BuildId: 6c5bb46bcf6218aae74e38a1807a7fcc3eec9a15)
    #7 0x5f53e9d8f009  (/tmp/asan_pair6_a3_vulnerable_ouzb90yg/target/debug/deps/pair6_a3_vulnerable-649d6490019e4669+0x133009) (BuildId: 6c5bb46bcf6218aae74e38a1807a7fcc3eec9a15)
    #8 0x5f53e9dd4c2e  (/tmp/asan_pair6_a3_vulnerable_ouzb90yg/target/debug/deps/pair6_a3_vulnerable-649d6490019e4669+0x178c2e) (BuildId: 6c5bb46bcf6218aae74e38a1807a7fcc3eec9a15)
    #9 0x5f53e9d4b226  (/tmp/asan_pair6_a3_vulnerable_ouzb90yg/target/debug/deps/pair6_a3_vulnerable-649d6490019e4669+0xef226) (BuildId: 6c5bb46bcf6218aae74e38a1807a7fcc3eec9a15)
    #10 0x78e28ea94ac2  (/lib/x86_64-linux-gnu/libc.so.6+0x94ac2) (BuildId: d5197096f709801829b118af1b7cf6631efa2dcd)
    #11 0x78e28eb2684f  (/lib/x86_64-linux-gnu/libc.so.6+0x12684f) (BuildId: d5197096f709801829b118af1b7cf6631efa2dcd)

0x75028dde4010 is located 0 bytes inside of 4-byte region [0x75028dde4010,0x75028dde4014)
freed by thread T1 here:
    #0 0x5f53e9d4d0c6  (/tmp/asan_pair6_a3_vulnerable_ouzb90yg/target/debug/deps/pair6_a3_vulnerable-649d6490019e4669+0xf10c6) (BuildId: 6c5bb46bcf6218aae74e38a1807a7fcc3eec9a15)
    #1 0x5f53e9d7c39a  (/tmp/asan_pair6_a3_vulnerable_ouzb90yg/target/debug/deps/pair6_a3_vulnerable-649d6490019e4669+0x12039a) (BuildId: 6c5bb46bcf6218aae74e38a1807a7fcc3eec9a15)
    #2 0x5f53e9d7c9d3  (/tmp/asan_pair6_a3_vulnerable_ouzb90yg/target/debug/deps/pair6_a3_vulnerable-649d6490019e4669+0x1209d3) (BuildId: 6c5bb46bcf6218aae74e38a1807a7fcc3eec9a15)
    #3 0x5f53e9d7c800  (/tmp/asan_pair6_a3_vulnerable_ouzb90yg/target/debug/deps/pair6_a3_vulnerable-649d6490019e4669+0x120800) (BuildId: 6c5bb46bcf6218aae74e38a1807a7fcc3eec9a15)
    #4 0x5f53e9d7d54e  (/tmp/asan_pair6_a3_vulnerable_ouzb90yg/target/debug/deps/pair6_a3_vulnerable-649d6490019e4669+0x12154e) (BuildId: 6c5bb46bcf6218aae74e38a1807a7fcc3eec9a15)
    #5 0x5f53e9d7c576  (/tmp/asan_pair6_a3_vulnerable_ouzb90yg/target/debug/deps/pair6_a3_vulnerable-649d6490019e4669+0x120576) (BuildId: 6c5bb46bcf6218aae74e38a1807a7fcc3eec9a15)
    #6 0x5f53e9db4c04  (/tmp/asan_pair6_a3_vulnerable_ouzb90yg/target/debug/deps/pair6_a3_vulnerable-649d6490019e4669+0x158c04) (BuildId: 6c5bb46bcf6218aae74e38a1807a7fcc3eec9a15)
    #7 0x5f53e9d8b623  (/tmp/asan_pair6_a3_vulnerable_ouzb90yg/target/debug/deps/pair6_a3_vulnerable-649d6490019e4669+0x12f623) (BuildId: 6c5bb46bcf6218aae74e38a1807a7fcc3eec9a15)
    #8 0x5f53e9d8f009  (/tmp/asan_pair6_a3_vulnerable_ouzb90yg/target/debug/deps/pair6_a3_vulnerable-649d6490019e4669+0x133009) (BuildId: 6c5bb46bcf6218aae74e38a1807a7fcc3eec9a15)
    #9 0x5f53e9dd4c2e  (/tmp/asan_pair6_a3_vulnerable_ouzb90yg/target/debug/deps/pair6_a3_vulnerable-649d6490019e4669+0x178c2e) (BuildId: 6c5bb46bcf6218aae74e38a1807a7fcc3eec9a15)
    #10 0x5f53e9d4b226  (/tmp/asan_pair6_a3_vulnerable_ouzb90yg/target/debug/deps/pair6_a3_vulnerable-649d6490019e4669+0xef226) (BuildId: 6c5bb46bcf6218aae74e38a1807a7fcc3eec9a15)

previously allocated by thread T1 here:
    #0 0x5f53e9d4d364  (/tmp/asan_pair6_a3_vulnerable_ouzb90yg/target/debug/deps/pair6_a3_vulnerable-649d6490019e4669+0xf1364) (BuildId: 6c5bb46bcf6218aae74e38a1807a7fcc3eec9a15)
    #1 0x5f53e9d7c083  (/tmp/asan_pair6_a3_vulnerable_ouzb90yg/target/debug/deps/pair6_a3_vulnerable-649d6490019e4669+0x120083) (BuildId: 6c5bb46bcf6218aae74e38a1807a7fcc3eec9a15)
    #2 0x5f53e9d7bd84  (/tmp/asan_pair6_a3_vulnerable_ouzb90yg/target/debug/deps/pair6_a3_vulnerable-649d6490019e4669+0x11fd84) (BuildId: 6c5bb46bcf6218aae74e38a1807a7fcc3eec9a15)
    #3 0x5f53e9d7c576  (/tmp/asan_pair6_a3_vulnerable_ouzb90yg/target/debug/deps/pair6_a3_vulnerable-649d6490019e4669+0x120576) (BuildId: 6c5bb46bcf6218aae74e38a1807a7fcc3eec9a15)
    #4 0x5f53e9db4c04  (/tmp/asan_pair6_a3_vulnerable_ouzb90yg/target/debug/deps/pair6_a3_vulnerable-649d6490019e4669+0x158c04) (BuildId: 6c5bb46bcf6218aae74e38a1807a7fcc3eec9a15)
    #5 0x5f53e9d8b623  (/tmp/asan_pair6_a3_vulnerable_ouzb90yg/target/debug/deps/pair6_a3_vulnerable-649d6490019e4669+0x12f623) (BuildId: 6c5bb46bcf6218aae74e38a1807a7fcc3eec9a15)
    #6 0x5f53e9d8f009  (/tmp/asan_pair6_a3_vulnerable_ouzb90yg/target/debug/deps/pair6_a3_vulnerable-649d6490019e4669+0x133009) (BuildId: 6c5bb46bcf6218aae74e38a1807a7fcc3eec9a15)
    #7 0x5f53e9dd4c2e  (/tmp/asan_pair6_a3_vulnerable_ouzb90yg/target/debug/deps/pair6_a3_vulnerable-649d6490019e4669+0x178c2e) (BuildId: 6c5bb46bcf6218aae74e38a1807a7fcc3eec9a15)
    #8 0x5f53e9d4b226  (/tmp/asan_pair6_a3_vulnerable_ouzb90yg/target/debug/deps/pair6_a3_vulnerable-649d6490019e4669+0xef226) (BuildId: 6c5bb46bcf6218aae74e38a1807a7fcc3eec9a15)

Thread T1 created by T0 here:
    #0 0x5f53e9d31c51  (/tmp/asan_pair6_a3_vulnerable_ouzb90yg/target/debug/deps/pair6_a3_vulnerable-649d6490019e4669+0xd5c51) (BuildId: 6c5bb46bcf6218aae74e38a1807a7fcc3eec9a15)
    #1 0x5f53e9dd4e4f  (/tmp/asan_pair6_a3_vulnerable_ouzb90yg/target/debug/deps/pair6_a3_vulnerable-649d6490019e4669+0x178e4f) (BuildId: 6c5bb46bcf6218aae74e38a1807a7fcc3eec9a15)
    #2 0x5f53e9db377d  (/tmp/asan_pair6_a3_vulnerable_ouzb90yg/target/debug/deps/pair6_a3_vulnerable-649d6490019e4669+0x15777d) (BuildId: 6c5bb46bcf6218aae74e38a1807a7fcc3eec9a15)
    #3 0x5f53e9dacac4  (/tmp/asan_pair6_a3_vulnerable_ouzb90yg/target/debug/deps/pair6_a3_vulnerable-649d6490019e4669+0x150ac4) (BuildId: 6c5bb46bcf6218aae74e38a1807a7fcc3eec9a15)
    #4 0x5f53e9db6105  (/tmp/asan_pair6_a3_vulnerable_ouzb90yg/target/debug/deps/pair6_a3_vulnerable-649d6490019e4669+0x15a105) (BuildId: 6c5bb46bcf6218aae74e38a1807a7fcc3eec9a15)
    #5 0x5f53e9d9ee5a  (/tmp/asan_pair6_a3_vulnerable_ouzb90yg/target/debug/deps/pair6_a3_vulnerable-649d6490019e4669+0x142e5a) (BuildId: 6c5bb46bcf6218aae74e38a1807a7fcc3eec9a15)
    #6 0x5f53e9d7d4a2  (/tmp/asan_pair6_a3_vulnerable_ouzb90yg/target/debug/deps/pair6_a3_vulnerable-649d6490019e4669+0x1214a2) (BuildId: 6c5bb46bcf6218aae74e38a1807a7fcc3eec9a15)
    #7 0x5f53e9d7c4af  (/tmp/asan_pair6_a3_vulnerable_ouzb90yg/target/debug/deps/pair6_a3_vulnerable-649d6490019e4669+0x1204af) (BuildId: 6c5bb46bcf6218aae74e38a1807a7fcc3eec9a15)
    #8 0x5f53e9d7d60d  (/tmp/asan_pair6_a3_vulnerable_ouzb90yg/target/debug/deps/pair6_a3_vulnerable-649d6490019e4669+0x12160d) (BuildId: 6c5bb46bcf6218aae74e38a1807a7fcc3eec9a15)

SUMMARY: AddressSanitizer: heap-use-after-free (/tmp/asan_pair6_a3_vulnerable_ouzb90yg/target/debug/deps/pair6_a3_vulnerable-649d6490019e4669+0x1215c5) (BuildId: 6c5bb46bcf6218aae74e38a1807a7fcc3eec9a15) 
Shadow bytes around the buggy address:
  0x75028dde3d80: fa fa fa fa fa fa fa fa fa fa fa fa fa fa fa fa
  0x75028dde3e00: fa fa fa fa fa fa fa fa fa fa fa fa fa fa fa fa
  0x75028dde3e80: fa fa fa fa fa fa fa fa fa fa fa fa fa fa fa fa
  0x75028dde3f00: fa fa fa fa fa fa fa fa fa fa fa fa fa fa fa fa
  0x75028dde3f80: fa fa fa fa fa fa fa fa fa fa fa fa fa fa fa fa
=>0x75028dde4000: fa fa[fd]fa fa fa fa fa fa fa fa fa fa fa fa fa
  0x75028dde4080: fa fa fa fa fa fa fa fa fa fa fa fa fa fa fa fa
  0x75028dde4100: fa fa fa fa fa fa fa fa fa fa fa fa fa fa fa fa
  0x75028dde4180: fa fa fa fa fa fa fa fa fa fa fa fa fa fa fa fa
  0x75028dde4200: fa fa fa fa fa fa fa fa fa fa fa fa fa fa fa fa
  0x75028dde4280: fa fa fa fa fa fa fa fa fa fa fa fa fa fa fa fa
Shadow byte legend (one shadow byte represents 8 application bytes):
  Addressable:           00
  Partially addressable: 01 02 03 04 05 06 07 
  Heap left redzone:       fa
  Freed heap region:       fd
  Stack left redzone:      f1
  Stack mid redzone:       f2
  Stack right redzone:     f3
  Stack after return:      f5
  Stack use after scope:   f8
  Global redzone:          f9
  Global init order:       f6
  Poisoned by user:        f7
  Container overflow:      fc
  Array cookie:            ac
  Intra object redzone:    bb
  ASan internal:           fe
  Left alloca redzone:     ca
  Right alloca redzone:    cb
==4171820==ABORTING
error: test failed, to rerun pass `--lib`

Caused by:
  process didn't exit successfully: `/tmp/asan_pair6_a3_vulnerable_ouzb90yg/target/debug/deps/pair6_a3_vulnerable-649d6490019e4669 --nocapture` (exit status: 1)
