$ (cwd=/tmp/asan_pair3_a1_vulnerable_574ug_gc) cargo +nightly test --lib -- --nocapture

   Compiling pair3_a1_vulnerable v0.1.0 (/tmp/asan_pair3_a1_vulnerable_574ug_gc)
    Finished `test` profile [unoptimized + debuginfo] target(s) in 0.25s
     Running unittests src/lib.rs (target/debug/deps/pair3_a1_vulnerable-59222f2d75d14c44)

running 1 test
=================================================================
==3773924==ERROR: AddressSanitizer: heap-buffer-overflow on address 0x6d5f9e9e3052 at pc 0x61c29c0917fb bp 0x6cff9b6f44b0 sp 0x6cff9b6f3c70
READ of size 51 at 0x6d5f9e9e3052 thread T2
    #0 0x61c29c0917fa  (/tmp/asan_pair3_a1_vulnerable_574ug_gc/target/debug/deps/pair3_a1_vulnerable-59222f2d75d14c44+0xf77fa) (BuildId: 50fd9ab3004a89e205ed1a73e691a67343e6a4c8)
    #1 0x61c29c0ce0c4  (/tmp/asan_pair3_a1_vulnerable_574ug_gc/target/debug/deps/pair3_a1_vulnerable-59222f2d75d14c44+0x1340c4) (BuildId: 50fd9ab3004a89e205ed1a73e691a67343e6a4c8)
    #2 0x61c29c0c2e96  (/tmp/asan_pair3_a1_vulnerable_574ug_gc/target/debug/deps/pair3_a1_vulnerable-59222f2d75d14c44+0x128e96) (BuildId: 50fd9ab3004a89e205ed1a73e691a67343e6a4c8)
    #3 0x61c29c0c31b5  (/tmp/asan_pair3_a1_vulnerable_574ug_gc/target/debug/deps/pair3_a1_vulnerable-59222f2d75d14c44+0x1291b5) (BuildId: 50fd9ab3004a89e205ed1a73e691a67343e6a4c8)
    #4 0x61c29c0ca1f9  (/tmp/asan_pair3_a1_vulnerable_574ug_gc/target/debug/deps/pair3_a1_vulnerable-59222f2d75d14c44+0x1301f9) (BuildId: 50fd9ab3004a89e205ed1a73e691a67343e6a4c8)
    #5 0x61c29c0d2040  (/tmp/asan_pair3_a1_vulnerable_574ug_gc/target/debug/deps/pair3_a1_vulnerable-59222f2d75d14c44+0x138040) (BuildId: 50fd9ab3004a89e205ed1a73e691a67343e6a4c8)
    #6 0x61c29c0ceab6  (/tmp/asan_pair3_a1_vulnerable_574ug_gc/target/debug/deps/pair3_a1_vulnerable-59222f2d75d14c44+0x134ab6) (BuildId: 50fd9ab3004a89e205ed1a73e691a67343e6a4c8)
    #7 0x61c29c0ca4ca  (/tmp/asan_pair3_a1_vulnerable_574ug_gc/target/debug/deps/pair3_a1_vulnerable-59222f2d75d14c44+0x1304ca) (BuildId: 50fd9ab3004a89e205ed1a73e691a67343e6a4c8)
    #8 0x61c29c0c96fc  (/tmp/asan_pair3_a1_vulnerable_574ug_gc/target/debug/deps/pair3_a1_vulnerable-59222f2d75d14c44+0x12f6fc) (BuildId: 50fd9ab3004a89e205ed1a73e691a67343e6a4c8)
    #9 0x61c29c0c545d  (/tmp/asan_pair3_a1_vulnerable_574ug_gc/target/debug/deps/pair3_a1_vulnerable-59222f2d75d14c44+0x12b45d) (BuildId: 50fd9ab3004a89e205ed1a73e691a67343e6a4c8)
    #10 0x61c29c129bde  (/tmp/asan_pair3_a1_vulnerable_574ug_gc/target/debug/deps/pair3_a1_vulnerable-59222f2d75d14c44+0x18fbde) (BuildId: 50fd9ab3004a89e205ed1a73e691a67343e6a4c8)
    #11 0x61c29c091436  (/tmp/asan_pair3_a1_vulnerable_574ug_gc/target/debug/deps/pair3_a1_vulnerable-59222f2d75d14c44+0xf7436) (BuildId: 50fd9ab3004a89e205ed1a73e691a67343e6a4c8)
    #12 0x70ff9f694ac2  (/lib/x86_64-linux-gnu/libc.so.6+0x94ac2) (BuildId: d5197096f709801829b118af1b7cf6631efa2dcd)
    #13 0x70ff9f72684f  (/lib/x86_64-linux-gnu/libc.so.6+0x12684f) (BuildId: d5197096f709801829b118af1b7cf6631efa2dcd)

0x6d5f9e9e3052 is located 0 bytes after 50-byte region [0x6d5f9e9e3020,0x6d5f9e9e3052)
allocated by thread T2 here:
    #0 0x61c29c093764  (/tmp/asan_pair3_a1_vulnerable_574ug_gc/target/debug/deps/pair3_a1_vulnerable-59222f2d75d14c44+0xf9764) (BuildId: 50fd9ab3004a89e205ed1a73e691a67343e6a4c8)
    #1 0x61c29c15a16d  (/tmp/asan_pair3_a1_vulnerable_574ug_gc/target/debug/deps/pair3_a1_vulnerable-59222f2d75d14c44+0x1c016d) (BuildId: 50fd9ab3004a89e205ed1a73e691a67343e6a4c8)
    #2 0x61c29c0c4e1e  (/tmp/asan_pair3_a1_vulnerable_574ug_gc/target/debug/deps/pair3_a1_vulnerable-59222f2d75d14c44+0x12ae1e) (BuildId: 50fd9ab3004a89e205ed1a73e691a67343e6a4c8)
    #3 0x61c29c0cd871  (/tmp/asan_pair3_a1_vulnerable_574ug_gc/target/debug/deps/pair3_a1_vulnerable-59222f2d75d14c44+0x133871) (BuildId: 50fd9ab3004a89e205ed1a73e691a67343e6a4c8)
    #4 0x61c29c0ce7be  (/tmp/asan_pair3_a1_vulnerable_574ug_gc/target/debug/deps/pair3_a1_vulnerable-59222f2d75d14c44+0x1347be) (BuildId: 50fd9ab3004a89e205ed1a73e691a67343e6a4c8)
    #5 0x61c29c0c2e2b  (/tmp/asan_pair3_a1_vulnerable_574ug_gc/target/debug/deps/pair3_a1_vulnerable-59222f2d75d14c44+0x128e2b) (BuildId: 50fd9ab3004a89e205ed1a73e691a67343e6a4c8)
    #6 0x61c29c0c31b5  (/tmp/asan_pair3_a1_vulnerable_574ug_gc/target/debug/deps/pair3_a1_vulnerable-59222f2d75d14c44+0x1291b5) (BuildId: 50fd9ab3004a89e205ed1a73e691a67343e6a4c8)
    #7 0x61c29c0d2040  (/tmp/asan_pair3_a1_vulnerable_574ug_gc/target/debug/deps/pair3_a1_vulnerable-59222f2d75d14c44+0x138040) (BuildId: 50fd9ab3004a89e205ed1a73e691a67343e6a4c8)
    #8 0x61c29c0ceab6  (/tmp/asan_pair3_a1_vulnerable_574ug_gc/target/debug/deps/pair3_a1_vulnerable-59222f2d75d14c44+0x134ab6) (BuildId: 50fd9ab3004a89e205ed1a73e691a67343e6a4c8)
    #9 0x61c29c0ca4ca  (/tmp/asan_pair3_a1_vulnerable_574ug_gc/target/debug/deps/pair3_a1_vulnerable-59222f2d75d14c44+0x1304ca) (BuildId: 50fd9ab3004a89e205ed1a73e691a67343e6a4c8)
    #10 0x61c29c0c545d  (/tmp/asan_pair3_a1_vulnerable_574ug_gc/target/debug/deps/pair3_a1_vulnerable-59222f2d75d14c44+0x12b45d) (BuildId: 50fd9ab3004a89e205ed1a73e691a67343e6a4c8)
    #11 0x61c29c091436  (/tmp/asan_pair3_a1_vulnerable_574ug_gc/target/debug/deps/pair3_a1_vulnerable-59222f2d75d14c44+0xf7436) (BuildId: 50fd9ab3004a89e205ed1a73e691a67343e6a4c8)

Thread T2 created by T1 here:
    #0 0x61c29c077e61  (/tmp/asan_pair3_a1_vulnerable_574ug_gc/target/debug/deps/pair3_a1_vulnerable-59222f2d75d14c44+0xdde61) (BuildId: 50fd9ab3004a89e205ed1a73e691a67343e6a4c8)
    #1 0x61c29c129dff  (/tmp/asan_pair3_a1_vulnerable_574ug_gc/target/debug/deps/pair3_a1_vulnerable-59222f2d75d14c44+0x18fdff) (BuildId: 50fd9ab3004a89e205ed1a73e691a67343e6a4c8)
    #2 0x61c29c0c8e4b  (/tmp/asan_pair3_a1_vulnerable_574ug_gc/target/debug/deps/pair3_a1_vulnerable-59222f2d75d14c44+0x12ee4b) (BuildId: 50fd9ab3004a89e205ed1a73e691a67343e6a4c8)
    #3 0x61c29c0c819e  (/tmp/asan_pair3_a1_vulnerable_574ug_gc/target/debug/deps/pair3_a1_vulnerable-59222f2d75d14c44+0x12e19e) (BuildId: 50fd9ab3004a89e205ed1a73e691a67343e6a4c8)
    #4 0x61c29c0c24ea  (/tmp/asan_pair3_a1_vulnerable_574ug_gc/target/debug/deps/pair3_a1_vulnerable-59222f2d75d14c44+0x1284ea) (BuildId: 50fd9ab3004a89e205ed1a73e691a67343e6a4c8)
    #5 0x61c29c0c2cf6  (/tmp/asan_pair3_a1_vulnerable_574ug_gc/target/debug/deps/pair3_a1_vulnerable-59222f2d75d14c44+0x128cf6) (BuildId: 50fd9ab3004a89e205ed1a73e691a67343e6a4c8)
    #6 0x61c29c109bb4  (/tmp/asan_pair3_a1_vulnerable_574ug_gc/target/debug/deps/pair3_a1_vulnerable-59222f2d75d14c44+0x16fbb4) (BuildId: 50fd9ab3004a89e205ed1a73e691a67343e6a4c8)
    #7 0x61c29c0e05d3  (/tmp/asan_pair3_a1_vulnerable_574ug_gc/target/debug/deps/pair3_a1_vulnerable-59222f2d75d14c44+0x1465d3) (BuildId: 50fd9ab3004a89e205ed1a73e691a67343e6a4c8)
    #8 0x61c29c0e3fb9  (/tmp/asan_pair3_a1_vulnerable_574ug_gc/target/debug/deps/pair3_a1_vulnerable-59222f2d75d14c44+0x149fb9) (BuildId: 50fd9ab3004a89e205ed1a73e691a67343e6a4c8)
    #9 0x61c29c129bde  (/tmp/asan_pair3_a1_vulnerable_574ug_gc/target/debug/deps/pair3_a1_vulnerable-59222f2d75d14c44+0x18fbde) (BuildId: 50fd9ab3004a89e205ed1a73e691a67343e6a4c8)
    #10 0x61c29c091436  (/tmp/asan_pair3_a1_vulnerable_574ug_gc/target/debug/deps/pair3_a1_vulnerable-59222f2d75d14c44+0xf7436) (BuildId: 50fd9ab3004a89e205ed1a73e691a67343e6a4c8)

Thread T1 created by T0 here:
    #0 0x61c29c077e61  (/tmp/asan_pair3_a1_vulnerable_574ug_gc/target/debug/deps/pair3_a1_vulnerable-59222f2d75d14c44+0xdde61) (BuildId: 50fd9ab3004a89e205ed1a73e691a67343e6a4c8)
    #1 0x61c29c129dff  (/tmp/asan_pair3_a1_vulnerable_574ug_gc/target/debug/deps/pair3_a1_vulnerable-59222f2d75d14c44+0x18fdff) (BuildId: 50fd9ab3004a89e205ed1a73e691a67343e6a4c8)
    #2 0x61c29c10872d  (/tmp/asan_pair3_a1_vulnerable_574ug_gc/target/debug/deps/pair3_a1_vulnerable-59222f2d75d14c44+0x16e72d) (BuildId: 50fd9ab3004a89e205ed1a73e691a67343e6a4c8)
    #3 0x61c29c101a74  (/tmp/asan_pair3_a1_vulnerable_574ug_gc/target/debug/deps/pair3_a1_vulnerable-59222f2d75d14c44+0x167a74) (BuildId: 50fd9ab3004a89e205ed1a73e691a67343e6a4c8)
    #4 0x61c29c10b0b5  (/tmp/asan_pair3_a1_vulnerable_574ug_gc/target/debug/deps/pair3_a1_vulnerable-59222f2d75d14c44+0x1710b5) (BuildId: 50fd9ab3004a89e205ed1a73e691a67343e6a4c8)
    #5 0x61c29c0f3e0a  (/tmp/asan_pair3_a1_vulnerable_574ug_gc/target/debug/deps/pair3_a1_vulnerable-59222f2d75d14c44+0x159e0a) (BuildId: 50fd9ab3004a89e205ed1a73e691a67343e6a4c8)
    #6 0x61c29c0ce1f2  (/tmp/asan_pair3_a1_vulnerable_574ug_gc/target/debug/deps/pair3_a1_vulnerable-59222f2d75d14c44+0x1341f2) (BuildId: 50fd9ab3004a89e205ed1a73e691a67343e6a4c8)
    #7 0x61c29c0d03df  (/tmp/asan_pair3_a1_vulnerable_574ug_gc/target/debug/deps/pair3_a1_vulnerable-59222f2d75d14c44+0x1363df) (BuildId: 50fd9ab3004a89e205ed1a73e691a67343e6a4c8)
    #8 0x61c29c0ce21d  (/tmp/asan_pair3_a1_vulnerable_574ug_gc/target/debug/deps/pair3_a1_vulnerable-59222f2d75d14c44+0x13421d) (BuildId: 50fd9ab3004a89e205ed1a73e691a67343e6a4c8)

SUMMARY: AddressSanitizer: heap-buffer-overflow (/tmp/asan_pair3_a1_vulnerable_574ug_gc/target/debug/deps/pair3_a1_vulnerable-59222f2d75d14c44+0xf77fa) (BuildId: 50fd9ab3004a89e205ed1a73e691a67343e6a4c8) 
Shadow bytes around the buggy address:
  0x6d5f9e9e2d80: fa fa fa fa fa fa fa fa fa fa fa fa fa fa fa fa
  0x6d5f9e9e2e00: fa fa fa fa fa fa fa fa fa fa fa fa fa fa fa fa
  0x6d5f9e9e2e80: fa fa fa fa fa fa fa fa fa fa fa fa fa fa fa fa
  0x6d5f9e9e2f00: fa fa fa fa fa fa fa fa fa fa fa fa fa fa fa fa
  0x6d5f9e9e2f80: fa fa fa fa fa fa fa fa fa fa fa fa fa fa fa fa
=>0x6d5f9e9e3000: fa fa fa fa 00 00 00 00 00 00[02]fa fa fa fa fa
  0x6d5f9e9e3080: fa fa fa fa fa fa fa fa fa fa fa fa fa fa fa fa
  0x6d5f9e9e3100: fa fa fa fa fa fa fa fa fa fa fa fa fa fa fa fa
  0x6d5f9e9e3180: fa fa fa fa fa fa fa fa fa fa fa fa fa fa fa fa
  0x6d5f9e9e3200: fa fa fa fa fa fa fa fa fa fa fa fa fa fa fa fa
  0x6d5f9e9e3280: fa fa fa fa fa fa fa fa fa fa fa fa fa fa fa fa
Shadow byte legend (one shadow byte represents 8 application bytes):
  Addressable:           00
  Partially addressable: 01 02 03 04 05 06 07 
  Heap left redzone:       fa
  Freed heap region:       fd
  Stack left redzone:      f1
  Stack mid redzone:       f2
  Stack right redzone:     f3
  Stack after return:      f5
  Stack use after scope:   f8
  Global redzone:          f9
  Global init order:       f6
  Poisoned by user:        f7
  Container overflow:      fc
  Array cookie:            ac
  Intra object redzone:    bb
  ASan internal:           fe
  Left alloca redzone:     ca
  Right alloca redzone:    cb
=================================================================
==3773924==ERROR: AddressSanitizer: heap-buffer-overflow on address 0x6d1f9e9e4020 at pc 0x61c29c09189e bp 0x6cff9b6f44b0 sp 0x6cff9b6f3c70
WRITE of size 51 at 0x6d1f9e9e4020 thread T2
    #0 0x61c29c09189d  (/tmp/asan_pair3_a1_vulnerable_574ug_gc/target/debug/deps/pair3_a1_vulnerable-59222f2d75d14c44+0xf789d) (BuildId: 50fd9ab3004a89e205ed1a73e691a67343e6a4c8)
    #1 0x61c29c0ce0c4  (/tmp/asan_pair3_a1_vulnerable_574ug_gc/target/debug/deps/pair3_a1_vulnerable-59222f2d75d14c44+0x1340c4) (BuildId: 50fd9ab3004a89e205ed1a73e691a67343e6a4c8)
    #2 0x61c29c0c2e96  (/tmp/asan_pair3_a1_vulnerable_574ug_gc/target/debug/deps/pair3_a1_vulnerable-59222f2d75d14c44+0x128e96) (BuildId: 50fd9ab3004a89e205ed1a73e691a67343e6a4c8)
    #3 0x61c29c0c31b5  (/tmp/asan_pair3_a1_vulnerable_574ug_gc/target/debug/deps/pair3_a1_vulnerable-59222f2d75d14c44+0x1291b5) (BuildId: 50fd9ab3004a89e205ed1a73e691a67343e6a4c8)
    #4 0x61c29c0ca1f9  (/tmp/asan_pair3_a1_vulnerable_574ug_gc/target/debug/deps/pair3_a1_vulnerable-59222f2d75d14c44+0x1301f9) (BuildId: 50fd9ab3004a89e205ed1a73e691a67343e6a4c8)
    #5 0x61c29c0d2040  (/tmp/asan_pair3_a1_vulnerable_574ug_gc/target/debug/deps/pair3_a1_vulnerable-59222f2d75d14c44+0x138040) (BuildId: 50fd9ab3004a89e205ed1a73e691a67343e6a4c8)
    #6 0x61c29c0ceab6  (/tmp/asan_pair3_a1_vulnerable_574ug_gc/target/debug/deps/pair3_a1_vulnerable-59222f2d75d14c44+0x134ab6) (BuildId: 50fd9ab3004a89e205ed1a73e691a67343e6a4c8)
    #7 0x61c29c0ca4ca  (/tmp/asan_pair3_a1_vulnerable_574ug_gc/target/debug/deps/pair3_a1_vulnerable-59222f2d75d14c44+0x1304ca) (BuildId: 50fd9ab3004a89e205ed1a73e691a67343e6a4c8)
    #8 0x61c29c0c96fc  (/tmp/asan_pair3_a1_vulnerable_574ug_gc/target/debug/deps/pair3_a1_vulnerable-59222f2d75d14c44+0x12f6fc) (BuildId: 50fd9ab3004a89e205ed1a73e691a67343e6a4c8)
    #9 0x61c29c0c545d  (/tmp/asan_pair3_a1_vulnerable_574ug_gc/target/debug/deps/pair3_a1_vulnerable-59222f2d75d14c44+0x12b45d) (BuildId: 50fd9ab3004a89e205ed1a73e691a67343e6a4c8)
    #10 0x61c29c129bde  (/tmp/asan_pair3_a1_vulnerable_574ug_gc/target/debug/deps/pair3_a1_vulnerable-59222f2d75d14c44+0x18fbde) (BuildId: 50fd9ab3004a89e205ed1a73e691a67343e6a4c8)
    #11 0x61c29c091436  (/tmp/asan_pair3_a1_vulnerable_574ug_gc/target/debug/deps/pair3_a1_vulnerable-59222f2d75d14c44+0xf7436) (BuildId: 50fd9ab3004a89e205ed1a73e691a67343e6a4c8)
    #12 0x70ff9f694ac2  (/lib/x86_64-linux-gnu/libc.so.6+0x94ac2) (BuildId: d5197096f709801829b118af1b7cf6631efa2dcd)
    #13 0x70ff9f72684f  (/lib/x86_64-linux-gnu/libc.so.6+0x12684f) (BuildId: d5197096f709801829b118af1b7cf6631efa2dcd)

0x6d1f9e9e4020 is located 0 bytes after 16-byte region [0x6d1f9e9e4010,0x6d1f9e9e4020)
allocated by thread T2 here:
    #0 0x61c29c093939  (/tmp/asan_pair3_a1_vulnerable_574ug_gc/target/debug/deps/pair3_a1_vulnerable-59222f2d75d14c44+0xf9939) (BuildId: 50fd9ab3004a89e205ed1a73e691a67343e6a4c8)
    #1 0x61c29c15a157  (/tmp/asan_pair3_a1_vulnerable_574ug_gc/target/debug/deps/pair3_a1_vulnerable-59222f2d75d14c44+0x1c0157) (BuildId: 50fd9ab3004a89e205ed1a73e691a67343e6a4c8)
    #2 0x61c29c0ca64e  (/tmp/asan_pair3_a1_vulnerable_574ug_gc/target/debug/deps/pair3_a1_vulnerable-59222f2d75d14c44+0x13064e) (BuildId: 50fd9ab3004a89e205ed1a73e691a67343e6a4c8)
    #3 0x61c29c0d08fe  (/tmp/asan_pair3_a1_vulnerable_574ug_gc/target/debug/deps/pair3_a1_vulnerable-59222f2d75d14c44+0x1368fe) (BuildId: 50fd9ab3004a89e205ed1a73e691a67343e6a4c8)
    #4 0x61c29c0c2e96  (/tmp/asan_pair3_a1_vulnerable_574ug_gc/target/debug/deps/pair3_a1_vulnerable-59222f2d75d14c44+0x128e96) (BuildId: 50fd9ab3004a89e205ed1a73e691a67343e6a4c8)
    #5 0x61c29c0c31b5  (/tmp/asan_pair3_a1_vulnerable_574ug_gc/target/debug/deps/pair3_a1_vulnerable-59222f2d75d14c44+0x1291b5) (BuildId: 50fd9ab3004a89e205ed1a73e691a67343e6a4c8)
    #6 0x61c29c0d2040  (/tmp/asan_pair3_a1_vulnerable_574ug_gc/target/debug/deps/pair3_a1_vulnerable-59222f2d75d14c44+0x138040) (BuildId: 50fd9ab3004a89e205ed1a73e691a67343e6a4c8)
    #7 0x61c29c0ceab6  (/tmp/asan_pair3_a1_vulnerable_574ug_gc/target/debug/deps/pair3_a1_vulnerable-59222f2d75d14c44+0x134ab6) (BuildId: 50fd9ab3004a89e205ed1a73e691a67343e6a4c8)
    #8 0x61c29c0ca4ca  (/tmp/asan_pair3_a1_vulnerable_574ug_gc/target/debug/deps/pair3_a1_vulnerable-59222f2d75d14c44+0x1304ca) (BuildId: 50fd9ab3004a89e205ed1a73e691a67343e6a4c8)
    #9 0x61c29c0c545d  (/tmp/asan_pair3_a1_vulnerable_574ug_gc/target/debug/deps/pair3_a1_vulnerable-59222f2d75d14c44+0x12b45d) (BuildId: 50fd9ab3004a89e205ed1a73e691a67343e6a4c8)
    #10 0x61c29c091436  (/tmp/asan_pair3_a1_vulnerable_574ug_gc/target/debug/deps/pair3_a1_vulnerable-59222f2d75d14c44+0xf7436) (BuildId: 50fd9ab3004a89e205ed1a73e691a67343e6a4c8)

SUMMARY: AddressSanitizer: heap-buffer-overflow (/tmp/asan_pair3_a1_vulnerable_574ug_gc/target/debug/deps/pair3_a1_vulnerable-59222f2d75d14c44+0xf789d) (BuildId: 50fd9ab3004a89e205ed1a73e691a67343e6a4c8) 
Shadow bytes around the buggy address:
  0x6d1f9e9e3d80: fa fa fa fa fa fa fa fa fa fa fa fa fa fa fa fa
  0x6d1f9e9e3e00: fa fa fa fa fa fa fa fa fa fa fa fa fa fa fa fa
  0x6d1f9e9e3e80: fa fa fa fa fa fa fa fa fa fa fa fa fa fa fa fa
  0x6d1f9e9e3f00: fa fa fa fa fa fa fa fa fa fa fa fa fa fa fa fa
  0x6d1f9e9e3f80: fa fa fa fa fa fa fa fa fa fa fa fa fa fa fa fa
=>0x6d1f9e9e4000: fa fa 00 00[fa]fa fa fa fa fa fa fa fa fa fa fa
  0x6d1f9e9e4080: fa fa fa fa fa fa fa fa fa fa fa fa fa fa fa fa
  0x6d1f9e9e4100: fa fa fa fa fa fa fa fa fa fa fa fa fa fa fa fa
  0x6d1f9e9e4180: fa fa fa fa fa fa fa fa fa fa fa fa fa fa fa fa
  0x6d1f9e9e4200: fa fa fa fa fa fa fa fa fa fa fa fa fa fa fa fa
  0x6d1f9e9e4280: fa fa fa fa fa fa fa fa fa fa fa fa fa fa fa fa
Shadow byte legend (one shadow byte represents 8 application bytes):
  Addressable:           00
  Partially addressable: 01 02 03 04 05 06 07 
  Heap left redzone:       fa
  Freed heap region:       fd
  Stack left redzone:      f1
  Stack mid redzone:       f2
  Stack right redzone:     f3
  Stack after return:      f5
  Stack use after scope:   f8
  Global redzone:          f9
  Global init order:       f6
  Poisoned by user:        f7
  Container overflow:      fc
  Array cookie:            ac
  Intra object redzone:    bb
  ASan internal:           fe
  Left alloca redzone:     ca
  Right alloca redzone:    cb

thread '<unnamed>' (3773926) panicked at src/lib.rs:56:16:
range end index 50 out of range for slice of length 16
note: run with `RUST_BACKTRACE=1` environment variable to display a backtrace

thread 'tests::test_checksum' (3773925) panicked at src/lib.rs:58:38:
called `Result::unwrap()` on an `Err` value: Any { .. }
test tests::test_checksum ... FAILED

failures:

failures:
    tests::test_checksum

test result: FAILED. 0 passed; 1 failed; 0 ignored; 0 measured; 0 filtered out; finished in 0.01s

error: test failed, to rerun pass `--lib`
