$ (cwd=/tmp/asan_pair13_a3_vulnerable_ox5rz4xl) cargo +nightly test --lib -- --nocapture

   Compiling pair13_a3_vulnerable v0.1.0 (/tmp/asan_pair13_a3_vulnerable_ox5rz4xl)
    Finished `test` profile [unoptimized + debuginfo] target(s) in 0.19s
     Running unittests src/lib.rs (target/debug/deps/pair13_a3_vulnerable-812b5189f2c828cf)

running 1 test
=================================================================
==4163405==ERROR: AddressSanitizer: attempting double-free on 0x771ba87e4010 in thread T1:
    #0 0x5811f20b0b46  (/tmp/asan_pair13_a3_vulnerable_ox5rz4xl/target/debug/deps/pair13_a3_vulnerable-812b5189f2c828cf+0xf1b46) (BuildId: aaf080dab852be917dc5cfe5b9cb16a3286dd501)
    #1 0x5811f20e265a  (/tmp/asan_pair13_a3_vulnerable_ox5rz4xl/target/debug/deps/pair13_a3_vulnerable-812b5189f2c828cf+0x12365a) (BuildId: aaf080dab852be917dc5cfe5b9cb16a3286dd501)
    #2 0x5811f20dfac3  (/tmp/asan_pair13_a3_vulnerable_ox5rz4xl/target/debug/deps/pair13_a3_vulnerable-812b5189f2c828cf+0x120ac3) (BuildId: aaf080dab852be917dc5cfe5b9cb16a3286dd501)
    #3 0x5811f20df540  (/tmp/asan_pair13_a3_vulnerable_ox5rz4xl/target/debug/deps/pair13_a3_vulnerable-812b5189f2c828cf+0x120540) (BuildId: aaf080dab852be917dc5cfe5b9cb16a3286dd501)
    #4 0x5811f20e159c  (/tmp/asan_pair13_a3_vulnerable_ox5rz4xl/target/debug/deps/pair13_a3_vulnerable-812b5189f2c828cf+0x12259c) (BuildId: aaf080dab852be917dc5cfe5b9cb16a3286dd501)
    #5 0x5811f20e0165  (/tmp/asan_pair13_a3_vulnerable_ox5rz4xl/target/debug/deps/pair13_a3_vulnerable-812b5189f2c828cf+0x121165) (BuildId: aaf080dab852be917dc5cfe5b9cb16a3286dd501)
    #6 0x5811f20e0e7b  (/tmp/asan_pair13_a3_vulnerable_ox5rz4xl/target/debug/deps/pair13_a3_vulnerable-812b5189f2c828cf+0x121e7b) (BuildId: aaf080dab852be917dc5cfe5b9cb16a3286dd501)
    #7 0x5811f20e2aea  (/tmp/asan_pair13_a3_vulnerable_ox5rz4xl/target/debug/deps/pair13_a3_vulnerable-812b5189f2c828cf+0x123aea) (BuildId: aaf080dab852be917dc5cfe5b9cb16a3286dd501)
    #8 0x5811f20e297b  (/tmp/asan_pair13_a3_vulnerable_ox5rz4xl/target/debug/deps/pair13_a3_vulnerable-812b5189f2c828cf+0x12397b) (BuildId: aaf080dab852be917dc5cfe5b9cb16a3286dd501)
    #9 0x5811f20dfe90  (/tmp/asan_pair13_a3_vulnerable_ox5rz4xl/target/debug/deps/pair13_a3_vulnerable-812b5189f2c828cf+0x120e90) (BuildId: aaf080dab852be917dc5cfe5b9cb16a3286dd501)
    #10 0x5811f20e0146  (/tmp/asan_pair13_a3_vulnerable_ox5rz4xl/target/debug/deps/pair13_a3_vulnerable-812b5189f2c828cf+0x121146) (BuildId: aaf080dab852be917dc5cfe5b9cb16a3286dd501)
    #11 0x5811f20df445  (/tmp/asan_pair13_a3_vulnerable_ox5rz4xl/target/debug/deps/pair13_a3_vulnerable-812b5189f2c828cf+0x120445) (BuildId: aaf080dab852be917dc5cfe5b9cb16a3286dd501)
    #12 0x5811f2103f6a  (/tmp/asan_pair13_a3_vulnerable_ox5rz4xl/target/debug/deps/pair13_a3_vulnerable-812b5189f2c828cf+0x144f6a) (BuildId: aaf080dab852be917dc5cfe5b9cb16a3286dd501)
    #13 0x5811f2119954  (/tmp/asan_pair13_a3_vulnerable_ox5rz4xl/target/debug/deps/pair13_a3_vulnerable-812b5189f2c828cf+0x15a954) (BuildId: aaf080dab852be917dc5cfe5b9cb16a3286dd501)
    #14 0x5811f20f0373  (/tmp/asan_pair13_a3_vulnerable_ox5rz4xl/target/debug/deps/pair13_a3_vulnerable-812b5189f2c828cf+0x131373) (BuildId: aaf080dab852be917dc5cfe5b9cb16a3286dd501)
    #15 0x5811f20f3d59  (/tmp/asan_pair13_a3_vulnerable_ox5rz4xl/target/debug/deps/pair13_a3_vulnerable-812b5189f2c828cf+0x134d59) (BuildId: aaf080dab852be917dc5cfe5b9cb16a3286dd501)
    #16 0x5811f213997e  (/tmp/asan_pair13_a3_vulnerable_ox5rz4xl/target/debug/deps/pair13_a3_vulnerable-812b5189f2c828cf+0x17a97e) (BuildId: aaf080dab852be917dc5cfe5b9cb16a3286dd501)
    #17 0x5811f20aeca6  (/tmp/asan_pair13_a3_vulnerable_ox5rz4xl/target/debug/deps/pair13_a3_vulnerable-812b5189f2c828cf+0xefca6) (BuildId: aaf080dab852be917dc5cfe5b9cb16a3286dd501)
    #18 0x7afba9694ac2  (/lib/x86_64-linux-gnu/libc.so.6+0x94ac2) (BuildId: d5197096f709801829b118af1b7cf6631efa2dcd)
    #19 0x7afba972684f  (/lib/x86_64-linux-gnu/libc.so.6+0x12684f) (BuildId: d5197096f709801829b118af1b7cf6631efa2dcd)

0x771ba87e4010 is located 0 bytes inside of 4-byte region [0x771ba87e4010,0x771ba87e4014)
freed by thread T1 here:
    #0 0x5811f20b0b46  (/tmp/asan_pair13_a3_vulnerable_ox5rz4xl/target/debug/deps/pair13_a3_vulnerable-812b5189f2c828cf+0xf1b46) (BuildId: aaf080dab852be917dc5cfe5b9cb16a3286dd501)
    #1 0x5811f20e265a  (/tmp/asan_pair13_a3_vulnerable_ox5rz4xl/target/debug/deps/pair13_a3_vulnerable-812b5189f2c828cf+0x12365a) (BuildId: aaf080dab852be917dc5cfe5b9cb16a3286dd501)
    #2 0x5811f20dfac3  (/tmp/asan_pair13_a3_vulnerable_ox5rz4xl/target/debug/deps/pair13_a3_vulnerable-812b5189f2c828cf+0x120ac3) (BuildId: aaf080dab852be917dc5cfe5b9cb16a3286dd501)
    #3 0x5811f20df540  (/tmp/asan_pair13_a3_vulnerable_ox5rz4xl/target/debug/deps/pair13_a3_vulnerable-812b5189f2c828cf+0x120540) (BuildId: aaf080dab852be917dc5cfe5b9cb16a3286dd501)
    #4 0x5811f20e0165  (/tmp/asan_pair13_a3_vulnerable_ox5rz4xl/target/debug/deps/pair13_a3_vulnerable-812b5189f2c828cf+0x121165) (BuildId: aaf080dab852be917dc5cfe5b9cb16a3286dd501)
    #5 0x5811f20dfe90  (/tmp/asan_pair13_a3_vulnerable_ox5rz4xl/target/debug/deps/pair13_a3_vulnerable-812b5189f2c828cf+0x120e90) (BuildId: aaf080dab852be917dc5cfe5b9cb16a3286dd501)
    #6 0x5811f20e0146  (/tmp/asan_pair13_a3_vulnerable_ox5rz4xl/target/debug/deps/pair13_a3_vulnerable-812b5189f2c828cf+0x121146) (BuildId: aaf080dab852be917dc5cfe5b9cb16a3286dd501)
    #7 0x5811f2119954  (/tmp/asan_pair13_a3_vulnerable_ox5rz4xl/target/debug/deps/pair13_a3_vulnerable-812b5189f2c828cf+0x15a954) (BuildId: aaf080dab852be917dc5cfe5b9cb16a3286dd501)
    #8 0x5811f20f0373  (/tmp/asan_pair13_a3_vulnerable_ox5rz4xl/target/debug/deps/pair13_a3_vulnerable-812b5189f2c828cf+0x131373) (BuildId: aaf080dab852be917dc5cfe5b9cb16a3286dd501)
    #9 0x5811f20f3d59  (/tmp/asan_pair13_a3_vulnerable_ox5rz4xl/target/debug/deps/pair13_a3_vulnerable-812b5189f2c828cf+0x134d59) (BuildId: aaf080dab852be917dc5cfe5b9cb16a3286dd501)
    #10 0x5811f213997e  (/tmp/asan_pair13_a3_vulnerable_ox5rz4xl/target/debug/deps/pair13_a3_vulnerable-812b5189f2c828cf+0x17a97e) (BuildId: aaf080dab852be917dc5cfe5b9cb16a3286dd501)
    #11 0x5811f20aeca6  (/tmp/asan_pair13_a3_vulnerable_ox5rz4xl/target/debug/deps/pair13_a3_vulnerable-812b5189f2c828cf+0xefca6) (BuildId: aaf080dab852be917dc5cfe5b9cb16a3286dd501)

previously allocated by thread T1 here:
    #0 0x5811f20b0de4  (/tmp/asan_pair13_a3_vulnerable_ox5rz4xl/target/debug/deps/pair13_a3_vulnerable-812b5189f2c828cf+0xf1de4) (BuildId: aaf080dab852be917dc5cfe5b9cb16a3286dd501)
    #1 0x5811f20e2343  (/tmp/asan_pair13_a3_vulnerable_ox5rz4xl/target/debug/deps/pair13_a3_vulnerable-812b5189f2c828cf+0x123343) (BuildId: aaf080dab852be917dc5cfe5b9cb16a3286dd501)
    #2 0x5811f20e2044  (/tmp/asan_pair13_a3_vulnerable_ox5rz4xl/target/debug/deps/pair13_a3_vulnerable-812b5189f2c828cf+0x123044) (BuildId: aaf080dab852be917dc5cfe5b9cb16a3286dd501)
    #3 0x5811f20e0165  (/tmp/asan_pair13_a3_vulnerable_ox5rz4xl/target/debug/deps/pair13_a3_vulnerable-812b5189f2c828cf+0x121165) (BuildId: aaf080dab852be917dc5cfe5b9cb16a3286dd501)
    #4 0x5811f20dfe90  (/tmp/asan_pair13_a3_vulnerable_ox5rz4xl/target/debug/deps/pair13_a3_vulnerable-812b5189f2c828cf+0x120e90) (BuildId: aaf080dab852be917dc5cfe5b9cb16a3286dd501)
    #5 0x5811f20e0146  (/tmp/asan_pair13_a3_vulnerable_ox5rz4xl/target/debug/deps/pair13_a3_vulnerable-812b5189f2c828cf+0x121146) (BuildId: aaf080dab852be917dc5cfe5b9cb16a3286dd501)
    #6 0x5811f2119954  (/tmp/asan_pair13_a3_vulnerable_ox5rz4xl/target/debug/deps/pair13_a3_vulnerable-812b5189f2c828cf+0x15a954) (BuildId: aaf080dab852be917dc5cfe5b9cb16a3286dd501)
    #7 0x5811f20f0373  (/tmp/asan_pair13_a3_vulnerable_ox5rz4xl/target/debug/deps/pair13_a3_vulnerable-812b5189f2c828cf+0x131373) (BuildId: aaf080dab852be917dc5cfe5b9cb16a3286dd501)
    #8 0x5811f20f3d59  (/tmp/asan_pair13_a3_vulnerable_ox5rz4xl/target/debug/deps/pair13_a3_vulnerable-812b5189f2c828cf+0x134d59) (BuildId: aaf080dab852be917dc5cfe5b9cb16a3286dd501)
    #9 0x5811f213997e  (/tmp/asan_pair13_a3_vulnerable_ox5rz4xl/target/debug/deps/pair13_a3_vulnerable-812b5189f2c828cf+0x17a97e) (BuildId: aaf080dab852be917dc5cfe5b9cb16a3286dd501)
    #10 0x5811f20aeca6  (/tmp/asan_pair13_a3_vulnerable_ox5rz4xl/target/debug/deps/pair13_a3_vulnerable-812b5189f2c828cf+0xefca6) (BuildId: aaf080dab852be917dc5cfe5b9cb16a3286dd501)

Thread T1 created by T0 here:
    #0 0x5811f20956d1  (/tmp/asan_pair13_a3_vulnerable_ox5rz4xl/target/debug/deps/pair13_a3_vulnerable-812b5189f2c828cf+0xd66d1) (BuildId: aaf080dab852be917dc5cfe5b9cb16a3286dd501)
    #1 0x5811f2139b9f  (/tmp/asan_pair13_a3_vulnerable_ox5rz4xl/target/debug/deps/pair13_a3_vulnerable-812b5189f2c828cf+0x17ab9f) (BuildId: aaf080dab852be917dc5cfe5b9cb16a3286dd501)
    #2 0x5811f21184cd  (/tmp/asan_pair13_a3_vulnerable_ox5rz4xl/target/debug/deps/pair13_a3_vulnerable-812b5189f2c828cf+0x1594cd) (BuildId: aaf080dab852be917dc5cfe5b9cb16a3286dd501)
    #3 0x5811f2111814  (/tmp/asan_pair13_a3_vulnerable_ox5rz4xl/target/debug/deps/pair13_a3_vulnerable-812b5189f2c828cf+0x152814) (BuildId: aaf080dab852be917dc5cfe5b9cb16a3286dd501)
    #4 0x5811f211ae55  (/tmp/asan_pair13_a3_vulnerable_ox5rz4xl/target/debug/deps/pair13_a3_vulnerable-812b5189f2c828cf+0x15be55) (BuildId: aaf080dab852be917dc5cfe5b9cb16a3286dd501)
    #5 0x5811f2103baa  (/tmp/asan_pair13_a3_vulnerable_ox5rz4xl/target/debug/deps/pair13_a3_vulnerable-812b5189f2c828cf+0x144baa) (BuildId: aaf080dab852be917dc5cfe5b9cb16a3286dd501)
    #6 0x5811f20e1732  (/tmp/asan_pair13_a3_vulnerable_ox5rz4xl/target/debug/deps/pair13_a3_vulnerable-812b5189f2c828cf+0x122732) (BuildId: aaf080dab852be917dc5cfe5b9cb16a3286dd501)
    #7 0x5811f20e1e7f  (/tmp/asan_pair13_a3_vulnerable_ox5rz4xl/target/debug/deps/pair13_a3_vulnerable-812b5189f2c828cf+0x122e7f) (BuildId: aaf080dab852be917dc5cfe5b9cb16a3286dd501)
    #8 0x5811f20e175d  (/tmp/asan_pair13_a3_vulnerable_ox5rz4xl/target/debug/deps/pair13_a3_vulnerable-812b5189f2c828cf+0x12275d) (BuildId: aaf080dab852be917dc5cfe5b9cb16a3286dd501)

SUMMARY: AddressSanitizer: double-free (/tmp/asan_pair13_a3_vulnerable_ox5rz4xl/target/debug/deps/pair13_a3_vulnerable-812b5189f2c828cf+0xf1b46) (BuildId: aaf080dab852be917dc5cfe5b9cb16a3286dd501) 
test tests::test_oracle ... ok

test result: ok. 1 passed; 0 failed; 0 ignored; 0 measured; 0 filtered out; finished in 0.00s

