$ (cwd=/tmp/asan_pair15_vulnerable_yfi6iwbr) cargo +nightly test --lib -- --nocapture

   Compiling pair15_vulnerable v0.1.0 (/tmp/asan_pair15_vulnerable_yfi6iwbr)
    Finished `test` profile [unoptimized + debuginfo] target(s) in 0.23s
     Running unittests src/lib.rs (target/debug/deps/pair15_vulnerable-38277e6d74255afb)

running 1 test
=================================================================
==3479994==ERROR: AddressSanitizer: heap-use-after-free on address 0x7846bb7e4010 at pc 0x5eced26909a9 bp 0x7826b91fe210 sp 0x7826b91fe208
READ of size 4 at 0x7846bb7e4010 thread T1
    #0 0x5eced26909a8  (/tmp/asan_pair15_vulnerable_yfi6iwbr/target/debug/deps/pair15_vulnerable-38277e6d74255afb+0x12f9a8) (BuildId: 20a9c8c3c2d48a755aaa5aab164c17d61aacbc9b)
    #1 0x5eced269062a  (/tmp/asan_pair15_vulnerable_yfi6iwbr/target/debug/deps/pair15_vulnerable-38277e6d74255afb+0x12f62a) (BuildId: 20a9c8c3c2d48a755aaa5aab164c17d61aacbc9b)
    #2 0x5eced268732e  (/tmp/asan_pair15_vulnerable_yfi6iwbr/target/debug/deps/pair15_vulnerable-38277e6d74255afb+0x12632e) (BuildId: 20a9c8c3c2d48a755aaa5aab164c17d61aacbc9b)
    #3 0x5eced2688156  (/tmp/asan_pair15_vulnerable_yfi6iwbr/target/debug/deps/pair15_vulnerable-38277e6d74255afb+0x127156) (BuildId: 20a9c8c3c2d48a755aaa5aab164c17d61aacbc9b)
    #4 0x5eced2691af5  (/tmp/asan_pair15_vulnerable_yfi6iwbr/target/debug/deps/pair15_vulnerable-38277e6d74255afb+0x130af5) (BuildId: 20a9c8c3c2d48a755aaa5aab164c17d61aacbc9b)
    #5 0x5eced26b5c1a  (/tmp/asan_pair15_vulnerable_yfi6iwbr/target/debug/deps/pair15_vulnerable-38277e6d74255afb+0x154c1a) (BuildId: 20a9c8c3c2d48a755aaa5aab164c17d61aacbc9b)
    #6 0x5eced26cb604  (/tmp/asan_pair15_vulnerable_yfi6iwbr/target/debug/deps/pair15_vulnerable-38277e6d74255afb+0x16a604) (BuildId: 20a9c8c3c2d48a755aaa5aab164c17d61aacbc9b)
    #7 0x5eced26a2023  (/tmp/asan_pair15_vulnerable_yfi6iwbr/target/debug/deps/pair15_vulnerable-38277e6d74255afb+0x141023) (BuildId: 20a9c8c3c2d48a755aaa5aab164c17d61aacbc9b)
    #8 0x5eced26a5a09  (/tmp/asan_pair15_vulnerable_yfi6iwbr/target/debug/deps/pair15_vulnerable-38277e6d74255afb+0x144a09) (BuildId: 20a9c8c3c2d48a755aaa5aab164c17d61aacbc9b)
    #9 0x5eced26eb62e  (/tmp/asan_pair15_vulnerable_yfi6iwbr/target/debug/deps/pair15_vulnerable-38277e6d74255afb+0x18a62e) (BuildId: 20a9c8c3c2d48a755aaa5aab164c17d61aacbc9b)
    #10 0x5eced2656496  (/tmp/asan_pair15_vulnerable_yfi6iwbr/target/debug/deps/pair15_vulnerable-38277e6d74255afb+0xf5496) (BuildId: 20a9c8c3c2d48a755aaa5aab164c17d61aacbc9b)
    #11 0x7c26bc494ac2  (/lib/x86_64-linux-gnu/libc.so.6+0x94ac2) (BuildId: d5197096f709801829b118af1b7cf6631efa2dcd)
    #12 0x7c26bc52684f  (/lib/x86_64-linux-gnu/libc.so.6+0x12684f) (BuildId: d5197096f709801829b118af1b7cf6631efa2dcd)

0x7846bb7e4010 is located 0 bytes inside of 4-byte region [0x7846bb7e4010,0x7846bb7e4014)
freed by thread T1 here:
    #0 0x5eced2658526  (/tmp/asan_pair15_vulnerable_yfi6iwbr/target/debug/deps/pair15_vulnerable-38277e6d74255afb+0xf7526) (BuildId: 20a9c8c3c2d48a755aaa5aab164c17d61aacbc9b)
    #1 0x5eced2694faa  (/tmp/asan_pair15_vulnerable_yfi6iwbr/target/debug/deps/pair15_vulnerable-38277e6d74255afb+0x133faa) (BuildId: 20a9c8c3c2d48a755aaa5aab164c17d61aacbc9b)
    #2 0x5eced2693a83  (/tmp/asan_pair15_vulnerable_yfi6iwbr/target/debug/deps/pair15_vulnerable-38277e6d74255afb+0x132a83) (BuildId: 20a9c8c3c2d48a755aaa5aab164c17d61aacbc9b)
    #3 0x5eced2692340  (/tmp/asan_pair15_vulnerable_yfi6iwbr/target/debug/deps/pair15_vulnerable-38277e6d74255afb+0x131340) (BuildId: 20a9c8c3c2d48a755aaa5aab164c17d61aacbc9b)
    #4 0x5eced269080a  (/tmp/asan_pair15_vulnerable_yfi6iwbr/target/debug/deps/pair15_vulnerable-38277e6d74255afb+0x12f80a) (BuildId: 20a9c8c3c2d48a755aaa5aab164c17d61aacbc9b)
    #5 0x5eced269062a  (/tmp/asan_pair15_vulnerable_yfi6iwbr/target/debug/deps/pair15_vulnerable-38277e6d74255afb+0x12f62a) (BuildId: 20a9c8c3c2d48a755aaa5aab164c17d61aacbc9b)
    #6 0x5eced2688156  (/tmp/asan_pair15_vulnerable_yfi6iwbr/target/debug/deps/pair15_vulnerable-38277e6d74255afb+0x127156) (BuildId: 20a9c8c3c2d48a755aaa5aab164c17d61aacbc9b)
    #7 0x5eced26cb604  (/tmp/asan_pair15_vulnerable_yfi6iwbr/target/debug/deps/pair15_vulnerable-38277e6d74255afb+0x16a604) (BuildId: 20a9c8c3c2d48a755aaa5aab164c17d61aacbc9b)
    #8 0x5eced26a2023  (/tmp/asan_pair15_vulnerable_yfi6iwbr/target/debug/deps/pair15_vulnerable-38277e6d74255afb+0x141023) (BuildId: 20a9c8c3c2d48a755aaa5aab164c17d61aacbc9b)
    #9 0x5eced26a5a09  (/tmp/asan_pair15_vulnerable_yfi6iwbr/target/debug/deps/pair15_vulnerable-38277e6d74255afb+0x144a09) (BuildId: 20a9c8c3c2d48a755aaa5aab164c17d61aacbc9b)
    #10 0x5eced26eb62e  (/tmp/asan_pair15_vulnerable_yfi6iwbr/target/debug/deps/pair15_vulnerable-38277e6d74255afb+0x18a62e) (BuildId: 20a9c8c3c2d48a755aaa5aab164c17d61aacbc9b)
    #11 0x5eced2656496  (/tmp/asan_pair15_vulnerable_yfi6iwbr/target/debug/deps/pair15_vulnerable-38277e6d74255afb+0xf5496) (BuildId: 20a9c8c3c2d48a755aaa5aab164c17d61aacbc9b)

previously allocated by thread T1 here:
    #0 0x5eced26587c4  (/tmp/asan_pair15_vulnerable_yfi6iwbr/target/debug/deps/pair15_vulnerable-38277e6d74255afb+0xf77c4) (BuildId: 20a9c8c3c2d48a755aaa5aab164c17d61aacbc9b)
    #1 0x5eced2694c93  (/tmp/asan_pair15_vulnerable_yfi6iwbr/target/debug/deps/pair15_vulnerable-38277e6d74255afb+0x133c93) (BuildId: 20a9c8c3c2d48a755aaa5aab164c17d61aacbc9b)
    #2 0x5eced2694994  (/tmp/asan_pair15_vulnerable_yfi6iwbr/target/debug/deps/pair15_vulnerable-38277e6d74255afb+0x133994) (BuildId: 20a9c8c3c2d48a755aaa5aab164c17d61aacbc9b)
    #3 0x5eced269062a  (/tmp/asan_pair15_vulnerable_yfi6iwbr/target/debug/deps/pair15_vulnerable-38277e6d74255afb+0x12f62a) (BuildId: 20a9c8c3c2d48a755aaa5aab164c17d61aacbc9b)
    #4 0x5eced2688156  (/tmp/asan_pair15_vulnerable_yfi6iwbr/target/debug/deps/pair15_vulnerable-38277e6d74255afb+0x127156) (BuildId: 20a9c8c3c2d48a755aaa5aab164c17d61aacbc9b)
    #5 0x5eced26cb604  (/tmp/asan_pair15_vulnerable_yfi6iwbr/target/debug/deps/pair15_vulnerable-38277e6d74255afb+0x16a604) (BuildId: 20a9c8c3c2d48a755aaa5aab164c17d61aacbc9b)
    #6 0x5eced26a2023  (/tmp/asan_pair15_vulnerable_yfi6iwbr/target/debug/deps/pair15_vulnerable-38277e6d74255afb+0x141023) (BuildId: 20a9c8c3c2d48a755aaa5aab164c17d61aacbc9b)
    #7 0x5eced26a5a09  (/tmp/asan_pair15_vulnerable_yfi6iwbr/target/debug/deps/pair15_vulnerable-38277e6d74255afb+0x144a09) (BuildId: 20a9c8c3c2d48a755aaa5aab164c17d61aacbc9b)
    #8 0x5eced26eb62e  (/tmp/asan_pair15_vulnerable_yfi6iwbr/target/debug/deps/pair15_vulnerable-38277e6d74255afb+0x18a62e) (BuildId: 20a9c8c3c2d48a755aaa5aab164c17d61aacbc9b)
    #9 0x5eced2656496  (/tmp/asan_pair15_vulnerable_yfi6iwbr/target/debug/deps/pair15_vulnerable-38277e6d74255afb+0xf5496) (BuildId: 20a9c8c3c2d48a755aaa5aab164c17d61aacbc9b)

Thread T1 created by T0 here:
    #0 0x5eced263cec1  (/tmp/asan_pair15_vulnerable_yfi6iwbr/target/debug/deps/pair15_vulnerable-38277e6d74255afb+0xdbec1) (BuildId: 20a9c8c3c2d48a755aaa5aab164c17d61aacbc9b)
    #1 0x5eced26eb84f  (/tmp/asan_pair15_vulnerable_yfi6iwbr/target/debug/deps/pair15_vulnerable-38277e6d74255afb+0x18a84f) (BuildId: 20a9c8c3c2d48a755aaa5aab164c17d61aacbc9b)
    #2 0x5eced26ca17d  (/tmp/asan_pair15_vulnerable_yfi6iwbr/target/debug/deps/pair15_vulnerable-38277e6d74255afb+0x16917d) (BuildId: 20a9c8c3c2d48a755aaa5aab164c17d61aacbc9b)
    #3 0x5eced26c34c4  (/tmp/asan_pair15_vulnerable_yfi6iwbr/target/debug/deps/pair15_vulnerable-38277e6d74255afb+0x1624c4) (BuildId: 20a9c8c3c2d48a755aaa5aab164c17d61aacbc9b)
    #4 0x5eced26ccb05  (/tmp/asan_pair15_vulnerable_yfi6iwbr/target/debug/deps/pair15_vulnerable-38277e6d74255afb+0x16bb05) (BuildId: 20a9c8c3c2d48a755aaa5aab164c17d61aacbc9b)
    #5 0x5eced26b585a  (/tmp/asan_pair15_vulnerable_yfi6iwbr/target/debug/deps/pair15_vulnerable-38277e6d74255afb+0x15485a) (BuildId: 20a9c8c3c2d48a755aaa5aab164c17d61aacbc9b)
    #6 0x5eced2690612  (/tmp/asan_pair15_vulnerable_yfi6iwbr/target/debug/deps/pair15_vulnerable-38277e6d74255afb+0x12f612) (BuildId: 20a9c8c3c2d48a755aaa5aab164c17d61aacbc9b)
    #7 0x5eced269414f  (/tmp/asan_pair15_vulnerable_yfi6iwbr/target/debug/deps/pair15_vulnerable-38277e6d74255afb+0x13314f) (BuildId: 20a9c8c3c2d48a755aaa5aab164c17d61aacbc9b)
    #8 0x5eced2690a4d  (/tmp/asan_pair15_vulnerable_yfi6iwbr/target/debug/deps/pair15_vulnerable-38277e6d74255afb+0x12fa4d) (BuildId: 20a9c8c3c2d48a755aaa5aab164c17d61aacbc9b)

SUMMARY: AddressSanitizer: heap-use-after-free (/tmp/asan_pair15_vulnerable_yfi6iwbr/target/debug/deps/pair15_vulnerable-38277e6d74255afb+0x12f9a8) (BuildId: 20a9c8c3c2d48a755aaa5aab164c17d61aacbc9b) 
Shadow bytes around the buggy address:
  0x7846bb7e3d80: fa fa fa fa fa fa fa fa fa fa fa fa fa fa fa fa
  0x7846bb7e3e00: fa fa fa fa fa fa fa fa fa fa fa fa fa fa fa fa
  0x7846bb7e3e80: fa fa fa fa fa fa fa fa fa fa fa fa fa fa fa fa
  0x7846bb7e3f00: fa fa fa fa fa fa fa fa fa fa fa fa fa fa fa fa
  0x7846bb7e3f80: fa fa fa fa fa fa fa fa fa fa fa fa fa fa fa fa
=>0x7846bb7e4000: fa fa[fd]fa fa fa fa fa fa fa fa fa fa fa fa fa
  0x7846bb7e4080: fa fa fa fa fa fa fa fa fa fa fa fa fa fa fa fa
  0x7846bb7e4100: fa fa fa fa fa fa fa fa fa fa fa fa fa fa fa fa
  0x7846bb7e4180: fa fa fa fa fa fa fa fa fa fa fa fa fa fa fa fa
  0x7846bb7e4200: fa fa fa fa fa fa fa fa fa fa fa fa fa fa fa fa
  0x7846bb7e4280: fa fa fa fa fa fa fa fa fa fa fa fa fa fa fa fa
Shadow byte legend (one shadow byte represents 8 application bytes):
  Addressable:           00
  Partially addressable: 01 02 03 04 05 06 07 
  Heap left redzone:       fa
  Freed heap region:       fd
  Stack left redzone:      f1
  Stack mid redzone:       f2
  Stack right redzone:     f3
  Stack after return:      f5
  Stack use after scope:   f8
  Global redzone:          f9
  Global init order:       f6
  Poisoned by user:        f7
  Container overflow:      fc
  Array cookie:            ac
  Intra object redzone:    bb
  ASan internal:           fe
  Left alloca redzone:     ca
  Right alloca redzone:    cb
==3479994==ABORTING
error: test failed, to rerun pass `--lib`

Caused by:
  process didn't exit successfully: `/tmp/asan_pair15_vulnerable_yfi6iwbr/target/debug/deps/pair15_vulnerable-38277e6d74255afb --nocapture` (exit status: 1)
