$ (cwd=/tmp/asan_pair3_vulnerable_8h2ydetq) cargo +nightly test --lib -- --nocapture

   Compiling pair3_vulnerable v0.1.0 (/tmp/asan_pair3_vulnerable_8h2ydetq)
    Finished `test` profile [unoptimized + debuginfo] target(s) in 0.20s
     Running unittests src/lib.rs (target/debug/deps/pair3_vulnerable-b486ad0460a0c293)

running 1 test
=================================================================
==3445263==ERROR: AddressSanitizer: heap-buffer-overflow on address 0x7530461e401a at pc 0x5bd188e82aa1 bp 0x751043bfe040 sp 0x751043bfe038
WRITE of size 1 at 0x7530461e401a thread T1
    #0 0x5bd188e82aa0  (/tmp/asan_pair3_vulnerable_8h2ydetq/target/debug/deps/pair3_vulnerable-b486ad0460a0c293+0x122aa0) (BuildId: a91e2592c651db4c5d2a325893f6784974195462)
    #1 0x5bd188e82db8  (/tmp/asan_pair3_vulnerable_8h2ydetq/target/debug/deps/pair3_vulnerable-b486ad0460a0c293+0x122db8) (BuildId: a91e2592c651db4c5d2a325893f6784974195462)
    #2 0x5bd188e8446b  (/tmp/asan_pair3_vulnerable_8h2ydetq/target/debug/deps/pair3_vulnerable-b486ad0460a0c293+0x12446b) (BuildId: a91e2592c651db4c5d2a325893f6784974195462)
    #3 0x5bd188e846e2  (/tmp/asan_pair3_vulnerable_8h2ydetq/target/debug/deps/pair3_vulnerable-b486ad0460a0c293+0x1246e2) (BuildId: a91e2592c651db4c5d2a325893f6784974195462)
    #4 0x5bd188e87faa  (/tmp/asan_pair3_vulnerable_8h2ydetq/target/debug/deps/pair3_vulnerable-b486ad0460a0c293+0x127faa) (BuildId: a91e2592c651db4c5d2a325893f6784974195462)
    #5 0x5bd188e87ee6  (/tmp/asan_pair3_vulnerable_8h2ydetq/target/debug/deps/pair3_vulnerable-b486ad0460a0c293+0x127ee6) (BuildId: a91e2592c651db4c5d2a325893f6784974195462)
    #6 0x5bd188e825f9  (/tmp/asan_pair3_vulnerable_8h2ydetq/target/debug/deps/pair3_vulnerable-b486ad0460a0c293+0x1225f9) (BuildId: a91e2592c651db4c5d2a325893f6784974195462)
    #7 0x5bd188e84436  (/tmp/asan_pair3_vulnerable_8h2ydetq/target/debug/deps/pair3_vulnerable-b486ad0460a0c293+0x124436) (BuildId: a91e2592c651db4c5d2a325893f6784974195462)
    #8 0x5bd188e83675  (/tmp/asan_pair3_vulnerable_8h2ydetq/target/debug/deps/pair3_vulnerable-b486ad0460a0c293+0x123675) (BuildId: a91e2592c651db4c5d2a325893f6784974195462)
    #9 0x5bd188ea8c2a  (/tmp/asan_pair3_vulnerable_8h2ydetq/target/debug/deps/pair3_vulnerable-b486ad0460a0c293+0x148c2a) (BuildId: a91e2592c651db4c5d2a325893f6784974195462)
    #10 0x5bd188ebe614  (/tmp/asan_pair3_vulnerable_8h2ydetq/target/debug/deps/pair3_vulnerable-b486ad0460a0c293+0x15e614) (BuildId: a91e2592c651db4c5d2a325893f6784974195462)
    #11 0x5bd188e95033  (/tmp/asan_pair3_vulnerable_8h2ydetq/target/debug/deps/pair3_vulnerable-b486ad0460a0c293+0x135033) (BuildId: a91e2592c651db4c5d2a325893f6784974195462)
    #12 0x5bd188e98a19  (/tmp/asan_pair3_vulnerable_8h2ydetq/target/debug/deps/pair3_vulnerable-b486ad0460a0c293+0x138a19) (BuildId: a91e2592c651db4c5d2a325893f6784974195462)
    #13 0x5bd188ede63e  (/tmp/asan_pair3_vulnerable_8h2ydetq/target/debug/deps/pair3_vulnerable-b486ad0460a0c293+0x17e63e) (BuildId: a91e2592c651db4c5d2a325893f6784974195462)
    #14 0x5bd188e51096  (/tmp/asan_pair3_vulnerable_8h2ydetq/target/debug/deps/pair3_vulnerable-b486ad0460a0c293+0xf1096) (BuildId: a91e2592c651db4c5d2a325893f6784974195462)
    #15 0x791046e94ac2  (/lib/x86_64-linux-gnu/libc.so.6+0x94ac2) (BuildId: d5197096f709801829b118af1b7cf6631efa2dcd)
    #16 0x791046f2684f  (/lib/x86_64-linux-gnu/libc.so.6+0x12684f) (BuildId: d5197096f709801829b118af1b7cf6631efa2dcd)

0x7530461e401a is located 0 bytes after 10-byte region [0x7530461e4010,0x7530461e401a)
allocated by thread T1 here:
    #0 0x5bd188e53599  (/tmp/asan_pair3_vulnerable_8h2ydetq/target/debug/deps/pair3_vulnerable-b486ad0460a0c293+0xf3599) (BuildId: a91e2592c651db4c5d2a325893f6784974195462)
    #1 0x5bd188f0ebb7  (/tmp/asan_pair3_vulnerable_8h2ydetq/target/debug/deps/pair3_vulnerable-b486ad0460a0c293+0x1aebb7) (BuildId: a91e2592c651db4c5d2a325893f6784974195462)
    #2 0x5bd188e821ae  (/tmp/asan_pair3_vulnerable_8h2ydetq/target/debug/deps/pair3_vulnerable-b486ad0460a0c293+0x1221ae) (BuildId: a91e2592c651db4c5d2a325893f6784974195462)
    #3 0x5bd188e8480e  (/tmp/asan_pair3_vulnerable_8h2ydetq/target/debug/deps/pair3_vulnerable-b486ad0460a0c293+0x12480e) (BuildId: a91e2592c651db4c5d2a325893f6784974195462)
    #4 0x5bd188e825a1  (/tmp/asan_pair3_vulnerable_8h2ydetq/target/debug/deps/pair3_vulnerable-b486ad0460a0c293+0x1225a1) (BuildId: a91e2592c651db4c5d2a325893f6784974195462)
    #5 0x5bd188e84436  (/tmp/asan_pair3_vulnerable_8h2ydetq/target/debug/deps/pair3_vulnerable-b486ad0460a0c293+0x124436) (BuildId: a91e2592c651db4c5d2a325893f6784974195462)
    #6 0x5bd188ebe614  (/tmp/asan_pair3_vulnerable_8h2ydetq/target/debug/deps/pair3_vulnerable-b486ad0460a0c293+0x15e614) (BuildId: a91e2592c651db4c5d2a325893f6784974195462)
    #7 0x5bd188e95033  (/tmp/asan_pair3_vulnerable_8h2ydetq/target/debug/deps/pair3_vulnerable-b486ad0460a0c293+0x135033) (BuildId: a91e2592c651db4c5d2a325893f6784974195462)
    #8 0x5bd188e98a19  (/tmp/asan_pair3_vulnerable_8h2ydetq/target/debug/deps/pair3_vulnerable-b486ad0460a0c293+0x138a19) (BuildId: a91e2592c651db4c5d2a325893f6784974195462)
    #9 0x5bd188ede63e  (/tmp/asan_pair3_vulnerable_8h2ydetq/target/debug/deps/pair3_vulnerable-b486ad0460a0c293+0x17e63e) (BuildId: a91e2592c651db4c5d2a325893f6784974195462)
    #10 0x5bd188e51096  (/tmp/asan_pair3_vulnerable_8h2ydetq/target/debug/deps/pair3_vulnerable-b486ad0460a0c293+0xf1096) (BuildId: a91e2592c651db4c5d2a325893f6784974195462)

Thread T1 created by T0 here:
    #0 0x5bd188e37ac1  (/tmp/asan_pair3_vulnerable_8h2ydetq/target/debug/deps/pair3_vulnerable-b486ad0460a0c293+0xd7ac1) (BuildId: a91e2592c651db4c5d2a325893f6784974195462)
    #1 0x5bd188ede85f  (/tmp/asan_pair3_vulnerable_8h2ydetq/target/debug/deps/pair3_vulnerable-b486ad0460a0c293+0x17e85f) (BuildId: a91e2592c651db4c5d2a325893f6784974195462)
    #2 0x5bd188ebd18d  (/tmp/asan_pair3_vulnerable_8h2ydetq/target/debug/deps/pair3_vulnerable-b486ad0460a0c293+0x15d18d) (BuildId: a91e2592c651db4c5d2a325893f6784974195462)
    #3 0x5bd188eb64d4  (/tmp/asan_pair3_vulnerable_8h2ydetq/target/debug/deps/pair3_vulnerable-b486ad0460a0c293+0x1564d4) (BuildId: a91e2592c651db4c5d2a325893f6784974195462)
    #4 0x5bd188ebfb15  (/tmp/asan_pair3_vulnerable_8h2ydetq/target/debug/deps/pair3_vulnerable-b486ad0460a0c293+0x15fb15) (BuildId: a91e2592c651db4c5d2a325893f6784974195462)
    #5 0x5bd188ea886a  (/tmp/asan_pair3_vulnerable_8h2ydetq/target/debug/deps/pair3_vulnerable-b486ad0460a0c293+0x14886a) (BuildId: a91e2592c651db4c5d2a325893f6784974195462)
    #6 0x5bd188e828a2  (/tmp/asan_pair3_vulnerable_8h2ydetq/target/debug/deps/pair3_vulnerable-b486ad0460a0c293+0x1228a2) (BuildId: a91e2592c651db4c5d2a325893f6784974195462)
    #7 0x5bd188e8190f  (/tmp/asan_pair3_vulnerable_8h2ydetq/target/debug/deps/pair3_vulnerable-b486ad0460a0c293+0x12190f) (BuildId: a91e2592c651db4c5d2a325893f6784974195462)
    #8 0x5bd188e82f2d  (/tmp/asan_pair3_vulnerable_8h2ydetq/target/debug/deps/pair3_vulnerable-b486ad0460a0c293+0x122f2d) (BuildId: a91e2592c651db4c5d2a325893f6784974195462)

SUMMARY: AddressSanitizer: heap-buffer-overflow (/tmp/asan_pair3_vulnerable_8h2ydetq/target/debug/deps/pair3_vulnerable-b486ad0460a0c293+0x122aa0) (BuildId: a91e2592c651db4c5d2a325893f6784974195462) 
Shadow bytes around the buggy address:
  0x7530461e3d80: fa fa fa fa fa fa fa fa fa fa fa fa fa fa fa fa
  0x7530461e3e00: fa fa fa fa fa fa fa fa fa fa fa fa fa fa fa fa
  0x7530461e3e80: fa fa fa fa fa fa fa fa fa fa fa fa fa fa fa fa
  0x7530461e3f00: fa fa fa fa fa fa fa fa fa fa fa fa fa fa fa fa
  0x7530461e3f80: fa fa fa fa fa fa fa fa fa fa fa fa fa fa fa fa
=>0x7530461e4000: fa fa 00[02]fa fa fa fa fa fa fa fa fa fa fa fa
  0x7530461e4080: fa fa fa fa fa fa fa fa fa fa fa fa fa fa fa fa
  0x7530461e4100: fa fa fa fa fa fa fa fa fa fa fa fa fa fa fa fa
  0x7530461e4180: fa fa fa fa fa fa fa fa fa fa fa fa fa fa fa fa
  0x7530461e4200: fa fa fa fa fa fa fa fa fa fa fa fa fa fa fa fa
  0x7530461e4280: fa fa fa fa fa fa fa fa fa fa fa fa fa fa fa fa
Shadow byte legend (one shadow byte represents 8 application bytes):
  Addressable:           00
  Partially addressable: 01 02 03 04 05 06 07 
  Heap left redzone:       fa
  Freed heap region:       fd
  Stack left redzone:      f1
  Stack mid redzone:       f2
  Stack right redzone:     f3
  Stack after return:      f5
  Stack use after scope:   f8
  Global redzone:          f9
  Global init order:       f6
  Poisoned by user:        f7
  Container overflow:      fc
  Array cookie:            ac
  Intra object redzone:    bb
  ASan internal:           fe
  Left alloca redzone:     ca
  Right alloca redzone:    cb
==3445263==ABORTING
error: test failed, to rerun pass `--lib`

Caused by:
  process didn't exit successfully: `/tmp/asan_pair3_vulnerable_8h2ydetq/target/debug/deps/pair3_vulnerable-b486ad0460a0c293 --nocapture` (exit status: 1)
