$ (cwd=/tmp/asan_pair7_a3_vulnerable_qpjds0js) cargo +nightly test --lib -- --nocapture

   Compiling pair7_a3_vulnerable v0.1.0 (/tmp/asan_pair7_a3_vulnerable_qpjds0js)
    Finished `test` profile [unoptimized + debuginfo] target(s) in 0.19s
     Running unittests src/lib.rs (target/debug/deps/pair7_a3_vulnerable-35e9621fac7ca399)

running 1 test
=================================================================
==4177244==ERROR: AddressSanitizer: heap-buffer-overflow on address 0x6dc15abe18c8 at pc 0x61e72b88364a bp 0x6d91585fe0e0 sp 0x6d91585fe0d8
READ of size 4 at 0x6dc15abe18c8 thread T1
    #0 0x61e72b883649  (/tmp/asan_pair7_a3_vulnerable_qpjds0js/target/debug/deps/pair7_a3_vulnerable-35e9621fac7ca399+0x120649) (BuildId: d9efe4594ac6a7a37a3ee1146b4229da80bd8334)
    #1 0x61e72b883429  (/tmp/asan_pair7_a3_vulnerable_qpjds0js/target/debug/deps/pair7_a3_vulnerable-35e9621fac7ca399+0x120429) (BuildId: d9efe4594ac6a7a37a3ee1146b4229da80bd8334)
    #2 0x61e72b8868fa  (/tmp/asan_pair7_a3_vulnerable_qpjds0js/target/debug/deps/pair7_a3_vulnerable-35e9621fac7ca399+0x1238fa) (BuildId: d9efe4594ac6a7a37a3ee1146b4229da80bd8334)
    #3 0x61e72b885bf7  (/tmp/asan_pair7_a3_vulnerable_qpjds0js/target/debug/deps/pair7_a3_vulnerable-35e9621fac7ca399+0x122bf7) (BuildId: d9efe4594ac6a7a37a3ee1146b4229da80bd8334)
    #4 0x61e72b88391a  (/tmp/asan_pair7_a3_vulnerable_qpjds0js/target/debug/deps/pair7_a3_vulnerable-35e9621fac7ca399+0x12091a) (BuildId: d9efe4594ac6a7a37a3ee1146b4229da80bd8334)
    #5 0x61e72b88385d  (/tmp/asan_pair7_a3_vulnerable_qpjds0js/target/debug/deps/pair7_a3_vulnerable-35e9621fac7ca399+0x12085d) (BuildId: d9efe4594ac6a7a37a3ee1146b4229da80bd8334)
    #6 0x61e72b885daa  (/tmp/asan_pair7_a3_vulnerable_qpjds0js/target/debug/deps/pair7_a3_vulnerable-35e9621fac7ca399+0x122daa) (BuildId: d9efe4594ac6a7a37a3ee1146b4229da80bd8334)
    #7 0x61e72b886916  (/tmp/asan_pair7_a3_vulnerable_qpjds0js/target/debug/deps/pair7_a3_vulnerable-35e9621fac7ca399+0x123916) (BuildId: d9efe4594ac6a7a37a3ee1146b4229da80bd8334)
    #8 0x61e72b883d45  (/tmp/asan_pair7_a3_vulnerable_qpjds0js/target/debug/deps/pair7_a3_vulnerable-35e9621fac7ca399+0x120d45) (BuildId: d9efe4594ac6a7a37a3ee1146b4229da80bd8334)
    #9 0x61e72b8a758a  (/tmp/asan_pair7_a3_vulnerable_qpjds0js/target/debug/deps/pair7_a3_vulnerable-35e9621fac7ca399+0x14458a) (BuildId: d9efe4594ac6a7a37a3ee1146b4229da80bd8334)
    #10 0x61e72b8bcf74  (/tmp/asan_pair7_a3_vulnerable_qpjds0js/target/debug/deps/pair7_a3_vulnerable-35e9621fac7ca399+0x159f74) (BuildId: d9efe4594ac6a7a37a3ee1146b4229da80bd8334)
    #11 0x61e72b893993  (/tmp/asan_pair7_a3_vulnerable_qpjds0js/target/debug/deps/pair7_a3_vulnerable-35e9621fac7ca399+0x130993) (BuildId: d9efe4594ac6a7a37a3ee1146b4229da80bd8334)
    #12 0x61e72b897379  (/tmp/asan_pair7_a3_vulnerable_qpjds0js/target/debug/deps/pair7_a3_vulnerable-35e9621fac7ca399+0x134379) (BuildId: d9efe4594ac6a7a37a3ee1146b4229da80bd8334)
    #13 0x61e72b8dcf9e  (/tmp/asan_pair7_a3_vulnerable_qpjds0js/target/debug/deps/pair7_a3_vulnerable-35e9621fac7ca399+0x179f9e) (BuildId: d9efe4594ac6a7a37a3ee1146b4229da80bd8334)
    #14 0x61e72b8527e6  (/tmp/asan_pair7_a3_vulnerable_qpjds0js/target/debug/deps/pair7_a3_vulnerable-35e9621fac7ca399+0xef7e6) (BuildId: d9efe4594ac6a7a37a3ee1146b4229da80bd8334)
    #15 0x71915b894ac2  (/lib/x86_64-linux-gnu/libc.so.6+0x94ac2) (BuildId: d5197096f709801829b118af1b7cf6631efa2dcd)
    #16 0x71915b92684f  (/lib/x86_64-linux-gnu/libc.so.6+0x12684f) (BuildId: d5197096f709801829b118af1b7cf6631efa2dcd)

0x6dc15abe18c8 is located 20 bytes after 20-byte region [0x6dc15abe18a0,0x6dc15abe18b4)
allocated by thread T1 here:
    #0 0x61e72b854924  (/tmp/asan_pair7_a3_vulnerable_qpjds0js/target/debug/deps/pair7_a3_vulnerable-35e9621fac7ca399+0xf1924) (BuildId: d9efe4594ac6a7a37a3ee1146b4229da80bd8334)
    #1 0x61e72b8858b3  (/tmp/asan_pair7_a3_vulnerable_qpjds0js/target/debug/deps/pair7_a3_vulnerable-35e9621fac7ca399+0x1228b3) (BuildId: d9efe4594ac6a7a37a3ee1146b4229da80bd8334)
    #2 0x61e72b8855b4  (/tmp/asan_pair7_a3_vulnerable_qpjds0js/target/debug/deps/pair7_a3_vulnerable-35e9621fac7ca399+0x1225b4) (BuildId: d9efe4594ac6a7a37a3ee1146b4229da80bd8334)
    #3 0x61e72b8868fa  (/tmp/asan_pair7_a3_vulnerable_qpjds0js/target/debug/deps/pair7_a3_vulnerable-35e9621fac7ca399+0x1238fa) (BuildId: d9efe4594ac6a7a37a3ee1146b4229da80bd8334)
    #4 0x61e72b885daa  (/tmp/asan_pair7_a3_vulnerable_qpjds0js/target/debug/deps/pair7_a3_vulnerable-35e9621fac7ca399+0x122daa) (BuildId: d9efe4594ac6a7a37a3ee1146b4229da80bd8334)
    #5 0x61e72b886916  (/tmp/asan_pair7_a3_vulnerable_qpjds0js/target/debug/deps/pair7_a3_vulnerable-35e9621fac7ca399+0x123916) (BuildId: d9efe4594ac6a7a37a3ee1146b4229da80bd8334)
    #6 0x61e72b8bcf74  (/tmp/asan_pair7_a3_vulnerable_qpjds0js/target/debug/deps/pair7_a3_vulnerable-35e9621fac7ca399+0x159f74) (BuildId: d9efe4594ac6a7a37a3ee1146b4229da80bd8334)
    #7 0x61e72b893993  (/tmp/asan_pair7_a3_vulnerable_qpjds0js/target/debug/deps/pair7_a3_vulnerable-35e9621fac7ca399+0x130993) (BuildId: d9efe4594ac6a7a37a3ee1146b4229da80bd8334)
    #8 0x61e72b897379  (/tmp/asan_pair7_a3_vulnerable_qpjds0js/target/debug/deps/pair7_a3_vulnerable-35e9621fac7ca399+0x134379) (BuildId: d9efe4594ac6a7a37a3ee1146b4229da80bd8334)
    #9 0x61e72b8dcf9e  (/tmp/asan_pair7_a3_vulnerable_qpjds0js/target/debug/deps/pair7_a3_vulnerable-35e9621fac7ca399+0x179f9e) (BuildId: d9efe4594ac6a7a37a3ee1146b4229da80bd8334)
    #10 0x61e72b8527e6  (/tmp/asan_pair7_a3_vulnerable_qpjds0js/target/debug/deps/pair7_a3_vulnerable-35e9621fac7ca399+0xef7e6) (BuildId: d9efe4594ac6a7a37a3ee1146b4229da80bd8334)

Thread T1 created by T0 here:
    #0 0x61e72b839211  (/tmp/asan_pair7_a3_vulnerable_qpjds0js/target/debug/deps/pair7_a3_vulnerable-35e9621fac7ca399+0xd6211) (BuildId: d9efe4594ac6a7a37a3ee1146b4229da80bd8334)
    #1 0x61e72b8dd1bf  (/tmp/asan_pair7_a3_vulnerable_qpjds0js/target/debug/deps/pair7_a3_vulnerable-35e9621fac7ca399+0x17a1bf) (BuildId: d9efe4594ac6a7a37a3ee1146b4229da80bd8334)
    #2 0x61e72b8bbaed  (/tmp/asan_pair7_a3_vulnerable_qpjds0js/target/debug/deps/pair7_a3_vulnerable-35e9621fac7ca399+0x158aed) (BuildId: d9efe4594ac6a7a37a3ee1146b4229da80bd8334)
    #3 0x61e72b8b4e34  (/tmp/asan_pair7_a3_vulnerable_qpjds0js/target/debug/deps/pair7_a3_vulnerable-35e9621fac7ca399+0x151e34) (BuildId: d9efe4594ac6a7a37a3ee1146b4229da80bd8334)
    #4 0x61e72b8be475  (/tmp/asan_pair7_a3_vulnerable_qpjds0js/target/debug/deps/pair7_a3_vulnerable-35e9621fac7ca399+0x15b475) (BuildId: d9efe4594ac6a7a37a3ee1146b4229da80bd8334)
    #5 0x61e72b8a71ca  (/tmp/asan_pair7_a3_vulnerable_qpjds0js/target/debug/deps/pair7_a3_vulnerable-35e9621fac7ca399+0x1441ca) (BuildId: d9efe4594ac6a7a37a3ee1146b4229da80bd8334)
    #6 0x61e72b883122  (/tmp/asan_pair7_a3_vulnerable_qpjds0js/target/debug/deps/pair7_a3_vulnerable-35e9621fac7ca399+0x120122) (BuildId: d9efe4594ac6a7a37a3ee1146b4229da80bd8334)
    #7 0x61e72b88605f  (/tmp/asan_pair7_a3_vulnerable_qpjds0js/target/debug/deps/pair7_a3_vulnerable-35e9621fac7ca399+0x12305f) (BuildId: d9efe4594ac6a7a37a3ee1146b4229da80bd8334)
    #8 0x61e72b8836ad  (/tmp/asan_pair7_a3_vulnerable_qpjds0js/target/debug/deps/pair7_a3_vulnerable-35e9621fac7ca399+0x1206ad) (BuildId: d9efe4594ac6a7a37a3ee1146b4229da80bd8334)

SUMMARY: AddressSanitizer: heap-buffer-overflow (/tmp/asan_pair7_a3_vulnerable_qpjds0js/target/debug/deps/pair7_a3_vulnerable-35e9621fac7ca399+0x120649) (BuildId: d9efe4594ac6a7a37a3ee1146b4229da80bd8334) 
Shadow bytes around the buggy address:
  0x6dc15abe1600: fa fa fa fa fa fa fa fa fa fa fa fa fa fa fa fa
  0x6dc15abe1680: fa fa fa fa fa fa fa fa fa fa fa fa fa fa fa fa
  0x6dc15abe1700: fa fa fa fa fa fa fa fa fa fa fa fa fa fa fa fa
  0x6dc15abe1780: fa fa fa fa fa fa fa fa fa fa fa fa fa fa fa fa
  0x6dc15abe1800: fa fa fd fd fd fd fa fa fd fd fd fd fa fa 00 00
=>0x6dc15abe1880: 00 00 fa fa 00 00 04 fa fa[fa]fa fa fa fa fa fa
  0x6dc15abe1900: fa fa fa fa fa fa fa fa fa fa fa fa fa fa fa fa
  0x6dc15abe1980: fa fa fa fa fa fa fa fa fa fa fa fa fa fa fa fa
  0x6dc15abe1a00: fa fa fa fa fa fa fa fa fa fa fa fa fa fa fa fa
  0x6dc15abe1a80: fa fa fa fa fa fa fa fa fa fa fa fa fa fa fa fa
  0x6dc15abe1b00: fa fa fa fa fa fa fa fa fa fa fa fa fa fa fa fa
Shadow byte legend (one shadow byte represents 8 application bytes):
  Addressable:           00
  Partially addressable: 01 02 03 04 05 06 07 
  Heap left redzone:       fa
  Freed heap region:       fd
  Stack left redzone:      f1
  Stack mid redzone:       f2
  Stack right redzone:     f3
  Stack after return:      f5
  Stack use after scope:   f8
  Global redzone:          f9
  Global init order:       f6
  Poisoned by user:        f7
  Container overflow:      fc
  Array cookie:            ac
  Intra object redzone:    bb
  ASan internal:           fe
  Left alloca redzone:     ca
  Right alloca redzone:    cb
==4177244==ABORTING
error: test failed, to rerun pass `--lib`

Caused by:
  process didn't exit successfully: `/tmp/asan_pair7_a3_vulnerable_qpjds0js/target/debug/deps/pair7_a3_vulnerable-35e9621fac7ca399 --nocapture` (exit status: 1)
