$ (cwd=/tmp/asan_pair9_vulnerable_zphlgzwc) cargo +nightly test --lib -- --nocapture

   Compiling pair9_vulnerable v0.1.0 (/tmp/asan_pair9_vulnerable_zphlgzwc)
    Finished `test` profile [unoptimized + debuginfo] target(s) in 0.18s
     Running unittests src/lib.rs (target/debug/deps/pair9_vulnerable-a851f53d7680889d)

running 1 test
=================================================================
==3446841==ERROR: AddressSanitizer: stack-buffer-overflow on address 0x7569006ff030 at pc 0x567fc823803e bp 0x7569013fe210 sp 0x7569013fd9d0
WRITE of size 20 at 0x7569006ff030 thread T1
    #0 0x567fc823803d  (/tmp/asan_pair9_vulnerable_zphlgzwc/target/debug/deps/pair9_vulnerable-a851f53d7680889d+0xf003d) (BuildId: 405a2dd87f1115c1c45566a0fcb4ca4513bcc28b)
    #1 0x567fc826895d  (/tmp/asan_pair9_vulnerable_zphlgzwc/target/debug/deps/pair9_vulnerable-a851f53d7680889d+0x12095d) (BuildId: 405a2dd87f1115c1c45566a0fcb4ca4513bcc28b)
    #2 0x567fc826a764  (/tmp/asan_pair9_vulnerable_zphlgzwc/target/debug/deps/pair9_vulnerable-a851f53d7680889d+0x122764) (BuildId: 405a2dd87f1115c1c45566a0fcb4ca4513bcc28b)
    #3 0x567fc82687f6  (/tmp/asan_pair9_vulnerable_zphlgzwc/target/debug/deps/pair9_vulnerable-a851f53d7680889d+0x1207f6) (BuildId: 405a2dd87f1115c1c45566a0fcb4ca4513bcc28b)
    #4 0x567fc82699b5  (/tmp/asan_pair9_vulnerable_zphlgzwc/target/debug/deps/pair9_vulnerable-a851f53d7680889d+0x1219b5) (BuildId: 405a2dd87f1115c1c45566a0fcb4ca4513bcc28b)
    #5 0x567fc828c8ca  (/tmp/asan_pair9_vulnerable_zphlgzwc/target/debug/deps/pair9_vulnerable-a851f53d7680889d+0x1448ca) (BuildId: 405a2dd87f1115c1c45566a0fcb4ca4513bcc28b)
    #6 0x567fc82a22b4  (/tmp/asan_pair9_vulnerable_zphlgzwc/target/debug/deps/pair9_vulnerable-a851f53d7680889d+0x15a2b4) (BuildId: 405a2dd87f1115c1c45566a0fcb4ca4513bcc28b)
    #7 0x567fc8278cd3  (/tmp/asan_pair9_vulnerable_zphlgzwc/target/debug/deps/pair9_vulnerable-a851f53d7680889d+0x130cd3) (BuildId: 405a2dd87f1115c1c45566a0fcb4ca4513bcc28b)
    #8 0x567fc827c6b9  (/tmp/asan_pair9_vulnerable_zphlgzwc/target/debug/deps/pair9_vulnerable-a851f53d7680889d+0x1346b9) (BuildId: 405a2dd87f1115c1c45566a0fcb4ca4513bcc28b)
    #9 0x567fc82c22de  (/tmp/asan_pair9_vulnerable_zphlgzwc/target/debug/deps/pair9_vulnerable-a851f53d7680889d+0x17a2de) (BuildId: 405a2dd87f1115c1c45566a0fcb4ca4513bcc28b)
    #10 0x567fc8237bd6  (/tmp/asan_pair9_vulnerable_zphlgzwc/target/debug/deps/pair9_vulnerable-a851f53d7680889d+0xefbd6) (BuildId: 405a2dd87f1115c1c45566a0fcb4ca4513bcc28b)
    #11 0x796904694ac2  (/lib/x86_64-linux-gnu/libc.so.6+0x94ac2) (BuildId: d5197096f709801829b118af1b7cf6631efa2dcd)
    #12 0x79690472684f  (/lib/x86_64-linux-gnu/libc.so.6+0x12684f) (BuildId: d5197096f709801829b118af1b7cf6631efa2dcd)

Address 0x7569006ff030 is located in stack of thread T1 at offset 48 in frame
    #0 0x567fc826881f  (/tmp/asan_pair9_vulnerable_zphlgzwc/target/debug/deps/pair9_vulnerable-a851f53d7680889d+0x12081f) (BuildId: 405a2dd87f1115c1c45566a0fcb4ca4513bcc28b)

  This frame has 1 object(s):
    [32, 48) 'buf' (line 4) <== Memory access at offset 48 overflows this variable
HINT: this may be a false positive if your program uses some custom stack unwind mechanism, swapcontext or vfork
      (longjmp and C++ exceptions *are* supported)
Thread T1 created by T0 here:
    #0 0x567fc821e601  (/tmp/asan_pair9_vulnerable_zphlgzwc/target/debug/deps/pair9_vulnerable-a851f53d7680889d+0xd6601) (BuildId: 405a2dd87f1115c1c45566a0fcb4ca4513bcc28b)
    #1 0x567fc82c24ff  (/tmp/asan_pair9_vulnerable_zphlgzwc/target/debug/deps/pair9_vulnerable-a851f53d7680889d+0x17a4ff) (BuildId: 405a2dd87f1115c1c45566a0fcb4ca4513bcc28b)
    #2 0x567fc82a0e2d  (/tmp/asan_pair9_vulnerable_zphlgzwc/target/debug/deps/pair9_vulnerable-a851f53d7680889d+0x158e2d) (BuildId: 405a2dd87f1115c1c45566a0fcb4ca4513bcc28b)
    #3 0x567fc829a174  (/tmp/asan_pair9_vulnerable_zphlgzwc/target/debug/deps/pair9_vulnerable-a851f53d7680889d+0x152174) (BuildId: 405a2dd87f1115c1c45566a0fcb4ca4513bcc28b)
    #4 0x567fc82a37b5  (/tmp/asan_pair9_vulnerable_zphlgzwc/target/debug/deps/pair9_vulnerable-a851f53d7680889d+0x15b7b5) (BuildId: 405a2dd87f1115c1c45566a0fcb4ca4513bcc28b)
    #5 0x567fc828c50a  (/tmp/asan_pair9_vulnerable_zphlgzwc/target/debug/deps/pair9_vulnerable-a851f53d7680889d+0x14450a) (BuildId: 405a2dd87f1115c1c45566a0fcb4ca4513bcc28b)
    #6 0x567fc8268a62  (/tmp/asan_pair9_vulnerable_zphlgzwc/target/debug/deps/pair9_vulnerable-a851f53d7680889d+0x120a62) (BuildId: 405a2dd87f1115c1c45566a0fcb4ca4513bcc28b)
    #7 0x567fc826a53f  (/tmp/asan_pair9_vulnerable_zphlgzwc/target/debug/deps/pair9_vulnerable-a851f53d7680889d+0x12253f) (BuildId: 405a2dd87f1115c1c45566a0fcb4ca4513bcc28b)
    #8 0x567fc8268a8d  (/tmp/asan_pair9_vulnerable_zphlgzwc/target/debug/deps/pair9_vulnerable-a851f53d7680889d+0x120a8d) (BuildId: 405a2dd87f1115c1c45566a0fcb4ca4513bcc28b)

SUMMARY: AddressSanitizer: stack-buffer-overflow (/tmp/asan_pair9_vulnerable_zphlgzwc/target/debug/deps/pair9_vulnerable-a851f53d7680889d+0xf003d) (BuildId: 405a2dd87f1115c1c45566a0fcb4ca4513bcc28b) 
Shadow bytes around the buggy address:
  0x7569006fed80: 00 00 00 00 00 00 00 00 00 00 00 00 00 00 00 00
  0x7569006fee00: 00 00 00 00 00 00 00 00 00 00 00 00 00 00 00 00
  0x7569006fee80: 00 00 00 00 00 00 00 00 00 00 00 00 00 00 00 00
  0x7569006fef00: 00 00 00 00 00 00 00 00 00 00 00 00 00 00 00 00
  0x7569006fef80: 00 00 00 00 00 00 00 00 00 00 00 00 00 00 00 00
=>0x7569006ff000: f1 f1 f1 f1 00 00[f3]f3 00 00 00 00 00 00 00 00
  0x7569006ff080: 00 00 00 00 00 00 00 00 00 00 00 00 00 00 00 00
  0x7569006ff100: 00 00 00 00 00 00 00 00 00 00 00 00 00 00 00 00
  0x7569006ff180: 00 00 00 00 00 00 00 00 00 00 00 00 00 00 00 00
  0x7569006ff200: 00 00 00 00 00 00 00 00 00 00 00 00 00 00 00 00
  0x7569006ff280: 00 00 00 00 00 00 00 00 00 00 00 00 00 00 00 00
Shadow byte legend (one shadow byte represents 8 application bytes):
  Addressable:           00
  Partially addressable: 01 02 03 04 05 06 07 
  Heap left redzone:       fa
  Freed heap region:       fd
  Stack left redzone:      f1
  Stack mid redzone:       f2
  Stack right redzone:     f3
  Stack after return:      f5
  Stack use after scope:   f8
  Global redzone:          f9
  Global init order:       f6
  Poisoned by user:        f7
  Container overflow:      fc
  Array cookie:            ac
  Intra object redzone:    bb
  ASan internal:           fe
  Left alloca redzone:     ca
  Right alloca redzone:    cb

thread 'tests::test_memory_bounds' (3446842) panicked at src/lib.rs:38:9:
Expected error on oversized input, but got a valid result
note: run with `RUST_BACKTRACE=1` environment variable to display a backtrace
test tests::test_memory_bounds ... FAILED

failures:

failures:
    tests::test_memory_bounds

test result: FAILED. 0 passed; 1 failed; 0 ignored; 0 measured; 0 filtered out; finished in 0.00s

error: test failed, to rerun pass `--lib`
