$ (cwd=/tmp/asan_pair17_a3_vulnerable_0rj9p0um) cargo +nightly test --lib -- --nocapture

   Compiling pair17_a3_vulnerable v0.1.0 (/tmp/asan_pair17_a3_vulnerable_0rj9p0um)
    Finished `test` profile [unoptimized + debuginfo] target(s) in 0.17s
     Running unittests src/lib.rs (target/debug/deps/pair17_a3_vulnerable-b5ccfdb0a162cf2e)

running 1 test
test tests::test_calculate ... ok

test result: ok. 1 passed; 0 failed; 0 ignored; 0 measured; 0 filtered out; finished in 0.00s


=================================================================
==4169724==ERROR: LeakSanitizer: detected memory leaks

Direct leak of 4 byte(s) in 1 object(s) allocated from:
    #0 0x5597c88fef34  (/tmp/asan_pair17_a3_vulnerable_0rj9p0um/target/debug/deps/pair17_a3_vulnerable-b5ccfdb0a162cf2e+0xf0f34) (BuildId: a90f17a1706ce3a37763c932b4869ed0011e4fe7)
    #1 0x5597c892d843  (/tmp/asan_pair17_a3_vulnerable_0rj9p0um/target/debug/deps/pair17_a3_vulnerable-b5ccfdb0a162cf2e+0x11f843) (BuildId: a90f17a1706ce3a37763c932b4869ed0011e4fe7)
    #2 0x5597c892d544  (/tmp/asan_pair17_a3_vulnerable_0rj9p0um/target/debug/deps/pair17_a3_vulnerable-b5ccfdb0a162cf2e+0x11f544) (BuildId: a90f17a1706ce3a37763c932b4869ed0011e4fe7)
    #3 0x5597c892edf6  (/tmp/asan_pair17_a3_vulnerable_0rj9p0um/target/debug/deps/pair17_a3_vulnerable-b5ccfdb0a162cf2e+0x120df6) (BuildId: a90f17a1706ce3a37763c932b4869ed0011e4fe7)
    #4 0x5597c89662e4  (/tmp/asan_pair17_a3_vulnerable_0rj9p0um/target/debug/deps/pair17_a3_vulnerable-b5ccfdb0a162cf2e+0x1582e4) (BuildId: a90f17a1706ce3a37763c932b4869ed0011e4fe7)
    #5 0x5597c893cd03  (/tmp/asan_pair17_a3_vulnerable_0rj9p0um/target/debug/deps/pair17_a3_vulnerable-b5ccfdb0a162cf2e+0x12ed03) (BuildId: a90f17a1706ce3a37763c932b4869ed0011e4fe7)
    #6 0x5597c89406e9  (/tmp/asan_pair17_a3_vulnerable_0rj9p0um/target/debug/deps/pair17_a3_vulnerable-b5ccfdb0a162cf2e+0x1326e9) (BuildId: a90f17a1706ce3a37763c932b4869ed0011e4fe7)
    #7 0x5597c898630e  (/tmp/asan_pair17_a3_vulnerable_0rj9p0um/target/debug/deps/pair17_a3_vulnerable-b5ccfdb0a162cf2e+0x17830e) (BuildId: a90f17a1706ce3a37763c932b4869ed0011e4fe7)
    #8 0x5597c88fcdf6  (/tmp/asan_pair17_a3_vulnerable_0rj9p0um/target/debug/deps/pair17_a3_vulnerable-b5ccfdb0a162cf2e+0xeedf6) (BuildId: a90f17a1706ce3a37763c932b4869ed0011e4fe7)

SUMMARY: AddressSanitizer: 4 byte(s) leaked in 1 allocation(s).
