$ (cwd=/tmp/asan_pair6_a2_vulnerable_d1jmkeph) cargo +nightly test --lib -- --nocapture

   Compiling pair6_a2_vulnerable v0.1.0 (/tmp/asan_pair6_a2_vulnerable_d1jmkeph)
    Finished `test` profile [unoptimized + debuginfo] target(s) in 0.17s
     Running unittests src/lib.rs (target/debug/deps/pair6_a2_vulnerable-5cdb96f29cdebb00)

running 1 test
=================================================================
==4013677==ERROR: AddressSanitizer: heap-use-after-free on address 0x79b91fbe4010 at pc 0x55d9859cec86 bp 0x79991d5fe320 sp 0x79991d5fe318
READ of size 4 at 0x79b91fbe4010 thread T1
    #0 0x55d9859cec85  (/tmp/asan_pair6_a2_vulnerable_d1jmkeph/target/debug/deps/pair6_a2_vulnerable-5cdb96f29cdebb00+0x121c85) (BuildId: 033895f88a47f5e393bcfc878b7e9fb6df7a1597)
    #1 0x55d9859cdb4f  (/tmp/asan_pair6_a2_vulnerable_d1jmkeph/target/debug/deps/pair6_a2_vulnerable-5cdb96f29cdebb00+0x120b4f) (BuildId: 033895f88a47f5e393bcfc878b7e9fb6df7a1597)
    #2 0x55d9859cc5e6  (/tmp/asan_pair6_a2_vulnerable_d1jmkeph/target/debug/deps/pair6_a2_vulnerable-5cdb96f29cdebb00+0x11f5e6) (BuildId: 033895f88a47f5e393bcfc878b7e9fb6df7a1597)
    #3 0x55d9859ccc35  (/tmp/asan_pair6_a2_vulnerable_d1jmkeph/target/debug/deps/pair6_a2_vulnerable-5cdb96f29cdebb00+0x11fc35) (BuildId: 033895f88a47f5e393bcfc878b7e9fb6df7a1597)
    #4 0x55d9859f020a  (/tmp/asan_pair6_a2_vulnerable_d1jmkeph/target/debug/deps/pair6_a2_vulnerable-5cdb96f29cdebb00+0x14320a) (BuildId: 033895f88a47f5e393bcfc878b7e9fb6df7a1597)
    #5 0x55d985a05bf4  (/tmp/asan_pair6_a2_vulnerable_d1jmkeph/target/debug/deps/pair6_a2_vulnerable-5cdb96f29cdebb00+0x158bf4) (BuildId: 033895f88a47f5e393bcfc878b7e9fb6df7a1597)
    #6 0x55d9859dc613  (/tmp/asan_pair6_a2_vulnerable_d1jmkeph/target/debug/deps/pair6_a2_vulnerable-5cdb96f29cdebb00+0x12f613) (BuildId: 033895f88a47f5e393bcfc878b7e9fb6df7a1597)
    #7 0x55d9859dfff9  (/tmp/asan_pair6_a2_vulnerable_d1jmkeph/target/debug/deps/pair6_a2_vulnerable-5cdb96f29cdebb00+0x132ff9) (BuildId: 033895f88a47f5e393bcfc878b7e9fb6df7a1597)
    #8 0x55d985a25c1e  (/tmp/asan_pair6_a2_vulnerable_d1jmkeph/target/debug/deps/pair6_a2_vulnerable-5cdb96f29cdebb00+0x178c1e) (BuildId: 033895f88a47f5e393bcfc878b7e9fb6df7a1597)
    #9 0x55d98599c216  (/tmp/asan_pair6_a2_vulnerable_d1jmkeph/target/debug/deps/pair6_a2_vulnerable-5cdb96f29cdebb00+0xef216) (BuildId: 033895f88a47f5e393bcfc878b7e9fb6df7a1597)
    #10 0x7d9920894ac2  (/lib/x86_64-linux-gnu/libc.so.6+0x94ac2) (BuildId: d5197096f709801829b118af1b7cf6631efa2dcd)
    #11 0x7d992092684f  (/lib/x86_64-linux-gnu/libc.so.6+0x12684f) (BuildId: d5197096f709801829b118af1b7cf6631efa2dcd)

0x79b91fbe4010 is located 0 bytes inside of 4-byte region [0x79b91fbe4010,0x79b91fbe4014)
freed by thread T1 here:
    #0 0x55d98599e0b6  (/tmp/asan_pair6_a2_vulnerable_d1jmkeph/target/debug/deps/pair6_a2_vulnerable-5cdb96f29cdebb00+0xf10b6) (BuildId: 033895f88a47f5e393bcfc878b7e9fb6df7a1597)
    #1 0x55d9859cda3a  (/tmp/asan_pair6_a2_vulnerable_d1jmkeph/target/debug/deps/pair6_a2_vulnerable-5cdb96f29cdebb00+0x120a3a) (BuildId: 033895f88a47f5e393bcfc878b7e9fb6df7a1597)
    #2 0x55d9859cce73  (/tmp/asan_pair6_a2_vulnerable_d1jmkeph/target/debug/deps/pair6_a2_vulnerable-5cdb96f29cdebb00+0x11fe73) (BuildId: 033895f88a47f5e393bcfc878b7e9fb6df7a1597)
    #3 0x55d9859ccca0  (/tmp/asan_pair6_a2_vulnerable_d1jmkeph/target/debug/deps/pair6_a2_vulnerable-5cdb96f29cdebb00+0x11fca0) (BuildId: 033895f88a47f5e393bcfc878b7e9fb6df7a1597)
    #4 0x55d9859cec0e  (/tmp/asan_pair6_a2_vulnerable_d1jmkeph/target/debug/deps/pair6_a2_vulnerable-5cdb96f29cdebb00+0x121c0e) (BuildId: 033895f88a47f5e393bcfc878b7e9fb6df7a1597)
    #5 0x55d9859cc5e6  (/tmp/asan_pair6_a2_vulnerable_d1jmkeph/target/debug/deps/pair6_a2_vulnerable-5cdb96f29cdebb00+0x11f5e6) (BuildId: 033895f88a47f5e393bcfc878b7e9fb6df7a1597)
    #6 0x55d985a05bf4  (/tmp/asan_pair6_a2_vulnerable_d1jmkeph/target/debug/deps/pair6_a2_vulnerable-5cdb96f29cdebb00+0x158bf4) (BuildId: 033895f88a47f5e393bcfc878b7e9fb6df7a1597)
    #7 0x55d9859dc613  (/tmp/asan_pair6_a2_vulnerable_d1jmkeph/target/debug/deps/pair6_a2_vulnerable-5cdb96f29cdebb00+0x12f613) (BuildId: 033895f88a47f5e393bcfc878b7e9fb6df7a1597)
    #8 0x55d9859dfff9  (/tmp/asan_pair6_a2_vulnerable_d1jmkeph/target/debug/deps/pair6_a2_vulnerable-5cdb96f29cdebb00+0x132ff9) (BuildId: 033895f88a47f5e393bcfc878b7e9fb6df7a1597)
    #9 0x55d985a25c1e  (/tmp/asan_pair6_a2_vulnerable_d1jmkeph/target/debug/deps/pair6_a2_vulnerable-5cdb96f29cdebb00+0x178c1e) (BuildId: 033895f88a47f5e393bcfc878b7e9fb6df7a1597)
    #10 0x55d98599c216  (/tmp/asan_pair6_a2_vulnerable_d1jmkeph/target/debug/deps/pair6_a2_vulnerable-5cdb96f29cdebb00+0xef216) (BuildId: 033895f88a47f5e393bcfc878b7e9fb6df7a1597)

previously allocated by thread T1 here:
    #0 0x55d98599e354  (/tmp/asan_pair6_a2_vulnerable_d1jmkeph/target/debug/deps/pair6_a2_vulnerable-5cdb96f29cdebb00+0xf1354) (BuildId: 033895f88a47f5e393bcfc878b7e9fb6df7a1597)
    #1 0x55d9859cd723  (/tmp/asan_pair6_a2_vulnerable_d1jmkeph/target/debug/deps/pair6_a2_vulnerable-5cdb96f29cdebb00+0x120723) (BuildId: 033895f88a47f5e393bcfc878b7e9fb6df7a1597)
    #2 0x55d9859cd424  (/tmp/asan_pair6_a2_vulnerable_d1jmkeph/target/debug/deps/pair6_a2_vulnerable-5cdb96f29cdebb00+0x120424) (BuildId: 033895f88a47f5e393bcfc878b7e9fb6df7a1597)
    #3 0x55d9859cc5e6  (/tmp/asan_pair6_a2_vulnerable_d1jmkeph/target/debug/deps/pair6_a2_vulnerable-5cdb96f29cdebb00+0x11f5e6) (BuildId: 033895f88a47f5e393bcfc878b7e9fb6df7a1597)
    #4 0x55d985a05bf4  (/tmp/asan_pair6_a2_vulnerable_d1jmkeph/target/debug/deps/pair6_a2_vulnerable-5cdb96f29cdebb00+0x158bf4) (BuildId: 033895f88a47f5e393bcfc878b7e9fb6df7a1597)
    #5 0x55d9859dc613  (/tmp/asan_pair6_a2_vulnerable_d1jmkeph/target/debug/deps/pair6_a2_vulnerable-5cdb96f29cdebb00+0x12f613) (BuildId: 033895f88a47f5e393bcfc878b7e9fb6df7a1597)
    #6 0x55d9859dfff9  (/tmp/asan_pair6_a2_vulnerable_d1jmkeph/target/debug/deps/pair6_a2_vulnerable-5cdb96f29cdebb00+0x132ff9) (BuildId: 033895f88a47f5e393bcfc878b7e9fb6df7a1597)
    #7 0x55d985a25c1e  (/tmp/asan_pair6_a2_vulnerable_d1jmkeph/target/debug/deps/pair6_a2_vulnerable-5cdb96f29cdebb00+0x178c1e) (BuildId: 033895f88a47f5e393bcfc878b7e9fb6df7a1597)
    #8 0x55d98599c216  (/tmp/asan_pair6_a2_vulnerable_d1jmkeph/target/debug/deps/pair6_a2_vulnerable-5cdb96f29cdebb00+0xef216) (BuildId: 033895f88a47f5e393bcfc878b7e9fb6df7a1597)

Thread T1 created by T0 here:
    #0 0x55d985982c41  (/tmp/asan_pair6_a2_vulnerable_d1jmkeph/target/debug/deps/pair6_a2_vulnerable-5cdb96f29cdebb00+0xd5c41) (BuildId: 033895f88a47f5e393bcfc878b7e9fb6df7a1597)
    #1 0x55d985a25e3f  (/tmp/asan_pair6_a2_vulnerable_d1jmkeph/target/debug/deps/pair6_a2_vulnerable-5cdb96f29cdebb00+0x178e3f) (BuildId: 033895f88a47f5e393bcfc878b7e9fb6df7a1597)
    #2 0x55d985a0476d  (/tmp/asan_pair6_a2_vulnerable_d1jmkeph/target/debug/deps/pair6_a2_vulnerable-5cdb96f29cdebb00+0x15776d) (BuildId: 033895f88a47f5e393bcfc878b7e9fb6df7a1597)
    #3 0x55d9859fdab4  (/tmp/asan_pair6_a2_vulnerable_d1jmkeph/target/debug/deps/pair6_a2_vulnerable-5cdb96f29cdebb00+0x150ab4) (BuildId: 033895f88a47f5e393bcfc878b7e9fb6df7a1597)
    #4 0x55d985a070f5  (/tmp/asan_pair6_a2_vulnerable_d1jmkeph/target/debug/deps/pair6_a2_vulnerable-5cdb96f29cdebb00+0x15a0f5) (BuildId: 033895f88a47f5e393bcfc878b7e9fb6df7a1597)
    #5 0x55d9859efe4a  (/tmp/asan_pair6_a2_vulnerable_d1jmkeph/target/debug/deps/pair6_a2_vulnerable-5cdb96f29cdebb00+0x142e4a) (BuildId: 033895f88a47f5e393bcfc878b7e9fb6df7a1597)
    #6 0x55d9859ceb62  (/tmp/asan_pair6_a2_vulnerable_d1jmkeph/target/debug/deps/pair6_a2_vulnerable-5cdb96f29cdebb00+0x121b62) (BuildId: 033895f88a47f5e393bcfc878b7e9fb6df7a1597)
    #7 0x55d9859cf3ff  (/tmp/asan_pair6_a2_vulnerable_d1jmkeph/target/debug/deps/pair6_a2_vulnerable-5cdb96f29cdebb00+0x1223ff) (BuildId: 033895f88a47f5e393bcfc878b7e9fb6df7a1597)
    #8 0x55d9859ceccd  (/tmp/asan_pair6_a2_vulnerable_d1jmkeph/target/debug/deps/pair6_a2_vulnerable-5cdb96f29cdebb00+0x121ccd) (BuildId: 033895f88a47f5e393bcfc878b7e9fb6df7a1597)

SUMMARY: AddressSanitizer: heap-use-after-free (/tmp/asan_pair6_a2_vulnerable_d1jmkeph/target/debug/deps/pair6_a2_vulnerable-5cdb96f29cdebb00+0x121c85) (BuildId: 033895f88a47f5e393bcfc878b7e9fb6df7a1597) 
Shadow bytes around the buggy address:
  0x79b91fbe3d80: fa fa fa fa fa fa fa fa fa fa fa fa fa fa fa fa
  0x79b91fbe3e00: fa fa fa fa fa fa fa fa fa fa fa fa fa fa fa fa
  0x79b91fbe3e80: fa fa fa fa fa fa fa fa fa fa fa fa fa fa fa fa
  0x79b91fbe3f00: fa fa fa fa fa fa fa fa fa fa fa fa fa fa fa fa
  0x79b91fbe3f80: fa fa fa fa fa fa fa fa fa fa fa fa fa fa fa fa
=>0x79b91fbe4000: fa fa[fd]fa fa fa fa fa fa fa fa fa fa fa fa fa
  0x79b91fbe4080: fa fa fa fa fa fa fa fa fa fa fa fa fa fa fa fa
  0x79b91fbe4100: fa fa fa fa fa fa fa fa fa fa fa fa fa fa fa fa
  0x79b91fbe4180: fa fa fa fa fa fa fa fa fa fa fa fa fa fa fa fa
  0x79b91fbe4200: fa fa fa fa fa fa fa fa fa fa fa fa fa fa fa fa
  0x79b91fbe4280: fa fa fa fa fa fa fa fa fa fa fa fa fa fa fa fa
Shadow byte legend (one shadow byte represents 8 application bytes):
  Addressable:           00
  Partially addressable: 01 02 03 04 05 06 07 
  Heap left redzone:       fa
  Freed heap region:       fd
  Stack left redzone:      f1
  Stack mid redzone:       f2
  Stack right redzone:     f3
  Stack after return:      f5
  Stack use after scope:   f8
  Global redzone:          f9
  Global init order:       f6
  Poisoned by user:        f7
  Container overflow:      fc
  Array cookie:            ac
  Intra object redzone:    bb
  ASan internal:           fe
  Left alloca redzone:     ca
  Right alloca redzone:    cb
==4013677==ABORTING
error: test failed, to rerun pass `--lib`

Caused by:
  process didn't exit successfully: `/tmp/asan_pair6_a2_vulnerable_d1jmkeph/target/debug/deps/pair6_a2_vulnerable-5cdb96f29cdebb00 --nocapture` (exit status: 1)
