$ (cwd=/tmp/asan_pair6_a1_vulnerable_yedzcwa6) cargo +nightly test --lib -- --nocapture

   Compiling pair6_a1_vulnerable v0.1.0 (/tmp/asan_pair6_a1_vulnerable_yedzcwa6)
    Finished `test` profile [unoptimized + debuginfo] target(s) in 0.20s
     Running unittests src/lib.rs (target/debug/deps/pair6_a1_vulnerable-47c2a46012ac6c4c)

running 1 test
=================================================================
==3817162==ERROR: AddressSanitizer: heap-buffer-overflow on address 0x7998bf7e401a at pc 0x63999c900f84 bp 0x7978bd1fe2e0 sp 0x7978bd1fda98
READ of size 20 at 0x7998bf7e401a thread T1
    #0 0x63999c900f83  (/tmp/asan_pair6_a1_vulnerable_yedzcwa6/target/debug/deps/pair6_a1_vulnerable-47c2a46012ac6c4c+0xf1f83) (BuildId: 37bb9eeb6f19d408772123a82fea00a2d95ee57b)
    #1 0x63999c935df8  (/tmp/asan_pair6_a1_vulnerable_yedzcwa6/target/debug/deps/pair6_a1_vulnerable-47c2a46012ac6c4c+0x126df8) (BuildId: 37bb9eeb6f19d408772123a82fea00a2d95ee57b)
    #2 0x63999c930372  (/tmp/asan_pair6_a1_vulnerable_yedzcwa6/target/debug/deps/pair6_a1_vulnerable-47c2a46012ac6c4c+0x121372) (BuildId: 37bb9eeb6f19d408772123a82fea00a2d95ee57b)
    #3 0x63999c9326d6  (/tmp/asan_pair6_a1_vulnerable_yedzcwa6/target/debug/deps/pair6_a1_vulnerable-47c2a46012ac6c4c+0x1236d6) (BuildId: 37bb9eeb6f19d408772123a82fea00a2d95ee57b)
    #4 0x63999c932265  (/tmp/asan_pair6_a1_vulnerable_yedzcwa6/target/debug/deps/pair6_a1_vulnerable-47c2a46012ac6c4c+0x123265) (BuildId: 37bb9eeb6f19d408772123a82fea00a2d95ee57b)
    #5 0x63999c956c3a  (/tmp/asan_pair6_a1_vulnerable_yedzcwa6/target/debug/deps/pair6_a1_vulnerable-47c2a46012ac6c4c+0x147c3a) (BuildId: 37bb9eeb6f19d408772123a82fea00a2d95ee57b)
    #6 0x63999c96c624  (/tmp/asan_pair6_a1_vulnerable_yedzcwa6/target/debug/deps/pair6_a1_vulnerable-47c2a46012ac6c4c+0x15d624) (BuildId: 37bb9eeb6f19d408772123a82fea00a2d95ee57b)
    #7 0x63999c943043  (/tmp/asan_pair6_a1_vulnerable_yedzcwa6/target/debug/deps/pair6_a1_vulnerable-47c2a46012ac6c4c+0x134043) (BuildId: 37bb9eeb6f19d408772123a82fea00a2d95ee57b)
    #8 0x63999c946a29  (/tmp/asan_pair6_a1_vulnerable_yedzcwa6/target/debug/deps/pair6_a1_vulnerable-47c2a46012ac6c4c+0x137a29) (BuildId: 37bb9eeb6f19d408772123a82fea00a2d95ee57b)
    #9 0x63999c98c64e  (/tmp/asan_pair6_a1_vulnerable_yedzcwa6/target/debug/deps/pair6_a1_vulnerable-47c2a46012ac6c4c+0x17d64e) (BuildId: 37bb9eeb6f19d408772123a82fea00a2d95ee57b)
    #10 0x63999c8ffc96  (/tmp/asan_pair6_a1_vulnerable_yedzcwa6/target/debug/deps/pair6_a1_vulnerable-47c2a46012ac6c4c+0xf0c96) (BuildId: 37bb9eeb6f19d408772123a82fea00a2d95ee57b)
    #11 0x7d78c0494ac2  (/lib/x86_64-linux-gnu/libc.so.6+0x94ac2) (BuildId: d5197096f709801829b118af1b7cf6631efa2dcd)
    #12 0x7d78c052684f  (/lib/x86_64-linux-gnu/libc.so.6+0x12684f) (BuildId: d5197096f709801829b118af1b7cf6631efa2dcd)

0x7998bf7e401a is located 0 bytes after 10-byte region [0x7998bf7e4010,0x7998bf7e401a)
allocated by thread T1 here:
    #0 0x63999c901fc4  (/tmp/asan_pair6_a1_vulnerable_yedzcwa6/target/debug/deps/pair6_a1_vulnerable-47c2a46012ac6c4c+0xf2fc4) (BuildId: 37bb9eeb6f19d408772123a82fea00a2d95ee57b)
    #1 0x63999c9bcbdd  (/tmp/asan_pair6_a1_vulnerable_yedzcwa6/target/debug/deps/pair6_a1_vulnerable-47c2a46012ac6c4c+0x1adbdd) (BuildId: 37bb9eeb6f19d408772123a82fea00a2d95ee57b)
    #2 0x63999c93202e  (/tmp/asan_pair6_a1_vulnerable_yedzcwa6/target/debug/deps/pair6_a1_vulnerable-47c2a46012ac6c4c+0x12302e) (BuildId: 37bb9eeb6f19d408772123a82fea00a2d95ee57b)
    #3 0x63999c93290f  (/tmp/asan_pair6_a1_vulnerable_yedzcwa6/target/debug/deps/pair6_a1_vulnerable-47c2a46012ac6c4c+0x12390f) (BuildId: 37bb9eeb6f19d408772123a82fea00a2d95ee57b)
    #4 0x63999c93276e  (/tmp/asan_pair6_a1_vulnerable_yedzcwa6/target/debug/deps/pair6_a1_vulnerable-47c2a46012ac6c4c+0x12376e) (BuildId: 37bb9eeb6f19d408772123a82fea00a2d95ee57b)
    #5 0x63999c930349  (/tmp/asan_pair6_a1_vulnerable_yedzcwa6/target/debug/deps/pair6_a1_vulnerable-47c2a46012ac6c4c+0x121349) (BuildId: 37bb9eeb6f19d408772123a82fea00a2d95ee57b)
    #6 0x63999c9326d6  (/tmp/asan_pair6_a1_vulnerable_yedzcwa6/target/debug/deps/pair6_a1_vulnerable-47c2a46012ac6c4c+0x1236d6) (BuildId: 37bb9eeb6f19d408772123a82fea00a2d95ee57b)
    #7 0x63999c96c624  (/tmp/asan_pair6_a1_vulnerable_yedzcwa6/target/debug/deps/pair6_a1_vulnerable-47c2a46012ac6c4c+0x15d624) (BuildId: 37bb9eeb6f19d408772123a82fea00a2d95ee57b)
    #8 0x63999c943043  (/tmp/asan_pair6_a1_vulnerable_yedzcwa6/target/debug/deps/pair6_a1_vulnerable-47c2a46012ac6c4c+0x134043) (BuildId: 37bb9eeb6f19d408772123a82fea00a2d95ee57b)
    #9 0x63999c946a29  (/tmp/asan_pair6_a1_vulnerable_yedzcwa6/target/debug/deps/pair6_a1_vulnerable-47c2a46012ac6c4c+0x137a29) (BuildId: 37bb9eeb6f19d408772123a82fea00a2d95ee57b)
    #10 0x63999c98c64e  (/tmp/asan_pair6_a1_vulnerable_yedzcwa6/target/debug/deps/pair6_a1_vulnerable-47c2a46012ac6c4c+0x17d64e) (BuildId: 37bb9eeb6f19d408772123a82fea00a2d95ee57b)
    #11 0x63999c8ffc96  (/tmp/asan_pair6_a1_vulnerable_yedzcwa6/target/debug/deps/pair6_a1_vulnerable-47c2a46012ac6c4c+0xf0c96) (BuildId: 37bb9eeb6f19d408772123a82fea00a2d95ee57b)

Thread T1 created by T0 here:
    #0 0x63999c8e66c1  (/tmp/asan_pair6_a1_vulnerable_yedzcwa6/target/debug/deps/pair6_a1_vulnerable-47c2a46012ac6c4c+0xd76c1) (BuildId: 37bb9eeb6f19d408772123a82fea00a2d95ee57b)
    #1 0x63999c98c86f  (/tmp/asan_pair6_a1_vulnerable_yedzcwa6/target/debug/deps/pair6_a1_vulnerable-47c2a46012ac6c4c+0x17d86f) (BuildId: 37bb9eeb6f19d408772123a82fea00a2d95ee57b)
    #2 0x63999c96b19d  (/tmp/asan_pair6_a1_vulnerable_yedzcwa6/target/debug/deps/pair6_a1_vulnerable-47c2a46012ac6c4c+0x15c19d) (BuildId: 37bb9eeb6f19d408772123a82fea00a2d95ee57b)
    #3 0x63999c9644e4  (/tmp/asan_pair6_a1_vulnerable_yedzcwa6/target/debug/deps/pair6_a1_vulnerable-47c2a46012ac6c4c+0x1554e4) (BuildId: 37bb9eeb6f19d408772123a82fea00a2d95ee57b)
    #4 0x63999c96db25  (/tmp/asan_pair6_a1_vulnerable_yedzcwa6/target/debug/deps/pair6_a1_vulnerable-47c2a46012ac6c4c+0x15eb25) (BuildId: 37bb9eeb6f19d408772123a82fea00a2d95ee57b)
    #5 0x63999c95687a  (/tmp/asan_pair6_a1_vulnerable_yedzcwa6/target/debug/deps/pair6_a1_vulnerable-47c2a46012ac6c4c+0x14787a) (BuildId: 37bb9eeb6f19d408772123a82fea00a2d95ee57b)
    #6 0x63999c935d82  (/tmp/asan_pair6_a1_vulnerable_yedzcwa6/target/debug/deps/pair6_a1_vulnerable-47c2a46012ac6c4c+0x126d82) (BuildId: 37bb9eeb6f19d408772123a82fea00a2d95ee57b)
    #7 0x63999c934d8f  (/tmp/asan_pair6_a1_vulnerable_yedzcwa6/target/debug/deps/pair6_a1_vulnerable-47c2a46012ac6c4c+0x125d8f) (BuildId: 37bb9eeb6f19d408772123a82fea00a2d95ee57b)
    #8 0x63999c935e4d  (/tmp/asan_pair6_a1_vulnerable_yedzcwa6/target/debug/deps/pair6_a1_vulnerable-47c2a46012ac6c4c+0x126e4d) (BuildId: 37bb9eeb6f19d408772123a82fea00a2d95ee57b)

SUMMARY: AddressSanitizer: heap-buffer-overflow (/tmp/asan_pair6_a1_vulnerable_yedzcwa6/target/debug/deps/pair6_a1_vulnerable-47c2a46012ac6c4c+0xf1f83) (BuildId: 37bb9eeb6f19d408772123a82fea00a2d95ee57b) 
Shadow bytes around the buggy address:
  0x7998bf7e3d80: fa fa fa fa fa fa fa fa fa fa fa fa fa fa fa fa
  0x7998bf7e3e00: fa fa fa fa fa fa fa fa fa fa fa fa fa fa fa fa
  0x7998bf7e3e80: fa fa fa fa fa fa fa fa fa fa fa fa fa fa fa fa
  0x7998bf7e3f00: fa fa fa fa fa fa fa fa fa fa fa fa fa fa fa fa
  0x7998bf7e3f80: fa fa fa fa fa fa fa fa fa fa fa fa fa fa fa fa
=>0x7998bf7e4000: fa fa 00[02]fa fa fa fa fa fa fa fa fa fa fa fa
  0x7998bf7e4080: fa fa fa fa fa fa fa fa fa fa fa fa fa fa fa fa
  0x7998bf7e4100: fa fa fa fa fa fa fa fa fa fa fa fa fa fa fa fa
  0x7998bf7e4180: fa fa fa fa fa fa fa fa fa fa fa fa fa fa fa fa
  0x7998bf7e4200: fa fa fa fa fa fa fa fa fa fa fa fa fa fa fa fa
  0x7998bf7e4280: fa fa fa fa fa fa fa fa fa fa fa fa fa fa fa fa
Shadow byte legend (one shadow byte represents 8 application bytes):
  Addressable:           00
  Partially addressable: 01 02 03 04 05 06 07 
  Heap left redzone:       fa
  Freed heap region:       fd
  Stack left redzone:      f1
  Stack mid redzone:       f2
  Stack right redzone:     f3
  Stack after return:      f5
  Stack use after scope:   f8
  Global redzone:          f9
  Global init order:       f6
  Poisoned by user:        f7
  Container overflow:      fc
  Array cookie:            ac
  Intra object redzone:    bb
  ASan internal:           fe
  Left alloca redzone:     ca
  Right alloca redzone:    cb
=================================================================
==3817162==ERROR: AddressSanitizer: heap-buffer-overflow on address 0x7998bf7e4024 at pc 0x63999c900fd0 bp 0x7978bd1fe2e0 sp 0x7978bd1fda98
WRITE of size 20 at 0x7998bf7e4024 thread T1
    #0 0x63999c900fcf  (/tmp/asan_pair6_a1_vulnerable_yedzcwa6/target/debug/deps/pair6_a1_vulnerable-47c2a46012ac6c4c+0xf1fcf) (BuildId: 37bb9eeb6f19d408772123a82fea00a2d95ee57b)
    #1 0x63999c935df8  (/tmp/asan_pair6_a1_vulnerable_yedzcwa6/target/debug/deps/pair6_a1_vulnerable-47c2a46012ac6c4c+0x126df8) (BuildId: 37bb9eeb6f19d408772123a82fea00a2d95ee57b)
    #2 0x63999c930372  (/tmp/asan_pair6_a1_vulnerable_yedzcwa6/target/debug/deps/pair6_a1_vulnerable-47c2a46012ac6c4c+0x121372) (BuildId: 37bb9eeb6f19d408772123a82fea00a2d95ee57b)
    #3 0x63999c9326d6  (/tmp/asan_pair6_a1_vulnerable_yedzcwa6/target/debug/deps/pair6_a1_vulnerable-47c2a46012ac6c4c+0x1236d6) (BuildId: 37bb9eeb6f19d408772123a82fea00a2d95ee57b)
    #4 0x63999c932265  (/tmp/asan_pair6_a1_vulnerable_yedzcwa6/target/debug/deps/pair6_a1_vulnerable-47c2a46012ac6c4c+0x123265) (BuildId: 37bb9eeb6f19d408772123a82fea00a2d95ee57b)
    #5 0x63999c956c3a  (/tmp/asan_pair6_a1_vulnerable_yedzcwa6/target/debug/deps/pair6_a1_vulnerable-47c2a46012ac6c4c+0x147c3a) (BuildId: 37bb9eeb6f19d408772123a82fea00a2d95ee57b)
    #6 0x63999c96c624  (/tmp/asan_pair6_a1_vulnerable_yedzcwa6/target/debug/deps/pair6_a1_vulnerable-47c2a46012ac6c4c+0x15d624) (BuildId: 37bb9eeb6f19d408772123a82fea00a2d95ee57b)
    #7 0x63999c943043  (/tmp/asan_pair6_a1_vulnerable_yedzcwa6/target/debug/deps/pair6_a1_vulnerable-47c2a46012ac6c4c+0x134043) (BuildId: 37bb9eeb6f19d408772123a82fea00a2d95ee57b)
    #8 0x63999c946a29  (/tmp/asan_pair6_a1_vulnerable_yedzcwa6/target/debug/deps/pair6_a1_vulnerable-47c2a46012ac6c4c+0x137a29) (BuildId: 37bb9eeb6f19d408772123a82fea00a2d95ee57b)
    #9 0x63999c98c64e  (/tmp/asan_pair6_a1_vulnerable_yedzcwa6/target/debug/deps/pair6_a1_vulnerable-47c2a46012ac6c4c+0x17d64e) (BuildId: 37bb9eeb6f19d408772123a82fea00a2d95ee57b)
    #10 0x63999c8ffc96  (/tmp/asan_pair6_a1_vulnerable_yedzcwa6/target/debug/deps/pair6_a1_vulnerable-47c2a46012ac6c4c+0xf0c96) (BuildId: 37bb9eeb6f19d408772123a82fea00a2d95ee57b)
    #11 0x7d78c0494ac2  (/lib/x86_64-linux-gnu/libc.so.6+0x94ac2) (BuildId: d5197096f709801829b118af1b7cf6631efa2dcd)
    #12 0x7d78c052684f  (/lib/x86_64-linux-gnu/libc.so.6+0x12684f) (BuildId: d5197096f709801829b118af1b7cf6631efa2dcd)

0x7998bf7e4024 is located 10 bytes after 10-byte region [0x7998bf7e4010,0x7998bf7e401a)
allocated by thread T1 here:
    #0 0x63999c901fc4  (/tmp/asan_pair6_a1_vulnerable_yedzcwa6/target/debug/deps/pair6_a1_vulnerable-47c2a46012ac6c4c+0xf2fc4) (BuildId: 37bb9eeb6f19d408772123a82fea00a2d95ee57b)
    #1 0x63999c9bcbdd  (/tmp/asan_pair6_a1_vulnerable_yedzcwa6/target/debug/deps/pair6_a1_vulnerable-47c2a46012ac6c4c+0x1adbdd) (BuildId: 37bb9eeb6f19d408772123a82fea00a2d95ee57b)
    #2 0x63999c93202e  (/tmp/asan_pair6_a1_vulnerable_yedzcwa6/target/debug/deps/pair6_a1_vulnerable-47c2a46012ac6c4c+0x12302e) (BuildId: 37bb9eeb6f19d408772123a82fea00a2d95ee57b)
    #3 0x63999c93290f  (/tmp/asan_pair6_a1_vulnerable_yedzcwa6/target/debug/deps/pair6_a1_vulnerable-47c2a46012ac6c4c+0x12390f) (BuildId: 37bb9eeb6f19d408772123a82fea00a2d95ee57b)
    #4 0x63999c93276e  (/tmp/asan_pair6_a1_vulnerable_yedzcwa6/target/debug/deps/pair6_a1_vulnerable-47c2a46012ac6c4c+0x12376e) (BuildId: 37bb9eeb6f19d408772123a82fea00a2d95ee57b)
    #5 0x63999c930349  (/tmp/asan_pair6_a1_vulnerable_yedzcwa6/target/debug/deps/pair6_a1_vulnerable-47c2a46012ac6c4c+0x121349) (BuildId: 37bb9eeb6f19d408772123a82fea00a2d95ee57b)
    #6 0x63999c9326d6  (/tmp/asan_pair6_a1_vulnerable_yedzcwa6/target/debug/deps/pair6_a1_vulnerable-47c2a46012ac6c4c+0x1236d6) (BuildId: 37bb9eeb6f19d408772123a82fea00a2d95ee57b)
    #7 0x63999c96c624  (/tmp/asan_pair6_a1_vulnerable_yedzcwa6/target/debug/deps/pair6_a1_vulnerable-47c2a46012ac6c4c+0x15d624) (BuildId: 37bb9eeb6f19d408772123a82fea00a2d95ee57b)
    #8 0x63999c943043  (/tmp/asan_pair6_a1_vulnerable_yedzcwa6/target/debug/deps/pair6_a1_vulnerable-47c2a46012ac6c4c+0x134043) (BuildId: 37bb9eeb6f19d408772123a82fea00a2d95ee57b)
    #9 0x63999c946a29  (/tmp/asan_pair6_a1_vulnerable_yedzcwa6/target/debug/deps/pair6_a1_vulnerable-47c2a46012ac6c4c+0x137a29) (BuildId: 37bb9eeb6f19d408772123a82fea00a2d95ee57b)
    #10 0x63999c98c64e  (/tmp/asan_pair6_a1_vulnerable_yedzcwa6/target/debug/deps/pair6_a1_vulnerable-47c2a46012ac6c4c+0x17d64e) (BuildId: 37bb9eeb6f19d408772123a82fea00a2d95ee57b)
    #11 0x63999c8ffc96  (/tmp/asan_pair6_a1_vulnerable_yedzcwa6/target/debug/deps/pair6_a1_vulnerable-47c2a46012ac6c4c+0xf0c96) (BuildId: 37bb9eeb6f19d408772123a82fea00a2d95ee57b)

SUMMARY: AddressSanitizer: heap-buffer-overflow (/tmp/asan_pair6_a1_vulnerable_yedzcwa6/target/debug/deps/pair6_a1_vulnerable-47c2a46012ac6c4c+0xf1fcf) (BuildId: 37bb9eeb6f19d408772123a82fea00a2d95ee57b) 
Shadow bytes around the buggy address:
  0x7998bf7e3d80: fa fa fa fa fa fa fa fa fa fa fa fa fa fa fa fa
  0x7998bf7e3e00: fa fa fa fa fa fa fa fa fa fa fa fa fa fa fa fa
  0x7998bf7e3e80: fa fa fa fa fa fa fa fa fa fa fa fa fa fa fa fa
  0x7998bf7e3f00: fa fa fa fa fa fa fa fa fa fa fa fa fa fa fa fa
  0x7998bf7e3f80: fa fa fa fa fa fa fa fa fa fa fa fa fa fa fa fa
=>0x7998bf7e4000: fa fa 00 02[fa]fa fa fa fa fa fa fa fa fa fa fa
  0x7998bf7e4080: fa fa fa fa fa fa fa fa fa fa fa fa fa fa fa fa
  0x7998bf7e4100: fa fa fa fa fa fa fa fa fa fa fa fa fa fa fa fa
  0x7998bf7e4180: fa fa fa fa fa fa fa fa fa fa fa fa fa fa fa fa
  0x7998bf7e4200: fa fa fa fa fa fa fa fa fa fa fa fa fa fa fa fa
  0x7998bf7e4280: fa fa fa fa fa fa fa fa fa fa fa fa fa fa fa fa
Shadow byte legend (one shadow byte represents 8 application bytes):
  Addressable:           00
  Partially addressable: 01 02 03 04 05 06 07 
  Heap left redzone:       fa
  Freed heap region:       fd
  Stack left redzone:      f1
  Stack mid redzone:       f2
  Stack right redzone:     f3
  Stack after return:      f5
  Stack use after scope:   f8
  Global redzone:          f9
  Global init order:       f6
  Poisoned by user:        f7
  Container overflow:      fc
  Array cookie:            ac
  Intra object redzone:    bb
  ASan internal:           fe
  Left alloca redzone:     ca
  Right alloca redzone:    cb

thread 'tests::test_invalid_copy_size' (3817163) panicked at src/lib.rs:64:9:
Copy operation should fail for an invalid size
note: run with `RUST_BACKTRACE=1` environment variable to display a backtrace
test tests::test_invalid_copy_size ... FAILED

failures:

failures:
    tests::test_invalid_copy_size

test result: FAILED. 0 passed; 1 failed; 0 ignored; 0 measured; 0 filtered out; finished in 0.00s

error: test failed, to rerun pass `--lib`
