$ (cwd=/tmp/asan_pair7_a1_vulnerable_866xff96) cargo +nightly test --lib -- --nocapture

   Compiling pair7_a1_vulnerable v0.1.0 (/tmp/asan_pair7_a1_vulnerable_866xff96)
    Finished `test` profile [unoptimized + debuginfo] target(s) in 0.24s
     Running unittests src/lib.rs (target/debug/deps/pair7_a1_vulnerable-05f9bea612968f00)

running 1 test
=================================================================
==3817461==ERROR: AddressSanitizer: heap-buffer-overflow on address 0x7366417e18c8 at pc 0x5dba35434b0a bp 0x73363e4f4600 sp 0x73363e4f45f8
READ of size 4 at 0x7366417e18c8 thread T2
    #0 0x5dba35434b09  (/tmp/asan_pair7_a1_vulnerable_866xff96/target/debug/deps/pair7_a1_vulnerable-05f9bea612968f00+0x12ab09) (BuildId: b8f7e6d9c28642b62f28f6f806bd4e7961865140)
    #1 0x5dba35430dfa  (/tmp/asan_pair7_a1_vulnerable_866xff96/target/debug/deps/pair7_a1_vulnerable-05f9bea612968f00+0x126dfa) (BuildId: b8f7e6d9c28642b62f28f6f806bd4e7961865140)
    #2 0x5dba35438d01  (/tmp/asan_pair7_a1_vulnerable_866xff96/target/debug/deps/pair7_a1_vulnerable-05f9bea612968f00+0x12ed01) (BuildId: b8f7e6d9c28642b62f28f6f806bd4e7961865140)
    #3 0x5dba35433283  (/tmp/asan_pair7_a1_vulnerable_866xff96/target/debug/deps/pair7_a1_vulnerable-05f9bea612968f00+0x129283) (BuildId: b8f7e6d9c28642b62f28f6f806bd4e7961865140)
    #4 0x5dba35433b70  (/tmp/asan_pair7_a1_vulnerable_866xff96/target/debug/deps/pair7_a1_vulnerable-05f9bea612968f00+0x129b70) (BuildId: b8f7e6d9c28642b62f28f6f806bd4e7961865140)
    #5 0x5dba3543067f  (/tmp/asan_pair7_a1_vulnerable_866xff96/target/debug/deps/pair7_a1_vulnerable-05f9bea612968f00+0x12667f) (BuildId: b8f7e6d9c28642b62f28f6f806bd4e7961865140)
    #6 0x5dba3543396a  (/tmp/asan_pair7_a1_vulnerable_866xff96/target/debug/deps/pair7_a1_vulnerable-05f9bea612968f00+0x12996a) (BuildId: b8f7e6d9c28642b62f28f6f806bd4e7961865140)
    #7 0x5dba35432e26  (/tmp/asan_pair7_a1_vulnerable_866xff96/target/debug/deps/pair7_a1_vulnerable-05f9bea612968f00+0x128e26) (BuildId: b8f7e6d9c28642b62f28f6f806bd4e7961865140)
    #8 0x5dba354356fd  (/tmp/asan_pair7_a1_vulnerable_866xff96/target/debug/deps/pair7_a1_vulnerable-05f9bea612968f00+0x12b6fd) (BuildId: b8f7e6d9c28642b62f28f6f806bd4e7961865140)
    #9 0x5dba35495c5e  (/tmp/asan_pair7_a1_vulnerable_866xff96/target/debug/deps/pair7_a1_vulnerable-05f9bea612968f00+0x18bc5e) (BuildId: b8f7e6d9c28642b62f28f6f806bd4e7961865140)
    #10 0x5dba353ff976  (/tmp/asan_pair7_a1_vulnerable_866xff96/target/debug/deps/pair7_a1_vulnerable-05f9bea612968f00+0xf5976) (BuildId: b8f7e6d9c28642b62f28f6f806bd4e7961865140)
    #11 0x773642494ac2  (/lib/x86_64-linux-gnu/libc.so.6+0x94ac2) (BuildId: d5197096f709801829b118af1b7cf6631efa2dcd)
    #12 0x77364252684f  (/lib/x86_64-linux-gnu/libc.so.6+0x12684f) (BuildId: d5197096f709801829b118af1b7cf6631efa2dcd)

0x7366417e18c8 is located 8 bytes before 32-byte region [0x7366417e18d0,0x7366417e18f0)
allocated by thread T1 here:
    #0 0x5dba35401ca4  (/tmp/asan_pair7_a1_vulnerable_866xff96/target/debug/deps/pair7_a1_vulnerable-05f9bea612968f00+0xf7ca4) (BuildId: b8f7e6d9c28642b62f28f6f806bd4e7961865140)
    #1 0x5dba35495d93  (/tmp/asan_pair7_a1_vulnerable_866xff96/target/debug/deps/pair7_a1_vulnerable-05f9bea612968f00+0x18bd93) (BuildId: b8f7e6d9c28642b62f28f6f806bd4e7961865140)
    #2 0x5dba35432185  (/tmp/asan_pair7_a1_vulnerable_866xff96/target/debug/deps/pair7_a1_vulnerable-05f9bea612968f00+0x128185) (BuildId: b8f7e6d9c28642b62f28f6f806bd4e7961865140)
    #3 0x5dba3543145f  (/tmp/asan_pair7_a1_vulnerable_866xff96/target/debug/deps/pair7_a1_vulnerable-05f9bea612968f00+0x12745f) (BuildId: b8f7e6d9c28642b62f28f6f806bd4e7961865140)
    #4 0x5dba35434d18  (/tmp/asan_pair7_a1_vulnerable_866xff96/target/debug/deps/pair7_a1_vulnerable-05f9bea612968f00+0x12ad18) (BuildId: b8f7e6d9c28642b62f28f6f806bd4e7961865140)
    #5 0x5dba3543ae5a  (/tmp/asan_pair7_a1_vulnerable_866xff96/target/debug/deps/pair7_a1_vulnerable-05f9bea612968f00+0x130e5a) (BuildId: b8f7e6d9c28642b62f28f6f806bd4e7961865140)
    #6 0x5dba35439dca  (/tmp/asan_pair7_a1_vulnerable_866xff96/target/debug/deps/pair7_a1_vulnerable-05f9bea612968f00+0x12fdca) (BuildId: b8f7e6d9c28642b62f28f6f806bd4e7961865140)
    #7 0x5dba3543ae76  (/tmp/asan_pair7_a1_vulnerable_866xff96/target/debug/deps/pair7_a1_vulnerable-05f9bea612968f00+0x130e76) (BuildId: b8f7e6d9c28642b62f28f6f806bd4e7961865140)
    #8 0x5dba35475c34  (/tmp/asan_pair7_a1_vulnerable_866xff96/target/debug/deps/pair7_a1_vulnerable-05f9bea612968f00+0x16bc34) (BuildId: b8f7e6d9c28642b62f28f6f806bd4e7961865140)
    #9 0x5dba3544c653  (/tmp/asan_pair7_a1_vulnerable_866xff96/target/debug/deps/pair7_a1_vulnerable-05f9bea612968f00+0x142653) (BuildId: b8f7e6d9c28642b62f28f6f806bd4e7961865140)
    #10 0x5dba35450039  (/tmp/asan_pair7_a1_vulnerable_866xff96/target/debug/deps/pair7_a1_vulnerable-05f9bea612968f00+0x146039) (BuildId: b8f7e6d9c28642b62f28f6f806bd4e7961865140)
    #11 0x5dba35495c5e  (/tmp/asan_pair7_a1_vulnerable_866xff96/target/debug/deps/pair7_a1_vulnerable-05f9bea612968f00+0x18bc5e) (BuildId: b8f7e6d9c28642b62f28f6f806bd4e7961865140)
    #12 0x5dba353ff976  (/tmp/asan_pair7_a1_vulnerable_866xff96/target/debug/deps/pair7_a1_vulnerable-05f9bea612968f00+0xf5976) (BuildId: b8f7e6d9c28642b62f28f6f806bd4e7961865140)

Thread T2 created by T1 here:
    #0 0x5dba353e63a1  (/tmp/asan_pair7_a1_vulnerable_866xff96/target/debug/deps/pair7_a1_vulnerable-05f9bea612968f00+0xdc3a1) (BuildId: b8f7e6d9c28642b62f28f6f806bd4e7961865140)
    #1 0x5dba35495e7f  (/tmp/asan_pair7_a1_vulnerable_866xff96/target/debug/deps/pair7_a1_vulnerable-05f9bea612968f00+0x18be7f) (BuildId: b8f7e6d9c28642b62f28f6f806bd4e7961865140)
    #2 0x5dba35432185  (/tmp/asan_pair7_a1_vulnerable_866xff96/target/debug/deps/pair7_a1_vulnerable-05f9bea612968f00+0x128185) (BuildId: b8f7e6d9c28642b62f28f6f806bd4e7961865140)
    #3 0x5dba3543145f  (/tmp/asan_pair7_a1_vulnerable_866xff96/target/debug/deps/pair7_a1_vulnerable-05f9bea612968f00+0x12745f) (BuildId: b8f7e6d9c28642b62f28f6f806bd4e7961865140)
    #4 0x5dba35434d18  (/tmp/asan_pair7_a1_vulnerable_866xff96/target/debug/deps/pair7_a1_vulnerable-05f9bea612968f00+0x12ad18) (BuildId: b8f7e6d9c28642b62f28f6f806bd4e7961865140)
    #5 0x5dba3543ae5a  (/tmp/asan_pair7_a1_vulnerable_866xff96/target/debug/deps/pair7_a1_vulnerable-05f9bea612968f00+0x130e5a) (BuildId: b8f7e6d9c28642b62f28f6f806bd4e7961865140)
    #6 0x5dba35439dca  (/tmp/asan_pair7_a1_vulnerable_866xff96/target/debug/deps/pair7_a1_vulnerable-05f9bea612968f00+0x12fdca) (BuildId: b8f7e6d9c28642b62f28f6f806bd4e7961865140)
    #7 0x5dba3543ae76  (/tmp/asan_pair7_a1_vulnerable_866xff96/target/debug/deps/pair7_a1_vulnerable-05f9bea612968f00+0x130e76) (BuildId: b8f7e6d9c28642b62f28f6f806bd4e7961865140)
    #8 0x5dba35475c34  (/tmp/asan_pair7_a1_vulnerable_866xff96/target/debug/deps/pair7_a1_vulnerable-05f9bea612968f00+0x16bc34) (BuildId: b8f7e6d9c28642b62f28f6f806bd4e7961865140)
    #9 0x5dba3544c653  (/tmp/asan_pair7_a1_vulnerable_866xff96/target/debug/deps/pair7_a1_vulnerable-05f9bea612968f00+0x142653) (BuildId: b8f7e6d9c28642b62f28f6f806bd4e7961865140)
    #10 0x5dba35450039  (/tmp/asan_pair7_a1_vulnerable_866xff96/target/debug/deps/pair7_a1_vulnerable-05f9bea612968f00+0x146039) (BuildId: b8f7e6d9c28642b62f28f6f806bd4e7961865140)
    #11 0x5dba35495c5e  (/tmp/asan_pair7_a1_vulnerable_866xff96/target/debug/deps/pair7_a1_vulnerable-05f9bea612968f00+0x18bc5e) (BuildId: b8f7e6d9c28642b62f28f6f806bd4e7961865140)
    #12 0x5dba353ff976  (/tmp/asan_pair7_a1_vulnerable_866xff96/target/debug/deps/pair7_a1_vulnerable-05f9bea612968f00+0xf5976) (BuildId: b8f7e6d9c28642b62f28f6f806bd4e7961865140)

Thread T1 created by T0 here:
    #0 0x5dba353e63a1  (/tmp/asan_pair7_a1_vulnerable_866xff96/target/debug/deps/pair7_a1_vulnerable-05f9bea612968f00+0xdc3a1) (BuildId: b8f7e6d9c28642b62f28f6f806bd4e7961865140)
    #1 0x5dba35495e7f  (/tmp/asan_pair7_a1_vulnerable_866xff96/target/debug/deps/pair7_a1_vulnerable-05f9bea612968f00+0x18be7f) (BuildId: b8f7e6d9c28642b62f28f6f806bd4e7961865140)
    #2 0x5dba354747ad  (/tmp/asan_pair7_a1_vulnerable_866xff96/target/debug/deps/pair7_a1_vulnerable-05f9bea612968f00+0x16a7ad) (BuildId: b8f7e6d9c28642b62f28f6f806bd4e7961865140)
    #3 0x5dba3546daf4  (/tmp/asan_pair7_a1_vulnerable_866xff96/target/debug/deps/pair7_a1_vulnerable-05f9bea612968f00+0x163af4) (BuildId: b8f7e6d9c28642b62f28f6f806bd4e7961865140)
    #4 0x5dba35477135  (/tmp/asan_pair7_a1_vulnerable_866xff96/target/debug/deps/pair7_a1_vulnerable-05f9bea612968f00+0x16d135) (BuildId: b8f7e6d9c28642b62f28f6f806bd4e7961865140)
    #5 0x5dba3545fe8a  (/tmp/asan_pair7_a1_vulnerable_866xff96/target/debug/deps/pair7_a1_vulnerable-05f9bea612968f00+0x155e8a) (BuildId: b8f7e6d9c28642b62f28f6f806bd4e7961865140)
    #6 0x5dba35434722  (/tmp/asan_pair7_a1_vulnerable_866xff96/target/debug/deps/pair7_a1_vulnerable-05f9bea612968f00+0x12a722) (BuildId: b8f7e6d9c28642b62f28f6f806bd4e7961865140)
    #7 0x5dba3543858f  (/tmp/asan_pair7_a1_vulnerable_866xff96/target/debug/deps/pair7_a1_vulnerable-05f9bea612968f00+0x12e58f) (BuildId: b8f7e6d9c28642b62f28f6f806bd4e7961865140)
    #8 0x5dba35434f6d  (/tmp/asan_pair7_a1_vulnerable_866xff96/target/debug/deps/pair7_a1_vulnerable-05f9bea612968f00+0x12af6d) (BuildId: b8f7e6d9c28642b62f28f6f806bd4e7961865140)

SUMMARY: AddressSanitizer: heap-buffer-overflow (/tmp/asan_pair7_a1_vulnerable_866xff96/target/debug/deps/pair7_a1_vulnerable-05f9bea612968f00+0x12ab09) (BuildId: b8f7e6d9c28642b62f28f6f806bd4e7961865140) 
Shadow bytes around the buggy address:
  0x7366417e1600: fa fa fa fa fa fa fa fa fa fa fa fa fa fa fa fa
  0x7366417e1680: fa fa fa fa fa fa fa fa fa fa fa fa fa fa fa fa
  0x7366417e1700: fa fa fa fa fa fa fa fa fa fa fa fa fa fa fa fa
  0x7366417e1780: fa fa fa fa fa fa fa fa fa fa fa fa fa fa fa fa
  0x7366417e1800: fa fa fd fd fd fd fa fa fd fd fd fd fa fa 00 00
=>0x7366417e1880: 00 00 fa fa 00 00 04 fa fa[fa]00 00 00 00 fa fa
  0x7366417e1900: fa fa fa fa fa fa fa fa fa fa fa fa fa fa fa fa
  0x7366417e1980: fa fa fa fa fa fa fa fa fa fa fa fa fa fa fa fa
  0x7366417e1a00: fa fa fa fa fa fa fa fa fa fa fa fa fa fa fa fa
  0x7366417e1a80: fa fa fa fa fa fa fa fa fa fa fa fa fa fa fa fa
  0x7366417e1b00: fa fa fa fa fa fa fa fa fa fa fa fa fa fa fa fa
Shadow byte legend (one shadow byte represents 8 application bytes):
  Addressable:           00
  Partially addressable: 01 02 03 04 05 06 07 
  Heap left redzone:       fa
  Freed heap region:       fd
  Stack left redzone:      f1
  Stack mid redzone:       f2
  Stack right redzone:     f3
  Stack after return:      f5
  Stack use after scope:   f8
  Global redzone:          f9
  Global init order:       f6
  Poisoned by user:        f7
  Container overflow:      fc
  Array cookie:            ac
  Intra object redzone:    bb
  ASan internal:           fe
  Left alloca redzone:     ca
  Right alloca redzone:    cb
==3817461==ABORTING
error: test failed, to rerun pass `--lib`

Caused by:
  process didn't exit successfully: `/tmp/asan_pair7_a1_vulnerable_866xff96/target/debug/deps/pair7_a1_vulnerable-05f9bea612968f00 --nocapture` (exit status: 1)
