$ (cwd=/tmp/asan_pair17_vulnerable_dj9yl040) cargo +nightly test --lib -- --nocapture

   Compiling pair17_vulnerable v0.1.0 (/tmp/asan_pair17_vulnerable_dj9yl040)
    Finished `test` profile [unoptimized + debuginfo] target(s) in 0.20s
     Running unittests src/lib.rs (target/debug/deps/pair17_vulnerable-12aaf8411fe1cebb)

running 1 test
=================================================================
==3443906==ERROR: AddressSanitizer: heap-buffer-overflow on address 0x7688e57e4035 at pc 0x62239fe35436 bp 0x7668e31fe100 sp 0x7668e31fe0f8
WRITE of size 1 at 0x7688e57e4035 thread T1
    #0 0x62239fe35435  (/tmp/asan_pair17_vulnerable_dj9yl040/target/debug/deps/pair17_vulnerable-12aaf8411fe1cebb+0x125435) (BuildId: 2468c325010f7d9b381c1a4a95c4ac91e91ea7ec)
    #1 0x62239fe387d5  (/tmp/asan_pair17_vulnerable_dj9yl040/target/debug/deps/pair17_vulnerable-12aaf8411fe1cebb+0x1287d5) (BuildId: 2468c325010f7d9b381c1a4a95c4ac91e91ea7ec)
    #2 0x62239fe34e22  (/tmp/asan_pair17_vulnerable_dj9yl040/target/debug/deps/pair17_vulnerable-12aaf8411fe1cebb+0x124e22) (BuildId: 2468c325010f7d9b381c1a4a95c4ac91e91ea7ec)
    #3 0x62239fe32086  (/tmp/asan_pair17_vulnerable_dj9yl040/target/debug/deps/pair17_vulnerable-12aaf8411fe1cebb+0x122086) (BuildId: 2468c325010f7d9b381c1a4a95c4ac91e91ea7ec)
    #4 0x62239fe34735  (/tmp/asan_pair17_vulnerable_dj9yl040/target/debug/deps/pair17_vulnerable-12aaf8411fe1cebb+0x124735) (BuildId: 2468c325010f7d9b381c1a4a95c4ac91e91ea7ec)
    #5 0x62239fe598ca  (/tmp/asan_pair17_vulnerable_dj9yl040/target/debug/deps/pair17_vulnerable-12aaf8411fe1cebb+0x1498ca) (BuildId: 2468c325010f7d9b381c1a4a95c4ac91e91ea7ec)
    #6 0x62239fe6f2b4  (/tmp/asan_pair17_vulnerable_dj9yl040/target/debug/deps/pair17_vulnerable-12aaf8411fe1cebb+0x15f2b4) (BuildId: 2468c325010f7d9b381c1a4a95c4ac91e91ea7ec)
    #7 0x62239fe45cd3  (/tmp/asan_pair17_vulnerable_dj9yl040/target/debug/deps/pair17_vulnerable-12aaf8411fe1cebb+0x135cd3) (BuildId: 2468c325010f7d9b381c1a4a95c4ac91e91ea7ec)
    #8 0x62239fe496b9  (/tmp/asan_pair17_vulnerable_dj9yl040/target/debug/deps/pair17_vulnerable-12aaf8411fe1cebb+0x1396b9) (BuildId: 2468c325010f7d9b381c1a4a95c4ac91e91ea7ec)
    #9 0x62239fe8f2de  (/tmp/asan_pair17_vulnerable_dj9yl040/target/debug/deps/pair17_vulnerable-12aaf8411fe1cebb+0x17f2de) (BuildId: 2468c325010f7d9b381c1a4a95c4ac91e91ea7ec)
    #10 0x62239fe01ac6  (/tmp/asan_pair17_vulnerable_dj9yl040/target/debug/deps/pair17_vulnerable-12aaf8411fe1cebb+0xf1ac6) (BuildId: 2468c325010f7d9b381c1a4a95c4ac91e91ea7ec)
    #11 0x7a68e6494ac2  (/lib/x86_64-linux-gnu/libc.so.6+0x94ac2) (BuildId: d5197096f709801829b118af1b7cf6631efa2dcd)
    #12 0x7a68e652684f  (/lib/x86_64-linux-gnu/libc.so.6+0x12684f) (BuildId: d5197096f709801829b118af1b7cf6631efa2dcd)

0x7688e57e4035 is located 0 bytes after 5-byte region [0x7688e57e4030,0x7688e57e4035)
allocated by thread T1 here:
    #0 0x62239fe03fc9  (/tmp/asan_pair17_vulnerable_dj9yl040/target/debug/deps/pair17_vulnerable-12aaf8411fe1cebb+0xf3fc9) (BuildId: 2468c325010f7d9b381c1a4a95c4ac91e91ea7ec)
    #1 0x62239febf857  (/tmp/asan_pair17_vulnerable_dj9yl040/target/debug/deps/pair17_vulnerable-12aaf8411fe1cebb+0x1af857) (BuildId: 2468c325010f7d9b381c1a4a95c4ac91e91ea7ec)
    #2 0x62239fe33dbe  (/tmp/asan_pair17_vulnerable_dj9yl040/target/debug/deps/pair17_vulnerable-12aaf8411fe1cebb+0x123dbe) (BuildId: 2468c325010f7d9b381c1a4a95c4ac91e91ea7ec)
    #3 0x62239fe335be  (/tmp/asan_pair17_vulnerable_dj9yl040/target/debug/deps/pair17_vulnerable-12aaf8411fe1cebb+0x1235be) (BuildId: 2468c325010f7d9b381c1a4a95c4ac91e91ea7ec)
    #4 0x62239fe34db6  (/tmp/asan_pair17_vulnerable_dj9yl040/target/debug/deps/pair17_vulnerable-12aaf8411fe1cebb+0x124db6) (BuildId: 2468c325010f7d9b381c1a4a95c4ac91e91ea7ec)
    #5 0x62239fe32086  (/tmp/asan_pair17_vulnerable_dj9yl040/target/debug/deps/pair17_vulnerable-12aaf8411fe1cebb+0x122086) (BuildId: 2468c325010f7d9b381c1a4a95c4ac91e91ea7ec)
    #6 0x62239fe6f2b4  (/tmp/asan_pair17_vulnerable_dj9yl040/target/debug/deps/pair17_vulnerable-12aaf8411fe1cebb+0x15f2b4) (BuildId: 2468c325010f7d9b381c1a4a95c4ac91e91ea7ec)
    #7 0x62239fe45cd3  (/tmp/asan_pair17_vulnerable_dj9yl040/target/debug/deps/pair17_vulnerable-12aaf8411fe1cebb+0x135cd3) (BuildId: 2468c325010f7d9b381c1a4a95c4ac91e91ea7ec)
    #8 0x62239fe496b9  (/tmp/asan_pair17_vulnerable_dj9yl040/target/debug/deps/pair17_vulnerable-12aaf8411fe1cebb+0x1396b9) (BuildId: 2468c325010f7d9b381c1a4a95c4ac91e91ea7ec)
    #9 0x62239fe8f2de  (/tmp/asan_pair17_vulnerable_dj9yl040/target/debug/deps/pair17_vulnerable-12aaf8411fe1cebb+0x17f2de) (BuildId: 2468c325010f7d9b381c1a4a95c4ac91e91ea7ec)
    #10 0x62239fe01ac6  (/tmp/asan_pair17_vulnerable_dj9yl040/target/debug/deps/pair17_vulnerable-12aaf8411fe1cebb+0xf1ac6) (BuildId: 2468c325010f7d9b381c1a4a95c4ac91e91ea7ec)

Thread T1 created by T0 here:
    #0 0x62239fde84f1  (/tmp/asan_pair17_vulnerable_dj9yl040/target/debug/deps/pair17_vulnerable-12aaf8411fe1cebb+0xd84f1) (BuildId: 2468c325010f7d9b381c1a4a95c4ac91e91ea7ec)
    #1 0x62239fe8f4ff  (/tmp/asan_pair17_vulnerable_dj9yl040/target/debug/deps/pair17_vulnerable-12aaf8411fe1cebb+0x17f4ff) (BuildId: 2468c325010f7d9b381c1a4a95c4ac91e91ea7ec)
    #2 0x62239fe6de2d  (/tmp/asan_pair17_vulnerable_dj9yl040/target/debug/deps/pair17_vulnerable-12aaf8411fe1cebb+0x15de2d) (BuildId: 2468c325010f7d9b381c1a4a95c4ac91e91ea7ec)
    #3 0x62239fe67174  (/tmp/asan_pair17_vulnerable_dj9yl040/target/debug/deps/pair17_vulnerable-12aaf8411fe1cebb+0x157174) (BuildId: 2468c325010f7d9b381c1a4a95c4ac91e91ea7ec)
    #4 0x62239fe707b5  (/tmp/asan_pair17_vulnerable_dj9yl040/target/debug/deps/pair17_vulnerable-12aaf8411fe1cebb+0x1607b5) (BuildId: 2468c325010f7d9b381c1a4a95c4ac91e91ea7ec)
    #5 0x62239fe5950a  (/tmp/asan_pair17_vulnerable_dj9yl040/target/debug/deps/pair17_vulnerable-12aaf8411fe1cebb+0x14950a) (BuildId: 2468c325010f7d9b381c1a4a95c4ac91e91ea7ec)
    #6 0x62239fe38212  (/tmp/asan_pair17_vulnerable_dj9yl040/target/debug/deps/pair17_vulnerable-12aaf8411fe1cebb+0x128212) (BuildId: 2468c325010f7d9b381c1a4a95c4ac91e91ea7ec)
    #7 0x62239fe3446f  (/tmp/asan_pair17_vulnerable_dj9yl040/target/debug/deps/pair17_vulnerable-12aaf8411fe1cebb+0x12446f) (BuildId: 2468c325010f7d9b381c1a4a95c4ac91e91ea7ec)
    #8 0x62239fe3881d  (/tmp/asan_pair17_vulnerable_dj9yl040/target/debug/deps/pair17_vulnerable-12aaf8411fe1cebb+0x12881d) (BuildId: 2468c325010f7d9b381c1a4a95c4ac91e91ea7ec)

SUMMARY: AddressSanitizer: heap-buffer-overflow (/tmp/asan_pair17_vulnerable_dj9yl040/target/debug/deps/pair17_vulnerable-12aaf8411fe1cebb+0x125435) (BuildId: 2468c325010f7d9b381c1a4a95c4ac91e91ea7ec) 
Shadow bytes around the buggy address:
  0x7688e57e3d80: fa fa fa fa fa fa fa fa fa fa fa fa fa fa fa fa
  0x7688e57e3e00: fa fa fa fa fa fa fa fa fa fa fa fa fa fa fa fa
  0x7688e57e3e80: fa fa fa fa fa fa fa fa fa fa fa fa fa fa fa fa
  0x7688e57e3f00: fa fa fa fa fa fa fa fa fa fa fa fa fa fa fa fa
  0x7688e57e3f80: fa fa fa fa fa fa fa fa fa fa fa fa fa fa fa fa
=>0x7688e57e4000: fa fa 05 fa fa fa[05]fa fa fa fa fa fa fa fa fa
  0x7688e57e4080: fa fa fa fa fa fa fa fa fa fa fa fa fa fa fa fa
  0x7688e57e4100: fa fa fa fa fa fa fa fa fa fa fa fa fa fa fa fa
  0x7688e57e4180: fa fa fa fa fa fa fa fa fa fa fa fa fa fa fa fa
  0x7688e57e4200: fa fa fa fa fa fa fa fa fa fa fa fa fa fa fa fa
  0x7688e57e4280: fa fa fa fa fa fa fa fa fa fa fa fa fa fa fa fa
Shadow byte legend (one shadow byte represents 8 application bytes):
  Addressable:           00
  Partially addressable: 01 02 03 04 05 06 07 
  Heap left redzone:       fa
  Freed heap region:       fd
  Stack left redzone:      f1
  Stack mid redzone:       f2
  Stack right redzone:     f3
  Stack after return:      f5
  Stack use after scope:   f8
  Global redzone:          f9
  Global init order:       f6
  Poisoned by user:        f7
  Container overflow:      fc
  Array cookie:            ac
  Intra object redzone:    bb
  ASan internal:           fe
  Left alloca redzone:     ca
  Right alloca redzone:    cb
==3443906==ABORTING
error: test failed, to rerun pass `--lib`

Caused by:
  process didn't exit successfully: `/tmp/asan_pair17_vulnerable_dj9yl040/target/debug/deps/pair17_vulnerable-12aaf8411fe1cebb --nocapture` (exit status: 1)
