$ (cwd=/tmp/asan_pair17_a3_vulnerable_7afepdlv) cargo +nightly test --lib -- --nocapture

   Compiling pair17_a3_vulnerable v0.1.0 (/tmp/asan_pair17_a3_vulnerable_7afepdlv)
    Finished `test` profile [unoptimized + debuginfo] target(s) in 0.19s
     Running unittests src/lib.rs (target/debug/deps/pair17_a3_vulnerable-b5ccfdb0a162cf2e)

running 1 test
=================================================================
==2065==ERROR: AddressSanitizer: heap-buffer-overflow on address 0x6f31793e2078 at pc 0x64d7ae237d07 bp 0x6ef176dfe190 sp 0x6ef176dfe188
WRITE of size 4 at 0x6f31793e2078 thread T1
    #0 0x64d7ae237d06  (/tmp/asan_pair17_a3_vulnerable_7afepdlv/target/debug/deps/pair17_a3_vulnerable-b5ccfdb0a162cf2e+0x123d06) (BuildId: 1ce37eacdf1d031482d78859a125cdec2e3ff913)
    #1 0x64d7ae234eb8  (/tmp/asan_pair17_a3_vulnerable_7afepdlv/target/debug/deps/pair17_a3_vulnerable-b5ccfdb0a162cf2e+0x120eb8) (BuildId: 1ce37eacdf1d031482d78859a125cdec2e3ff913)
    #2 0x64d7ae237216  (/tmp/asan_pair17_a3_vulnerable_7afepdlv/target/debug/deps/pair17_a3_vulnerable-b5ccfdb0a162cf2e+0x123216) (BuildId: 1ce37eacdf1d031482d78859a125cdec2e3ff913)
    #3 0x64d7ae2363b5  (/tmp/asan_pair17_a3_vulnerable_7afepdlv/target/debug/deps/pair17_a3_vulnerable-b5ccfdb0a162cf2e+0x1223b5) (BuildId: 1ce37eacdf1d031482d78859a125cdec2e3ff913)
    #4 0x64d7ae2591da  (/tmp/asan_pair17_a3_vulnerable_7afepdlv/target/debug/deps/pair17_a3_vulnerable-b5ccfdb0a162cf2e+0x1451da) (BuildId: 1ce37eacdf1d031482d78859a125cdec2e3ff913)
    #5 0x64d7ae26ebc4  (/tmp/asan_pair17_a3_vulnerable_7afepdlv/target/debug/deps/pair17_a3_vulnerable-b5ccfdb0a162cf2e+0x15abc4) (BuildId: 1ce37eacdf1d031482d78859a125cdec2e3ff913)
    #6 0x64d7ae2455e3  (/tmp/asan_pair17_a3_vulnerable_7afepdlv/target/debug/deps/pair17_a3_vulnerable-b5ccfdb0a162cf2e+0x1315e3) (BuildId: 1ce37eacdf1d031482d78859a125cdec2e3ff913)
    #7 0x64d7ae248fc9  (/tmp/asan_pair17_a3_vulnerable_7afepdlv/target/debug/deps/pair17_a3_vulnerable-b5ccfdb0a162cf2e+0x134fc9) (BuildId: 1ce37eacdf1d031482d78859a125cdec2e3ff913)
    #8 0x64d7ae28ebee  (/tmp/asan_pair17_a3_vulnerable_7afepdlv/target/debug/deps/pair17_a3_vulnerable-b5ccfdb0a162cf2e+0x17abee) (BuildId: 1ce37eacdf1d031482d78859a125cdec2e3ff913)
    #9 0x64d7ae203aa6  (/tmp/asan_pair17_a3_vulnerable_7afepdlv/target/debug/deps/pair17_a3_vulnerable-b5ccfdb0a162cf2e+0xefaa6) (BuildId: 1ce37eacdf1d031482d78859a125cdec2e3ff913)
    #10 0x72f17a294ac2  (/lib/x86_64-linux-gnu/libc.so.6+0x94ac2) (BuildId: d5197096f709801829b118af1b7cf6631efa2dcd)
    #11 0x72f17a32684f  (/lib/x86_64-linux-gnu/libc.so.6+0x12684f) (BuildId: d5197096f709801829b118af1b7cf6631efa2dcd)

0x6f31793e2078 is located 0 bytes after 40-byte region [0x6f31793e2050,0x6f31793e2078)
allocated by thread T1 here:
    #0 0x64d7ae205db9  (/tmp/asan_pair17_a3_vulnerable_7afepdlv/target/debug/deps/pair17_a3_vulnerable-b5ccfdb0a162cf2e+0xf1db9) (BuildId: 1ce37eacdf1d031482d78859a125cdec2e3ff913)
    #1 0x64d7ae2bf167  (/tmp/asan_pair17_a3_vulnerable_7afepdlv/target/debug/deps/pair17_a3_vulnerable-b5ccfdb0a162cf2e+0x1ab167) (BuildId: 1ce37eacdf1d031482d78859a125cdec2e3ff913)
    #2 0x64d7ae234a07  (/tmp/asan_pair17_a3_vulnerable_7afepdlv/target/debug/deps/pair17_a3_vulnerable-b5ccfdb0a162cf2e+0x120a07) (BuildId: 1ce37eacdf1d031482d78859a125cdec2e3ff913)
    #3 0x64d7ae235b28  (/tmp/asan_pair17_a3_vulnerable_7afepdlv/target/debug/deps/pair17_a3_vulnerable-b5ccfdb0a162cf2e+0x121b28) (BuildId: 1ce37eacdf1d031482d78859a125cdec2e3ff913)
    #4 0x64d7ae234ea7  (/tmp/asan_pair17_a3_vulnerable_7afepdlv/target/debug/deps/pair17_a3_vulnerable-b5ccfdb0a162cf2e+0x120ea7) (BuildId: 1ce37eacdf1d031482d78859a125cdec2e3ff913)
    #5 0x64d7ae237216  (/tmp/asan_pair17_a3_vulnerable_7afepdlv/target/debug/deps/pair17_a3_vulnerable-b5ccfdb0a162cf2e+0x123216) (BuildId: 1ce37eacdf1d031482d78859a125cdec2e3ff913)
    #6 0x64d7ae26ebc4  (/tmp/asan_pair17_a3_vulnerable_7afepdlv/target/debug/deps/pair17_a3_vulnerable-b5ccfdb0a162cf2e+0x15abc4) (BuildId: 1ce37eacdf1d031482d78859a125cdec2e3ff913)
    #7 0x64d7ae2455e3  (/tmp/asan_pair17_a3_vulnerable_7afepdlv/target/debug/deps/pair17_a3_vulnerable-b5ccfdb0a162cf2e+0x1315e3) (BuildId: 1ce37eacdf1d031482d78859a125cdec2e3ff913)
    #8 0x64d7ae248fc9  (/tmp/asan_pair17_a3_vulnerable_7afepdlv/target/debug/deps/pair17_a3_vulnerable-b5ccfdb0a162cf2e+0x134fc9) (BuildId: 1ce37eacdf1d031482d78859a125cdec2e3ff913)
    #9 0x64d7ae28ebee  (/tmp/asan_pair17_a3_vulnerable_7afepdlv/target/debug/deps/pair17_a3_vulnerable-b5ccfdb0a162cf2e+0x17abee) (BuildId: 1ce37eacdf1d031482d78859a125cdec2e3ff913)
    #10 0x64d7ae203aa6  (/tmp/asan_pair17_a3_vulnerable_7afepdlv/target/debug/deps/pair17_a3_vulnerable-b5ccfdb0a162cf2e+0xefaa6) (BuildId: 1ce37eacdf1d031482d78859a125cdec2e3ff913)

Thread T1 created by T0 here:
    #0 0x64d7ae1ea4d1  (/tmp/asan_pair17_a3_vulnerable_7afepdlv/target/debug/deps/pair17_a3_vulnerable-b5ccfdb0a162cf2e+0xd64d1) (BuildId: 1ce37eacdf1d031482d78859a125cdec2e3ff913)
    #1 0x64d7ae28ee0f  (/tmp/asan_pair17_a3_vulnerable_7afepdlv/target/debug/deps/pair17_a3_vulnerable-b5ccfdb0a162cf2e+0x17ae0f) (BuildId: 1ce37eacdf1d031482d78859a125cdec2e3ff913)
    #2 0x64d7ae26d73d  (/tmp/asan_pair17_a3_vulnerable_7afepdlv/target/debug/deps/pair17_a3_vulnerable-b5ccfdb0a162cf2e+0x15973d) (BuildId: 1ce37eacdf1d031482d78859a125cdec2e3ff913)
    #3 0x64d7ae266a84  (/tmp/asan_pair17_a3_vulnerable_7afepdlv/target/debug/deps/pair17_a3_vulnerable-b5ccfdb0a162cf2e+0x152a84) (BuildId: 1ce37eacdf1d031482d78859a125cdec2e3ff913)
    #4 0x64d7ae2700c5  (/tmp/asan_pair17_a3_vulnerable_7afepdlv/target/debug/deps/pair17_a3_vulnerable-b5ccfdb0a162cf2e+0x15c0c5) (BuildId: 1ce37eacdf1d031482d78859a125cdec2e3ff913)
    #5 0x64d7ae258e1a  (/tmp/asan_pair17_a3_vulnerable_7afepdlv/target/debug/deps/pair17_a3_vulnerable-b5ccfdb0a162cf2e+0x144e1a) (BuildId: 1ce37eacdf1d031482d78859a125cdec2e3ff913)
    #6 0x64d7ae237872  (/tmp/asan_pair17_a3_vulnerable_7afepdlv/target/debug/deps/pair17_a3_vulnerable-b5ccfdb0a162cf2e+0x123872) (BuildId: 1ce37eacdf1d031482d78859a125cdec2e3ff913)
    #7 0x64d7ae23470f  (/tmp/asan_pair17_a3_vulnerable_7afepdlv/target/debug/deps/pair17_a3_vulnerable-b5ccfdb0a162cf2e+0x12070f) (BuildId: 1ce37eacdf1d031482d78859a125cdec2e3ff913)
    #8 0x64d7ae237d4d  (/tmp/asan_pair17_a3_vulnerable_7afepdlv/target/debug/deps/pair17_a3_vulnerable-b5ccfdb0a162cf2e+0x123d4d) (BuildId: 1ce37eacdf1d031482d78859a125cdec2e3ff913)

SUMMARY: AddressSanitizer: heap-buffer-overflow (/tmp/asan_pair17_a3_vulnerable_7afepdlv/target/debug/deps/pair17_a3_vulnerable-b5ccfdb0a162cf2e+0x123d06) (BuildId: 1ce37eacdf1d031482d78859a125cdec2e3ff913) 
Shadow bytes around the buggy address:
  0x6f31793e1d80: fa fa fa fa fa fa fa fa fa fa fa fa fa fa fa fa
  0x6f31793e1e00: fa fa fa fa fa fa fa fa fa fa fa fa fa fa fa fa
  0x6f31793e1e80: fa fa fa fa fa fa fa fa fa fa fa fa fa fa fa fa
  0x6f31793e1f00: fa fa fa fa fa fa fa fa fa fa fa fa fa fa fa fa
  0x6f31793e1f80: fa fa fa fa fa fa fa fa fa fa fa fa fa fa fa fa
=>0x6f31793e2000: fa fa 00 00 00 00 00 00 fa fa 00 00 00 00 00[fa]
  0x6f31793e2080: fa fa fa fa fa fa fa fa fa fa fa fa fa fa fa fa
  0x6f31793e2100: fa fa fa fa fa fa fa fa fa fa fa fa fa fa fa fa
  0x6f31793e2180: fa fa fa fa fa fa fa fa fa fa fa fa fa fa fa fa
  0x6f31793e2200: fa fa fa fa fa fa fa fa fa fa fa fa fa fa fa fa
  0x6f31793e2280: fa fa fa fa fa fa fa fa fa fa fa fa fa fa fa fa
Shadow byte legend (one shadow byte represents 8 application bytes):
  Addressable:           00
  Partially addressable: 01 02 03 04 05 06 07 
  Heap left redzone:       fa
  Freed heap region:       fd
  Stack left redzone:      f1
  Stack mid redzone:       f2
  Stack right redzone:     f3
  Stack after return:      f5
  Stack use after scope:   f8
  Global redzone:          f9
  Global init order:       f6
  Poisoned by user:        f7
  Container overflow:      fc
  Array cookie:            ac
  Intra object redzone:    bb
  ASan internal:           fe
  Left alloca redzone:     ca
  Right alloca redzone:    cb
==2065==ABORTING
error: test failed, to rerun pass `--lib`

Caused by:
  process didn't exit successfully: `/tmp/asan_pair17_a3_vulnerable_7afepdlv/target/debug/deps/pair17_a3_vulnerable-b5ccfdb0a162cf2e --nocapture` (exit status: 1)
