$ (cwd=/tmp/asan_pair8_a1_vulnerable_4augsf8e) cargo +nightly test --lib -- --nocapture

   Compiling pair8_a1_vulnerable v0.1.0 (/tmp/asan_pair8_a1_vulnerable_4augsf8e)
    Finished `test` profile [unoptimized + debuginfo] target(s) in 0.20s
     Running unittests src/lib.rs (target/debug/deps/pair8_a1_vulnerable-13a224def27da3f0)

running 1 test
=================================================================
==3726279==ERROR: AddressSanitizer: heap-buffer-overflow on address 0x708b4d7e401a at pc 0x5c3f9b029902 bp 0x706b4b1fe1a0 sp 0x706b4b1fe198
WRITE of size 1 at 0x708b4d7e401a thread T1
    #0 0x5c3f9b029901  (/tmp/asan_pair8_a1_vulnerable_4augsf8e/target/debug/deps/pair8_a1_vulnerable-13a224def27da3f0+0x120901) (BuildId: 2f5059bd341d0a8d6d62cef8517b3daaf533607b)
    #1 0x5c3f9b029a39  (/tmp/asan_pair8_a1_vulnerable_4augsf8e/target/debug/deps/pair8_a1_vulnerable-13a224def27da3f0+0x120a39) (BuildId: 2f5059bd341d0a8d6d62cef8517b3daaf533607b)
    #2 0x5c3f9b02a523  (/tmp/asan_pair8_a1_vulnerable_4augsf8e/target/debug/deps/pair8_a1_vulnerable-13a224def27da3f0+0x121523) (BuildId: 2f5059bd341d0a8d6d62cef8517b3daaf533607b)
    #3 0x5c3f9b02a056  (/tmp/asan_pair8_a1_vulnerable_4augsf8e/target/debug/deps/pair8_a1_vulnerable-13a224def27da3f0+0x121056) (BuildId: 2f5059bd341d0a8d6d62cef8517b3daaf533607b)
    #4 0x5c3f9b02b5a5  (/tmp/asan_pair8_a1_vulnerable_4augsf8e/target/debug/deps/pair8_a1_vulnerable-13a224def27da3f0+0x1225a5) (BuildId: 2f5059bd341d0a8d6d62cef8517b3daaf533607b)
    #5 0x5c3f9b04e65a  (/tmp/asan_pair8_a1_vulnerable_4augsf8e/target/debug/deps/pair8_a1_vulnerable-13a224def27da3f0+0x14565a) (BuildId: 2f5059bd341d0a8d6d62cef8517b3daaf533607b)
    #6 0x5c3f9b064044  (/tmp/asan_pair8_a1_vulnerable_4augsf8e/target/debug/deps/pair8_a1_vulnerable-13a224def27da3f0+0x15b044) (BuildId: 2f5059bd341d0a8d6d62cef8517b3daaf533607b)
    #7 0x5c3f9b03aa63  (/tmp/asan_pair8_a1_vulnerable_4augsf8e/target/debug/deps/pair8_a1_vulnerable-13a224def27da3f0+0x131a63) (BuildId: 2f5059bd341d0a8d6d62cef8517b3daaf533607b)
    #8 0x5c3f9b03e449  (/tmp/asan_pair8_a1_vulnerable_4augsf8e/target/debug/deps/pair8_a1_vulnerable-13a224def27da3f0+0x135449) (BuildId: 2f5059bd341d0a8d6d62cef8517b3daaf533607b)
    #9 0x5c3f9b08406e  (/tmp/asan_pair8_a1_vulnerable_4augsf8e/target/debug/deps/pair8_a1_vulnerable-13a224def27da3f0+0x17b06e) (BuildId: 2f5059bd341d0a8d6d62cef8517b3daaf533607b)
    #10 0x5c3f9aff9106  (/tmp/asan_pair8_a1_vulnerable_4augsf8e/target/debug/deps/pair8_a1_vulnerable-13a224def27da3f0+0xf0106) (BuildId: 2f5059bd341d0a8d6d62cef8517b3daaf533607b)
    #11 0x746b4e494ac2  (/lib/x86_64-linux-gnu/libc.so.6+0x94ac2) (BuildId: d5197096f709801829b118af1b7cf6631efa2dcd)
    #12 0x746b4e52684f  (/lib/x86_64-linux-gnu/libc.so.6+0x12684f) (BuildId: d5197096f709801829b118af1b7cf6631efa2dcd)

0x708b4d7e401a is located 0 bytes after 10-byte region [0x708b4d7e4010,0x708b4d7e401a)
allocated by thread T1 here:
    #0 0x5c3f9affb434  (/tmp/asan_pair8_a1_vulnerable_4augsf8e/target/debug/deps/pair8_a1_vulnerable-13a224def27da3f0+0xf2434) (BuildId: 2f5059bd341d0a8d6d62cef8517b3daaf533607b)
    #1 0x5c3f9b02ad73  (/tmp/asan_pair8_a1_vulnerable_4augsf8e/target/debug/deps/pair8_a1_vulnerable-13a224def27da3f0+0x121d73) (BuildId: 2f5059bd341d0a8d6d62cef8517b3daaf533607b)
    #2 0x5c3f9b02aa74  (/tmp/asan_pair8_a1_vulnerable_4augsf8e/target/debug/deps/pair8_a1_vulnerable-13a224def27da3f0+0x121a74) (BuildId: 2f5059bd341d0a8d6d62cef8517b3daaf533607b)
    #3 0x5c3f9b02a523  (/tmp/asan_pair8_a1_vulnerable_4augsf8e/target/debug/deps/pair8_a1_vulnerable-13a224def27da3f0+0x121523) (BuildId: 2f5059bd341d0a8d6d62cef8517b3daaf533607b)
    #4 0x5c3f9b02a056  (/tmp/asan_pair8_a1_vulnerable_4augsf8e/target/debug/deps/pair8_a1_vulnerable-13a224def27da3f0+0x121056) (BuildId: 2f5059bd341d0a8d6d62cef8517b3daaf533607b)
    #5 0x5c3f9b064044  (/tmp/asan_pair8_a1_vulnerable_4augsf8e/target/debug/deps/pair8_a1_vulnerable-13a224def27da3f0+0x15b044) (BuildId: 2f5059bd341d0a8d6d62cef8517b3daaf533607b)
    #6 0x5c3f9b03aa63  (/tmp/asan_pair8_a1_vulnerable_4augsf8e/target/debug/deps/pair8_a1_vulnerable-13a224def27da3f0+0x131a63) (BuildId: 2f5059bd341d0a8d6d62cef8517b3daaf533607b)
    #7 0x5c3f9b03e449  (/tmp/asan_pair8_a1_vulnerable_4augsf8e/target/debug/deps/pair8_a1_vulnerable-13a224def27da3f0+0x135449) (BuildId: 2f5059bd341d0a8d6d62cef8517b3daaf533607b)
    #8 0x5c3f9b08406e  (/tmp/asan_pair8_a1_vulnerable_4augsf8e/target/debug/deps/pair8_a1_vulnerable-13a224def27da3f0+0x17b06e) (BuildId: 2f5059bd341d0a8d6d62cef8517b3daaf533607b)
    #9 0x5c3f9aff9106  (/tmp/asan_pair8_a1_vulnerable_4augsf8e/target/debug/deps/pair8_a1_vulnerable-13a224def27da3f0+0xf0106) (BuildId: 2f5059bd341d0a8d6d62cef8517b3daaf533607b)

Thread T1 created by T0 here:
    #0 0x5c3f9afdfb31  (/tmp/asan_pair8_a1_vulnerable_4augsf8e/target/debug/deps/pair8_a1_vulnerable-13a224def27da3f0+0xd6b31) (BuildId: 2f5059bd341d0a8d6d62cef8517b3daaf533607b)
    #1 0x5c3f9b08428f  (/tmp/asan_pair8_a1_vulnerable_4augsf8e/target/debug/deps/pair8_a1_vulnerable-13a224def27da3f0+0x17b28f) (BuildId: 2f5059bd341d0a8d6d62cef8517b3daaf533607b)
    #2 0x5c3f9b062bbd  (/tmp/asan_pair8_a1_vulnerable_4augsf8e/target/debug/deps/pair8_a1_vulnerable-13a224def27da3f0+0x159bbd) (BuildId: 2f5059bd341d0a8d6d62cef8517b3daaf533607b)
    #3 0x5c3f9b05bf04  (/tmp/asan_pair8_a1_vulnerable_4augsf8e/target/debug/deps/pair8_a1_vulnerable-13a224def27da3f0+0x152f04) (BuildId: 2f5059bd341d0a8d6d62cef8517b3daaf533607b)
    #4 0x5c3f9b065545  (/tmp/asan_pair8_a1_vulnerable_4augsf8e/target/debug/deps/pair8_a1_vulnerable-13a224def27da3f0+0x15c545) (BuildId: 2f5059bd341d0a8d6d62cef8517b3daaf533607b)
    #5 0x5c3f9b04e29a  (/tmp/asan_pair8_a1_vulnerable_4augsf8e/target/debug/deps/pair8_a1_vulnerable-13a224def27da3f0+0x14529a) (BuildId: 2f5059bd341d0a8d6d62cef8517b3daaf533607b)
    #6 0x5c3f9b029942  (/tmp/asan_pair8_a1_vulnerable_4augsf8e/target/debug/deps/pair8_a1_vulnerable-13a224def27da3f0+0x120942) (BuildId: 2f5059bd341d0a8d6d62cef8517b3daaf533607b)
    #7 0x5c3f9b02d1df  (/tmp/asan_pair8_a1_vulnerable_4augsf8e/target/debug/deps/pair8_a1_vulnerable-13a224def27da3f0+0x1241df) (BuildId: 2f5059bd341d0a8d6d62cef8517b3daaf533607b)
    #8 0x5c3f9b029c4d  (/tmp/asan_pair8_a1_vulnerable_4augsf8e/target/debug/deps/pair8_a1_vulnerable-13a224def27da3f0+0x120c4d) (BuildId: 2f5059bd341d0a8d6d62cef8517b3daaf533607b)

SUMMARY: AddressSanitizer: heap-buffer-overflow (/tmp/asan_pair8_a1_vulnerable_4augsf8e/target/debug/deps/pair8_a1_vulnerable-13a224def27da3f0+0x120901) (BuildId: 2f5059bd341d0a8d6d62cef8517b3daaf533607b) 
Shadow bytes around the buggy address:
  0x708b4d7e3d80: fa fa fa fa fa fa fa fa fa fa fa fa fa fa fa fa
  0x708b4d7e3e00: fa fa fa fa fa fa fa fa fa fa fa fa fa fa fa fa
  0x708b4d7e3e80: fa fa fa fa fa fa fa fa fa fa fa fa fa fa fa fa
  0x708b4d7e3f00: fa fa fa fa fa fa fa fa fa fa fa fa fa fa fa fa
  0x708b4d7e3f80: fa fa fa fa fa fa fa fa fa fa fa fa fa fa fa fa
=>0x708b4d7e4000: fa fa 00[02]fa fa fa fa fa fa fa fa fa fa fa fa
  0x708b4d7e4080: fa fa fa fa fa fa fa fa fa fa fa fa fa fa fa fa
  0x708b4d7e4100: fa fa fa fa fa fa fa fa fa fa fa fa fa fa fa fa
  0x708b4d7e4180: fa fa fa fa fa fa fa fa fa fa fa fa fa fa fa fa
  0x708b4d7e4200: fa fa fa fa fa fa fa fa fa fa fa fa fa fa fa fa
  0x708b4d7e4280: fa fa fa fa fa fa fa fa fa fa fa fa fa fa fa fa
Shadow byte legend (one shadow byte represents 8 application bytes):
  Addressable:           00
  Partially addressable: 01 02 03 04 05 06 07 
  Heap left redzone:       fa
  Freed heap region:       fd
  Stack left redzone:      f1
  Stack mid redzone:       f2
  Stack right redzone:     f3
  Stack after return:      f5
  Stack use after scope:   f8
  Global redzone:          f9
  Global init order:       f6
  Poisoned by user:        f7
  Container overflow:      fc
  Array cookie:            ac
  Intra object redzone:    bb
  ASan internal:           fe
  Left alloca redzone:     ca
  Right alloca redzone:    cb
==3726279==ABORTING
error: test failed, to rerun pass `--lib`

Caused by:
  process didn't exit successfully: `/tmp/asan_pair8_a1_vulnerable_4augsf8e/target/debug/deps/pair8_a1_vulnerable-13a224def27da3f0 --nocapture` (exit status: 1)
