$ (cwd=/tmp/asan_pair14_vulnerable_2h32zyfc) cargo +nightly test --lib -- --nocapture

   Compiling pair14_vulnerable v0.1.0 (/tmp/asan_pair14_vulnerable_2h32zyfc)
    Finished `test` profile [unoptimized + debuginfo] target(s) in 0.18s
     Running unittests src/lib.rs (target/debug/deps/pair14_vulnerable-5c31cfe416480dab)

running 1 test
=================================================================
==3448592==ERROR: AddressSanitizer: heap-buffer-overflow on address 0x737f393e18b4 at pc 0x5dec8e8f91e5 bp 0x734f36dfe070 sp 0x734f36dfe068
READ of size 4 at 0x737f393e18b4 thread T1
    #0 0x5dec8e8f91e4  (/tmp/asan_pair14_vulnerable_2h32zyfc/target/debug/deps/pair14_vulnerable-5c31cfe416480dab+0x1221e4) (BuildId: 8c269595ca9221f95e14d1a8bf6f00a5878927f4)
    #1 0x5dec8e8f8ced  (/tmp/asan_pair14_vulnerable_2h32zyfc/target/debug/deps/pair14_vulnerable-5c31cfe416480dab+0x121ced) (BuildId: 8c269595ca9221f95e14d1a8bf6f00a5878927f4)
    #2 0x5dec8e8f9315  (/tmp/asan_pair14_vulnerable_2h32zyfc/target/debug/deps/pair14_vulnerable-5c31cfe416480dab+0x122315) (BuildId: 8c269595ca9221f95e14d1a8bf6f00a5878927f4)
    #3 0x5dec8e8f845c  (/tmp/asan_pair14_vulnerable_2h32zyfc/target/debug/deps/pair14_vulnerable-5c31cfe416480dab+0x12145c) (BuildId: 8c269595ca9221f95e14d1a8bf6f00a5878927f4)
    #4 0x5dec8e8fadea  (/tmp/asan_pair14_vulnerable_2h32zyfc/target/debug/deps/pair14_vulnerable-5c31cfe416480dab+0x123dea) (BuildId: 8c269595ca9221f95e14d1a8bf6f00a5878927f4)
    #5 0x5dec8e8fac2b  (/tmp/asan_pair14_vulnerable_2h32zyfc/target/debug/deps/pair14_vulnerable-5c31cfe416480dab+0x123c2b) (BuildId: 8c269595ca9221f95e14d1a8bf6f00a5878927f4)
    #6 0x5dec8e8f7474  (/tmp/asan_pair14_vulnerable_2h32zyfc/target/debug/deps/pair14_vulnerable-5c31cfe416480dab+0x120474) (BuildId: 8c269595ca9221f95e14d1a8bf6f00a5878927f4)
    #7 0x5dec8e8f9336  (/tmp/asan_pair14_vulnerable_2h32zyfc/target/debug/deps/pair14_vulnerable-5c31cfe416480dab+0x122336) (BuildId: 8c269595ca9221f95e14d1a8bf6f00a5878927f4)
    #8 0x5dec8e8f7ed5  (/tmp/asan_pair14_vulnerable_2h32zyfc/target/debug/deps/pair14_vulnerable-5c31cfe416480dab+0x120ed5) (BuildId: 8c269595ca9221f95e14d1a8bf6f00a5878927f4)
    #9 0x5dec8e91be3a  (/tmp/asan_pair14_vulnerable_2h32zyfc/target/debug/deps/pair14_vulnerable-5c31cfe416480dab+0x144e3a) (BuildId: 8c269595ca9221f95e14d1a8bf6f00a5878927f4)
    #10 0x5dec8e931824  (/tmp/asan_pair14_vulnerable_2h32zyfc/target/debug/deps/pair14_vulnerable-5c31cfe416480dab+0x15a824) (BuildId: 8c269595ca9221f95e14d1a8bf6f00a5878927f4)
    #11 0x5dec8e908243  (/tmp/asan_pair14_vulnerable_2h32zyfc/target/debug/deps/pair14_vulnerable-5c31cfe416480dab+0x131243) (BuildId: 8c269595ca9221f95e14d1a8bf6f00a5878927f4)
    #12 0x5dec8e90bc29  (/tmp/asan_pair14_vulnerable_2h32zyfc/target/debug/deps/pair14_vulnerable-5c31cfe416480dab+0x134c29) (BuildId: 8c269595ca9221f95e14d1a8bf6f00a5878927f4)
    #13 0x5dec8e95184e  (/tmp/asan_pair14_vulnerable_2h32zyfc/target/debug/deps/pair14_vulnerable-5c31cfe416480dab+0x17a84e) (BuildId: 8c269595ca9221f95e14d1a8bf6f00a5878927f4)
    #14 0x5dec8e8c6c36  (/tmp/asan_pair14_vulnerable_2h32zyfc/target/debug/deps/pair14_vulnerable-5c31cfe416480dab+0xefc36) (BuildId: 8c269595ca9221f95e14d1a8bf6f00a5878927f4)
    #15 0x774f3a094ac2  (/lib/x86_64-linux-gnu/libc.so.6+0x94ac2) (BuildId: d5197096f709801829b118af1b7cf6631efa2dcd)
    #16 0x774f3a12684f  (/lib/x86_64-linux-gnu/libc.so.6+0x12684f) (BuildId: d5197096f709801829b118af1b7cf6631efa2dcd)

0x737f393e18b4 is located 0 bytes after 20-byte region [0x737f393e18a0,0x737f393e18b4)
allocated by thread T1 here:
    #0 0x5dec8e8c8d74  (/tmp/asan_pair14_vulnerable_2h32zyfc/target/debug/deps/pair14_vulnerable-5c31cfe416480dab+0xf1d74) (BuildId: 8c269595ca9221f95e14d1a8bf6f00a5878927f4)
    #1 0x5dec8e8f98d3  (/tmp/asan_pair14_vulnerable_2h32zyfc/target/debug/deps/pair14_vulnerable-5c31cfe416480dab+0x1228d3) (BuildId: 8c269595ca9221f95e14d1a8bf6f00a5878927f4)
    #2 0x5dec8e8f95d4  (/tmp/asan_pair14_vulnerable_2h32zyfc/target/debug/deps/pair14_vulnerable-5c31cfe416480dab+0x1225d4) (BuildId: 8c269595ca9221f95e14d1a8bf6f00a5878927f4)
    #3 0x5dec8e8f8cdf  (/tmp/asan_pair14_vulnerable_2h32zyfc/target/debug/deps/pair14_vulnerable-5c31cfe416480dab+0x121cdf) (BuildId: 8c269595ca9221f95e14d1a8bf6f00a5878927f4)
    #4 0x5dec8e8f9315  (/tmp/asan_pair14_vulnerable_2h32zyfc/target/debug/deps/pair14_vulnerable-5c31cfe416480dab+0x122315) (BuildId: 8c269595ca9221f95e14d1a8bf6f00a5878927f4)
    #5 0x5dec8e8f7474  (/tmp/asan_pair14_vulnerable_2h32zyfc/target/debug/deps/pair14_vulnerable-5c31cfe416480dab+0x120474) (BuildId: 8c269595ca9221f95e14d1a8bf6f00a5878927f4)
    #6 0x5dec8e8f9336  (/tmp/asan_pair14_vulnerable_2h32zyfc/target/debug/deps/pair14_vulnerable-5c31cfe416480dab+0x122336) (BuildId: 8c269595ca9221f95e14d1a8bf6f00a5878927f4)
    #7 0x5dec8e931824  (/tmp/asan_pair14_vulnerable_2h32zyfc/target/debug/deps/pair14_vulnerable-5c31cfe416480dab+0x15a824) (BuildId: 8c269595ca9221f95e14d1a8bf6f00a5878927f4)
    #8 0x5dec8e908243  (/tmp/asan_pair14_vulnerable_2h32zyfc/target/debug/deps/pair14_vulnerable-5c31cfe416480dab+0x131243) (BuildId: 8c269595ca9221f95e14d1a8bf6f00a5878927f4)
    #9 0x5dec8e90bc29  (/tmp/asan_pair14_vulnerable_2h32zyfc/target/debug/deps/pair14_vulnerable-5c31cfe416480dab+0x134c29) (BuildId: 8c269595ca9221f95e14d1a8bf6f00a5878927f4)
    #10 0x5dec8e95184e  (/tmp/asan_pair14_vulnerable_2h32zyfc/target/debug/deps/pair14_vulnerable-5c31cfe416480dab+0x17a84e) (BuildId: 8c269595ca9221f95e14d1a8bf6f00a5878927f4)
    #11 0x5dec8e8c6c36  (/tmp/asan_pair14_vulnerable_2h32zyfc/target/debug/deps/pair14_vulnerable-5c31cfe416480dab+0xefc36) (BuildId: 8c269595ca9221f95e14d1a8bf6f00a5878927f4)

Thread T1 created by T0 here:
    #0 0x5dec8e8ad661  (/tmp/asan_pair14_vulnerable_2h32zyfc/target/debug/deps/pair14_vulnerable-5c31cfe416480dab+0xd6661) (BuildId: 8c269595ca9221f95e14d1a8bf6f00a5878927f4)
    #1 0x5dec8e951a6f  (/tmp/asan_pair14_vulnerable_2h32zyfc/target/debug/deps/pair14_vulnerable-5c31cfe416480dab+0x17aa6f) (BuildId: 8c269595ca9221f95e14d1a8bf6f00a5878927f4)
    #2 0x5dec8e93039d  (/tmp/asan_pair14_vulnerable_2h32zyfc/target/debug/deps/pair14_vulnerable-5c31cfe416480dab+0x15939d) (BuildId: 8c269595ca9221f95e14d1a8bf6f00a5878927f4)
    #3 0x5dec8e9296e4  (/tmp/asan_pair14_vulnerable_2h32zyfc/target/debug/deps/pair14_vulnerable-5c31cfe416480dab+0x1526e4) (BuildId: 8c269595ca9221f95e14d1a8bf6f00a5878927f4)
    #4 0x5dec8e932d25  (/tmp/asan_pair14_vulnerable_2h32zyfc/target/debug/deps/pair14_vulnerable-5c31cfe416480dab+0x15bd25) (BuildId: 8c269595ca9221f95e14d1a8bf6f00a5878927f4)
    #5 0x5dec8e91ba7a  (/tmp/asan_pair14_vulnerable_2h32zyfc/target/debug/deps/pair14_vulnerable-5c31cfe416480dab+0x144a7a) (BuildId: 8c269595ca9221f95e14d1a8bf6f00a5878927f4)
    #6 0x5dec8e8f8c02  (/tmp/asan_pair14_vulnerable_2h32zyfc/target/debug/deps/pair14_vulnerable-5c31cfe416480dab+0x121c02) (BuildId: 8c269595ca9221f95e14d1a8bf6f00a5878927f4)
    #7 0x5dec8e8f86bf  (/tmp/asan_pair14_vulnerable_2h32zyfc/target/debug/deps/pair14_vulnerable-5c31cfe416480dab+0x1216bf) (BuildId: 8c269595ca9221f95e14d1a8bf6f00a5878927f4)
    #8 0x5dec8e8f922d  (/tmp/asan_pair14_vulnerable_2h32zyfc/target/debug/deps/pair14_vulnerable-5c31cfe416480dab+0x12222d) (BuildId: 8c269595ca9221f95e14d1a8bf6f00a5878927f4)

SUMMARY: AddressSanitizer: heap-buffer-overflow (/tmp/asan_pair14_vulnerable_2h32zyfc/target/debug/deps/pair14_vulnerable-5c31cfe416480dab+0x1221e4) (BuildId: 8c269595ca9221f95e14d1a8bf6f00a5878927f4) 
Shadow bytes around the buggy address:
  0x737f393e1600: fa fa fa fa fa fa fa fa fa fa fa fa fa fa fa fa
  0x737f393e1680: fa fa fa fa fa fa fa fa fa fa fa fa fa fa fa fa
  0x737f393e1700: fa fa fa fa fa fa fa fa fa fa fa fa fa fa fa fa
  0x737f393e1780: fa fa fa fa fa fa fa fa fa fa fa fa fa fa fa fa
  0x737f393e1800: fa fa fd fd fd fd fa fa fd fd fd fd fa fa 00 00
=>0x737f393e1880: 00 00 fa fa 00 00[04]fa fa fa fa fa fa fa fa fa
  0x737f393e1900: fa fa fa fa fa fa fa fa fa fa fa fa fa fa fa fa
  0x737f393e1980: fa fa fa fa fa fa fa fa fa fa fa fa fa fa fa fa
  0x737f393e1a00: fa fa fa fa fa fa fa fa fa fa fa fa fa fa fa fa
  0x737f393e1a80: fa fa fa fa fa fa fa fa fa fa fa fa fa fa fa fa
  0x737f393e1b00: fa fa fa fa fa fa fa fa fa fa fa fa fa fa fa fa
Shadow byte legend (one shadow byte represents 8 application bytes):
  Addressable:           00
  Partially addressable: 01 02 03 04 05 06 07 
  Heap left redzone:       fa
  Freed heap region:       fd
  Stack left redzone:      f1
  Stack mid redzone:       f2
  Stack right redzone:     f3
  Stack after return:      f5
  Stack use after scope:   f8
  Global redzone:          f9
  Global init order:       f6
  Poisoned by user:        f7
  Container overflow:      fc
  Array cookie:            ac
  Intra object redzone:    bb
  ASan internal:           fe
  Left alloca redzone:     ca
  Right alloca redzone:    cb
==3448592==ABORTING
error: test failed, to rerun pass `--lib`

Caused by:
  process didn't exit successfully: `/tmp/asan_pair14_vulnerable_2h32zyfc/target/debug/deps/pair14_vulnerable-5c31cfe416480dab --nocapture` (exit status: 1)
