$ (cwd=/tmp/asan_pair14_vulnerable_glh5j9ri) cargo +nightly test --lib -- --nocapture

   Compiling pair14_vulnerable v0.1.0 (/tmp/asan_pair14_vulnerable_glh5j9ri)
    Finished `test` profile [unoptimized + debuginfo] target(s) in 0.17s
     Running unittests src/lib.rs (target/debug/deps/pair14_vulnerable-5c31cfe416480dab)

running 1 test
=================================================================
==3479696==ERROR: AddressSanitizer: heap-use-after-free on address 0x6fc64b3e4010 at pc 0x5a78998b0c14 bp 0x6fa648dfe290 sp 0x6fa648dfe288
READ of size 4 at 0x6fc64b3e4010 thread T1
    #0 0x5a78998b0c13  (/tmp/asan_pair14_vulnerable_glh5j9ri/target/debug/deps/pair14_vulnerable-5c31cfe416480dab+0x120c13) (BuildId: da2fb539e1101bc3d1bea4f9d7b23cada04c6bb1)
    #1 0x5a78998afa1f  (/tmp/asan_pair14_vulnerable_glh5j9ri/target/debug/deps/pair14_vulnerable-5c31cfe416480dab+0x11fa1f) (BuildId: da2fb539e1101bc3d1bea4f9d7b23cada04c6bb1)
    #2 0x5a78998b0da6  (/tmp/asan_pair14_vulnerable_glh5j9ri/target/debug/deps/pair14_vulnerable-5c31cfe416480dab+0x120da6) (BuildId: da2fb539e1101bc3d1bea4f9d7b23cada04c6bb1)
    #3 0x5a78998b0115  (/tmp/asan_pair14_vulnerable_glh5j9ri/target/debug/deps/pair14_vulnerable-5c31cfe416480dab+0x120115) (BuildId: da2fb539e1101bc3d1bea4f9d7b23cada04c6bb1)
    #4 0x5a78998d327a  (/tmp/asan_pair14_vulnerable_glh5j9ri/target/debug/deps/pair14_vulnerable-5c31cfe416480dab+0x14327a) (BuildId: da2fb539e1101bc3d1bea4f9d7b23cada04c6bb1)
    #5 0x5a78998e8c64  (/tmp/asan_pair14_vulnerable_glh5j9ri/target/debug/deps/pair14_vulnerable-5c31cfe416480dab+0x158c64) (BuildId: da2fb539e1101bc3d1bea4f9d7b23cada04c6bb1)
    #6 0x5a78998bf683  (/tmp/asan_pair14_vulnerable_glh5j9ri/target/debug/deps/pair14_vulnerable-5c31cfe416480dab+0x12f683) (BuildId: da2fb539e1101bc3d1bea4f9d7b23cada04c6bb1)
    #7 0x5a78998c3069  (/tmp/asan_pair14_vulnerable_glh5j9ri/target/debug/deps/pair14_vulnerable-5c31cfe416480dab+0x133069) (BuildId: da2fb539e1101bc3d1bea4f9d7b23cada04c6bb1)
    #8 0x5a7899908c8e  (/tmp/asan_pair14_vulnerable_glh5j9ri/target/debug/deps/pair14_vulnerable-5c31cfe416480dab+0x178c8e) (BuildId: da2fb539e1101bc3d1bea4f9d7b23cada04c6bb1)
    #9 0x5a789987f226  (/tmp/asan_pair14_vulnerable_glh5j9ri/target/debug/deps/pair14_vulnerable-5c31cfe416480dab+0xef226) (BuildId: da2fb539e1101bc3d1bea4f9d7b23cada04c6bb1)
    #10 0x73a64c094ac2  (/lib/x86_64-linux-gnu/libc.so.6+0x94ac2) (BuildId: d5197096f709801829b118af1b7cf6631efa2dcd)
    #11 0x73a64c12684f  (/lib/x86_64-linux-gnu/libc.so.6+0x12684f) (BuildId: d5197096f709801829b118af1b7cf6631efa2dcd)

0x6fc64b3e4010 is located 0 bytes inside of 4-byte region [0x6fc64b3e4010,0x6fc64b3e4014)
freed by thread T1 here:
    #0 0x5a78998810c6  (/tmp/asan_pair14_vulnerable_glh5j9ri/target/debug/deps/pair14_vulnerable-5c31cfe416480dab+0xf10c6) (BuildId: da2fb539e1101bc3d1bea4f9d7b23cada04c6bb1)
    #1 0x5a78998b165a  (/tmp/asan_pair14_vulnerable_glh5j9ri/target/debug/deps/pair14_vulnerable-5c31cfe416480dab+0x12165a) (BuildId: da2fb539e1101bc3d1bea4f9d7b23cada04c6bb1)
    #2 0x5a78998b0503  (/tmp/asan_pair14_vulnerable_glh5j9ri/target/debug/deps/pair14_vulnerable-5c31cfe416480dab+0x120503) (BuildId: da2fb539e1101bc3d1bea4f9d7b23cada04c6bb1)
    #3 0x5a78998b0330  (/tmp/asan_pair14_vulnerable_glh5j9ri/target/debug/deps/pair14_vulnerable-5c31cfe416480dab+0x120330) (BuildId: da2fb539e1101bc3d1bea4f9d7b23cada04c6bb1)
    #4 0x5a78998afa1f  (/tmp/asan_pair14_vulnerable_glh5j9ri/target/debug/deps/pair14_vulnerable-5c31cfe416480dab+0x11fa1f) (BuildId: da2fb539e1101bc3d1bea4f9d7b23cada04c6bb1)
    #5 0x5a78998b0da6  (/tmp/asan_pair14_vulnerable_glh5j9ri/target/debug/deps/pair14_vulnerable-5c31cfe416480dab+0x120da6) (BuildId: da2fb539e1101bc3d1bea4f9d7b23cada04c6bb1)
    #6 0x5a78998e8c64  (/tmp/asan_pair14_vulnerable_glh5j9ri/target/debug/deps/pair14_vulnerable-5c31cfe416480dab+0x158c64) (BuildId: da2fb539e1101bc3d1bea4f9d7b23cada04c6bb1)
    #7 0x5a78998bf683  (/tmp/asan_pair14_vulnerable_glh5j9ri/target/debug/deps/pair14_vulnerable-5c31cfe416480dab+0x12f683) (BuildId: da2fb539e1101bc3d1bea4f9d7b23cada04c6bb1)
    #8 0x5a78998c3069  (/tmp/asan_pair14_vulnerable_glh5j9ri/target/debug/deps/pair14_vulnerable-5c31cfe416480dab+0x133069) (BuildId: da2fb539e1101bc3d1bea4f9d7b23cada04c6bb1)
    #9 0x5a7899908c8e  (/tmp/asan_pair14_vulnerable_glh5j9ri/target/debug/deps/pair14_vulnerable-5c31cfe416480dab+0x178c8e) (BuildId: da2fb539e1101bc3d1bea4f9d7b23cada04c6bb1)
    #10 0x5a789987f226  (/tmp/asan_pair14_vulnerable_glh5j9ri/target/debug/deps/pair14_vulnerable-5c31cfe416480dab+0xef226) (BuildId: da2fb539e1101bc3d1bea4f9d7b23cada04c6bb1)

previously allocated by thread T1 here:
    #0 0x5a7899881364  (/tmp/asan_pair14_vulnerable_glh5j9ri/target/debug/deps/pair14_vulnerable-5c31cfe416480dab+0xf1364) (BuildId: da2fb539e1101bc3d1bea4f9d7b23cada04c6bb1)
    #1 0x5a78998b1343  (/tmp/asan_pair14_vulnerable_glh5j9ri/target/debug/deps/pair14_vulnerable-5c31cfe416480dab+0x121343) (BuildId: da2fb539e1101bc3d1bea4f9d7b23cada04c6bb1)
    #2 0x5a78998b1044  (/tmp/asan_pair14_vulnerable_glh5j9ri/target/debug/deps/pair14_vulnerable-5c31cfe416480dab+0x121044) (BuildId: da2fb539e1101bc3d1bea4f9d7b23cada04c6bb1)
    #3 0x5a78998afa1f  (/tmp/asan_pair14_vulnerable_glh5j9ri/target/debug/deps/pair14_vulnerable-5c31cfe416480dab+0x11fa1f) (BuildId: da2fb539e1101bc3d1bea4f9d7b23cada04c6bb1)
    #4 0x5a78998b0da6  (/tmp/asan_pair14_vulnerable_glh5j9ri/target/debug/deps/pair14_vulnerable-5c31cfe416480dab+0x120da6) (BuildId: da2fb539e1101bc3d1bea4f9d7b23cada04c6bb1)
    #5 0x5a78998e8c64  (/tmp/asan_pair14_vulnerable_glh5j9ri/target/debug/deps/pair14_vulnerable-5c31cfe416480dab+0x158c64) (BuildId: da2fb539e1101bc3d1bea4f9d7b23cada04c6bb1)
    #6 0x5a78998bf683  (/tmp/asan_pair14_vulnerable_glh5j9ri/target/debug/deps/pair14_vulnerable-5c31cfe416480dab+0x12f683) (BuildId: da2fb539e1101bc3d1bea4f9d7b23cada04c6bb1)
    #7 0x5a78998c3069  (/tmp/asan_pair14_vulnerable_glh5j9ri/target/debug/deps/pair14_vulnerable-5c31cfe416480dab+0x133069) (BuildId: da2fb539e1101bc3d1bea4f9d7b23cada04c6bb1)
    #8 0x5a7899908c8e  (/tmp/asan_pair14_vulnerable_glh5j9ri/target/debug/deps/pair14_vulnerable-5c31cfe416480dab+0x178c8e) (BuildId: da2fb539e1101bc3d1bea4f9d7b23cada04c6bb1)
    #9 0x5a789987f226  (/tmp/asan_pair14_vulnerable_glh5j9ri/target/debug/deps/pair14_vulnerable-5c31cfe416480dab+0xef226) (BuildId: da2fb539e1101bc3d1bea4f9d7b23cada04c6bb1)

Thread T1 created by T0 here:
    #0 0x5a7899865c51  (/tmp/asan_pair14_vulnerable_glh5j9ri/target/debug/deps/pair14_vulnerable-5c31cfe416480dab+0xd5c51) (BuildId: da2fb539e1101bc3d1bea4f9d7b23cada04c6bb1)
    #1 0x5a7899908eaf  (/tmp/asan_pair14_vulnerable_glh5j9ri/target/debug/deps/pair14_vulnerable-5c31cfe416480dab+0x178eaf) (BuildId: da2fb539e1101bc3d1bea4f9d7b23cada04c6bb1)
    #2 0x5a78998e77dd  (/tmp/asan_pair14_vulnerable_glh5j9ri/target/debug/deps/pair14_vulnerable-5c31cfe416480dab+0x1577dd) (BuildId: da2fb539e1101bc3d1bea4f9d7b23cada04c6bb1)
    #3 0x5a78998e0b24  (/tmp/asan_pair14_vulnerable_glh5j9ri/target/debug/deps/pair14_vulnerable-5c31cfe416480dab+0x150b24) (BuildId: da2fb539e1101bc3d1bea4f9d7b23cada04c6bb1)
    #4 0x5a78998ea165  (/tmp/asan_pair14_vulnerable_glh5j9ri/target/debug/deps/pair14_vulnerable-5c31cfe416480dab+0x15a165) (BuildId: da2fb539e1101bc3d1bea4f9d7b23cada04c6bb1)
    #5 0x5a78998d2eba  (/tmp/asan_pair14_vulnerable_glh5j9ri/target/debug/deps/pair14_vulnerable-5c31cfe416480dab+0x142eba) (BuildId: da2fb539e1101bc3d1bea4f9d7b23cada04c6bb1)
    #6 0x5a78998b09e2  (/tmp/asan_pair14_vulnerable_glh5j9ri/target/debug/deps/pair14_vulnerable-5c31cfe416480dab+0x1209e2) (BuildId: da2fb539e1101bc3d1bea4f9d7b23cada04c6bb1)
    #7 0x5a78998b060f  (/tmp/asan_pair14_vulnerable_glh5j9ri/target/debug/deps/pair14_vulnerable-5c31cfe416480dab+0x12060f) (BuildId: da2fb539e1101bc3d1bea4f9d7b23cada04c6bb1)
    #8 0x5a78998b0cad  (/tmp/asan_pair14_vulnerable_glh5j9ri/target/debug/deps/pair14_vulnerable-5c31cfe416480dab+0x120cad) (BuildId: da2fb539e1101bc3d1bea4f9d7b23cada04c6bb1)

SUMMARY: AddressSanitizer: heap-use-after-free (/tmp/asan_pair14_vulnerable_glh5j9ri/target/debug/deps/pair14_vulnerable-5c31cfe416480dab+0x120c13) (BuildId: da2fb539e1101bc3d1bea4f9d7b23cada04c6bb1) 
Shadow bytes around the buggy address:
  0x6fc64b3e3d80: fa fa fa fa fa fa fa fa fa fa fa fa fa fa fa fa
  0x6fc64b3e3e00: fa fa fa fa fa fa fa fa fa fa fa fa fa fa fa fa
  0x6fc64b3e3e80: fa fa fa fa fa fa fa fa fa fa fa fa fa fa fa fa
  0x6fc64b3e3f00: fa fa fa fa fa fa fa fa fa fa fa fa fa fa fa fa
  0x6fc64b3e3f80: fa fa fa fa fa fa fa fa fa fa fa fa fa fa fa fa
=>0x6fc64b3e4000: fa fa[fd]fa fa fa fa fa fa fa fa fa fa fa fa fa
  0x6fc64b3e4080: fa fa fa fa fa fa fa fa fa fa fa fa fa fa fa fa
  0x6fc64b3e4100: fa fa fa fa fa fa fa fa fa fa fa fa fa fa fa fa
  0x6fc64b3e4180: fa fa fa fa fa fa fa fa fa fa fa fa fa fa fa fa
  0x6fc64b3e4200: fa fa fa fa fa fa fa fa fa fa fa fa fa fa fa fa
  0x6fc64b3e4280: fa fa fa fa fa fa fa fa fa fa fa fa fa fa fa fa
Shadow byte legend (one shadow byte represents 8 application bytes):
  Addressable:           00
  Partially addressable: 01 02 03 04 05 06 07 
  Heap left redzone:       fa
  Freed heap region:       fd
  Stack left redzone:      f1
  Stack mid redzone:       f2
  Stack right redzone:     f3
  Stack after return:      f5
  Stack use after scope:   f8
  Global redzone:          f9
  Global init order:       f6
  Poisoned by user:        f7
  Container overflow:      fc
  Array cookie:            ac
  Intra object redzone:    bb
  ASan internal:           fe
  Left alloca redzone:     ca
  Right alloca redzone:    cb
==3479696==ABORTING
error: test failed, to rerun pass `--lib`

Caused by:
  process didn't exit successfully: `/tmp/asan_pair14_vulnerable_glh5j9ri/target/debug/deps/pair14_vulnerable-5c31cfe416480dab --nocapture` (exit status: 1)
