$ (cwd=/tmp/asan_pair6_a1_vulnerable_xo598p9g) cargo +nightly test --lib -- --nocapture

   Compiling pair6_a1_vulnerable v0.1.0 (/tmp/asan_pair6_a1_vulnerable_xo598p9g)
    Finished `test` profile [unoptimized + debuginfo] target(s) in 0.17s
     Running unittests src/lib.rs (target/debug/deps/pair6_a1_vulnerable-47c2a46012ac6c4c)

running 1 test
=================================================================
==3831085==ERROR: AddressSanitizer: heap-buffer-overflow on address 0x70b9ec5e2078 at pc 0x55838e3571c2 bp 0x7079e9ffe2e0 sp 0x7079e9ffe2d8
WRITE of size 4 at 0x70b9ec5e2078 thread T1
    #0 0x55838e3571c1  (/tmp/asan_pair6_a1_vulnerable_xo598p9g/target/debug/deps/pair6_a1_vulnerable-47c2a46012ac6c4c+0x1211c1) (BuildId: 9a90d866bdf943cf1b7b11b9e4f67d5814e1bf7b)
    #1 0x55838e354bcf  (/tmp/asan_pair6_a1_vulnerable_xo598p9g/target/debug/deps/pair6_a1_vulnerable-47c2a46012ac6c4c+0x11ebcf) (BuildId: 9a90d866bdf943cf1b7b11b9e4f67d5814e1bf7b)
    #2 0x55838e355656  (/tmp/asan_pair6_a1_vulnerable_xo598p9g/target/debug/deps/pair6_a1_vulnerable-47c2a46012ac6c4c+0x11f656) (BuildId: 9a90d866bdf943cf1b7b11b9e4f67d5814e1bf7b)
    #3 0x55838e355365  (/tmp/asan_pair6_a1_vulnerable_xo598p9g/target/debug/deps/pair6_a1_vulnerable-47c2a46012ac6c4c+0x11f365) (BuildId: 9a90d866bdf943cf1b7b11b9e4f67d5814e1bf7b)
    #4 0x55838e377e6a  (/tmp/asan_pair6_a1_vulnerable_xo598p9g/target/debug/deps/pair6_a1_vulnerable-47c2a46012ac6c4c+0x141e6a) (BuildId: 9a90d866bdf943cf1b7b11b9e4f67d5814e1bf7b)
    #5 0x55838e38d854  (/tmp/asan_pair6_a1_vulnerable_xo598p9g/target/debug/deps/pair6_a1_vulnerable-47c2a46012ac6c4c+0x157854) (BuildId: 9a90d866bdf943cf1b7b11b9e4f67d5814e1bf7b)
    #6 0x55838e364273  (/tmp/asan_pair6_a1_vulnerable_xo598p9g/target/debug/deps/pair6_a1_vulnerable-47c2a46012ac6c4c+0x12e273) (BuildId: 9a90d866bdf943cf1b7b11b9e4f67d5814e1bf7b)
    #7 0x55838e367c59  (/tmp/asan_pair6_a1_vulnerable_xo598p9g/target/debug/deps/pair6_a1_vulnerable-47c2a46012ac6c4c+0x131c59) (BuildId: 9a90d866bdf943cf1b7b11b9e4f67d5814e1bf7b)
    #8 0x55838e3ad87e  (/tmp/asan_pair6_a1_vulnerable_xo598p9g/target/debug/deps/pair6_a1_vulnerable-47c2a46012ac6c4c+0x17787e) (BuildId: 9a90d866bdf943cf1b7b11b9e4f67d5814e1bf7b)
    #9 0x55838e3246d6  (/tmp/asan_pair6_a1_vulnerable_xo598p9g/target/debug/deps/pair6_a1_vulnerable-47c2a46012ac6c4c+0xee6d6) (BuildId: 9a90d866bdf943cf1b7b11b9e4f67d5814e1bf7b)
    #10 0x7479ed294ac2  (/lib/x86_64-linux-gnu/libc.so.6+0x94ac2) (BuildId: d5197096f709801829b118af1b7cf6631efa2dcd)
    #11 0x7479ed32684f  (/lib/x86_64-linux-gnu/libc.so.6+0x12684f) (BuildId: d5197096f709801829b118af1b7cf6631efa2dcd)

0x70b9ec5e2078 is located 0 bytes after 40-byte region [0x70b9ec5e2050,0x70b9ec5e2078)
allocated by thread T1 here:
    #0 0x55838e326814  (/tmp/asan_pair6_a1_vulnerable_xo598p9g/target/debug/deps/pair6_a1_vulnerable-47c2a46012ac6c4c+0xf0814) (BuildId: 9a90d866bdf943cf1b7b11b9e4f67d5814e1bf7b)
    #1 0x55838e3dde0d  (/tmp/asan_pair6_a1_vulnerable_xo598p9g/target/debug/deps/pair6_a1_vulnerable-47c2a46012ac6c4c+0x1a7e0d) (BuildId: 9a90d866bdf943cf1b7b11b9e4f67d5814e1bf7b)
    #2 0x55838e35512e  (/tmp/asan_pair6_a1_vulnerable_xo598p9g/target/debug/deps/pair6_a1_vulnerable-47c2a46012ac6c4c+0x11f12e) (BuildId: 9a90d866bdf943cf1b7b11b9e4f67d5814e1bf7b)
    #3 0x55838e3556bc  (/tmp/asan_pair6_a1_vulnerable_xo598p9g/target/debug/deps/pair6_a1_vulnerable-47c2a46012ac6c4c+0x11f6bc) (BuildId: 9a90d866bdf943cf1b7b11b9e4f67d5814e1bf7b)
    #4 0x55838e354bb0  (/tmp/asan_pair6_a1_vulnerable_xo598p9g/target/debug/deps/pair6_a1_vulnerable-47c2a46012ac6c4c+0x11ebb0) (BuildId: 9a90d866bdf943cf1b7b11b9e4f67d5814e1bf7b)
    #5 0x55838e355656  (/tmp/asan_pair6_a1_vulnerable_xo598p9g/target/debug/deps/pair6_a1_vulnerable-47c2a46012ac6c4c+0x11f656) (BuildId: 9a90d866bdf943cf1b7b11b9e4f67d5814e1bf7b)
    #6 0x55838e38d854  (/tmp/asan_pair6_a1_vulnerable_xo598p9g/target/debug/deps/pair6_a1_vulnerable-47c2a46012ac6c4c+0x157854) (BuildId: 9a90d866bdf943cf1b7b11b9e4f67d5814e1bf7b)
    #7 0x55838e364273  (/tmp/asan_pair6_a1_vulnerable_xo598p9g/target/debug/deps/pair6_a1_vulnerable-47c2a46012ac6c4c+0x12e273) (BuildId: 9a90d866bdf943cf1b7b11b9e4f67d5814e1bf7b)
    #8 0x55838e367c59  (/tmp/asan_pair6_a1_vulnerable_xo598p9g/target/debug/deps/pair6_a1_vulnerable-47c2a46012ac6c4c+0x131c59) (BuildId: 9a90d866bdf943cf1b7b11b9e4f67d5814e1bf7b)
    #9 0x55838e3ad87e  (/tmp/asan_pair6_a1_vulnerable_xo598p9g/target/debug/deps/pair6_a1_vulnerable-47c2a46012ac6c4c+0x17787e) (BuildId: 9a90d866bdf943cf1b7b11b9e4f67d5814e1bf7b)
    #10 0x55838e3246d6  (/tmp/asan_pair6_a1_vulnerable_xo598p9g/target/debug/deps/pair6_a1_vulnerable-47c2a46012ac6c4c+0xee6d6) (BuildId: 9a90d866bdf943cf1b7b11b9e4f67d5814e1bf7b)

Thread T1 created by T0 here:
    #0 0x55838e30b101  (/tmp/asan_pair6_a1_vulnerable_xo598p9g/target/debug/deps/pair6_a1_vulnerable-47c2a46012ac6c4c+0xd5101) (BuildId: 9a90d866bdf943cf1b7b11b9e4f67d5814e1bf7b)
    #1 0x55838e3ada9f  (/tmp/asan_pair6_a1_vulnerable_xo598p9g/target/debug/deps/pair6_a1_vulnerable-47c2a46012ac6c4c+0x177a9f) (BuildId: 9a90d866bdf943cf1b7b11b9e4f67d5814e1bf7b)
    #2 0x55838e38c3cd  (/tmp/asan_pair6_a1_vulnerable_xo598p9g/target/debug/deps/pair6_a1_vulnerable-47c2a46012ac6c4c+0x1563cd) (BuildId: 9a90d866bdf943cf1b7b11b9e4f67d5814e1bf7b)
    #3 0x55838e385714  (/tmp/asan_pair6_a1_vulnerable_xo598p9g/target/debug/deps/pair6_a1_vulnerable-47c2a46012ac6c4c+0x14f714) (BuildId: 9a90d866bdf943cf1b7b11b9e4f67d5814e1bf7b)
    #4 0x55838e38ed55  (/tmp/asan_pair6_a1_vulnerable_xo598p9g/target/debug/deps/pair6_a1_vulnerable-47c2a46012ac6c4c+0x158d55) (BuildId: 9a90d866bdf943cf1b7b11b9e4f67d5814e1bf7b)
    #5 0x55838e377aaa  (/tmp/asan_pair6_a1_vulnerable_xo598p9g/target/debug/deps/pair6_a1_vulnerable-47c2a46012ac6c4c+0x141aaa) (BuildId: 9a90d866bdf943cf1b7b11b9e4f67d5814e1bf7b)
    #6 0x55838e356ee2  (/tmp/asan_pair6_a1_vulnerable_xo598p9g/target/debug/deps/pair6_a1_vulnerable-47c2a46012ac6c4c+0x120ee2) (BuildId: 9a90d866bdf943cf1b7b11b9e4f67d5814e1bf7b)
    #7 0x55838e35697f  (/tmp/asan_pair6_a1_vulnerable_xo598p9g/target/debug/deps/pair6_a1_vulnerable-47c2a46012ac6c4c+0x12097f) (BuildId: 9a90d866bdf943cf1b7b11b9e4f67d5814e1bf7b)
    #8 0x55838e35720d  (/tmp/asan_pair6_a1_vulnerable_xo598p9g/target/debug/deps/pair6_a1_vulnerable-47c2a46012ac6c4c+0x12120d) (BuildId: 9a90d866bdf943cf1b7b11b9e4f67d5814e1bf7b)

SUMMARY: AddressSanitizer: heap-buffer-overflow (/tmp/asan_pair6_a1_vulnerable_xo598p9g/target/debug/deps/pair6_a1_vulnerable-47c2a46012ac6c4c+0x1211c1) (BuildId: 9a90d866bdf943cf1b7b11b9e4f67d5814e1bf7b) 
Shadow bytes around the buggy address:
  0x70b9ec5e1d80: fa fa fa fa fa fa fa fa fa fa fa fa fa fa fa fa
  0x70b9ec5e1e00: fa fa fa fa fa fa fa fa fa fa fa fa fa fa fa fa
  0x70b9ec5e1e80: fa fa fa fa fa fa fa fa fa fa fa fa fa fa fa fa
  0x70b9ec5e1f00: fa fa fa fa fa fa fa fa fa fa fa fa fa fa fa fa
  0x70b9ec5e1f80: fa fa fa fa fa fa fa fa fa fa fa fa fa fa fa fa
=>0x70b9ec5e2000: fa fa 00 00 00 00 00 00 fa fa 00 00 00 00 00[fa]
  0x70b9ec5e2080: fa fa fa fa fa fa fa fa fa fa fa fa fa fa fa fa
  0x70b9ec5e2100: fa fa fa fa fa fa fa fa fa fa fa fa fa fa fa fa
  0x70b9ec5e2180: fa fa fa fa fa fa fa fa fa fa fa fa fa fa fa fa
  0x70b9ec5e2200: fa fa fa fa fa fa fa fa fa fa fa fa fa fa fa fa
  0x70b9ec5e2280: fa fa fa fa fa fa fa fa fa fa fa fa fa fa fa fa
Shadow byte legend (one shadow byte represents 8 application bytes):
  Addressable:           00
  Partially addressable: 01 02 03 04 05 06 07 
  Heap left redzone:       fa
  Freed heap region:       fd
  Stack left redzone:      f1
  Stack mid redzone:       f2
  Stack right redzone:     f3
  Stack after return:      f5
  Stack use after scope:   f8
  Global redzone:          f9
  Global init order:       f6
  Poisoned by user:        f7
  Container overflow:      fc
  Array cookie:            ac
  Intra object redzone:    bb
  ASan internal:           fe
  Left alloca redzone:     ca
  Right alloca redzone:    cb
==3831085==ABORTING
error: test failed, to rerun pass `--lib`

Caused by:
  process didn't exit successfully: `/tmp/asan_pair6_a1_vulnerable_xo598p9g/target/debug/deps/pair6_a1_vulnerable-47c2a46012ac6c4c --nocapture` (exit status: 1)
