$ (cwd=/tmp/asan_pair11_a3_fixed_qm0vbcle) cargo +nightly test --lib -- --nocapture

   Compiling pair11_a3_fixed v0.1.0 (/tmp/asan_pair11_a3_fixed_qm0vbcle)
    Finished `test` profile [unoptimized + debuginfo] target(s) in 0.25s
     Running unittests src/lib.rs (target/debug/deps/pair11_a3_fixed-3bf9496bb649b21b)

running 1 test

thread '<unnamed>' (4145985) panicked at src/lib.rs:35:21:
integer overflow detected
note: run with `RUST_BACKTRACE=1` environment variable to display a backtrace

thread '<unnamed>' (4145987) panicked at src/lib.rs:33:49:
called `Result::unwrap()` on an `Err` value: PoisonError { .. }

thread '<unnamed>' (4145986) panicked at src/lib.rs:33:49:
called `Result::unwrap()` on an `Err` value: PoisonError { .. }

thread '<unnamed>' (4145988) panicked at src/lib.rs:33:49:
called `Result::unwrap()` on an `Err` value: PoisonError { .. }

thread '<unnamed>' (4145991) panicked at src/lib.rs:33:49:
called `Result::unwrap()` on an `Err` value: PoisonError { .. }

thread '<unnamed>' (4145990) panicked at src/lib.rs:33:49:
called `Result::unwrap()` on an `Err` value: PoisonError { .. }

thread '<unnamed>' (4145989) panicked at src/lib.rs:33:49:
called `Result::unwrap()` on an `Err` value: PoisonError { .. }

thread '<unnamed>' (4145992) panicked at src/lib.rs:33:49:
called `Result::unwrap()` on an `Err` value: PoisonError { .. }

thread '<unnamed>' (4145993) panicked at src/lib.rs:33:49:
called `Result::unwrap()` on an `Err` value: PoisonError { .. }
test tests::test_overflow_detection ... ok

test result: ok
thread '<unnamed>' (4145994) panicked at src/lib.rs:33:49:
called `Result::unwrap()` on an `Err` value: PoisonError { .. }
. 1 passed; 0 failed; 0 ignored; 0 measured; 0 filtered out; finished in 0.00s

