$ (cwd=/tmp/asan_pair12_a3_vulnerable_kgm_6j6u) cargo +nightly test --lib -- --nocapture

   Compiling pair12_a3_vulnerable v0.1.0 (/tmp/asan_pair12_a3_vulnerable_kgm_6j6u)
    Finished `test` profile [unoptimized + debuginfo] target(s) in 0.17s
     Running unittests src/lib.rs (target/debug/deps/pair12_a3_vulnerable-d4e8ca2b8143bc06)

running 1 test
=================================================================
==4194289==ERROR: AddressSanitizer: heap-buffer-overflow on address 0x733af3fe401a at pc 0x581fcd9d258e bp 0x731af19fe0a0 sp 0x731af19fd860
WRITE of size 5 at 0x733af3fe401a thread T1
    #0 0x581fcd9d258d  (/tmp/asan_pair12_a3_vulnerable_kgm_6j6u/target/debug/deps/pair12_a3_vulnerable-d4e8ca2b8143bc06+0xef58d) (BuildId: 1e50fa1532d90c11e0004ac93622ad48a709f1b7)
    #1 0x581fcda0416b  (/tmp/asan_pair12_a3_vulnerable_kgm_6j6u/target/debug/deps/pair12_a3_vulnerable-d4e8ca2b8143bc06+0x12116b) (BuildId: 1e50fa1532d90c11e0004ac93622ad48a709f1b7)
    #2 0x581fcda050b3  (/tmp/asan_pair12_a3_vulnerable_kgm_6j6u/target/debug/deps/pair12_a3_vulnerable-d4e8ca2b8143bc06+0x1220b3) (BuildId: 1e50fa1532d90c11e0004ac93622ad48a709f1b7)
    #3 0x581fcda03fb2  (/tmp/asan_pair12_a3_vulnerable_kgm_6j6u/target/debug/deps/pair12_a3_vulnerable-d4e8ca2b8143bc06+0x120fb2) (BuildId: 1e50fa1532d90c11e0004ac93622ad48a709f1b7)
    #4 0x581fcda0463a  (/tmp/asan_pair12_a3_vulnerable_kgm_6j6u/target/debug/deps/pair12_a3_vulnerable-d4e8ca2b8143bc06+0x12163a) (BuildId: 1e50fa1532d90c11e0004ac93622ad48a709f1b7)
    #5 0x581fcda044d1  (/tmp/asan_pair12_a3_vulnerable_kgm_6j6u/target/debug/deps/pair12_a3_vulnerable-d4e8ca2b8143bc06+0x1214d1) (BuildId: 1e50fa1532d90c11e0004ac93622ad48a709f1b7)
    #6 0x581fcda03a64  (/tmp/asan_pair12_a3_vulnerable_kgm_6j6u/target/debug/deps/pair12_a3_vulnerable-d4e8ca2b8143bc06+0x120a64) (BuildId: 1e50fa1532d90c11e0004ac93622ad48a709f1b7)
    #7 0x581fcda051e6  (/tmp/asan_pair12_a3_vulnerable_kgm_6j6u/target/debug/deps/pair12_a3_vulnerable-d4e8ca2b8143bc06+0x1221e6) (BuildId: 1e50fa1532d90c11e0004ac93622ad48a709f1b7)
    #8 0x581fcda057b5  (/tmp/asan_pair12_a3_vulnerable_kgm_6j6u/target/debug/deps/pair12_a3_vulnerable-d4e8ca2b8143bc06+0x1227b5) (BuildId: 1e50fa1532d90c11e0004ac93622ad48a709f1b7)
    #9 0x581fcda26d8a  (/tmp/asan_pair12_a3_vulnerable_kgm_6j6u/target/debug/deps/pair12_a3_vulnerable-d4e8ca2b8143bc06+0x143d8a) (BuildId: 1e50fa1532d90c11e0004ac93622ad48a709f1b7)
    #10 0x581fcda3c774  (/tmp/asan_pair12_a3_vulnerable_kgm_6j6u/target/debug/deps/pair12_a3_vulnerable-d4e8ca2b8143bc06+0x159774) (BuildId: 1e50fa1532d90c11e0004ac93622ad48a709f1b7)
    #11 0x581fcda13193  (/tmp/asan_pair12_a3_vulnerable_kgm_6j6u/target/debug/deps/pair12_a3_vulnerable-d4e8ca2b8143bc06+0x130193) (BuildId: 1e50fa1532d90c11e0004ac93622ad48a709f1b7)
    #12 0x581fcda16b79  (/tmp/asan_pair12_a3_vulnerable_kgm_6j6u/target/debug/deps/pair12_a3_vulnerable-d4e8ca2b8143bc06+0x133b79) (BuildId: 1e50fa1532d90c11e0004ac93622ad48a709f1b7)
    #13 0x581fcda5c79e  (/tmp/asan_pair12_a3_vulnerable_kgm_6j6u/target/debug/deps/pair12_a3_vulnerable-d4e8ca2b8143bc06+0x17979e) (BuildId: 1e50fa1532d90c11e0004ac93622ad48a709f1b7)
    #14 0x581fcd9d2126  (/tmp/asan_pair12_a3_vulnerable_kgm_6j6u/target/debug/deps/pair12_a3_vulnerable-d4e8ca2b8143bc06+0xef126) (BuildId: 1e50fa1532d90c11e0004ac93622ad48a709f1b7)
    #15 0x771af4e94ac2  (/lib/x86_64-linux-gnu/libc.so.6+0x94ac2) (BuildId: d5197096f709801829b118af1b7cf6631efa2dcd)
    #16 0x771af4f2684f  (/lib/x86_64-linux-gnu/libc.so.6+0x12684f) (BuildId: d5197096f709801829b118af1b7cf6631efa2dcd)

0x733af3fe401a is located 0 bytes after 10-byte region [0x733af3fe4010,0x733af3fe401a)
allocated by thread T1 here:
    #0 0x581fcd9d4629  (/tmp/asan_pair12_a3_vulnerable_kgm_6j6u/target/debug/deps/pair12_a3_vulnerable-d4e8ca2b8143bc06+0xf1629) (BuildId: 1e50fa1532d90c11e0004ac93622ad48a709f1b7)
    #1 0x581fcda8cd17  (/tmp/asan_pair12_a3_vulnerable_kgm_6j6u/target/debug/deps/pair12_a3_vulnerable-d4e8ca2b8143bc06+0x1a9d17) (BuildId: 1e50fa1532d90c11e0004ac93622ad48a709f1b7)
    #2 0x581fcda04ace  (/tmp/asan_pair12_a3_vulnerable_kgm_6j6u/target/debug/deps/pair12_a3_vulnerable-d4e8ca2b8143bc06+0x121ace) (BuildId: 1e50fa1532d90c11e0004ac93622ad48a709f1b7)
    #3 0x581fcda043ce  (/tmp/asan_pair12_a3_vulnerable_kgm_6j6u/target/debug/deps/pair12_a3_vulnerable-d4e8ca2b8143bc06+0x1213ce) (BuildId: 1e50fa1532d90c11e0004ac93622ad48a709f1b7)
    #4 0x581fcda0509c  (/tmp/asan_pair12_a3_vulnerable_kgm_6j6u/target/debug/deps/pair12_a3_vulnerable-d4e8ca2b8143bc06+0x12209c) (BuildId: 1e50fa1532d90c11e0004ac93622ad48a709f1b7)
    #5 0x581fcda03fb2  (/tmp/asan_pair12_a3_vulnerable_kgm_6j6u/target/debug/deps/pair12_a3_vulnerable-d4e8ca2b8143bc06+0x120fb2) (BuildId: 1e50fa1532d90c11e0004ac93622ad48a709f1b7)
    #6 0x581fcda03a64  (/tmp/asan_pair12_a3_vulnerable_kgm_6j6u/target/debug/deps/pair12_a3_vulnerable-d4e8ca2b8143bc06+0x120a64) (BuildId: 1e50fa1532d90c11e0004ac93622ad48a709f1b7)
    #7 0x581fcda051e6  (/tmp/asan_pair12_a3_vulnerable_kgm_6j6u/target/debug/deps/pair12_a3_vulnerable-d4e8ca2b8143bc06+0x1221e6) (BuildId: 1e50fa1532d90c11e0004ac93622ad48a709f1b7)
    #8 0x581fcda3c774  (/tmp/asan_pair12_a3_vulnerable_kgm_6j6u/target/debug/deps/pair12_a3_vulnerable-d4e8ca2b8143bc06+0x159774) (BuildId: 1e50fa1532d90c11e0004ac93622ad48a709f1b7)
    #9 0x581fcda13193  (/tmp/asan_pair12_a3_vulnerable_kgm_6j6u/target/debug/deps/pair12_a3_vulnerable-d4e8ca2b8143bc06+0x130193) (BuildId: 1e50fa1532d90c11e0004ac93622ad48a709f1b7)
    #10 0x581fcda16b79  (/tmp/asan_pair12_a3_vulnerable_kgm_6j6u/target/debug/deps/pair12_a3_vulnerable-d4e8ca2b8143bc06+0x133b79) (BuildId: 1e50fa1532d90c11e0004ac93622ad48a709f1b7)
    #11 0x581fcda5c79e  (/tmp/asan_pair12_a3_vulnerable_kgm_6j6u/target/debug/deps/pair12_a3_vulnerable-d4e8ca2b8143bc06+0x17979e) (BuildId: 1e50fa1532d90c11e0004ac93622ad48a709f1b7)
    #12 0x581fcd9d2126  (/tmp/asan_pair12_a3_vulnerable_kgm_6j6u/target/debug/deps/pair12_a3_vulnerable-d4e8ca2b8143bc06+0xef126) (BuildId: 1e50fa1532d90c11e0004ac93622ad48a709f1b7)

Thread T1 created by T0 here:
    #0 0x581fcd9b8b51  (/tmp/asan_pair12_a3_vulnerable_kgm_6j6u/target/debug/deps/pair12_a3_vulnerable-d4e8ca2b8143bc06+0xd5b51) (BuildId: 1e50fa1532d90c11e0004ac93622ad48a709f1b7)
    #1 0x581fcda5c9bf  (/tmp/asan_pair12_a3_vulnerable_kgm_6j6u/target/debug/deps/pair12_a3_vulnerable-d4e8ca2b8143bc06+0x1799bf) (BuildId: 1e50fa1532d90c11e0004ac93622ad48a709f1b7)
    #2 0x581fcda3b2ed  (/tmp/asan_pair12_a3_vulnerable_kgm_6j6u/target/debug/deps/pair12_a3_vulnerable-d4e8ca2b8143bc06+0x1582ed) (BuildId: 1e50fa1532d90c11e0004ac93622ad48a709f1b7)
    #3 0x581fcda34634  (/tmp/asan_pair12_a3_vulnerable_kgm_6j6u/target/debug/deps/pair12_a3_vulnerable-d4e8ca2b8143bc06+0x151634) (BuildId: 1e50fa1532d90c11e0004ac93622ad48a709f1b7)
    #4 0x581fcda3dc75  (/tmp/asan_pair12_a3_vulnerable_kgm_6j6u/target/debug/deps/pair12_a3_vulnerable-d4e8ca2b8143bc06+0x15ac75) (BuildId: 1e50fa1532d90c11e0004ac93622ad48a709f1b7)
    #5 0x581fcda269ca  (/tmp/asan_pair12_a3_vulnerable_kgm_6j6u/target/debug/deps/pair12_a3_vulnerable-d4e8ca2b8143bc06+0x1439ca) (BuildId: 1e50fa1532d90c11e0004ac93622ad48a709f1b7)
    #6 0x581fcda040c2  (/tmp/asan_pair12_a3_vulnerable_kgm_6j6u/target/debug/deps/pair12_a3_vulnerable-d4e8ca2b8143bc06+0x1210c2) (BuildId: 1e50fa1532d90c11e0004ac93622ad48a709f1b7)
    #7 0x581fcda02a8f  (/tmp/asan_pair12_a3_vulnerable_kgm_6j6u/target/debug/deps/pair12_a3_vulnerable-d4e8ca2b8143bc06+0x11fa8f) (BuildId: 1e50fa1532d90c11e0004ac93622ad48a709f1b7)
    #8 0x581fcda0430d  (/tmp/asan_pair12_a3_vulnerable_kgm_6j6u/target/debug/deps/pair12_a3_vulnerable-d4e8ca2b8143bc06+0x12130d) (BuildId: 1e50fa1532d90c11e0004ac93622ad48a709f1b7)

SUMMARY: AddressSanitizer: heap-buffer-overflow (/tmp/asan_pair12_a3_vulnerable_kgm_6j6u/target/debug/deps/pair12_a3_vulnerable-d4e8ca2b8143bc06+0xef58d) (BuildId: 1e50fa1532d90c11e0004ac93622ad48a709f1b7) 
Shadow bytes around the buggy address:
  0x733af3fe3d80: fa fa fa fa fa fa fa fa fa fa fa fa fa fa fa fa
  0x733af3fe3e00: fa fa fa fa fa fa fa fa fa fa fa fa fa fa fa fa
  0x733af3fe3e80: fa fa fa fa fa fa fa fa fa fa fa fa fa fa fa fa
  0x733af3fe3f00: fa fa fa fa fa fa fa fa fa fa fa fa fa fa fa fa
  0x733af3fe3f80: fa fa fa fa fa fa fa fa fa fa fa fa fa fa fa fa
=>0x733af3fe4000: fa fa 00[02]fa fa fa fa fa fa fa fa fa fa fa fa
  0x733af3fe4080: fa fa fa fa fa fa fa fa fa fa fa fa fa fa fa fa
  0x733af3fe4100: fa fa fa fa fa fa fa fa fa fa fa fa fa fa fa fa
  0x733af3fe4180: fa fa fa fa fa fa fa fa fa fa fa fa fa fa fa fa
  0x733af3fe4200: fa fa fa fa fa fa fa fa fa fa fa fa fa fa fa fa
  0x733af3fe4280: fa fa fa fa fa fa fa fa fa fa fa fa fa fa fa fa
Shadow byte legend (one shadow byte represents 8 application bytes):
  Addressable:           00
  Partially addressable: 01 02 03 04 05 06 07 
  Heap left redzone:       fa
  Freed heap region:       fd
  Stack left redzone:      f1
  Stack mid redzone:       f2
  Stack right redzone:     f3
  Stack after return:      f5
  Stack use after scope:   f8
  Global redzone:          f9
  Global init order:       f6
  Poisoned by user:        f7
  Container overflow:      fc
  Array cookie:            ac
  Intra object redzone:    bb
  ASan internal:           fe
  Left alloca redzone:     ca
  Right alloca redzone:    cb
test tests::test_out_of_bound_write ... ok

test result: ok. 1 passed; 0 failed; 0 ignored; 0 measured; 0 filtered out; finished in 0.00s

