$ (cwd=/tmp/asan_pair11_a2_fixed_nx5zfzk7) cargo +nightly test --lib -- --nocapture

   Compiling pair11_a2_fixed v0.1.0 (/tmp/asan_pair11_a2_fixed_nx5zfzk7)
    Finished `test` profile [unoptimized + debuginfo] target(s) in 0.27s
     Running unittests src/lib.rs (target/debug/deps/pair11_a2_fixed-0b1630ab8dd64724)

running 1 test

thread '<unnamed>' (3971957) panicked at src/lib.rs:35:21:
integer overflow detected
note: run with `RUST_BACKTRACE=1` environment variable to display a backtrace

thread '<unnamed>' (3971959) panicked at src/lib.rs:33:49:
called `Result::unwrap()` on an `Err` value: PoisonError { .. }

thread '<unnamed>' (3971960) panicked at src/lib.rs:33:49:
called `Result::unwrap()` on an `Err` value: PoisonError { .. }

thread '<unnamed>' (3971961) panicked at src/lib.rs:33:49:
called `Result::unwrap()` on an `Err` value: PoisonError { .. }

thread '<unnamed>' (3971962) panicked at src/lib.rs:33:49:
called `Result::unwrap()` on an `Err` value: PoisonError { .. }

thread '<unnamed>' (3971958) panicked at src/lib.rs:33:49:
called `Result::unwrap()` on an `Err` value: PoisonError { .. }

thread '<unnamed>' (3971964) panicked at src/lib.rs:33:49:
called `Result::unwrap()` on an `Err` value: PoisonError { .. }

thread '<unnamed>' (3971963) panicked at src/lib.rs:33:49:
called `Result::unwrap()` on an `Err` value: PoisonError { .. }
test tests::test_overflow_detection ... ok

test result: ok
thread '<unnamed>' (3971966) panicked at src/lib.rs:33:49:
called `Result::unwrap()` on an `Err` value: PoisonError { .. }
. 1 passed; 0 failed; 0 ignored; 0 measured; 0 filtered out; finished in 0.00s


thread '<unnamed>' (3971965) panicked at src/lib.rs:33:49:
called `Result::unwrap()` on an `Err` value: PoisonError { .. }
