$ (cwd=/tmp/asan_pair6_a3_vulnerable_w8s5bnas) cargo +nightly test --lib -- --nocapture

   Compiling pair6_a3_vulnerable v0.1.0 (/tmp/asan_pair6_a3_vulnerable_w8s5bnas)
    Finished `test` profile [unoptimized + debuginfo] target(s) in 0.19s
     Running unittests src/lib.rs (target/debug/deps/pair6_a3_vulnerable-649d6490019e4669)

running 1 test
=================================================================
==4176983==ERROR: AddressSanitizer: heap-buffer-overflow on address 0x6f971a7e401a at pc 0x565a146bdae3 bp 0x6f77181fe2c0 sp 0x6f77181fda80
READ of size 20 at 0x6f971a7e401a thread T1
    #0 0x565a146bdae2  (/tmp/asan_pair6_a3_vulnerable_w8s5bnas/target/debug/deps/pair6_a3_vulnerable-649d6490019e4669+0xf0ae2) (BuildId: 6298587b0f077e8dbb1530bfab284117a59634b6)
    #1 0x565a146f046b  (/tmp/asan_pair6_a3_vulnerable_w8s5bnas/target/debug/deps/pair6_a3_vulnerable-649d6490019e4669+0x12346b) (BuildId: 6298587b0f077e8dbb1530bfab284117a59634b6)
    #2 0x565a146f2ce1  (/tmp/asan_pair6_a3_vulnerable_w8s5bnas/target/debug/deps/pair6_a3_vulnerable-649d6490019e4669+0x125ce1) (BuildId: 6298587b0f077e8dbb1530bfab284117a59634b6)
    #3 0x565a146ee906  (/tmp/asan_pair6_a3_vulnerable_w8s5bnas/target/debug/deps/pair6_a3_vulnerable-649d6490019e4669+0x121906) (BuildId: 6298587b0f077e8dbb1530bfab284117a59634b6)
    #4 0x565a146eeb25  (/tmp/asan_pair6_a3_vulnerable_w8s5bnas/target/debug/deps/pair6_a3_vulnerable-649d6490019e4669+0x121b25) (BuildId: 6298587b0f077e8dbb1530bfab284117a59634b6)
    #5 0x565a14713c8a  (/tmp/asan_pair6_a3_vulnerable_w8s5bnas/target/debug/deps/pair6_a3_vulnerable-649d6490019e4669+0x146c8a) (BuildId: 6298587b0f077e8dbb1530bfab284117a59634b6)
    #6 0x565a14729674  (/tmp/asan_pair6_a3_vulnerable_w8s5bnas/target/debug/deps/pair6_a3_vulnerable-649d6490019e4669+0x15c674) (BuildId: 6298587b0f077e8dbb1530bfab284117a59634b6)
    #7 0x565a14700093  (/tmp/asan_pair6_a3_vulnerable_w8s5bnas/target/debug/deps/pair6_a3_vulnerable-649d6490019e4669+0x133093) (BuildId: 6298587b0f077e8dbb1530bfab284117a59634b6)
    #8 0x565a14703a79  (/tmp/asan_pair6_a3_vulnerable_w8s5bnas/target/debug/deps/pair6_a3_vulnerable-649d6490019e4669+0x136a79) (BuildId: 6298587b0f077e8dbb1530bfab284117a59634b6)
    #9 0x565a1474969e  (/tmp/asan_pair6_a3_vulnerable_w8s5bnas/target/debug/deps/pair6_a3_vulnerable-649d6490019e4669+0x17c69e) (BuildId: 6298587b0f077e8dbb1530bfab284117a59634b6)
    #10 0x565a146bd1c6  (/tmp/asan_pair6_a3_vulnerable_w8s5bnas/target/debug/deps/pair6_a3_vulnerable-649d6490019e4669+0xf01c6) (BuildId: 6298587b0f077e8dbb1530bfab284117a59634b6)
    #11 0x73771b494ac2  (/lib/x86_64-linux-gnu/libc.so.6+0x94ac2) (BuildId: d5197096f709801829b118af1b7cf6631efa2dcd)
    #12 0x73771b52684f  (/lib/x86_64-linux-gnu/libc.so.6+0x12684f) (BuildId: d5197096f709801829b118af1b7cf6631efa2dcd)

0x6f971a7e401a is located 0 bytes after 10-byte region [0x6f971a7e4010,0x6f971a7e401a)
allocated by thread T1 here:
    #0 0x565a146bfa29  (/tmp/asan_pair6_a3_vulnerable_w8s5bnas/target/debug/deps/pair6_a3_vulnerable-649d6490019e4669+0xf2a29) (BuildId: 6298587b0f077e8dbb1530bfab284117a59634b6)
    #1 0x565a14779c17  (/tmp/asan_pair6_a3_vulnerable_w8s5bnas/target/debug/deps/pair6_a3_vulnerable-649d6490019e4669+0x1acc17) (BuildId: 6298587b0f077e8dbb1530bfab284117a59634b6)
    #2 0x565a146f05fe  (/tmp/asan_pair6_a3_vulnerable_w8s5bnas/target/debug/deps/pair6_a3_vulnerable-649d6490019e4669+0x1235fe) (BuildId: 6298587b0f077e8dbb1530bfab284117a59634b6)
    #3 0x565a146ee8de  (/tmp/asan_pair6_a3_vulnerable_w8s5bnas/target/debug/deps/pair6_a3_vulnerable-649d6490019e4669+0x1218de) (BuildId: 6298587b0f077e8dbb1530bfab284117a59634b6)
    #4 0x565a146f2cc6  (/tmp/asan_pair6_a3_vulnerable_w8s5bnas/target/debug/deps/pair6_a3_vulnerable-649d6490019e4669+0x125cc6) (BuildId: 6298587b0f077e8dbb1530bfab284117a59634b6)
    #5 0x565a146ee906  (/tmp/asan_pair6_a3_vulnerable_w8s5bnas/target/debug/deps/pair6_a3_vulnerable-649d6490019e4669+0x121906) (BuildId: 6298587b0f077e8dbb1530bfab284117a59634b6)
    #6 0x565a14729674  (/tmp/asan_pair6_a3_vulnerable_w8s5bnas/target/debug/deps/pair6_a3_vulnerable-649d6490019e4669+0x15c674) (BuildId: 6298587b0f077e8dbb1530bfab284117a59634b6)
    #7 0x565a14700093  (/tmp/asan_pair6_a3_vulnerable_w8s5bnas/target/debug/deps/pair6_a3_vulnerable-649d6490019e4669+0x133093) (BuildId: 6298587b0f077e8dbb1530bfab284117a59634b6)
    #8 0x565a14703a79  (/tmp/asan_pair6_a3_vulnerable_w8s5bnas/target/debug/deps/pair6_a3_vulnerable-649d6490019e4669+0x136a79) (BuildId: 6298587b0f077e8dbb1530bfab284117a59634b6)
    #9 0x565a1474969e  (/tmp/asan_pair6_a3_vulnerable_w8s5bnas/target/debug/deps/pair6_a3_vulnerable-649d6490019e4669+0x17c69e) (BuildId: 6298587b0f077e8dbb1530bfab284117a59634b6)
    #10 0x565a146bd1c6  (/tmp/asan_pair6_a3_vulnerable_w8s5bnas/target/debug/deps/pair6_a3_vulnerable-649d6490019e4669+0xf01c6) (BuildId: 6298587b0f077e8dbb1530bfab284117a59634b6)

Thread T1 created by T0 here:
    #0 0x565a146a3bf1  (/tmp/asan_pair6_a3_vulnerable_w8s5bnas/target/debug/deps/pair6_a3_vulnerable-649d6490019e4669+0xd6bf1) (BuildId: 6298587b0f077e8dbb1530bfab284117a59634b6)
    #1 0x565a147498bf  (/tmp/asan_pair6_a3_vulnerable_w8s5bnas/target/debug/deps/pair6_a3_vulnerable-649d6490019e4669+0x17c8bf) (BuildId: 6298587b0f077e8dbb1530bfab284117a59634b6)
    #2 0x565a147281ed  (/tmp/asan_pair6_a3_vulnerable_w8s5bnas/target/debug/deps/pair6_a3_vulnerable-649d6490019e4669+0x15b1ed) (BuildId: 6298587b0f077e8dbb1530bfab284117a59634b6)
    #3 0x565a14721534  (/tmp/asan_pair6_a3_vulnerable_w8s5bnas/target/debug/deps/pair6_a3_vulnerable-649d6490019e4669+0x154534) (BuildId: 6298587b0f077e8dbb1530bfab284117a59634b6)
    #4 0x565a1472ab75  (/tmp/asan_pair6_a3_vulnerable_w8s5bnas/target/debug/deps/pair6_a3_vulnerable-649d6490019e4669+0x15db75) (BuildId: 6298587b0f077e8dbb1530bfab284117a59634b6)
    #5 0x565a147138ca  (/tmp/asan_pair6_a3_vulnerable_w8s5bnas/target/debug/deps/pair6_a3_vulnerable-649d6490019e4669+0x1468ca) (BuildId: 6298587b0f077e8dbb1530bfab284117a59634b6)
    #6 0x565a146f03c2  (/tmp/asan_pair6_a3_vulnerable_w8s5bnas/target/debug/deps/pair6_a3_vulnerable-649d6490019e4669+0x1233c2) (BuildId: 6298587b0f077e8dbb1530bfab284117a59634b6)
    #7 0x565a146ee52f  (/tmp/asan_pair6_a3_vulnerable_w8s5bnas/target/debug/deps/pair6_a3_vulnerable-649d6490019e4669+0x12152f) (BuildId: 6298587b0f077e8dbb1530bfab284117a59634b6)
    #8 0x565a146f049d  (/tmp/asan_pair6_a3_vulnerable_w8s5bnas/target/debug/deps/pair6_a3_vulnerable-649d6490019e4669+0x12349d) (BuildId: 6298587b0f077e8dbb1530bfab284117a59634b6)

SUMMARY: AddressSanitizer: heap-buffer-overflow (/tmp/asan_pair6_a3_vulnerable_w8s5bnas/target/debug/deps/pair6_a3_vulnerable-649d6490019e4669+0xf0ae2) (BuildId: 6298587b0f077e8dbb1530bfab284117a59634b6) 
Shadow bytes around the buggy address:
  0x6f971a7e3d80: fa fa fa fa fa fa fa fa fa fa fa fa fa fa fa fa
  0x6f971a7e3e00: fa fa fa fa fa fa fa fa fa fa fa fa fa fa fa fa
  0x6f971a7e3e80: fa fa fa fa fa fa fa fa fa fa fa fa fa fa fa fa
  0x6f971a7e3f00: fa fa fa fa fa fa fa fa fa fa fa fa fa fa fa fa
  0x6f971a7e3f80: fa fa fa fa fa fa fa fa fa fa fa fa fa fa fa fa
=>0x6f971a7e4000: fa fa 00[02]fa fa fa fa fa fa fa fa fa fa fa fa
  0x6f971a7e4080: fa fa fa fa fa fa fa fa fa fa fa fa fa fa fa fa
  0x6f971a7e4100: fa fa fa fa fa fa fa fa fa fa fa fa fa fa fa fa
  0x6f971a7e4180: fa fa fa fa fa fa fa fa fa fa fa fa fa fa fa fa
  0x6f971a7e4200: fa fa fa fa fa fa fa fa fa fa fa fa fa fa fa fa
  0x6f971a7e4280: fa fa fa fa fa fa fa fa fa fa fa fa fa fa fa fa
Shadow byte legend (one shadow byte represents 8 application bytes):
  Addressable:           00
  Partially addressable: 01 02 03 04 05 06 07 
  Heap left redzone:       fa
  Freed heap region:       fd
  Stack left redzone:      f1
  Stack mid redzone:       f2
  Stack right redzone:     f3
  Stack after return:      f5
  Stack use after scope:   f8
  Global redzone:          f9
  Global init order:       f6
  Poisoned by user:        f7
  Container overflow:      fc
  Array cookie:            ac
  Intra object redzone:    bb
  ASan internal:           fe
  Left alloca redzone:     ca
  Right alloca redzone:    cb
=================================================================
==4176983==ERROR: AddressSanitizer: heap-buffer-overflow on address 0x6f971a7e401a at pc 0x565a146bdb86 bp 0x6f77181fe2c0 sp 0x6f77181fda80
WRITE of size 20 at 0x6f971a7e401a thread T1
    #0 0x565a146bdb85  (/tmp/asan_pair6_a3_vulnerable_w8s5bnas/target/debug/deps/pair6_a3_vulnerable-649d6490019e4669+0xf0b85) (BuildId: 6298587b0f077e8dbb1530bfab284117a59634b6)
    #1 0x565a146f046b  (/tmp/asan_pair6_a3_vulnerable_w8s5bnas/target/debug/deps/pair6_a3_vulnerable-649d6490019e4669+0x12346b) (BuildId: 6298587b0f077e8dbb1530bfab284117a59634b6)
    #2 0x565a146f2ce1  (/tmp/asan_pair6_a3_vulnerable_w8s5bnas/target/debug/deps/pair6_a3_vulnerable-649d6490019e4669+0x125ce1) (BuildId: 6298587b0f077e8dbb1530bfab284117a59634b6)
    #3 0x565a146ee906  (/tmp/asan_pair6_a3_vulnerable_w8s5bnas/target/debug/deps/pair6_a3_vulnerable-649d6490019e4669+0x121906) (BuildId: 6298587b0f077e8dbb1530bfab284117a59634b6)
    #4 0x565a146eeb25  (/tmp/asan_pair6_a3_vulnerable_w8s5bnas/target/debug/deps/pair6_a3_vulnerable-649d6490019e4669+0x121b25) (BuildId: 6298587b0f077e8dbb1530bfab284117a59634b6)
    #5 0x565a14713c8a  (/tmp/asan_pair6_a3_vulnerable_w8s5bnas/target/debug/deps/pair6_a3_vulnerable-649d6490019e4669+0x146c8a) (BuildId: 6298587b0f077e8dbb1530bfab284117a59634b6)
    #6 0x565a14729674  (/tmp/asan_pair6_a3_vulnerable_w8s5bnas/target/debug/deps/pair6_a3_vulnerable-649d6490019e4669+0x15c674) (BuildId: 6298587b0f077e8dbb1530bfab284117a59634b6)
    #7 0x565a14700093  (/tmp/asan_pair6_a3_vulnerable_w8s5bnas/target/debug/deps/pair6_a3_vulnerable-649d6490019e4669+0x133093) (BuildId: 6298587b0f077e8dbb1530bfab284117a59634b6)
    #8 0x565a14703a79  (/tmp/asan_pair6_a3_vulnerable_w8s5bnas/target/debug/deps/pair6_a3_vulnerable-649d6490019e4669+0x136a79) (BuildId: 6298587b0f077e8dbb1530bfab284117a59634b6)
    #9 0x565a1474969e  (/tmp/asan_pair6_a3_vulnerable_w8s5bnas/target/debug/deps/pair6_a3_vulnerable-649d6490019e4669+0x17c69e) (BuildId: 6298587b0f077e8dbb1530bfab284117a59634b6)
    #10 0x565a146bd1c6  (/tmp/asan_pair6_a3_vulnerable_w8s5bnas/target/debug/deps/pair6_a3_vulnerable-649d6490019e4669+0xf01c6) (BuildId: 6298587b0f077e8dbb1530bfab284117a59634b6)
    #11 0x73771b494ac2  (/lib/x86_64-linux-gnu/libc.so.6+0x94ac2) (BuildId: d5197096f709801829b118af1b7cf6631efa2dcd)
    #12 0x73771b52684f  (/lib/x86_64-linux-gnu/libc.so.6+0x12684f) (BuildId: d5197096f709801829b118af1b7cf6631efa2dcd)

0x6f971a7e401a is located 0 bytes after 10-byte region [0x6f971a7e4010,0x6f971a7e401a)
allocated by thread T1 here:
    #0 0x565a146bfa29  (/tmp/asan_pair6_a3_vulnerable_w8s5bnas/target/debug/deps/pair6_a3_vulnerable-649d6490019e4669+0xf2a29) (BuildId: 6298587b0f077e8dbb1530bfab284117a59634b6)
    #1 0x565a14779c17  (/tmp/asan_pair6_a3_vulnerable_w8s5bnas/target/debug/deps/pair6_a3_vulnerable-649d6490019e4669+0x1acc17) (BuildId: 6298587b0f077e8dbb1530bfab284117a59634b6)
    #2 0x565a146f05fe  (/tmp/asan_pair6_a3_vulnerable_w8s5bnas/target/debug/deps/pair6_a3_vulnerable-649d6490019e4669+0x1235fe) (BuildId: 6298587b0f077e8dbb1530bfab284117a59634b6)
    #3 0x565a146ee8de  (/tmp/asan_pair6_a3_vulnerable_w8s5bnas/target/debug/deps/pair6_a3_vulnerable-649d6490019e4669+0x1218de) (BuildId: 6298587b0f077e8dbb1530bfab284117a59634b6)
    #4 0x565a146f2cc6  (/tmp/asan_pair6_a3_vulnerable_w8s5bnas/target/debug/deps/pair6_a3_vulnerable-649d6490019e4669+0x125cc6) (BuildId: 6298587b0f077e8dbb1530bfab284117a59634b6)
    #5 0x565a146ee906  (/tmp/asan_pair6_a3_vulnerable_w8s5bnas/target/debug/deps/pair6_a3_vulnerable-649d6490019e4669+0x121906) (BuildId: 6298587b0f077e8dbb1530bfab284117a59634b6)
    #6 0x565a14729674  (/tmp/asan_pair6_a3_vulnerable_w8s5bnas/target/debug/deps/pair6_a3_vulnerable-649d6490019e4669+0x15c674) (BuildId: 6298587b0f077e8dbb1530bfab284117a59634b6)
    #7 0x565a14700093  (/tmp/asan_pair6_a3_vulnerable_w8s5bnas/target/debug/deps/pair6_a3_vulnerable-649d6490019e4669+0x133093) (BuildId: 6298587b0f077e8dbb1530bfab284117a59634b6)
    #8 0x565a14703a79  (/tmp/asan_pair6_a3_vulnerable_w8s5bnas/target/debug/deps/pair6_a3_vulnerable-649d6490019e4669+0x136a79) (BuildId: 6298587b0f077e8dbb1530bfab284117a59634b6)
    #9 0x565a1474969e  (/tmp/asan_pair6_a3_vulnerable_w8s5bnas/target/debug/deps/pair6_a3_vulnerable-649d6490019e4669+0x17c69e) (BuildId: 6298587b0f077e8dbb1530bfab284117a59634b6)
    #10 0x565a146bd1c6  (/tmp/asan_pair6_a3_vulnerable_w8s5bnas/target/debug/deps/pair6_a3_vulnerable-649d6490019e4669+0xf01c6) (BuildId: 6298587b0f077e8dbb1530bfab284117a59634b6)

SUMMARY: AddressSanitizer: heap-buffer-overflow (/tmp/asan_pair6_a3_vulnerable_w8s5bnas/target/debug/deps/pair6_a3_vulnerable-649d6490019e4669+0xf0b85) (BuildId: 6298587b0f077e8dbb1530bfab284117a59634b6) 
Shadow bytes around the buggy address:
  0x6f971a7e3d80: fa fa fa fa fa fa fa fa fa fa fa fa fa fa fa fa
  0x6f971a7e3e00: fa fa fa fa fa fa fa fa fa fa fa fa fa fa fa fa
  0x6f971a7e3e80: fa fa fa fa fa fa fa fa fa fa fa fa fa fa fa fa
  0x6f971a7e3f00: fa fa fa fa fa fa fa fa fa fa fa fa fa fa fa fa
  0x6f971a7e3f80: fa fa fa fa fa fa fa fa fa fa fa fa fa fa fa fa
=>0x6f971a7e4000: fa fa 00[02]fa fa fa fa fa fa fa fa fa fa fa fa
  0x6f971a7e4080: fa fa fa fa fa fa fa fa fa fa fa fa fa fa fa fa
  0x6f971a7e4100: fa fa fa fa fa fa fa fa fa fa fa fa fa fa fa fa
  0x6f971a7e4180: fa fa fa fa fa fa fa fa fa fa fa fa fa fa fa fa
  0x6f971a7e4200: fa fa fa fa fa fa fa fa fa fa fa fa fa fa fa fa
  0x6f971a7e4280: fa fa fa fa fa fa fa fa fa fa fa fa fa fa fa fa
Shadow byte legend (one shadow byte represents 8 application bytes):
  Addressable:           00
  Partially addressable: 01 02 03 04 05 06 07 
  Heap left redzone:       fa
  Freed heap region:       fd
  Stack left redzone:      f1
  Stack mid redzone:       f2
  Stack right redzone:     f3
  Stack after return:      f5
  Stack use after scope:   f8
  Global redzone:          f9
  Global init order:       f6
  Poisoned by user:        f7
  Container overflow:      fc
  Array cookie:            ac
  Intra object redzone:    bb
  ASan internal:           fe
  Left alloca redzone:     ca
  Right alloca redzone:    cb

thread 'tests::test_invalid_copy_size' (4176984) panicked at src/lib.rs:51:9:
Copy operation should fail for an invalid size
note: run with `RUST_BACKTRACE=1` environment variable to display a backtrace
test tests::test_invalid_copy_size ... FAILED

failures:

failures:
    tests::test_invalid_copy_size

test result: FAILED. 0 passed; 1 failed; 0 ignored; 0 measured; 0 filtered out; finished in 0.01s

error: test failed, to rerun pass `--lib`
