$ (cwd=/tmp/asan_pair4_a3_vulnerable_r80xe2vm) cargo +nightly test --lib -- --nocapture

   Compiling pair4_a3_vulnerable v0.1.0 (/tmp/asan_pair4_a3_vulnerable_r80xe2vm)
    Finished `test` profile [unoptimized + debuginfo] target(s) in 0.20s
     Running unittests src/lib.rs (target/debug/deps/pair4_a3_vulnerable-d0cbb8f68f205ace)

running 1 test
=================================================================
==4190749==ERROR: AddressSanitizer: heap-buffer-overflow on address 0x71e87a5f1638 at pc 0x5e212d70a126 bp 0x6ff877ffdcf0 sp 0x6ff877ffdce8
READ of size 1 at 0x71e87a5f1638 thread T1
    #0 0x5e212d70a125  (/tmp/asan_pair4_a3_vulnerable_r80xe2vm/target/debug/deps/pair4_a3_vulnerable-d0cbb8f68f205ace+0x126125) (BuildId: 656e676f77c87482b79a6dca3ff02b37502c85cb)
    #1 0x5e212d70a2ac  (/tmp/asan_pair4_a3_vulnerable_r80xe2vm/target/debug/deps/pair4_a3_vulnerable-d0cbb8f68f205ace+0x1262ac) (BuildId: 656e676f77c87482b79a6dca3ff02b37502c85cb)
    #2 0x5e212d709db5  (/tmp/asan_pair4_a3_vulnerable_r80xe2vm/target/debug/deps/pair4_a3_vulnerable-d0cbb8f68f205ace+0x125db5) (BuildId: 656e676f77c87482b79a6dca3ff02b37502c85cb)
    #3 0x5e212d7076d1  (/tmp/asan_pair4_a3_vulnerable_r80xe2vm/target/debug/deps/pair4_a3_vulnerable-d0cbb8f68f205ace+0x1236d1) (BuildId: 656e676f77c87482b79a6dca3ff02b37502c85cb)
    #4 0x5e212d707f68  (/tmp/asan_pair4_a3_vulnerable_r80xe2vm/target/debug/deps/pair4_a3_vulnerable-d0cbb8f68f205ace+0x123f68) (BuildId: 656e676f77c87482b79a6dca3ff02b37502c85cb)
    #5 0x5e212d707cba  (/tmp/asan_pair4_a3_vulnerable_r80xe2vm/target/debug/deps/pair4_a3_vulnerable-d0cbb8f68f205ace+0x123cba) (BuildId: 656e676f77c87482b79a6dca3ff02b37502c85cb)
    #6 0x5e212d707b42  (/tmp/asan_pair4_a3_vulnerable_r80xe2vm/target/debug/deps/pair4_a3_vulnerable-d0cbb8f68f205ace+0x123b42) (BuildId: 656e676f77c87482b79a6dca3ff02b37502c85cb)
    #7 0x5e212d708465  (/tmp/asan_pair4_a3_vulnerable_r80xe2vm/target/debug/deps/pair4_a3_vulnerable-d0cbb8f68f205ace+0x124465) (BuildId: 656e676f77c87482b79a6dca3ff02b37502c85cb)
    #8 0x5e212d7076f6  (/tmp/asan_pair4_a3_vulnerable_r80xe2vm/target/debug/deps/pair4_a3_vulnerable-d0cbb8f68f205ace+0x1236f6) (BuildId: 656e676f77c87482b79a6dca3ff02b37502c85cb)
    #9 0x5e212d709205  (/tmp/asan_pair4_a3_vulnerable_r80xe2vm/target/debug/deps/pair4_a3_vulnerable-d0cbb8f68f205ace+0x125205) (BuildId: 656e676f77c87482b79a6dca3ff02b37502c85cb)
    #10 0x5e212d72b27a  (/tmp/asan_pair4_a3_vulnerable_r80xe2vm/target/debug/deps/pair4_a3_vulnerable-d0cbb8f68f205ace+0x14727a) (BuildId: 656e676f77c87482b79a6dca3ff02b37502c85cb)
    #11 0x5e212d740c64  (/tmp/asan_pair4_a3_vulnerable_r80xe2vm/target/debug/deps/pair4_a3_vulnerable-d0cbb8f68f205ace+0x15cc64) (BuildId: 656e676f77c87482b79a6dca3ff02b37502c85cb)
    #12 0x5e212d717683  (/tmp/asan_pair4_a3_vulnerable_r80xe2vm/target/debug/deps/pair4_a3_vulnerable-d0cbb8f68f205ace+0x133683) (BuildId: 656e676f77c87482b79a6dca3ff02b37502c85cb)
    #13 0x5e212d71b069  (/tmp/asan_pair4_a3_vulnerable_r80xe2vm/target/debug/deps/pair4_a3_vulnerable-d0cbb8f68f205ace+0x137069) (BuildId: 656e676f77c87482b79a6dca3ff02b37502c85cb)
    #14 0x5e212d760c8e  (/tmp/asan_pair4_a3_vulnerable_r80xe2vm/target/debug/deps/pair4_a3_vulnerable-d0cbb8f68f205ace+0x17cc8e) (BuildId: 656e676f77c87482b79a6dca3ff02b37502c85cb)
    #15 0x5e212d6d4b56  (/tmp/asan_pair4_a3_vulnerable_r80xe2vm/target/debug/deps/pair4_a3_vulnerable-d0cbb8f68f205ace+0xf0b56) (BuildId: 656e676f77c87482b79a6dca3ff02b37502c85cb)
    #16 0x73f87b294ac2  (/lib/x86_64-linux-gnu/libc.so.6+0x94ac2) (BuildId: d5197096f709801829b118af1b7cf6631efa2dcd)
    #17 0x73f87b32684f  (/lib/x86_64-linux-gnu/libc.so.6+0x12684f) (BuildId: d5197096f709801829b118af1b7cf6631efa2dcd)

0x71e87a5f1638 is located 0 bytes after 3000-byte region [0x71e87a5f0a80,0x71e87a5f1638)
allocated by thread T1 here:
    #0 0x5e212d6d6c94  (/tmp/asan_pair4_a3_vulnerable_r80xe2vm/target/debug/deps/pair4_a3_vulnerable-d0cbb8f68f205ace+0xf2c94) (BuildId: 656e676f77c87482b79a6dca3ff02b37502c85cb)
    #1 0x5e212d79121d  (/tmp/asan_pair4_a3_vulnerable_r80xe2vm/target/debug/deps/pair4_a3_vulnerable-d0cbb8f68f205ace+0x1ad21d) (BuildId: 656e676f77c87482b79a6dca3ff02b37502c85cb)
    #2 0x5e212d7098fe  (/tmp/asan_pair4_a3_vulnerable_r80xe2vm/target/debug/deps/pair4_a3_vulnerable-d0cbb8f68f205ace+0x1258fe) (BuildId: 656e676f77c87482b79a6dca3ff02b37502c85cb)
    #3 0x5e212d705b3d  (/tmp/asan_pair4_a3_vulnerable_r80xe2vm/target/debug/deps/pair4_a3_vulnerable-d0cbb8f68f205ace+0x121b3d) (BuildId: 656e676f77c87482b79a6dca3ff02b37502c85cb)
    #4 0x5e212d705a2a  (/tmp/asan_pair4_a3_vulnerable_r80xe2vm/target/debug/deps/pair4_a3_vulnerable-d0cbb8f68f205ace+0x121a2a) (BuildId: 656e676f77c87482b79a6dca3ff02b37502c85cb)
    #5 0x5e212d7076d1  (/tmp/asan_pair4_a3_vulnerable_r80xe2vm/target/debug/deps/pair4_a3_vulnerable-d0cbb8f68f205ace+0x1236d1) (BuildId: 656e676f77c87482b79a6dca3ff02b37502c85cb)
    #6 0x5e212d707cba  (/tmp/asan_pair4_a3_vulnerable_r80xe2vm/target/debug/deps/pair4_a3_vulnerable-d0cbb8f68f205ace+0x123cba) (BuildId: 656e676f77c87482b79a6dca3ff02b37502c85cb)
    #7 0x5e212d708465  (/tmp/asan_pair4_a3_vulnerable_r80xe2vm/target/debug/deps/pair4_a3_vulnerable-d0cbb8f68f205ace+0x124465) (BuildId: 656e676f77c87482b79a6dca3ff02b37502c85cb)
    #8 0x5e212d7076f6  (/tmp/asan_pair4_a3_vulnerable_r80xe2vm/target/debug/deps/pair4_a3_vulnerable-d0cbb8f68f205ace+0x1236f6) (BuildId: 656e676f77c87482b79a6dca3ff02b37502c85cb)
    #9 0x5e212d740c64  (/tmp/asan_pair4_a3_vulnerable_r80xe2vm/target/debug/deps/pair4_a3_vulnerable-d0cbb8f68f205ace+0x15cc64) (BuildId: 656e676f77c87482b79a6dca3ff02b37502c85cb)
    #10 0x5e212d717683  (/tmp/asan_pair4_a3_vulnerable_r80xe2vm/target/debug/deps/pair4_a3_vulnerable-d0cbb8f68f205ace+0x133683) (BuildId: 656e676f77c87482b79a6dca3ff02b37502c85cb)
    #11 0x5e212d71b069  (/tmp/asan_pair4_a3_vulnerable_r80xe2vm/target/debug/deps/pair4_a3_vulnerable-d0cbb8f68f205ace+0x137069) (BuildId: 656e676f77c87482b79a6dca3ff02b37502c85cb)
    #12 0x5e212d760c8e  (/tmp/asan_pair4_a3_vulnerable_r80xe2vm/target/debug/deps/pair4_a3_vulnerable-d0cbb8f68f205ace+0x17cc8e) (BuildId: 656e676f77c87482b79a6dca3ff02b37502c85cb)
    #13 0x5e212d6d4b56  (/tmp/asan_pair4_a3_vulnerable_r80xe2vm/target/debug/deps/pair4_a3_vulnerable-d0cbb8f68f205ace+0xf0b56) (BuildId: 656e676f77c87482b79a6dca3ff02b37502c85cb)

Thread T1 created by T0 here:
    #0 0x5e212d6bb581  (/tmp/asan_pair4_a3_vulnerable_r80xe2vm/target/debug/deps/pair4_a3_vulnerable-d0cbb8f68f205ace+0xd7581) (BuildId: 656e676f77c87482b79a6dca3ff02b37502c85cb)
    #1 0x5e212d760eaf  (/tmp/asan_pair4_a3_vulnerable_r80xe2vm/target/debug/deps/pair4_a3_vulnerable-d0cbb8f68f205ace+0x17ceaf) (BuildId: 656e676f77c87482b79a6dca3ff02b37502c85cb)
    #2 0x5e212d73f7dd  (/tmp/asan_pair4_a3_vulnerable_r80xe2vm/target/debug/deps/pair4_a3_vulnerable-d0cbb8f68f205ace+0x15b7dd) (BuildId: 656e676f77c87482b79a6dca3ff02b37502c85cb)
    #3 0x5e212d738b24  (/tmp/asan_pair4_a3_vulnerable_r80xe2vm/target/debug/deps/pair4_a3_vulnerable-d0cbb8f68f205ace+0x154b24) (BuildId: 656e676f77c87482b79a6dca3ff02b37502c85cb)
    #4 0x5e212d742165  (/tmp/asan_pair4_a3_vulnerable_r80xe2vm/target/debug/deps/pair4_a3_vulnerable-d0cbb8f68f205ace+0x15e165) (BuildId: 656e676f77c87482b79a6dca3ff02b37502c85cb)
    #5 0x5e212d72aeba  (/tmp/asan_pair4_a3_vulnerable_r80xe2vm/target/debug/deps/pair4_a3_vulnerable-d0cbb8f68f205ace+0x146eba) (BuildId: 656e676f77c87482b79a6dca3ff02b37502c85cb)
    #6 0x5e212d709f22  (/tmp/asan_pair4_a3_vulnerable_r80xe2vm/target/debug/deps/pair4_a3_vulnerable-d0cbb8f68f205ace+0x125f22) (BuildId: 656e676f77c87482b79a6dca3ff02b37502c85cb)
    #7 0x5e212d708d1f  (/tmp/asan_pair4_a3_vulnerable_r80xe2vm/target/debug/deps/pair4_a3_vulnerable-d0cbb8f68f205ace+0x124d1f) (BuildId: 656e676f77c87482b79a6dca3ff02b37502c85cb)
    #8 0x5e212d70a45d  (/tmp/asan_pair4_a3_vulnerable_r80xe2vm/target/debug/deps/pair4_a3_vulnerable-d0cbb8f68f205ace+0x12645d) (BuildId: 656e676f77c87482b79a6dca3ff02b37502c85cb)

SUMMARY: AddressSanitizer: heap-buffer-overflow (/tmp/asan_pair4_a3_vulnerable_r80xe2vm/target/debug/deps/pair4_a3_vulnerable-d0cbb8f68f205ace+0x126125) (BuildId: 656e676f77c87482b79a6dca3ff02b37502c85cb) 
Shadow bytes around the buggy address:
  0x71e87a5f1380: 00 00 00 00 00 00 00 00 00 00 00 00 00 00 00 00
  0x71e87a5f1400: 00 00 00 00 00 00 00 00 00 00 00 00 00 00 00 00
  0x71e87a5f1480: 00 00 00 00 00 00 00 00 00 00 00 00 00 00 00 00
  0x71e87a5f1500: 00 00 00 00 00 00 00 00 00 00 00 00 00 00 00 00
  0x71e87a5f1580: 00 00 00 00 00 00 00 00 00 00 00 00 00 00 00 00
=>0x71e87a5f1600: 00 00 00 00 00 00 00[fa]fa fa fa fa fa fa fa fa
  0x71e87a5f1680: fa fa fa fa fa fa fa fa fa fa fa fa fa fa fa fa
  0x71e87a5f1700: fa fa fa fa fa fa fa fa fa fa fa fa fa fa fa fa
  0x71e87a5f1780: fa fa fa fa fa fa fa fa fa fa fa fa fa fa fa fa
  0x71e87a5f1800: fa fa fa fa fa fa fa fa fa fa fa fa fa fa fa fa
  0x71e87a5f1880: fa fa fa fa fa fa fa fa fa fa fa fa fa fa fa fa
Shadow byte legend (one shadow byte represents 8 application bytes):
  Addressable:           00
  Partially addressable: 01 02 03 04 05 06 07 
  Heap left redzone:       fa
  Freed heap region:       fd
  Stack left redzone:      f1
  Stack mid redzone:       f2
  Stack right redzone:     f3
  Stack after return:      f5
  Stack use after scope:   f8
  Global redzone:          f9
  Global init order:       f6
  Poisoned by user:        f7
  Container overflow:      fc
  Array cookie:            ac
  Intra object redzone:    bb
  ASan internal:           fe
  Left alloca redzone:     ca
  Right alloca redzone:    cb
==4190749==ABORTING
error: test failed, to rerun pass `--lib`

Caused by:
  process didn't exit successfully: `/tmp/asan_pair4_a3_vulnerable_r80xe2vm/target/debug/deps/pair4_a3_vulnerable-d0cbb8f68f205ace --nocapture` (exit status: 1)
