$ (cwd=/tmp/asan_pair15_a1_vulnerable_t10rhjhm) cargo +nightly test --lib -- --nocapture

   Compiling pair15_a1_vulnerable v0.1.0 (/tmp/asan_pair15_a1_vulnerable_t10rhjhm)
    Finished `test` profile [unoptimized + debuginfo] target(s) in 0.25s
     Running unittests src/lib.rs (target/debug/deps/pair15_a1_vulnerable-76af984ae310b600)

running 1 test
=================================================================
==3801139==ERROR: AddressSanitizer: heap-buffer-overflow on address 0x6c972cde2078 at pc 0x5cd484f7912d bp 0x6c5729af4530 sp 0x6c5729af4528
WRITE of size 4 at 0x6c972cde2078 thread T2
    #0 0x5cd484f7912c  (/tmp/asan_pair15_a1_vulnerable_t10rhjhm/target/debug/deps/pair15_a1_vulnerable-76af984ae310b600+0x13812c) (BuildId: 464b2cdd34fead4e1df5a8624f63f245dde840f1)
    #1 0x5cd484f7034d  (/tmp/asan_pair15_a1_vulnerable_t10rhjhm/target/debug/deps/pair15_a1_vulnerable-76af984ae310b600+0x12f34d) (BuildId: 464b2cdd34fead4e1df5a8624f63f245dde840f1)
    #2 0x5cd484f6a60d  (/tmp/asan_pair15_a1_vulnerable_t10rhjhm/target/debug/deps/pair15_a1_vulnerable-76af984ae310b600+0x12960d) (BuildId: 464b2cdd34fead4e1df5a8624f63f245dde840f1)
    #3 0x5cd484f6f254  (/tmp/asan_pair15_a1_vulnerable_t10rhjhm/target/debug/deps/pair15_a1_vulnerable-76af984ae310b600+0x12e254) (BuildId: 464b2cdd34fead4e1df5a8624f63f245dde840f1)
    #4 0x5cd484f6fcbd  (/tmp/asan_pair15_a1_vulnerable_t10rhjhm/target/debug/deps/pair15_a1_vulnerable-76af984ae310b600+0x12ecbd) (BuildId: 464b2cdd34fead4e1df5a8624f63f245dde840f1)
    #5 0x5cd484f6bd47  (/tmp/asan_pair15_a1_vulnerable_t10rhjhm/target/debug/deps/pair15_a1_vulnerable-76af984ae310b600+0x12ad47) (BuildId: 464b2cdd34fead4e1df5a8624f63f245dde840f1)
    #6 0x5cd484f6f92a  (/tmp/asan_pair15_a1_vulnerable_t10rhjhm/target/debug/deps/pair15_a1_vulnerable-76af984ae310b600+0x12e92a) (BuildId: 464b2cdd34fead4e1df5a8624f63f245dde840f1)
    #7 0x5cd484f6ee3c  (/tmp/asan_pair15_a1_vulnerable_t10rhjhm/target/debug/deps/pair15_a1_vulnerable-76af984ae310b600+0x12de3c) (BuildId: 464b2cdd34fead4e1df5a8624f63f245dde840f1)
    #8 0x5cd484f7501d  (/tmp/asan_pair15_a1_vulnerable_t10rhjhm/target/debug/deps/pair15_a1_vulnerable-76af984ae310b600+0x13401d) (BuildId: 464b2cdd34fead4e1df5a8624f63f245dde840f1)
    #9 0x5cd484fcf7de  (/tmp/asan_pair15_a1_vulnerable_t10rhjhm/target/debug/deps/pair15_a1_vulnerable-76af984ae310b600+0x18e7de) (BuildId: 464b2cdd34fead4e1df5a8624f63f245dde840f1)
    #10 0x5cd484f372d6  (/tmp/asan_pair15_a1_vulnerable_t10rhjhm/target/debug/deps/pair15_a1_vulnerable-76af984ae310b600+0xf62d6) (BuildId: 464b2cdd34fead4e1df5a8624f63f245dde840f1)
    #11 0x70572dc94ac2  (/lib/x86_64-linux-gnu/libc.so.6+0x94ac2) (BuildId: d5197096f709801829b118af1b7cf6631efa2dcd)
    #12 0x70572dd2684f  (/lib/x86_64-linux-gnu/libc.so.6+0x12684f) (BuildId: d5197096f709801829b118af1b7cf6631efa2dcd)

0x6c972cde2078 is located 0 bytes after 40-byte region [0x6c972cde2050,0x6c972cde2078)
allocated by thread T1 here:
    #0 0x5cd484f39604  (/tmp/asan_pair15_a1_vulnerable_t10rhjhm/target/debug/deps/pair15_a1_vulnerable-76af984ae310b600+0xf8604) (BuildId: 464b2cdd34fead4e1df5a8624f63f245dde840f1)
    #1 0x5cd484fffd6d  (/tmp/asan_pair15_a1_vulnerable_t10rhjhm/target/debug/deps/pair15_a1_vulnerable-76af984ae310b600+0x1bed6d) (BuildId: 464b2cdd34fead4e1df5a8624f63f245dde840f1)
    #2 0x5cd484f6acee  (/tmp/asan_pair15_a1_vulnerable_t10rhjhm/target/debug/deps/pair15_a1_vulnerable-76af984ae310b600+0x129cee) (BuildId: 464b2cdd34fead4e1df5a8624f63f245dde840f1)
    #3 0x5cd484f6b96c  (/tmp/asan_pair15_a1_vulnerable_t10rhjhm/target/debug/deps/pair15_a1_vulnerable-76af984ae310b600+0x12a96c) (BuildId: 464b2cdd34fead4e1df5a8624f63f245dde840f1)
    #4 0x5cd484f73161  (/tmp/asan_pair15_a1_vulnerable_t10rhjhm/target/debug/deps/pair15_a1_vulnerable-76af984ae310b600+0x132161) (BuildId: 464b2cdd34fead4e1df5a8624f63f245dde840f1)
    #5 0x5cd484f70086  (/tmp/asan_pair15_a1_vulnerable_t10rhjhm/target/debug/deps/pair15_a1_vulnerable-76af984ae310b600+0x12f086) (BuildId: 464b2cdd34fead4e1df5a8624f63f245dde840f1)
    #6 0x5cd484faf7b4  (/tmp/asan_pair15_a1_vulnerable_t10rhjhm/target/debug/deps/pair15_a1_vulnerable-76af984ae310b600+0x16e7b4) (BuildId: 464b2cdd34fead4e1df5a8624f63f245dde840f1)
    #7 0x5cd484f861d3  (/tmp/asan_pair15_a1_vulnerable_t10rhjhm/target/debug/deps/pair15_a1_vulnerable-76af984ae310b600+0x1451d3) (BuildId: 464b2cdd34fead4e1df5a8624f63f245dde840f1)
    #8 0x5cd484f89bb9  (/tmp/asan_pair15_a1_vulnerable_t10rhjhm/target/debug/deps/pair15_a1_vulnerable-76af984ae310b600+0x148bb9) (BuildId: 464b2cdd34fead4e1df5a8624f63f245dde840f1)
    #9 0x5cd484fcf7de  (/tmp/asan_pair15_a1_vulnerable_t10rhjhm/target/debug/deps/pair15_a1_vulnerable-76af984ae310b600+0x18e7de) (BuildId: 464b2cdd34fead4e1df5a8624f63f245dde840f1)
    #10 0x5cd484f372d6  (/tmp/asan_pair15_a1_vulnerable_t10rhjhm/target/debug/deps/pair15_a1_vulnerable-76af984ae310b600+0xf62d6) (BuildId: 464b2cdd34fead4e1df5a8624f63f245dde840f1)

Thread T2 created by T1 here:
    #0 0x5cd484f1dd01  (/tmp/asan_pair15_a1_vulnerable_t10rhjhm/target/debug/deps/pair15_a1_vulnerable-76af984ae310b600+0xdcd01) (BuildId: 464b2cdd34fead4e1df5a8624f63f245dde840f1)
    #1 0x5cd484fcf9ff  (/tmp/asan_pair15_a1_vulnerable_t10rhjhm/target/debug/deps/pair15_a1_vulnerable-76af984ae310b600+0x18e9ff) (BuildId: 464b2cdd34fead4e1df5a8624f63f245dde840f1)
    #2 0x5cd484f6e1f7  (/tmp/asan_pair15_a1_vulnerable_t10rhjhm/target/debug/deps/pair15_a1_vulnerable-76af984ae310b600+0x12d1f7) (BuildId: 464b2cdd34fead4e1df5a8624f63f245dde840f1)
    #3 0x5cd484f6d4f6  (/tmp/asan_pair15_a1_vulnerable_t10rhjhm/target/debug/deps/pair15_a1_vulnerable-76af984ae310b600+0x12c4f6) (BuildId: 464b2cdd34fead4e1df5a8624f63f245dde840f1)
    #4 0x5cd484f73245  (/tmp/asan_pair15_a1_vulnerable_t10rhjhm/target/debug/deps/pair15_a1_vulnerable-76af984ae310b600+0x132245) (BuildId: 464b2cdd34fead4e1df5a8624f63f245dde840f1)
    #5 0x5cd484f70086  (/tmp/asan_pair15_a1_vulnerable_t10rhjhm/target/debug/deps/pair15_a1_vulnerable-76af984ae310b600+0x12f086) (BuildId: 464b2cdd34fead4e1df5a8624f63f245dde840f1)
    #6 0x5cd484faf7b4  (/tmp/asan_pair15_a1_vulnerable_t10rhjhm/target/debug/deps/pair15_a1_vulnerable-76af984ae310b600+0x16e7b4) (BuildId: 464b2cdd34fead4e1df5a8624f63f245dde840f1)
    #7 0x5cd484f861d3  (/tmp/asan_pair15_a1_vulnerable_t10rhjhm/target/debug/deps/pair15_a1_vulnerable-76af984ae310b600+0x1451d3) (BuildId: 464b2cdd34fead4e1df5a8624f63f245dde840f1)
    #8 0x5cd484f89bb9  (/tmp/asan_pair15_a1_vulnerable_t10rhjhm/target/debug/deps/pair15_a1_vulnerable-76af984ae310b600+0x148bb9) (BuildId: 464b2cdd34fead4e1df5a8624f63f245dde840f1)
    #9 0x5cd484fcf7de  (/tmp/asan_pair15_a1_vulnerable_t10rhjhm/target/debug/deps/pair15_a1_vulnerable-76af984ae310b600+0x18e7de) (BuildId: 464b2cdd34fead4e1df5a8624f63f245dde840f1)
    #10 0x5cd484f372d6  (/tmp/asan_pair15_a1_vulnerable_t10rhjhm/target/debug/deps/pair15_a1_vulnerable-76af984ae310b600+0xf62d6) (BuildId: 464b2cdd34fead4e1df5a8624f63f245dde840f1)

Thread T1 created by T0 here:
    #0 0x5cd484f1dd01  (/tmp/asan_pair15_a1_vulnerable_t10rhjhm/target/debug/deps/pair15_a1_vulnerable-76af984ae310b600+0xdcd01) (BuildId: 464b2cdd34fead4e1df5a8624f63f245dde840f1)
    #1 0x5cd484fcf9ff  (/tmp/asan_pair15_a1_vulnerable_t10rhjhm/target/debug/deps/pair15_a1_vulnerable-76af984ae310b600+0x18e9ff) (BuildId: 464b2cdd34fead4e1df5a8624f63f245dde840f1)
    #2 0x5cd484fae32d  (/tmp/asan_pair15_a1_vulnerable_t10rhjhm/target/debug/deps/pair15_a1_vulnerable-76af984ae310b600+0x16d32d) (BuildId: 464b2cdd34fead4e1df5a8624f63f245dde840f1)
    #3 0x5cd484fa7674  (/tmp/asan_pair15_a1_vulnerable_t10rhjhm/target/debug/deps/pair15_a1_vulnerable-76af984ae310b600+0x166674) (BuildId: 464b2cdd34fead4e1df5a8624f63f245dde840f1)
    #4 0x5cd484fb0cb5  (/tmp/asan_pair15_a1_vulnerable_t10rhjhm/target/debug/deps/pair15_a1_vulnerable-76af984ae310b600+0x16fcb5) (BuildId: 464b2cdd34fead4e1df5a8624f63f245dde840f1)
    #5 0x5cd484f99a0a  (/tmp/asan_pair15_a1_vulnerable_t10rhjhm/target/debug/deps/pair15_a1_vulnerable-76af984ae310b600+0x158a0a) (BuildId: 464b2cdd34fead4e1df5a8624f63f245dde840f1)
    #6 0x5cd484f78bf2  (/tmp/asan_pair15_a1_vulnerable_t10rhjhm/target/debug/deps/pair15_a1_vulnerable-76af984ae310b600+0x137bf2) (BuildId: 464b2cdd34fead4e1df5a8624f63f245dde840f1)
    #7 0x5cd484f6a54f  (/tmp/asan_pair15_a1_vulnerable_t10rhjhm/target/debug/deps/pair15_a1_vulnerable-76af984ae310b600+0x12954f) (BuildId: 464b2cdd34fead4e1df5a8624f63f245dde840f1)
    #8 0x5cd484f7916d  (/tmp/asan_pair15_a1_vulnerable_t10rhjhm/target/debug/deps/pair15_a1_vulnerable-76af984ae310b600+0x13816d) (BuildId: 464b2cdd34fead4e1df5a8624f63f245dde840f1)

SUMMARY: AddressSanitizer: heap-buffer-overflow (/tmp/asan_pair15_a1_vulnerable_t10rhjhm/target/debug/deps/pair15_a1_vulnerable-76af984ae310b600+0x13812c) (BuildId: 464b2cdd34fead4e1df5a8624f63f245dde840f1) 
Shadow bytes around the buggy address:
  0x6c972cde1d80: fa fa fa fa fa fa fa fa fa fa fa fa fa fa fa fa
  0x6c972cde1e00: fa fa fa fa fa fa fa fa fa fa fa fa fa fa fa fa
  0x6c972cde1e80: fa fa fa fa fa fa fa fa fa fa fa fa fa fa fa fa
  0x6c972cde1f00: fa fa fa fa fa fa fa fa fa fa fa fa fa fa fa fa
  0x6c972cde1f80: fa fa fa fa fa fa fa fa fa fa fa fa fa fa fa fa
=>0x6c972cde2000: fa fa 00 00 00 00 00 00 fa fa 00 00 00 00 00[fa]
  0x6c972cde2080: fa fa 00 00 00 00 00 00 fa fa 00 00 00 00 00 00
  0x6c972cde2100: fa fa 00 00 00 00 00 00 fa fa fa fa fa fa fa fa
  0x6c972cde2180: fa fa fa fa fa fa fa fa fa fa fa fa fa fa fa fa
  0x6c972cde2200: fa fa fa fa fa fa fa fa fa fa fa fa fa fa fa fa
  0x6c972cde2280: fa fa fa fa fa fa fa fa fa fa fa fa fa fa fa fa
Shadow byte legend (one shadow byte represents 8 application bytes):
  Addressable:           00
  Partially addressable: 01 02 03 04 05 06 07 
  Heap left redzone:       fa
  Freed heap region:       fd
  Stack left redzone:      f1
  Stack mid redzone:       f2
  Stack right redzone:     f3
  Stack after return:      f5
  Stack use after scope:   f8
  Global redzone:          f9
  Global init order:       f6
  Poisoned by user:        f7
  Container overflow:      fc
  Array cookie:            ac
  Intra object redzone:    bb
  ASan internal:           fe
  Left alloca redzone:     ca
  Right alloca redzone:    cb
==3801139==ABORTING
error: test failed, to rerun pass `--lib`

Caused by:
  process didn't exit successfully: `/tmp/asan_pair15_a1_vulnerable_t10rhjhm/target/debug/deps/pair15_a1_vulnerable-76af984ae310b600 --nocapture` (exit status: 1)
