$ (cwd=/tmp/asan_pair7_a1_vulnerable_17c9yj3k) cargo +nightly test --lib -- --nocapture

   Compiling pair7_a1_vulnerable v0.1.0 (/tmp/asan_pair7_a1_vulnerable_17c9yj3k)
    Finished `test` profile [unoptimized + debuginfo] target(s) in 0.18s
     Running unittests src/lib.rs (target/debug/deps/pair7_a1_vulnerable-05f9bea612968f00)

running 1 test
=================================================================
==3812436==ERROR: AddressSanitizer: heap-use-after-free on address 0x6da07b3e4010 at pc 0x637b3794e336 bp 0x6d8078dfe240 sp 0x6d8078dfe238
READ of size 4 at 0x6da07b3e4010 thread T1
    #0 0x637b3794e335  (/tmp/asan_pair7_a1_vulnerable_17c9yj3k/target/debug/deps/pair7_a1_vulnerable-05f9bea612968f00+0x120335) (BuildId: 53a94af1c195c37aecb3fe00ecee6f55be1cf764)
    #1 0x637b3794e0d5  (/tmp/asan_pair7_a1_vulnerable_17c9yj3k/target/debug/deps/pair7_a1_vulnerable-05f9bea612968f00+0x1200d5) (BuildId: 53a94af1c195c37aecb3fe00ecee6f55be1cf764)
    #2 0x637b3794f4af  (/tmp/asan_pair7_a1_vulnerable_17c9yj3k/target/debug/deps/pair7_a1_vulnerable-05f9bea612968f00+0x1214af) (BuildId: 53a94af1c195c37aecb3fe00ecee6f55be1cf764)
    #3 0x637b3794f8f6  (/tmp/asan_pair7_a1_vulnerable_17c9yj3k/target/debug/deps/pair7_a1_vulnerable-05f9bea612968f00+0x1218f6) (BuildId: 53a94af1c195c37aecb3fe00ecee6f55be1cf764)
    #4 0x637b3794e915  (/tmp/asan_pair7_a1_vulnerable_17c9yj3k/target/debug/deps/pair7_a1_vulnerable-05f9bea612968f00+0x120915) (BuildId: 53a94af1c195c37aecb3fe00ecee6f55be1cf764)
    #5 0x637b3797161a  (/tmp/asan_pair7_a1_vulnerable_17c9yj3k/target/debug/deps/pair7_a1_vulnerable-05f9bea612968f00+0x14361a) (BuildId: 53a94af1c195c37aecb3fe00ecee6f55be1cf764)
    #6 0x637b37987004  (/tmp/asan_pair7_a1_vulnerable_17c9yj3k/target/debug/deps/pair7_a1_vulnerable-05f9bea612968f00+0x159004) (BuildId: 53a94af1c195c37aecb3fe00ecee6f55be1cf764)
    #7 0x637b3795da23  (/tmp/asan_pair7_a1_vulnerable_17c9yj3k/target/debug/deps/pair7_a1_vulnerable-05f9bea612968f00+0x12fa23) (BuildId: 53a94af1c195c37aecb3fe00ecee6f55be1cf764)
    #8 0x637b37961409  (/tmp/asan_pair7_a1_vulnerable_17c9yj3k/target/debug/deps/pair7_a1_vulnerable-05f9bea612968f00+0x133409) (BuildId: 53a94af1c195c37aecb3fe00ecee6f55be1cf764)
    #9 0x637b379a702e  (/tmp/asan_pair7_a1_vulnerable_17c9yj3k/target/debug/deps/pair7_a1_vulnerable-05f9bea612968f00+0x17902e) (BuildId: 53a94af1c195c37aecb3fe00ecee6f55be1cf764)
    #10 0x637b3791d2b6  (/tmp/asan_pair7_a1_vulnerable_17c9yj3k/target/debug/deps/pair7_a1_vulnerable-05f9bea612968f00+0xef2b6) (BuildId: 53a94af1c195c37aecb3fe00ecee6f55be1cf764)
    #11 0x71807c094ac2  (/lib/x86_64-linux-gnu/libc.so.6+0x94ac2) (BuildId: d5197096f709801829b118af1b7cf6631efa2dcd)
    #12 0x71807c12684f  (/lib/x86_64-linux-gnu/libc.so.6+0x12684f) (BuildId: d5197096f709801829b118af1b7cf6631efa2dcd)

0x6da07b3e4010 is located 0 bytes inside of 4-byte region [0x6da07b3e4010,0x6da07b3e4014)
freed by thread T1 here:
    #0 0x637b3791f156  (/tmp/asan_pair7_a1_vulnerable_17c9yj3k/target/debug/deps/pair7_a1_vulnerable-05f9bea612968f00+0xf1156) (BuildId: 53a94af1c195c37aecb3fe00ecee6f55be1cf764)
    #1 0x637b3794f37a  (/tmp/asan_pair7_a1_vulnerable_17c9yj3k/target/debug/deps/pair7_a1_vulnerable-05f9bea612968f00+0x12137a) (BuildId: 53a94af1c195c37aecb3fe00ecee6f55be1cf764)
    #2 0x637b3794eb53  (/tmp/asan_pair7_a1_vulnerable_17c9yj3k/target/debug/deps/pair7_a1_vulnerable-05f9bea612968f00+0x120b53) (BuildId: 53a94af1c195c37aecb3fe00ecee6f55be1cf764)
    #3 0x637b3794e980  (/tmp/asan_pair7_a1_vulnerable_17c9yj3k/target/debug/deps/pair7_a1_vulnerable-05f9bea612968f00+0x120980) (BuildId: 53a94af1c195c37aecb3fe00ecee6f55be1cf764)
    #4 0x637b3794dfe5  (/tmp/asan_pair7_a1_vulnerable_17c9yj3k/target/debug/deps/pair7_a1_vulnerable-05f9bea612968f00+0x11ffe5) (BuildId: 53a94af1c195c37aecb3fe00ecee6f55be1cf764)
    #5 0x637b3794f4af  (/tmp/asan_pair7_a1_vulnerable_17c9yj3k/target/debug/deps/pair7_a1_vulnerable-05f9bea612968f00+0x1214af) (BuildId: 53a94af1c195c37aecb3fe00ecee6f55be1cf764)
    #6 0x637b3794f8f6  (/tmp/asan_pair7_a1_vulnerable_17c9yj3k/target/debug/deps/pair7_a1_vulnerable-05f9bea612968f00+0x1218f6) (BuildId: 53a94af1c195c37aecb3fe00ecee6f55be1cf764)
    #7 0x637b37987004  (/tmp/asan_pair7_a1_vulnerable_17c9yj3k/target/debug/deps/pair7_a1_vulnerable-05f9bea612968f00+0x159004) (BuildId: 53a94af1c195c37aecb3fe00ecee6f55be1cf764)
    #8 0x637b3795da23  (/tmp/asan_pair7_a1_vulnerable_17c9yj3k/target/debug/deps/pair7_a1_vulnerable-05f9bea612968f00+0x12fa23) (BuildId: 53a94af1c195c37aecb3fe00ecee6f55be1cf764)
    #9 0x637b37961409  (/tmp/asan_pair7_a1_vulnerable_17c9yj3k/target/debug/deps/pair7_a1_vulnerable-05f9bea612968f00+0x133409) (BuildId: 53a94af1c195c37aecb3fe00ecee6f55be1cf764)
    #10 0x637b379a702e  (/tmp/asan_pair7_a1_vulnerable_17c9yj3k/target/debug/deps/pair7_a1_vulnerable-05f9bea612968f00+0x17902e) (BuildId: 53a94af1c195c37aecb3fe00ecee6f55be1cf764)
    #11 0x637b3791d2b6  (/tmp/asan_pair7_a1_vulnerable_17c9yj3k/target/debug/deps/pair7_a1_vulnerable-05f9bea612968f00+0xef2b6) (BuildId: 53a94af1c195c37aecb3fe00ecee6f55be1cf764)

previously allocated by thread T1 here:
    #0 0x637b3791f3f4  (/tmp/asan_pair7_a1_vulnerable_17c9yj3k/target/debug/deps/pair7_a1_vulnerable-05f9bea612968f00+0xf13f4) (BuildId: 53a94af1c195c37aecb3fe00ecee6f55be1cf764)
    #1 0x637b3794f063  (/tmp/asan_pair7_a1_vulnerable_17c9yj3k/target/debug/deps/pair7_a1_vulnerable-05f9bea612968f00+0x121063) (BuildId: 53a94af1c195c37aecb3fe00ecee6f55be1cf764)
    #2 0x637b3794ed64  (/tmp/asan_pair7_a1_vulnerable_17c9yj3k/target/debug/deps/pair7_a1_vulnerable-05f9bea612968f00+0x120d64) (BuildId: 53a94af1c195c37aecb3fe00ecee6f55be1cf764)
    #3 0x637b3794f4af  (/tmp/asan_pair7_a1_vulnerable_17c9yj3k/target/debug/deps/pair7_a1_vulnerable-05f9bea612968f00+0x1214af) (BuildId: 53a94af1c195c37aecb3fe00ecee6f55be1cf764)
    #4 0x637b3794f8f6  (/tmp/asan_pair7_a1_vulnerable_17c9yj3k/target/debug/deps/pair7_a1_vulnerable-05f9bea612968f00+0x1218f6) (BuildId: 53a94af1c195c37aecb3fe00ecee6f55be1cf764)
    #5 0x637b37987004  (/tmp/asan_pair7_a1_vulnerable_17c9yj3k/target/debug/deps/pair7_a1_vulnerable-05f9bea612968f00+0x159004) (BuildId: 53a94af1c195c37aecb3fe00ecee6f55be1cf764)
    #6 0x637b3795da23  (/tmp/asan_pair7_a1_vulnerable_17c9yj3k/target/debug/deps/pair7_a1_vulnerable-05f9bea612968f00+0x12fa23) (BuildId: 53a94af1c195c37aecb3fe00ecee6f55be1cf764)
    #7 0x637b37961409  (/tmp/asan_pair7_a1_vulnerable_17c9yj3k/target/debug/deps/pair7_a1_vulnerable-05f9bea612968f00+0x133409) (BuildId: 53a94af1c195c37aecb3fe00ecee6f55be1cf764)
    #8 0x637b379a702e  (/tmp/asan_pair7_a1_vulnerable_17c9yj3k/target/debug/deps/pair7_a1_vulnerable-05f9bea612968f00+0x17902e) (BuildId: 53a94af1c195c37aecb3fe00ecee6f55be1cf764)
    #9 0x637b3791d2b6  (/tmp/asan_pair7_a1_vulnerable_17c9yj3k/target/debug/deps/pair7_a1_vulnerable-05f9bea612968f00+0xef2b6) (BuildId: 53a94af1c195c37aecb3fe00ecee6f55be1cf764)

Thread T1 created by T0 here:
    #0 0x637b37903ce1  (/tmp/asan_pair7_a1_vulnerable_17c9yj3k/target/debug/deps/pair7_a1_vulnerable-05f9bea612968f00+0xd5ce1) (BuildId: 53a94af1c195c37aecb3fe00ecee6f55be1cf764)
    #1 0x637b379a724f  (/tmp/asan_pair7_a1_vulnerable_17c9yj3k/target/debug/deps/pair7_a1_vulnerable-05f9bea612968f00+0x17924f) (BuildId: 53a94af1c195c37aecb3fe00ecee6f55be1cf764)
    #2 0x637b37985b7d  (/tmp/asan_pair7_a1_vulnerable_17c9yj3k/target/debug/deps/pair7_a1_vulnerable-05f9bea612968f00+0x157b7d) (BuildId: 53a94af1c195c37aecb3fe00ecee6f55be1cf764)
    #3 0x637b3797eec4  (/tmp/asan_pair7_a1_vulnerable_17c9yj3k/target/debug/deps/pair7_a1_vulnerable-05f9bea612968f00+0x150ec4) (BuildId: 53a94af1c195c37aecb3fe00ecee6f55be1cf764)
    #4 0x637b37988505  (/tmp/asan_pair7_a1_vulnerable_17c9yj3k/target/debug/deps/pair7_a1_vulnerable-05f9bea612968f00+0x15a505) (BuildId: 53a94af1c195c37aecb3fe00ecee6f55be1cf764)
    #5 0x637b3797125a  (/tmp/asan_pair7_a1_vulnerable_17c9yj3k/target/debug/deps/pair7_a1_vulnerable-05f9bea612968f00+0x14325a) (BuildId: 53a94af1c195c37aecb3fe00ecee6f55be1cf764)
    #6 0x637b3794dee2  (/tmp/asan_pair7_a1_vulnerable_17c9yj3k/target/debug/deps/pair7_a1_vulnerable-05f9bea612968f00+0x11fee2) (BuildId: 53a94af1c195c37aecb3fe00ecee6f55be1cf764)
    #7 0x637b3794ec5f  (/tmp/asan_pair7_a1_vulnerable_17c9yj3k/target/debug/deps/pair7_a1_vulnerable-05f9bea612968f00+0x120c5f) (BuildId: 53a94af1c195c37aecb3fe00ecee6f55be1cf764)
    #8 0x637b3794e4bd  (/tmp/asan_pair7_a1_vulnerable_17c9yj3k/target/debug/deps/pair7_a1_vulnerable-05f9bea612968f00+0x1204bd) (BuildId: 53a94af1c195c37aecb3fe00ecee6f55be1cf764)

SUMMARY: AddressSanitizer: heap-use-after-free (/tmp/asan_pair7_a1_vulnerable_17c9yj3k/target/debug/deps/pair7_a1_vulnerable-05f9bea612968f00+0x120335) (BuildId: 53a94af1c195c37aecb3fe00ecee6f55be1cf764) 
Shadow bytes around the buggy address:
  0x6da07b3e3d80: fa fa fa fa fa fa fa fa fa fa fa fa fa fa fa fa
  0x6da07b3e3e00: fa fa fa fa fa fa fa fa fa fa fa fa fa fa fa fa
  0x6da07b3e3e80: fa fa fa fa fa fa fa fa fa fa fa fa fa fa fa fa
  0x6da07b3e3f00: fa fa fa fa fa fa fa fa fa fa fa fa fa fa fa fa
  0x6da07b3e3f80: fa fa fa fa fa fa fa fa fa fa fa fa fa fa fa fa
=>0x6da07b3e4000: fa fa[fd]fa fa fa 04 fa fa fa fa fa fa fa fa fa
  0x6da07b3e4080: fa fa fa fa fa fa fa fa fa fa fa fa fa fa fa fa
  0x6da07b3e4100: fa fa fa fa fa fa fa fa fa fa fa fa fa fa fa fa
  0x6da07b3e4180: fa fa fa fa fa fa fa fa fa fa fa fa fa fa fa fa
  0x6da07b3e4200: fa fa fa fa fa fa fa fa fa fa fa fa fa fa fa fa
  0x6da07b3e4280: fa fa fa fa fa fa fa fa fa fa fa fa fa fa fa fa
Shadow byte legend (one shadow byte represents 8 application bytes):
  Addressable:           00
  Partially addressable: 01 02 03 04 05 06 07 
  Heap left redzone:       fa
  Freed heap region:       fd
  Stack left redzone:      f1
  Stack mid redzone:       f2
  Stack right redzone:     f3
  Stack after return:      f5
  Stack use after scope:   f8
  Global redzone:          f9
  Global init order:       f6
  Poisoned by user:        f7
  Container overflow:      fc
  Array cookie:            ac
  Intra object redzone:    bb
  ASan internal:           fe
  Left alloca redzone:     ca
  Right alloca redzone:    cb
==3812436==ABORTING
error: test failed, to rerun pass `--lib`

Caused by:
  process didn't exit successfully: `/tmp/asan_pair7_a1_vulnerable_17c9yj3k/target/debug/deps/pair7_a1_vulnerable-05f9bea612968f00 --nocapture` (exit status: 1)
