$ (cwd=/tmp/asan_pair12_a2_vulnerable_tw7sklp0) cargo +nightly test --lib -- --nocapture

   Compiling pair12_a2_vulnerable v0.1.0 (/tmp/asan_pair12_a2_vulnerable_tw7sklp0)
    Finished `test` profile [unoptimized + debuginfo] target(s) in 0.17s
     Running unittests src/lib.rs (target/debug/deps/pair12_a2_vulnerable-9b960453506fb765)

running 1 test
=================================================================
==4010298==ERROR: AddressSanitizer: heap-use-after-free on address 0x726f30fe4010 at pc 0x5ed68cbbb83f bp 0x724f2e9fe260 sp 0x724f2e9fe258
READ of size 4 at 0x726f30fe4010 thread T1
    #0 0x5ed68cbbb83e  (/tmp/asan_pair12_a2_vulnerable_tw7sklp0/target/debug/deps/pair12_a2_vulnerable-9b960453506fb765+0x12083e) (BuildId: 1ac02c37e0e83805f9d9850a127bc98bb5f6be83)
    #1 0x5ed68cbbb78e  (/tmp/asan_pair12_a2_vulnerable_tw7sklp0/target/debug/deps/pair12_a2_vulnerable-9b960453506fb765+0x12078e) (BuildId: 1ac02c37e0e83805f9d9850a127bc98bb5f6be83)
    #2 0x5ed68cbbc77f  (/tmp/asan_pair12_a2_vulnerable_tw7sklp0/target/debug/deps/pair12_a2_vulnerable-9b960453506fb765+0x12177f) (BuildId: 1ac02c37e0e83805f9d9850a127bc98bb5f6be83)
    #3 0x5ed68cbbcf96  (/tmp/asan_pair12_a2_vulnerable_tw7sklp0/target/debug/deps/pair12_a2_vulnerable-9b960453506fb765+0x121f96) (BuildId: 1ac02c37e0e83805f9d9850a127bc98bb5f6be83)
    #4 0x5ed68cbbcd35  (/tmp/asan_pair12_a2_vulnerable_tw7sklp0/target/debug/deps/pair12_a2_vulnerable-9b960453506fb765+0x121d35) (BuildId: 1ac02c37e0e83805f9d9850a127bc98bb5f6be83)
    #5 0x5ed68cbde39a  (/tmp/asan_pair12_a2_vulnerable_tw7sklp0/target/debug/deps/pair12_a2_vulnerable-9b960453506fb765+0x14339a) (BuildId: 1ac02c37e0e83805f9d9850a127bc98bb5f6be83)
    #6 0x5ed68cbf3d84  (/tmp/asan_pair12_a2_vulnerable_tw7sklp0/target/debug/deps/pair12_a2_vulnerable-9b960453506fb765+0x158d84) (BuildId: 1ac02c37e0e83805f9d9850a127bc98bb5f6be83)
    #7 0x5ed68cbca7a3  (/tmp/asan_pair12_a2_vulnerable_tw7sklp0/target/debug/deps/pair12_a2_vulnerable-9b960453506fb765+0x12f7a3) (BuildId: 1ac02c37e0e83805f9d9850a127bc98bb5f6be83)
    #8 0x5ed68cbce189  (/tmp/asan_pair12_a2_vulnerable_tw7sklp0/target/debug/deps/pair12_a2_vulnerable-9b960453506fb765+0x133189) (BuildId: 1ac02c37e0e83805f9d9850a127bc98bb5f6be83)
    #9 0x5ed68cc13dae  (/tmp/asan_pair12_a2_vulnerable_tw7sklp0/target/debug/deps/pair12_a2_vulnerable-9b960453506fb765+0x178dae) (BuildId: 1ac02c37e0e83805f9d9850a127bc98bb5f6be83)
    #10 0x5ed68cb8a316  (/tmp/asan_pair12_a2_vulnerable_tw7sklp0/target/debug/deps/pair12_a2_vulnerable-9b960453506fb765+0xef316) (BuildId: 1ac02c37e0e83805f9d9850a127bc98bb5f6be83)
    #11 0x764f31e94ac2  (/lib/x86_64-linux-gnu/libc.so.6+0x94ac2) (BuildId: d5197096f709801829b118af1b7cf6631efa2dcd)
    #12 0x764f31f2684f  (/lib/x86_64-linux-gnu/libc.so.6+0x12684f) (BuildId: d5197096f709801829b118af1b7cf6631efa2dcd)

0x726f30fe4010 is located 0 bytes inside of 4-byte region [0x726f30fe4010,0x726f30fe4014)
freed by thread T1 here:
    #0 0x5ed68cb8c1b6  (/tmp/asan_pair12_a2_vulnerable_tw7sklp0/target/debug/deps/pair12_a2_vulnerable-9b960453506fb765+0xf11b6) (BuildId: 1ac02c37e0e83805f9d9850a127bc98bb5f6be83)
    #1 0x5ed68cbbaf3a  (/tmp/asan_pair12_a2_vulnerable_tw7sklp0/target/debug/deps/pair12_a2_vulnerable-9b960453506fb765+0x11ff3a) (BuildId: 1ac02c37e0e83805f9d9850a127bc98bb5f6be83)
    #2 0x5ed68cbbcf63  (/tmp/asan_pair12_a2_vulnerable_tw7sklp0/target/debug/deps/pair12_a2_vulnerable-9b960453506fb765+0x121f63) (BuildId: 1ac02c37e0e83805f9d9850a127bc98bb5f6be83)
    #3 0x5ed68cbbcd90  (/tmp/asan_pair12_a2_vulnerable_tw7sklp0/target/debug/deps/pair12_a2_vulnerable-9b960453506fb765+0x121d90) (BuildId: 1ac02c37e0e83805f9d9850a127bc98bb5f6be83)
    #4 0x5ed68cbbc77f  (/tmp/asan_pair12_a2_vulnerable_tw7sklp0/target/debug/deps/pair12_a2_vulnerable-9b960453506fb765+0x12177f) (BuildId: 1ac02c37e0e83805f9d9850a127bc98bb5f6be83)
    #5 0x5ed68cbbcf96  (/tmp/asan_pair12_a2_vulnerable_tw7sklp0/target/debug/deps/pair12_a2_vulnerable-9b960453506fb765+0x121f96) (BuildId: 1ac02c37e0e83805f9d9850a127bc98bb5f6be83)
    #6 0x5ed68cbf3d84  (/tmp/asan_pair12_a2_vulnerable_tw7sklp0/target/debug/deps/pair12_a2_vulnerable-9b960453506fb765+0x158d84) (BuildId: 1ac02c37e0e83805f9d9850a127bc98bb5f6be83)
    #7 0x5ed68cbca7a3  (/tmp/asan_pair12_a2_vulnerable_tw7sklp0/target/debug/deps/pair12_a2_vulnerable-9b960453506fb765+0x12f7a3) (BuildId: 1ac02c37e0e83805f9d9850a127bc98bb5f6be83)
    #8 0x5ed68cbce189  (/tmp/asan_pair12_a2_vulnerable_tw7sklp0/target/debug/deps/pair12_a2_vulnerable-9b960453506fb765+0x133189) (BuildId: 1ac02c37e0e83805f9d9850a127bc98bb5f6be83)
    #9 0x5ed68cc13dae  (/tmp/asan_pair12_a2_vulnerable_tw7sklp0/target/debug/deps/pair12_a2_vulnerable-9b960453506fb765+0x178dae) (BuildId: 1ac02c37e0e83805f9d9850a127bc98bb5f6be83)
    #10 0x5ed68cb8a316  (/tmp/asan_pair12_a2_vulnerable_tw7sklp0/target/debug/deps/pair12_a2_vulnerable-9b960453506fb765+0xef316) (BuildId: 1ac02c37e0e83805f9d9850a127bc98bb5f6be83)

previously allocated by thread T1 here:
    #0 0x5ed68cb8c454  (/tmp/asan_pair12_a2_vulnerable_tw7sklp0/target/debug/deps/pair12_a2_vulnerable-9b960453506fb765+0xf1454) (BuildId: 1ac02c37e0e83805f9d9850a127bc98bb5f6be83)
    #1 0x5ed68cbbac23  (/tmp/asan_pair12_a2_vulnerable_tw7sklp0/target/debug/deps/pair12_a2_vulnerable-9b960453506fb765+0x11fc23) (BuildId: 1ac02c37e0e83805f9d9850a127bc98bb5f6be83)
    #2 0x5ed68cbba924  (/tmp/asan_pair12_a2_vulnerable_tw7sklp0/target/debug/deps/pair12_a2_vulnerable-9b960453506fb765+0x11f924) (BuildId: 1ac02c37e0e83805f9d9850a127bc98bb5f6be83)
    #3 0x5ed68cbbc77f  (/tmp/asan_pair12_a2_vulnerable_tw7sklp0/target/debug/deps/pair12_a2_vulnerable-9b960453506fb765+0x12177f) (BuildId: 1ac02c37e0e83805f9d9850a127bc98bb5f6be83)
    #4 0x5ed68cbbcf96  (/tmp/asan_pair12_a2_vulnerable_tw7sklp0/target/debug/deps/pair12_a2_vulnerable-9b960453506fb765+0x121f96) (BuildId: 1ac02c37e0e83805f9d9850a127bc98bb5f6be83)
    #5 0x5ed68cbf3d84  (/tmp/asan_pair12_a2_vulnerable_tw7sklp0/target/debug/deps/pair12_a2_vulnerable-9b960453506fb765+0x158d84) (BuildId: 1ac02c37e0e83805f9d9850a127bc98bb5f6be83)
    #6 0x5ed68cbca7a3  (/tmp/asan_pair12_a2_vulnerable_tw7sklp0/target/debug/deps/pair12_a2_vulnerable-9b960453506fb765+0x12f7a3) (BuildId: 1ac02c37e0e83805f9d9850a127bc98bb5f6be83)
    #7 0x5ed68cbce189  (/tmp/asan_pair12_a2_vulnerable_tw7sklp0/target/debug/deps/pair12_a2_vulnerable-9b960453506fb765+0x133189) (BuildId: 1ac02c37e0e83805f9d9850a127bc98bb5f6be83)
    #8 0x5ed68cc13dae  (/tmp/asan_pair12_a2_vulnerable_tw7sklp0/target/debug/deps/pair12_a2_vulnerable-9b960453506fb765+0x178dae) (BuildId: 1ac02c37e0e83805f9d9850a127bc98bb5f6be83)
    #9 0x5ed68cb8a316  (/tmp/asan_pair12_a2_vulnerable_tw7sklp0/target/debug/deps/pair12_a2_vulnerable-9b960453506fb765+0xef316) (BuildId: 1ac02c37e0e83805f9d9850a127bc98bb5f6be83)

Thread T1 created by T0 here:
    #0 0x5ed68cb70d41  (/tmp/asan_pair12_a2_vulnerable_tw7sklp0/target/debug/deps/pair12_a2_vulnerable-9b960453506fb765+0xd5d41) (BuildId: 1ac02c37e0e83805f9d9850a127bc98bb5f6be83)
    #1 0x5ed68cc13fcf  (/tmp/asan_pair12_a2_vulnerable_tw7sklp0/target/debug/deps/pair12_a2_vulnerable-9b960453506fb765+0x178fcf) (BuildId: 1ac02c37e0e83805f9d9850a127bc98bb5f6be83)
    #2 0x5ed68cbf28fd  (/tmp/asan_pair12_a2_vulnerable_tw7sklp0/target/debug/deps/pair12_a2_vulnerable-9b960453506fb765+0x1578fd) (BuildId: 1ac02c37e0e83805f9d9850a127bc98bb5f6be83)
    #3 0x5ed68cbebc44  (/tmp/asan_pair12_a2_vulnerable_tw7sklp0/target/debug/deps/pair12_a2_vulnerable-9b960453506fb765+0x150c44) (BuildId: 1ac02c37e0e83805f9d9850a127bc98bb5f6be83)
    #4 0x5ed68cbf5285  (/tmp/asan_pair12_a2_vulnerable_tw7sklp0/target/debug/deps/pair12_a2_vulnerable-9b960453506fb765+0x15a285) (BuildId: 1ac02c37e0e83805f9d9850a127bc98bb5f6be83)
    #5 0x5ed68cbddfda  (/tmp/asan_pair12_a2_vulnerable_tw7sklp0/target/debug/deps/pair12_a2_vulnerable-9b960453506fb765+0x142fda) (BuildId: 1ac02c37e0e83805f9d9850a127bc98bb5f6be83)
    #6 0x5ed68cbbb592  (/tmp/asan_pair12_a2_vulnerable_tw7sklp0/target/debug/deps/pair12_a2_vulnerable-9b960453506fb765+0x120592) (BuildId: 1ac02c37e0e83805f9d9850a127bc98bb5f6be83)
    #7 0x5ed68cbba7cf  (/tmp/asan_pair12_a2_vulnerable_tw7sklp0/target/debug/deps/pair12_a2_vulnerable-9b960453506fb765+0x11f7cf) (BuildId: 1ac02c37e0e83805f9d9850a127bc98bb5f6be83)
    #8 0x5ed68cbbb88d  (/tmp/asan_pair12_a2_vulnerable_tw7sklp0/target/debug/deps/pair12_a2_vulnerable-9b960453506fb765+0x12088d) (BuildId: 1ac02c37e0e83805f9d9850a127bc98bb5f6be83)

SUMMARY: AddressSanitizer: heap-use-after-free (/tmp/asan_pair12_a2_vulnerable_tw7sklp0/target/debug/deps/pair12_a2_vulnerable-9b960453506fb765+0x12083e) (BuildId: 1ac02c37e0e83805f9d9850a127bc98bb5f6be83) 
Shadow bytes around the buggy address:
  0x726f30fe3d80: fa fa fa fa fa fa fa fa fa fa fa fa fa fa fa fa
  0x726f30fe3e00: fa fa fa fa fa fa fa fa fa fa fa fa fa fa fa fa
  0x726f30fe3e80: fa fa fa fa fa fa fa fa fa fa fa fa fa fa fa fa
  0x726f30fe3f00: fa fa fa fa fa fa fa fa fa fa fa fa fa fa fa fa
  0x726f30fe3f80: fa fa fa fa fa fa fa fa fa fa fa fa fa fa fa fa
=>0x726f30fe4000: fa fa[fd]fa fa fa fa fa fa fa fa fa fa fa fa fa
  0x726f30fe4080: fa fa fa fa fa fa fa fa fa fa fa fa fa fa fa fa
  0x726f30fe4100: fa fa fa fa fa fa fa fa fa fa fa fa fa fa fa fa
  0x726f30fe4180: fa fa fa fa fa fa fa fa fa fa fa fa fa fa fa fa
  0x726f30fe4200: fa fa fa fa fa fa fa fa fa fa fa fa fa fa fa fa
  0x726f30fe4280: fa fa fa fa fa fa fa fa fa fa fa fa fa fa fa fa
Shadow byte legend (one shadow byte represents 8 application bytes):
  Addressable:           00
  Partially addressable: 01 02 03 04 05 06 07 
  Heap left redzone:       fa
  Freed heap region:       fd
  Stack left redzone:      f1
  Stack mid redzone:       f2
  Stack right redzone:     f3
  Stack after return:      f5
  Stack use after scope:   f8
  Global redzone:          f9
  Global init order:       f6
  Poisoned by user:        f7
  Container overflow:      fc
  Array cookie:            ac
  Intra object redzone:    bb
  ASan internal:           fe
  Left alloca redzone:     ca
  Right alloca redzone:    cb
==4010298==ABORTING
error: test failed, to rerun pass `--lib`

Caused by:
  process didn't exit successfully: `/tmp/asan_pair12_a2_vulnerable_tw7sklp0/target/debug/deps/pair12_a2_vulnerable-9b960453506fb765 --nocapture` (exit status: 1)
