$ (cwd=/tmp/asan_pair15_a1_vulnerable_oh66py8c) cargo +nightly test --lib -- --nocapture

   Compiling pair15_a1_vulnerable v0.1.0 (/tmp/asan_pair15_a1_vulnerable_oh66py8c)
    Finished `test` profile [unoptimized + debuginfo] target(s) in 0.18s
     Running unittests src/lib.rs (target/debug/deps/pair15_a1_vulnerable-76af984ae310b600)

running 1 test
=================================================================
==3815815==ERROR: AddressSanitizer: heap-buffer-overflow on address 0x79ef65fe401a at pc 0x57f3d9c6650b bp 0x79cf639fe170 sp 0x79cf639fd930
READ of size 20 at 0x79ef65fe401a thread T1
    #0 0x57f3d9c6650a  (/tmp/asan_pair15_a1_vulnerable_oh66py8c/target/debug/deps/pair15_a1_vulnerable-76af984ae310b600+0xef50a) (BuildId: 69fac529f3d990a5fd4e5b1f6a070f1b4ade884f)
    #1 0x57f3d9c99882  (/tmp/asan_pair15_a1_vulnerable_oh66py8c/target/debug/deps/pair15_a1_vulnerable-76af984ae310b600+0x122882) (BuildId: 69fac529f3d990a5fd4e5b1f6a070f1b4ade884f)
    #2 0x57f3d9c99a7d  (/tmp/asan_pair15_a1_vulnerable_oh66py8c/target/debug/deps/pair15_a1_vulnerable-76af984ae310b600+0x122a7d) (BuildId: 69fac529f3d990a5fd4e5b1f6a070f1b4ade884f)
    #3 0x57f3d9c97f42  (/tmp/asan_pair15_a1_vulnerable_oh66py8c/target/debug/deps/pair15_a1_vulnerable-76af984ae310b600+0x120f42) (BuildId: 69fac529f3d990a5fd4e5b1f6a070f1b4ade884f)
    #4 0x57f3d9c97926  (/tmp/asan_pair15_a1_vulnerable_oh66py8c/target/debug/deps/pair15_a1_vulnerable-76af984ae310b600+0x120926) (BuildId: 69fac529f3d990a5fd4e5b1f6a070f1b4ade884f)
    #5 0x57f3d9c990a5  (/tmp/asan_pair15_a1_vulnerable_oh66py8c/target/debug/deps/pair15_a1_vulnerable-76af984ae310b600+0x1220a5) (BuildId: 69fac529f3d990a5fd4e5b1f6a070f1b4ade884f)
    #6 0x57f3d9cba72a  (/tmp/asan_pair15_a1_vulnerable_oh66py8c/target/debug/deps/pair15_a1_vulnerable-76af984ae310b600+0x14372a) (BuildId: 69fac529f3d990a5fd4e5b1f6a070f1b4ade884f)
    #7 0x57f3d9cd0114  (/tmp/asan_pair15_a1_vulnerable_oh66py8c/target/debug/deps/pair15_a1_vulnerable-76af984ae310b600+0x159114) (BuildId: 69fac529f3d990a5fd4e5b1f6a070f1b4ade884f)
    #8 0x57f3d9ca6b33  (/tmp/asan_pair15_a1_vulnerable_oh66py8c/target/debug/deps/pair15_a1_vulnerable-76af984ae310b600+0x12fb33) (BuildId: 69fac529f3d990a5fd4e5b1f6a070f1b4ade884f)
    #9 0x57f3d9caa519  (/tmp/asan_pair15_a1_vulnerable_oh66py8c/target/debug/deps/pair15_a1_vulnerable-76af984ae310b600+0x133519) (BuildId: 69fac529f3d990a5fd4e5b1f6a070f1b4ade884f)
    #10 0x57f3d9cf013e  (/tmp/asan_pair15_a1_vulnerable_oh66py8c/target/debug/deps/pair15_a1_vulnerable-76af984ae310b600+0x17913e) (BuildId: 69fac529f3d990a5fd4e5b1f6a070f1b4ade884f)
    #11 0x57f3d9c66146  (/tmp/asan_pair15_a1_vulnerable_oh66py8c/target/debug/deps/pair15_a1_vulnerable-76af984ae310b600+0xef146) (BuildId: 69fac529f3d990a5fd4e5b1f6a070f1b4ade884f)
    #12 0x7dcf66e94ac2  (/lib/x86_64-linux-gnu/libc.so.6+0x94ac2) (BuildId: d5197096f709801829b118af1b7cf6631efa2dcd)
    #13 0x7dcf66f2684f  (/lib/x86_64-linux-gnu/libc.so.6+0x12684f) (BuildId: d5197096f709801829b118af1b7cf6631efa2dcd)

0x79ef65fe401a is located 0 bytes after 10-byte region [0x79ef65fe4010,0x79ef65fe401a)
allocated by thread T1 here:
    #0 0x57f3d9c68474  (/tmp/asan_pair15_a1_vulnerable_oh66py8c/target/debug/deps/pair15_a1_vulnerable-76af984ae310b600+0xf1474) (BuildId: 69fac529f3d990a5fd4e5b1f6a070f1b4ade884f)
    #1 0x57f3d9d206cd  (/tmp/asan_pair15_a1_vulnerable_oh66py8c/target/debug/deps/pair15_a1_vulnerable-76af984ae310b600+0x1a96cd) (BuildId: 69fac529f3d990a5fd4e5b1f6a070f1b4ade884f)
    #2 0x57f3d9c9730e  (/tmp/asan_pair15_a1_vulnerable_oh66py8c/target/debug/deps/pair15_a1_vulnerable-76af984ae310b600+0x12030e) (BuildId: 69fac529f3d990a5fd4e5b1f6a070f1b4ade884f)
    #3 0x57f3d9c96f6f  (/tmp/asan_pair15_a1_vulnerable_oh66py8c/target/debug/deps/pair15_a1_vulnerable-76af984ae310b600+0x11ff6f) (BuildId: 69fac529f3d990a5fd4e5b1f6a070f1b4ade884f)
    #4 0x57f3d9c9752e  (/tmp/asan_pair15_a1_vulnerable_oh66py8c/target/debug/deps/pair15_a1_vulnerable-76af984ae310b600+0x12052e) (BuildId: 69fac529f3d990a5fd4e5b1f6a070f1b4ade884f)
    #5 0x57f3d9c99a7d  (/tmp/asan_pair15_a1_vulnerable_oh66py8c/target/debug/deps/pair15_a1_vulnerable-76af984ae310b600+0x122a7d) (BuildId: 69fac529f3d990a5fd4e5b1f6a070f1b4ade884f)
    #6 0x57f3d9c97926  (/tmp/asan_pair15_a1_vulnerable_oh66py8c/target/debug/deps/pair15_a1_vulnerable-76af984ae310b600+0x120926) (BuildId: 69fac529f3d990a5fd4e5b1f6a070f1b4ade884f)
    #7 0x57f3d9cd0114  (/tmp/asan_pair15_a1_vulnerable_oh66py8c/target/debug/deps/pair15_a1_vulnerable-76af984ae310b600+0x159114) (BuildId: 69fac529f3d990a5fd4e5b1f6a070f1b4ade884f)
    #8 0x57f3d9ca6b33  (/tmp/asan_pair15_a1_vulnerable_oh66py8c/target/debug/deps/pair15_a1_vulnerable-76af984ae310b600+0x12fb33) (BuildId: 69fac529f3d990a5fd4e5b1f6a070f1b4ade884f)
    #9 0x57f3d9caa519  (/tmp/asan_pair15_a1_vulnerable_oh66py8c/target/debug/deps/pair15_a1_vulnerable-76af984ae310b600+0x133519) (BuildId: 69fac529f3d990a5fd4e5b1f6a070f1b4ade884f)
    #10 0x57f3d9cf013e  (/tmp/asan_pair15_a1_vulnerable_oh66py8c/target/debug/deps/pair15_a1_vulnerable-76af984ae310b600+0x17913e) (BuildId: 69fac529f3d990a5fd4e5b1f6a070f1b4ade884f)
    #11 0x57f3d9c66146  (/tmp/asan_pair15_a1_vulnerable_oh66py8c/target/debug/deps/pair15_a1_vulnerable-76af984ae310b600+0xef146) (BuildId: 69fac529f3d990a5fd4e5b1f6a070f1b4ade884f)

Thread T1 created by T0 here:
    #0 0x57f3d9c4cb71  (/tmp/asan_pair15_a1_vulnerable_oh66py8c/target/debug/deps/pair15_a1_vulnerable-76af984ae310b600+0xd5b71) (BuildId: 69fac529f3d990a5fd4e5b1f6a070f1b4ade884f)
    #1 0x57f3d9cf035f  (/tmp/asan_pair15_a1_vulnerable_oh66py8c/target/debug/deps/pair15_a1_vulnerable-76af984ae310b600+0x17935f) (BuildId: 69fac529f3d990a5fd4e5b1f6a070f1b4ade884f)
    #2 0x57f3d9ccec8d  (/tmp/asan_pair15_a1_vulnerable_oh66py8c/target/debug/deps/pair15_a1_vulnerable-76af984ae310b600+0x157c8d) (BuildId: 69fac529f3d990a5fd4e5b1f6a070f1b4ade884f)
    #3 0x57f3d9cc7fd4  (/tmp/asan_pair15_a1_vulnerable_oh66py8c/target/debug/deps/pair15_a1_vulnerable-76af984ae310b600+0x150fd4) (BuildId: 69fac529f3d990a5fd4e5b1f6a070f1b4ade884f)
    #4 0x57f3d9cd1615  (/tmp/asan_pair15_a1_vulnerable_oh66py8c/target/debug/deps/pair15_a1_vulnerable-76af984ae310b600+0x15a615) (BuildId: 69fac529f3d990a5fd4e5b1f6a070f1b4ade884f)
    #5 0x57f3d9cba36a  (/tmp/asan_pair15_a1_vulnerable_oh66py8c/target/debug/deps/pair15_a1_vulnerable-76af984ae310b600+0x14336a) (BuildId: 69fac529f3d990a5fd4e5b1f6a070f1b4ade884f)
    #6 0x57f3d9c99aa2  (/tmp/asan_pair15_a1_vulnerable_oh66py8c/target/debug/deps/pair15_a1_vulnerable-76af984ae310b600+0x122aa2) (BuildId: 69fac529f3d990a5fd4e5b1f6a070f1b4ade884f)
    #7 0x57f3d9c96a6f  (/tmp/asan_pair15_a1_vulnerable_oh66py8c/target/debug/deps/pair15_a1_vulnerable-76af984ae310b600+0x11fa6f) (BuildId: 69fac529f3d990a5fd4e5b1f6a070f1b4ade884f)
    #8 0x57f3d9c99acd  (/tmp/asan_pair15_a1_vulnerable_oh66py8c/target/debug/deps/pair15_a1_vulnerable-76af984ae310b600+0x122acd) (BuildId: 69fac529f3d990a5fd4e5b1f6a070f1b4ade884f)

SUMMARY: AddressSanitizer: heap-buffer-overflow (/tmp/asan_pair15_a1_vulnerable_oh66py8c/target/debug/deps/pair15_a1_vulnerable-76af984ae310b600+0xef50a) (BuildId: 69fac529f3d990a5fd4e5b1f6a070f1b4ade884f) 
Shadow bytes around the buggy address:
  0x79ef65fe3d80: fa fa fa fa fa fa fa fa fa fa fa fa fa fa fa fa
  0x79ef65fe3e00: fa fa fa fa fa fa fa fa fa fa fa fa fa fa fa fa
  0x79ef65fe3e80: fa fa fa fa fa fa fa fa fa fa fa fa fa fa fa fa
  0x79ef65fe3f00: fa fa fa fa fa fa fa fa fa fa fa fa fa fa fa fa
  0x79ef65fe3f80: fa fa fa fa fa fa fa fa fa fa fa fa fa fa fa fa
=>0x79ef65fe4000: fa fa 00[02]fa fa fa fa fa fa fa fa fa fa fa fa
  0x79ef65fe4080: fa fa fa fa fa fa fa fa fa fa fa fa fa fa fa fa
  0x79ef65fe4100: fa fa fa fa fa fa fa fa fa fa fa fa fa fa fa fa
  0x79ef65fe4180: fa fa fa fa fa fa fa fa fa fa fa fa fa fa fa fa
  0x79ef65fe4200: fa fa fa fa fa fa fa fa fa fa fa fa fa fa fa fa
  0x79ef65fe4280: fa fa fa fa fa fa fa fa fa fa fa fa fa fa fa fa
Shadow byte legend (one shadow byte represents 8 application bytes):
  Addressable:           00
  Partially addressable: 01 02 03 04 05 06 07 
  Heap left redzone:       fa
  Freed heap region:       fd
  Stack left redzone:      f1
  Stack mid redzone:       f2
  Stack right redzone:     f3
  Stack after return:      f5
  Stack use after scope:   f8
  Global redzone:          f9
  Global init order:       f6
  Poisoned by user:        f7
  Container overflow:      fc
  Array cookie:            ac
  Intra object redzone:    bb
  ASan internal:           fe
  Left alloca redzone:     ca
  Right alloca redzone:    cb

thread 'tests::contract_test' (3815816) panicked at src/lib.rs:41:9:
Expected an error for input 20, but got Ok(42)
note: run with `RUST_BACKTRACE=1` environment variable to display a backtrace
test tests::contract_test ... FAILED

failures:

failures:
    tests::contract_test

test result: FAILED. 0 passed; 1 failed; 0 ignored; 0 measured; 0 filtered out; finished in 0.00s

error: test failed, to rerun pass `--lib`
