$ (cwd=/tmp/asan_pair8_a1_vulnerable_fghaja8f) cargo +nightly test --lib -- --nocapture

   Compiling pair8_a1_vulnerable v0.1.0 (/tmp/asan_pair8_a1_vulnerable_fghaja8f)
    Finished `test` profile [unoptimized + debuginfo] target(s) in 0.20s
     Running unittests src/lib.rs (target/debug/deps/pair8_a1_vulnerable-13a224def27da3f0)

running 1 test
AddressSanitizer:DEADLYSIGNAL
=================================================================
==3827998==ERROR: AddressSanitizer: stack-overflow on address 0x7bb8761ffff0 (pc 0x56bb1f0d3313 bp 0x7bb8762000b0 sp 0x7bb8761fffa0 T1)
    #0 0x56bb1f0d3313  (/tmp/asan_pair8_a1_vulnerable_fghaja8f/target/debug/deps/pair8_a1_vulnerable-13a224def27da3f0+0x122313) (BuildId: e33c5906b2417abb3d9d2b1d31633c9368cc8be4)
    #1 0x56bb1f0d28fe  (/tmp/asan_pair8_a1_vulnerable_fghaja8f/target/debug/deps/pair8_a1_vulnerable-13a224def27da3f0+0x1218fe) (BuildId: e33c5906b2417abb3d9d2b1d31633c9368cc8be4)
    #2 0x56bb1f0d2979  (/tmp/asan_pair8_a1_vulnerable_fghaja8f/target/debug/deps/pair8_a1_vulnerable-13a224def27da3f0+0x121979) (BuildId: e33c5906b2417abb3d9d2b1d31633c9368cc8be4)
    #3 0x56bb1f0d2407  (/tmp/asan_pair8_a1_vulnerable_fghaja8f/target/debug/deps/pair8_a1_vulnerable-13a224def27da3f0+0x121407) (BuildId: e33c5906b2417abb3d9d2b1d31633c9368cc8be4)
    #4 0x56bb1f0d1a90  (/tmp/asan_pair8_a1_vulnerable_fghaja8f/target/debug/deps/pair8_a1_vulnerable-13a224def27da3f0+0x120a90) (BuildId: e33c5906b2417abb3d9d2b1d31633c9368cc8be4)
    #5 0x56bb1f0d1e65  (/tmp/asan_pair8_a1_vulnerable_fghaja8f/target/debug/deps/pair8_a1_vulnerable-13a224def27da3f0+0x120e65) (BuildId: e33c5906b2417abb3d9d2b1d31633c9368cc8be4)
    #6 0x56bb1f0d1e65  (/tmp/asan_pair8_a1_vulnerable_fghaja8f/target/debug/deps/pair8_a1_vulnerable-13a224def27da3f0+0x120e65) (BuildId: e33c5906b2417abb3d9d2b1d31633c9368cc8be4)
    #7 0x56bb1f0d1e65  (/tmp/asan_pair8_a1_vulnerable_fghaja8f/target/debug/deps/pair8_a1_vulnerable-13a224def27da3f0+0x120e65) (BuildId: e33c5906b2417abb3d9d2b1d31633c9368cc8be4)
    #8 0x56bb1f0d1e65  (/tmp/asan_pair8_a1_vulnerable_fghaja8f/target/debug/deps/pair8_a1_vulnerable-13a224def27da3f0+0x120e65) (BuildId: e33c5906b2417abb3d9d2b1d31633c9368cc8be4)
    #9 0x56bb1f0d1e65  (/tmp/asan_pair8_a1_vulnerable_fghaja8f/target/debug/deps/pair8_a1_vulnerable-13a224def27da3f0+0x120e65) (BuildId: e33c5906b2417abb3d9d2b1d31633c9368cc8be4)
    #10 0x56bb1f0d1e65  (/tmp/asan_pair8_a1_vulnerable_fghaja8f/target/debug/deps/pair8_a1_vulnerable-13a224def27da3f0+0x120e65) (BuildId: e33c5906b2417abb3d9d2b1d31633c9368cc8be4)
    #11 0x56bb1f0d1e65  (/tmp/asan_pair8_a1_vulnerable_fghaja8f/target/debug/deps/pair8_a1_vulnerable-13a224def27da3f0+0x120e65) (BuildId: e33c5906b2417abb3d9d2b1d31633c9368cc8be4)
    #12 0x56bb1f0d1e65  (/tmp/asan_pair8_a1_vulnerable_fghaja8f/target/debug/deps/pair8_a1_vulnerable-13a224def27da3f0+0x120e65) (BuildId: e33c5906b2417abb3d9d2b1d31633c9368cc8be4)
    #13 0x56bb1f0d1e65  (/tmp/asan_pair8_a1_vulnerable_fghaja8f/target/debug/deps/pair8_a1_vulnerable-13a224def27da3f0+0x120e65) (BuildId: e33c5906b2417abb3d9d2b1d31633c9368cc8be4)
    #14 0x56bb1f0d1e65  (/tmp/asan_pair8_a1_vulnerable_fghaja8f/target/debug/deps/pair8_a1_vulnerable-13a224def27da3f0+0x120e65) (BuildId: e33c5906b2417abb3d9d2b1d31633c9368cc8be4)
    #15 0x56bb1f0d1e65  (/tmp/asan_pair8_a1_vulnerable_fghaja8f/target/debug/deps/pair8_a1_vulnerable-13a224def27da3f0+0x120e65) (BuildId: e33c5906b2417abb3d9d2b1d31633c9368cc8be4)
    #16 0x56bb1f0d1e65  (/tmp/asan_pair8_a1_vulnerable_fghaja8f/target/debug/deps/pair8_a1_vulnerable-13a224def27da3f0+0x120e65) (BuildId: e33c5906b2417abb3d9d2b1d31633c9368cc8be4)
    #17 0x56bb1f0d1e65  (/tmp/asan_pair8_a1_vulnerable_fghaja8f/target/debug/deps/pair8_a1_vulnerable-13a224def27da3f0+0x120e65) (BuildId: e33c5906b2417abb3d9d2b1d31633c9368cc8be4)
    #18 0x56bb1f0d1e65  (/tmp/asan_pair8_a1_vulnerable_fghaja8f/target/debug/deps/pair8_a1_vulnerable-13a224def27da3f0+0x120e65) (BuildId: e33c5906b2417abb3d9d2b1d31633c9368cc8be4)
    #19 0x56bb1f0d1e65  (/tmp/asan_pair8_a1_vulnerable_fghaja8f/target/debug/deps/pair8_a1_vulnerable-13a224def27da3f0+0x120e65) (BuildId: e33c5906b2417abb3d9d2b1d31633c9368cc8be4)
    #20 0x56bb1f0d1e65  (/tmp/asan_pair8_a1_vulnerable_fghaja8f/target/debug/deps/pair8_a1_vulnerable-13a224def27da3f0+0x120e65) (BuildId: e33c5906b2417abb3d9d2b1d31633c9368cc8be4)
    #21 0x56bb1f0d1e65  (/tmp/asan_pair8_a1_vulnerable_fghaja8f/target/debug/deps/pair8_a1_vulnerable-13a224def27da3f0+0x120e65) (BuildId: e33c5906b2417abb3d9d2b1d31633c9368cc8be4)
    #22 0x56bb1f0d1e65  (/tmp/asan_pair8_a1_vulnerable_fghaja8f/target/debug/deps/pair8_a1_vulnerable-13a224def27da3f0+0x120e65) (BuildId: e33c5906b2417abb3d9d2b1d31633c9368cc8be4)
    #23 0x56bb1f0d1e65  (/tmp/asan_pair8_a1_vulnerable_fghaja8f/target/debug/deps/pair8_a1_vulnerable-13a224def27da3f0+0x120e65) (BuildId: e33c5906b2417abb3d9d2b1d31633c9368cc8be4)
    #24 0x56bb1f0d1e65  (/tmp/asan_pair8_a1_vulnerable_fghaja8f/target/debug/deps/pair8_a1_vulnerable-13a224def27da3f0+0x120e65) (BuildId: e33c5906b2417abb3d9d2b1d31633c9368cc8be4)
    #25 0x56bb1f0d1e65  (/tmp/asan_pair8_a1_vulnerable_fghaja8f/target/debug/deps/pair8_a1_vulnerable-13a224def27da3f0+0x120e65) (BuildId: e33c5906b2417abb3d9d2b1d31633c9368cc8be4)
    #26 0x56bb1f0d1e65  (/tmp/asan_pair8_a1_vulnerable_fghaja8f/target/debug/deps/pair8_a1_vulnerable-13a224def27da3f0+0x120e65) (BuildId: e33c5906b2417abb3d9d2b1d31633c9368cc8be4)
    #27 0x56bb1f0d1e65  (/tmp/asan_pair8_a1_vulnerable_fghaja8f/target/debug/deps/pair8_a1_vulnerable-13a224def27da3f0+0x120e65) (BuildId: e33c5906b2417abb3d9d2b1d31633c9368cc8be4)
    #28 0x56bb1f0d1e65  (/tmp/asan_pair8_a1_vulnerable_fghaja8f/target/debug/deps/pair8_a1_vulnerable-13a224def27da3f0+0x120e65) (BuildId: e33c5906b2417abb3d9d2b1d31633c9368cc8be4)
    #29 0x56bb1f0d1e65  (/tmp/asan_pair8_a1_vulnerable_fghaja8f/target/debug/deps/pair8_a1_vulnerable-13a224def27da3f0+0x120e65) (BuildId: e33c5906b2417abb3d9d2b1d31633c9368cc8be4)
    #30 0x56bb1f0d1e65  (/tmp/asan_pair8_a1_vulnerable_fghaja8f/target/debug/deps/pair8_a1_vulnerable-13a224def27da3f0+0x120e65) (BuildId: e33c5906b2417abb3d9d2b1d31633c9368cc8be4)
    #31 0x56bb1f0d1e65  (/tmp/asan_pair8_a1_vulnerable_fghaja8f/target/debug/deps/pair8_a1_vulnerable-13a224def27da3f0+0x120e65) (BuildId: e33c5906b2417abb3d9d2b1d31633c9368cc8be4)
    #32 0x56bb1f0d1e65  (/tmp/asan_pair8_a1_vulnerable_fghaja8f/target/debug/deps/pair8_a1_vulnerable-13a224def27da3f0+0x120e65) (BuildId: e33c5906b2417abb3d9d2b1d31633c9368cc8be4)
    #33 0x56bb1f0d1e65  (/tmp/asan_pair8_a1_vulnerable_fghaja8f/target/debug/deps/pair8_a1_vulnerable-13a224def27da3f0+0x120e65) (BuildId: e33c5906b2417abb3d9d2b1d31633c9368cc8be4)
    #34 0x56bb1f0d1e65  (/tmp/asan_pair8_a1_vulnerable_fghaja8f/target/debug/deps/pair8_a1_vulnerable-13a224def27da3f0+0x120e65) (BuildId: e33c5906b2417abb3d9d2b1d31633c9368cc8be4)
    #35 0x56bb1f0d1e65  (/tmp/asan_pair8_a1_vulnerable_fghaja8f/target/debug/deps/pair8_a1_vulnerable-13a224def27da3f0+0x120e65) (BuildId: e33c5906b2417abb3d9d2b1d31633c9368cc8be4)
    #36 0x56bb1f0d1e65  (/tmp/asan_pair8_a1_vulnerable_fghaja8f/target/debug/deps/pair8_a1_vulnerable-13a224def27da3f0+0x120e65) (BuildId: e33c5906b2417abb3d9d2b1d31633c9368cc8be4)
    #37 0x56bb1f0d1e65  (/tmp/asan_pair8_a1_vulnerable_fghaja8f/target/debug/deps/pair8_a1_vulnerable-13a224def27da3f0+0x120e65) (BuildId: e33c5906b2417abb3d9d2b1d31633c9368cc8be4)
    #38 0x56bb1f0d1e65  (/tmp/asan_pair8_a1_vulnerable_fghaja8f/target/debug/deps/pair8_a1_vulnerable-13a224def27da3f0+0x120e65) (BuildId: e33c5906b2417abb3d9d2b1d31633c9368cc8be4)
    #39 0x56bb1f0d1e65  (/tmp/asan_pair8_a1_vulnerable_fghaja8f/target/debug/deps/pair8_a1_vulnerable-13a224def27da3f0+0x120e65) (BuildId: e33c5906b2417abb3d9d2b1d31633c9368cc8be4)
    #40 0x56bb1f0d1e65  (/tmp/asan_pair8_a1_vulnerable_fghaja8f/target/debug/deps/pair8_a1_vulnerable-13a224def27da3f0+0x120e65) (BuildId: e33c5906b2417abb3d9d2b1d31633c9368cc8be4)
    #41 0x56bb1f0d1e65  (/tmp/asan_pair8_a1_vulnerable_fghaja8f/target/debug/deps/pair8_a1_vulnerable-13a224def27da3f0+0x120e65) (BuildId: e33c5906b2417abb3d9d2b1d31633c9368cc8be4)
    #42 0x56bb1f0d1e65  (/tmp/asan_pair8_a1_vulnerable_fghaja8f/target/debug/deps/pair8_a1_vulnerable-13a224def27da3f0+0x120e65) (BuildId: e33c5906b2417abb3d9d2b1d31633c9368cc8be4)
    #43 0x56bb1f0d1e65  (/tmp/asan_pair8_a1_vulnerable_fghaja8f/target/debug/deps/pair8_a1_vulnerable-13a224def27da3f0+0x120e65) (BuildId: e33c5906b2417abb3d9d2b1d31633c9368cc8be4)
    #44 0x56bb1f0d1e65  (/tmp/asan_pair8_a1_vulnerable_fghaja8f/target/debug/deps/pair8_a1_vulnerable-13a224def27da3f0+0x120e65) (BuildId: e33c5906b2417abb3d9d2b1d31633c9368cc8be4)
    #45 0x56bb1f0d1e65  (/tmp/asan_pair8_a1_vulnerable_fghaja8f/target/debug/deps/pair8_a1_vulnerable-13a224def27da3f0+0x120e65) (BuildId: e33c5906b2417abb3d9d2b1d31633c9368cc8be4)
    #46 0x56bb1f0d1e65  (/tmp/asan_pair8_a1_vulnerable_fghaja8f/target/debug/deps/pair8_a1_vulnerable-13a224def27da3f0+0x120e65) (BuildId: e33c5906b2417abb3d9d2b1d31633c9368cc8be4)
    #47 0x56bb1f0d1e65  (/tmp/asan_pair8_a1_vulnerable_fghaja8f/target/debug/deps/pair8_a1_vulnerable-13a224def27da3f0+0x120e65) (BuildId: e33c5906b2417abb3d9d2b1d31633c9368cc8be4)
    #48 0x56bb1f0d1e65  (/tmp/asan_pair8_a1_vulnerable_fghaja8f/target/debug/deps/pair8_a1_vulnerable-13a224def27da3f0+0x120e65) (BuildId: e33c5906b2417abb3d9d2b1d31633c9368cc8be4)
    #49 0x56bb1f0d1e65  (/tmp/asan_pair8_a1_vulnerable_fghaja8f/target/debug/deps/pair8_a1_vulnerable-13a224def27da3f0+0x120e65) (BuildId: e33c5906b2417abb3d9d2b1d31633c9368cc8be4)
    #50 0x56bb1f0d1e65  (/tmp/asan_pair8_a1_vulnerable_fghaja8f/target/debug/deps/pair8_a1_vulnerable-13a224def27da3f0+0x120e65) (BuildId: e33c5906b2417abb3d9d2b1d31633c9368cc8be4)
    #51 0x56bb1f0d1e65  (/tmp/asan_pair8_a1_vulnerable_fghaja8f/target/debug/deps/pair8_a1_vulnerable-13a224def27da3f0+0x120e65) (BuildId: e33c5906b2417abb3d9d2b1d31633c9368cc8be4)
    #52 0x56bb1f0d1e65  (/tmp/asan_pair8_a1_vulnerable_fghaja8f/target/debug/deps/pair8_a1_vulnerable-13a224def27da3f0+0x120e65) (BuildId: e33c5906b2417abb3d9d2b1d31633c9368cc8be4)
    #53 0x56bb1f0d1e65  (/tmp/asan_pair8_a1_vulnerable_fghaja8f/target/debug/deps/pair8_a1_vulnerable-13a224def27da3f0+0x120e65) (BuildId: e33c5906b2417abb3d9d2b1d31633c9368cc8be4)
    #54 0x56bb1f0d1e65  (/tmp/asan_pair8_a1_vulnerable_fghaja8f/target/debug/deps/pair8_a1_vulnerable-13a224def27da3f0+0x120e65) (BuildId: e33c5906b2417abb3d9d2b1d31633c9368cc8be4)
    #55 0x56bb1f0d1e65  (/tmp/asan_pair8_a1_vulnerable_fghaja8f/target/debug/deps/pair8_a1_vulnerable-13a224def27da3f0+0x120e65) (BuildId: e33c5906b2417abb3d9d2b1d31633c9368cc8be4)
    #56 0x56bb1f0d1e65  (/tmp/asan_pair8_a1_vulnerable_fghaja8f/target/debug/deps/pair8_a1_vulnerable-13a224def27da3f0+0x120e65) (BuildId: e33c5906b2417abb3d9d2b1d31633c9368cc8be4)
    #57 0x56bb1f0d1e65  (/tmp/asan_pair8_a1_vulnerable_fghaja8f/target/debug/deps/pair8_a1_vulnerable-13a224def27da3f0+0x120e65) (BuildId: e33c5906b2417abb3d9d2b1d31633c9368cc8be4)
    #58 0x56bb1f0d1e65  (/tmp/asan_pair8_a1_vulnerable_fghaja8f/target/debug/deps/pair8_a1_vulnerable-13a224def27da3f0+0x120e65) (BuildId: e33c5906b2417abb3d9d2b1d31633c9368cc8be4)
    #59 0x56bb1f0d1e65  (/tmp/asan_pair8_a1_vulnerable_fghaja8f/target/debug/deps/pair8_a1_vulnerable-13a224def27da3f0+0x120e65) (BuildId: e33c5906b2417abb3d9d2b1d31633c9368cc8be4)
    #60 0x56bb1f0d1e65  (/tmp/asan_pair8_a1_vulnerable_fghaja8f/target/debug/deps/pair8_a1_vulnerable-13a224def27da3f0+0x120e65) (BuildId: e33c5906b2417abb3d9d2b1d31633c9368cc8be4)
    #61 0x56bb1f0d1e65  (/tmp/asan_pair8_a1_vulnerable_fghaja8f/target/debug/deps/pair8_a1_vulnerable-13a224def27da3f0+0x120e65) (BuildId: e33c5906b2417abb3d9d2b1d31633c9368cc8be4)
    #62 0x56bb1f0d1e65  (/tmp/asan_pair8_a1_vulnerable_fghaja8f/target/debug/deps/pair8_a1_vulnerable-13a224def27da3f0+0x120e65) (BuildId: e33c5906b2417abb3d9d2b1d31633c9368cc8be4)
    #63 0x56bb1f0d1e65  (/tmp/asan_pair8_a1_vulnerable_fghaja8f/target/debug/deps/pair8_a1_vulnerable-13a224def27da3f0+0x120e65) (BuildId: e33c5906b2417abb3d9d2b1d31633c9368cc8be4)
    #64 0x56bb1f0d1e65  (/tmp/asan_pair8_a1_vulnerable_fghaja8f/target/debug/deps/pair8_a1_vulnerable-13a224def27da3f0+0x120e65) (BuildId: e33c5906b2417abb3d9d2b1d31633c9368cc8be4)
    #65 0x56bb1f0d1e65  (/tmp/asan_pair8_a1_vulnerable_fghaja8f/target/debug/deps/pair8_a1_vulnerable-13a224def27da3f0+0x120e65) (BuildId: e33c5906b2417abb3d9d2b1d31633c9368cc8be4)
    #66 0x56bb1f0d1e65  (/tmp/asan_pair8_a1_vulnerable_fghaja8f/target/debug/deps/pair8_a1_vulnerable-13a224def27da3f0+0x120e65) (BuildId: e33c5906b2417abb3d9d2b1d31633c9368cc8be4)
    #67 0x56bb1f0d1e65  (/tmp/asan_pair8_a1_vulnerable_fghaja8f/target/debug/deps/pair8_a1_vulnerable-13a224def27da3f0+0x120e65) (BuildId: e33c5906b2417abb3d9d2b1d31633c9368cc8be4)
    #68 0x56bb1f0d1e65  (/tmp/asan_pair8_a1_vulnerable_fghaja8f/target/debug/deps/pair8_a1_vulnerable-13a224def27da3f0+0x120e65) (BuildId: e33c5906b2417abb3d9d2b1d31633c9368cc8be4)
    #69 0x56bb1f0d1e65  (/tmp/asan_pair8_a1_vulnerable_fghaja8f/target/debug/deps/pair8_a1_vulnerable-13a224def27da3f0+0x120e65) (BuildId: e33c5906b2417abb3d9d2b1d31633c9368cc8be4)
    #70 0x56bb1f0d1e65  (/tmp/asan_pair8_a1_vulnerable_fghaja8f/target/debug/deps/pair8_a1_vulnerable-13a224def27da3f0+0x120e65) (BuildId: e33c5906b2417abb3d9d2b1d31633c9368cc8be4)
    #71 0x56bb1f0d1e65  (/tmp/asan_pair8_a1_vulnerable_fghaja8f/target/debug/deps/pair8_a1_vulnerable-13a224def27da3f0+0x120e65) (BuildId: e33c5906b2417abb3d9d2b1d31633c9368cc8be4)
    #72 0x56bb1f0d1e65  (/tmp/asan_pair8_a1_vulnerable_fghaja8f/target/debug/deps/pair8_a1_vulnerable-13a224def27da3f0+0x120e65) (BuildId: e33c5906b2417abb3d9d2b1d31633c9368cc8be4)
    #73 0x56bb1f0d1e65  (/tmp/asan_pair8_a1_vulnerable_fghaja8f/target/debug/deps/pair8_a1_vulnerable-13a224def27da3f0+0x120e65) (BuildId: e33c5906b2417abb3d9d2b1d31633c9368cc8be4)
    #74 0x56bb1f0d1e65  (/tmp/asan_pair8_a1_vulnerable_fghaja8f/target/debug/deps/pair8_a1_vulnerable-13a224def27da3f0+0x120e65) (BuildId: e33c5906b2417abb3d9d2b1d31633c9368cc8be4)
    #75 0x56bb1f0d1e65  (/tmp/asan_pair8_a1_vulnerable_fghaja8f/target/debug/deps/pair8_a1_vulnerable-13a224def27da3f0+0x120e65) (BuildId: e33c5906b2417abb3d9d2b1d31633c9368cc8be4)
    #76 0x56bb1f0d1e65  (/tmp/asan_pair8_a1_vulnerable_fghaja8f/target/debug/deps/pair8_a1_vulnerable-13a224def27da3f0+0x120e65) (BuildId: e33c5906b2417abb3d9d2b1d31633c9368cc8be4)
    #77 0x56bb1f0d1e65  (/tmp/asan_pair8_a1_vulnerable_fghaja8f/target/debug/deps/pair8_a1_vulnerable-13a224def27da3f0+0x120e65) (BuildId: e33c5906b2417abb3d9d2b1d31633c9368cc8be4)
    #78 0x56bb1f0d1e65  (/tmp/asan_pair8_a1_vulnerable_fghaja8f/target/debug/deps/pair8_a1_vulnerable-13a224def27da3f0+0x120e65) (BuildId: e33c5906b2417abb3d9d2b1d31633c9368cc8be4)
    #79 0x56bb1f0d1e65  (/tmp/asan_pair8_a1_vulnerable_fghaja8f/target/debug/deps/pair8_a1_vulnerable-13a224def27da3f0+0x120e65) (BuildId: e33c5906b2417abb3d9d2b1d31633c9368cc8be4)
    #80 0x56bb1f0d1e65  (/tmp/asan_pair8_a1_vulnerable_fghaja8f/target/debug/deps/pair8_a1_vulnerable-13a224def27da3f0+0x120e65) (BuildId: e33c5906b2417abb3d9d2b1d31633c9368cc8be4)
    #81 0x56bb1f0d1e65  (/tmp/asan_pair8_a1_vulnerable_fghaja8f/target/debug/deps/pair8_a1_vulnerable-13a224def27da3f0+0x120e65) (BuildId: e33c5906b2417abb3d9d2b1d31633c9368cc8be4)
    #82 0x56bb1f0d1e65  (/tmp/asan_pair8_a1_vulnerable_fghaja8f/target/debug/deps/pair8_a1_vulnerable-13a224def27da3f0+0x120e65) (BuildId: e33c5906b2417abb3d9d2b1d31633c9368cc8be4)
    #83 0x56bb1f0d1e65  (/tmp/asan_pair8_a1_vulnerable_fghaja8f/target/debug/deps/pair8_a1_vulnerable-13a224def27da3f0+0x120e65) (BuildId: e33c5906b2417abb3d9d2b1d31633c9368cc8be4)
    #84 0x56bb1f0d1e65  (/tmp/asan_pair8_a1_vulnerable_fghaja8f/target/debug/deps/pair8_a1_vulnerable-13a224def27da3f0+0x120e65) (BuildId: e33c5906b2417abb3d9d2b1d31633c9368cc8be4)
    #85 0x56bb1f0d1e65  (/tmp/asan_pair8_a1_vulnerable_fghaja8f/target/debug/deps/pair8_a1_vulnerable-13a224def27da3f0+0x120e65) (BuildId: e33c5906b2417abb3d9d2b1d31633c9368cc8be4)
    #86 0x56bb1f0d1e65  (/tmp/asan_pair8_a1_vulnerable_fghaja8f/target/debug/deps/pair8_a1_vulnerable-13a224def27da3f0+0x120e65) (BuildId: e33c5906b2417abb3d9d2b1d31633c9368cc8be4)
    #87 0x56bb1f0d1e65  (/tmp/asan_pair8_a1_vulnerable_fghaja8f/target/debug/deps/pair8_a1_vulnerable-13a224def27da3f0+0x120e65) (BuildId: e33c5906b2417abb3d9d2b1d31633c9368cc8be4)
    #88 0x56bb1f0d1e65  (/tmp/asan_pair8_a1_vulnerable_fghaja8f/target/debug/deps/pair8_a1_vulnerable-13a224def27da3f0+0x120e65) (BuildId: e33c5906b2417abb3d9d2b1d31633c9368cc8be4)
    #89 0x56bb1f0d1e65  (/tmp/asan_pair8_a1_vulnerable_fghaja8f/target/debug/deps/pair8_a1_vulnerable-13a224def27da3f0+0x120e65) (BuildId: e33c5906b2417abb3d9d2b1d31633c9368cc8be4)
    #90 0x56bb1f0d1e65  (/tmp/asan_pair8_a1_vulnerable_fghaja8f/target/debug/deps/pair8_a1_vulnerable-13a224def27da3f0+0x120e65) (BuildId: e33c5906b2417abb3d9d2b1d31633c9368cc8be4)
    #91 0x56bb1f0d1e65  (/tmp/asan_pair8_a1_vulnerable_fghaja8f/target/debug/deps/pair8_a1_vulnerable-13a224def27da3f0+0x120e65) (BuildId: e33c5906b2417abb3d9d2b1d31633c9368cc8be4)
    #92 0x56bb1f0d1e65  (/tmp/asan_pair8_a1_vulnerable_fghaja8f/target/debug/deps/pair8_a1_vulnerable-13a224def27da3f0+0x120e65) (BuildId: e33c5906b2417abb3d9d2b1d31633c9368cc8be4)
    #93 0x56bb1f0d1e65  (/tmp/asan_pair8_a1_vulnerable_fghaja8f/target/debug/deps/pair8_a1_vulnerable-13a224def27da3f0+0x120e65) (BuildId: e33c5906b2417abb3d9d2b1d31633c9368cc8be4)
    #94 0x56bb1f0d1e65  (/tmp/asan_pair8_a1_vulnerable_fghaja8f/target/debug/deps/pair8_a1_vulnerable-13a224def27da3f0+0x120e65) (BuildId: e33c5906b2417abb3d9d2b1d31633c9368cc8be4)
    #95 0x56bb1f0d1e65  (/tmp/asan_pair8_a1_vulnerable_fghaja8f/target/debug/deps/pair8_a1_vulnerable-13a224def27da3f0+0x120e65) (BuildId: e33c5906b2417abb3d9d2b1d31633c9368cc8be4)
    #96 0x56bb1f0d1e65  (/tmp/asan_pair8_a1_vulnerable_fghaja8f/target/debug/deps/pair8_a1_vulnerable-13a224def27da3f0+0x120e65) (BuildId: e33c5906b2417abb3d9d2b1d31633c9368cc8be4)
    #97 0x56bb1f0d1e65  (/tmp/asan_pair8_a1_vulnerable_fghaja8f/target/debug/deps/pair8_a1_vulnerable-13a224def27da3f0+0x120e65) (BuildId: e33c5906b2417abb3d9d2b1d31633c9368cc8be4)
    #98 0x56bb1f0d1e65  (/tmp/asan_pair8_a1_vulnerable_fghaja8f/target/debug/deps/pair8_a1_vulnerable-13a224def27da3f0+0x120e65) (BuildId: e33c5906b2417abb3d9d2b1d31633c9368cc8be4)
    #99 0x56bb1f0d1e65  (/tmp/asan_pair8_a1_vulnerable_fghaja8f/target/debug/deps/pair8_a1_vulnerable-13a224def27da3f0+0x120e65) (BuildId: e33c5906b2417abb3d9d2b1d31633c9368cc8be4)
    #100 0x56bb1f0d1e65  (/tmp/asan_pair8_a1_vulnerable_fghaja8f/target/debug/deps/pair8_a1_vulnerable-13a224def27da3f0+0x120e65) (BuildId: e33c5906b2417abb3d9d2b1d31633c9368cc8be4)
    #101 0x56bb1f0d1e65  (/tmp/asan_pair8_a1_vulnerable_fghaja8f/target/debug/deps/pair8_a1_vulnerable-13a224def27da3f0+0x120e65) (BuildId: e33c5906b2417abb3d9d2b1d31633c9368cc8be4)
    #102 0x56bb1f0d1e65  (/tmp/asan_pair8_a1_vulnerable_fghaja8f/target/debug/deps/pair8_a1_vulnerable-13a224def27da3f0+0x120e65) (BuildId: e33c5906b2417abb3d9d2b1d31633c9368cc8be4)
    #103 0x56bb1f0d1e65  (/tmp/asan_pair8_a1_vulnerable_fghaja8f/target/debug/deps/pair8_a1_vulnerable-13a224def27da3f0+0x120e65) (BuildId: e33c5906b2417abb3d9d2b1d31633c9368cc8be4)
    #104 0x56bb1f0d1e65  (/tmp/asan_pair8_a1_vulnerable_fghaja8f/target/debug/deps/pair8_a1_vulnerable-13a224def27da3f0+0x120e65) (BuildId: e33c5906b2417abb3d9d2b1d31633c9368cc8be4)
    #105 0x56bb1f0d1e65  (/tmp/asan_pair8_a1_vulnerable_fghaja8f/target/debug/deps/pair8_a1_vulnerable-13a224def27da3f0+0x120e65) (BuildId: e33c5906b2417abb3d9d2b1d31633c9368cc8be4)
    #106 0x56bb1f0d1e65  (/tmp/asan_pair8_a1_vulnerable_fghaja8f/target/debug/deps/pair8_a1_vulnerable-13a224def27da3f0+0x120e65) (BuildId: e33c5906b2417abb3d9d2b1d31633c9368cc8be4)
    #107 0x56bb1f0d1e65  (/tmp/asan_pair8_a1_vulnerable_fghaja8f/target/debug/deps/pair8_a1_vulnerable-13a224def27da3f0+0x120e65) (BuildId: e33c5906b2417abb3d9d2b1d31633c9368cc8be4)
    #108 0x56bb1f0d1e65  (/tmp/asan_pair8_a1_vulnerable_fghaja8f/target/debug/deps/pair8_a1_vulnerable-13a224def27da3f0+0x120e65) (BuildId: e33c5906b2417abb3d9d2b1d31633c9368cc8be4)
    #109 0x56bb1f0d1e65  (/tmp/asan_pair8_a1_vulnerable_fghaja8f/target/debug/deps/pair8_a1_vulnerable-13a224def27da3f0+0x120e65) (BuildId: e33c5906b2417abb3d9d2b1d31633c9368cc8be4)
    #110 0x56bb1f0d1e65  (/tmp/asan_pair8_a1_vulnerable_fghaja8f/target/debug/deps/pair8_a1_vulnerable-13a224def27da3f0+0x120e65) (BuildId: e33c5906b2417abb3d9d2b1d31633c9368cc8be4)
    #111 0x56bb1f0d1e65  (/tmp/asan_pair8_a1_vulnerable_fghaja8f/target/debug/deps/pair8_a1_vulnerable-13a224def27da3f0+0x120e65) (BuildId: e33c5906b2417abb3d9d2b1d31633c9368cc8be4)
    #112 0x56bb1f0d1e65  (/tmp/asan_pair8_a1_vulnerable_fghaja8f/target/debug/deps/pair8_a1_vulnerable-13a224def27da3f0+0x120e65) (BuildId: e33c5906b2417abb3d9d2b1d31633c9368cc8be4)
    #113 0x56bb1f0d1e65  (/tmp/asan_pair8_a1_vulnerable_fghaja8f/target/debug/deps/pair8_a1_vulnerable-13a224def27da3f0+0x120e65) (BuildId: e33c5906b2417abb3d9d2b1d31633c9368cc8be4)
    #114 0x56bb1f0d1e65  (/tmp/asan_pair8_a1_vulnerable_fghaja8f/target/debug/deps/pair8_a1_vulnerable-13a224def27da3f0+0x120e65) (BuildId: e33c5906b2417abb3d9d2b1d31633c9368cc8be4)
    #115 0x56bb1f0d1e65  (/tmp/asan_pair8_a1_vulnerable_fghaja8f/target/debug/deps/pair8_a1_vulnerable-13a224def27da3f0+0x120e65) (BuildId: e33c5906b2417abb3d9d2b1d31633c9368cc8be4)
    #116 0x56bb1f0d1e65  (/tmp/asan_pair8_a1_vulnerable_fghaja8f/target/debug/deps/pair8_a1_vulnerable-13a224def27da3f0+0x120e65) (BuildId: e33c5906b2417abb3d9d2b1d31633c9368cc8be4)
    #117 0x56bb1f0d1e65  (/tmp/asan_pair8_a1_vulnerable_fghaja8f/target/debug/deps/pair8_a1_vulnerable-13a224def27da3f0+0x120e65) (BuildId: e33c5906b2417abb3d9d2b1d31633c9368cc8be4)
    #118 0x56bb1f0d1e65  (/tmp/asan_pair8_a1_vulnerable_fghaja8f/target/debug/deps/pair8_a1_vulnerable-13a224def27da3f0+0x120e65) (BuildId: e33c5906b2417abb3d9d2b1d31633c9368cc8be4)
    #119 0x56bb1f0d1e65  (/tmp/asan_pair8_a1_vulnerable_fghaja8f/target/debug/deps/pair8_a1_vulnerable-13a224def27da3f0+0x120e65) (BuildId: e33c5906b2417abb3d9d2b1d31633c9368cc8be4)
    #120 0x56bb1f0d1e65  (/tmp/asan_pair8_a1_vulnerable_fghaja8f/target/debug/deps/pair8_a1_vulnerable-13a224def27da3f0+0x120e65) (BuildId: e33c5906b2417abb3d9d2b1d31633c9368cc8be4)
    #121 0x56bb1f0d1e65  (/tmp/asan_pair8_a1_vulnerable_fghaja8f/target/debug/deps/pair8_a1_vulnerable-13a224def27da3f0+0x120e65) (BuildId: e33c5906b2417abb3d9d2b1d31633c9368cc8be4)
    #122 0x56bb1f0d1e65  (/tmp/asan_pair8_a1_vulnerable_fghaja8f/target/debug/deps/pair8_a1_vulnerable-13a224def27da3f0+0x120e65) (BuildId: e33c5906b2417abb3d9d2b1d31633c9368cc8be4)
    #123 0x56bb1f0d1e65  (/tmp/asan_pair8_a1_vulnerable_fghaja8f/target/debug/deps/pair8_a1_vulnerable-13a224def27da3f0+0x120e65) (BuildId: e33c5906b2417abb3d9d2b1d31633c9368cc8be4)
    #124 0x56bb1f0d1e65  (/tmp/asan_pair8_a1_vulnerable_fghaja8f/target/debug/deps/pair8_a1_vulnerable-13a224def27da3f0+0x120e65) (BuildId: e33c5906b2417abb3d9d2b1d31633c9368cc8be4)
    #125 0x56bb1f0d1e65  (/tmp/asan_pair8_a1_vulnerable_fghaja8f/target/debug/deps/pair8_a1_vulnerable-13a224def27da3f0+0x120e65) (BuildId: e33c5906b2417abb3d9d2b1d31633c9368cc8be4)
    #126 0x56bb1f0d1e65  (/tmp/asan_pair8_a1_vulnerable_fghaja8f/target/debug/deps/pair8_a1_vulnerable-13a224def27da3f0+0x120e65) (BuildId: e33c5906b2417abb3d9d2b1d31633c9368cc8be4)
    #127 0x56bb1f0d1e65  (/tmp/asan_pair8_a1_vulnerable_fghaja8f/target/debug/deps/pair8_a1_vulnerable-13a224def27da3f0+0x120e65) (BuildId: e33c5906b2417abb3d9d2b1d31633c9368cc8be4)
    #128 0x56bb1f0d1e65  (/tmp/asan_pair8_a1_vulnerable_fghaja8f/target/debug/deps/pair8_a1_vulnerable-13a224def27da3f0+0x120e65) (BuildId: e33c5906b2417abb3d9d2b1d31633c9368cc8be4)
    #129 0x56bb1f0d1e65  (/tmp/asan_pair8_a1_vulnerable_fghaja8f/target/debug/deps/pair8_a1_vulnerable-13a224def27da3f0+0x120e65) (BuildId: e33c5906b2417abb3d9d2b1d31633c9368cc8be4)
    #130 0x56bb1f0d1e65  (/tmp/asan_pair8_a1_vulnerable_fghaja8f/target/debug/deps/pair8_a1_vulnerable-13a224def27da3f0+0x120e65) (BuildId: e33c5906b2417abb3d9d2b1d31633c9368cc8be4)
    #131 0x56bb1f0d1e65  (/tmp/asan_pair8_a1_vulnerable_fghaja8f/target/debug/deps/pair8_a1_vulnerable-13a224def27da3f0+0x120e65) (BuildId: e33c5906b2417abb3d9d2b1d31633c9368cc8be4)
    #132 0x56bb1f0d1e65  (/tmp/asan_pair8_a1_vulnerable_fghaja8f/target/debug/deps/pair8_a1_vulnerable-13a224def27da3f0+0x120e65) (BuildId: e33c5906b2417abb3d9d2b1d31633c9368cc8be4)
    #133 0x56bb1f0d1e65  (/tmp/asan_pair8_a1_vulnerable_fghaja8f/target/debug/deps/pair8_a1_vulnerable-13a224def27da3f0+0x120e65) (BuildId: e33c5906b2417abb3d9d2b1d31633c9368cc8be4)
    #134 0x56bb1f0d1e65  (/tmp/asan_pair8_a1_vulnerable_fghaja8f/target/debug/deps/pair8_a1_vulnerable-13a224def27da3f0+0x120e65) (BuildId: e33c5906b2417abb3d9d2b1d31633c9368cc8be4)
    #135 0x56bb1f0d1e65  (/tmp/asan_pair8_a1_vulnerable_fghaja8f/target/debug/deps/pair8_a1_vulnerable-13a224def27da3f0+0x120e65) (BuildId: e33c5906b2417abb3d9d2b1d31633c9368cc8be4)
    #136 0x56bb1f0d1e65  (/tmp/asan_pair8_a1_vulnerable_fghaja8f/target/debug/deps/pair8_a1_vulnerable-13a224def27da3f0+0x120e65) (BuildId: e33c5906b2417abb3d9d2b1d31633c9368cc8be4)
    #137 0x56bb1f0d1e65  (/tmp/asan_pair8_a1_vulnerable_fghaja8f/target/debug/deps/pair8_a1_vulnerable-13a224def27da3f0+0x120e65) (BuildId: e33c5906b2417abb3d9d2b1d31633c9368cc8be4)
    #138 0x56bb1f0d1e65  (/tmp/asan_pair8_a1_vulnerable_fghaja8f/target/debug/deps/pair8_a1_vulnerable-13a224def27da3f0+0x120e65) (BuildId: e33c5906b2417abb3d9d2b1d31633c9368cc8be4)
    #139 0x56bb1f0d1e65  (/tmp/asan_pair8_a1_vulnerable_fghaja8f/target/debug/deps/pair8_a1_vulnerable-13a224def27da3f0+0x120e65) (BuildId: e33c5906b2417abb3d9d2b1d31633c9368cc8be4)
    #140 0x56bb1f0d1e65  (/tmp/asan_pair8_a1_vulnerable_fghaja8f/target/debug/deps/pair8_a1_vulnerable-13a224def27da3f0+0x120e65) (BuildId: e33c5906b2417abb3d9d2b1d31633c9368cc8be4)
    #141 0x56bb1f0d1e65  (/tmp/asan_pair8_a1_vulnerable_fghaja8f/target/debug/deps/pair8_a1_vulnerable-13a224def27da3f0+0x120e65) (BuildId: e33c5906b2417abb3d9d2b1d31633c9368cc8be4)
    #142 0x56bb1f0d1e65  (/tmp/asan_pair8_a1_vulnerable_fghaja8f/target/debug/deps/pair8_a1_vulnerable-13a224def27da3f0+0x120e65) (BuildId: e33c5906b2417abb3d9d2b1d31633c9368cc8be4)
    #143 0x56bb1f0d1e65  (/tmp/asan_pair8_a1_vulnerable_fghaja8f/target/debug/deps/pair8_a1_vulnerable-13a224def27da3f0+0x120e65) (BuildId: e33c5906b2417abb3d9d2b1d31633c9368cc8be4)
    #144 0x56bb1f0d1e65  (/tmp/asan_pair8_a1_vulnerable_fghaja8f/target/debug/deps/pair8_a1_vulnerable-13a224def27da3f0+0x120e65) (BuildId: e33c5906b2417abb3d9d2b1d31633c9368cc8be4)
    #145 0x56bb1f0d1e65  (/tmp/asan_pair8_a1_vulnerable_fghaja8f/target/debug/deps/pair8_a1_vulnerable-13a224def27da3f0+0x120e65) (BuildId: e33c5906b2417abb3d9d2b1d31633c9368cc8be4)
    #146 0x56bb1f0d1e65  (/tmp/asan_pair8_a1_vulnerable_fghaja8f/target/debug/deps/pair8_a1_vulnerable-13a224def27da3f0+0x120e65) (BuildId: e33c5906b2417abb3d9d2b1d31633c9368cc8be4)
    #147 0x56bb1f0d1e65  (/tmp/asan_pair8_a1_vulnerable_fghaja8f/target/debug/deps/pair8_a1_vulnerable-13a224def27da3f0+0x120e65) (BuildId: e33c5906b2417abb3d9d2b1d31633c9368cc8be4)
    #148 0x56bb1f0d1e65  (/tmp/asan_pair8_a1_vulnerable_fghaja8f/target/debug/deps/pair8_a1_vulnerable-13a224def27da3f0+0x120e65) (BuildId: e33c5906b2417abb3d9d2b1d31633c9368cc8be4)
    #149 0x56bb1f0d1e65  (/tmp/asan_pair8_a1_vulnerable_fghaja8f/target/debug/deps/pair8_a1_vulnerable-13a224def27da3f0+0x120e65) (BuildId: e33c5906b2417abb3d9d2b1d31633c9368cc8be4)
    #150 0x56bb1f0d1e65  (/tmp/asan_pair8_a1_vulnerable_fghaja8f/target/debug/deps/pair8_a1_vulnerable-13a224def27da3f0+0x120e65) (BuildId: e33c5906b2417abb3d9d2b1d31633c9368cc8be4)
    #151 0x56bb1f0d1e65  (/tmp/asan_pair8_a1_vulnerable_fghaja8f/target/debug/deps/pair8_a1_vulnerable-13a224def27da3f0+0x120e65) (BuildId: e33c5906b2417abb3d9d2b1d31633c9368cc8be4)
    #152 0x56bb1f0d1e65  (/tmp/asan_pair8_a1_vulnerable_fghaja8f/target/debug/deps/pair8_a1_vulnerable-13a224def27da3f0+0x120e65) (BuildId: e33c5906b2417abb3d9d2b1d31633c9368cc8be4)
    #153 0x56bb1f0d1e65  (/tmp/asan_pair8_a1_vulnerable_fghaja8f/target/debug/deps/pair8_a1_vulnerable-13a224def27da3f0+0x120e65) (BuildId: e33c5906b2417abb3d9d2b1d31633c9368cc8be4)
    #154 0x56bb1f0d1e65  (/tmp/asan_pair8_a1_vulnerable_fghaja8f/target/debug/deps/pair8_a1_vulnerable-13a224def27da3f0+0x120e65) (BuildId: e33c5906b2417abb3d9d2b1d31633c9368cc8be4)
    #155 0x56bb1f0d1e65  (/tmp/asan_pair8_a1_vulnerable_fghaja8f/target/debug/deps/pair8_a1_vulnerable-13a224def27da3f0+0x120e65) (BuildId: e33c5906b2417abb3d9d2b1d31633c9368cc8be4)
    #156 0x56bb1f0d1e65  (/tmp/asan_pair8_a1_vulnerable_fghaja8f/target/debug/deps/pair8_a1_vulnerable-13a224def27da3f0+0x120e65) (BuildId: e33c5906b2417abb3d9d2b1d31633c9368cc8be4)
    #157 0x56bb1f0d1e65  (/tmp/asan_pair8_a1_vulnerable_fghaja8f/target/debug/deps/pair8_a1_vulnerable-13a224def27da3f0+0x120e65) (BuildId: e33c5906b2417abb3d9d2b1d31633c9368cc8be4)
    #158 0x56bb1f0d1e65  (/tmp/asan_pair8_a1_vulnerable_fghaja8f/target/debug/deps/pair8_a1_vulnerable-13a224def27da3f0+0x120e65) (BuildId: e33c5906b2417abb3d9d2b1d31633c9368cc8be4)
    #159 0x56bb1f0d1e65  (/tmp/asan_pair8_a1_vulnerable_fghaja8f/target/debug/deps/pair8_a1_vulnerable-13a224def27da3f0+0x120e65) (BuildId: e33c5906b2417abb3d9d2b1d31633c9368cc8be4)
    #160 0x56bb1f0d1e65  (/tmp/asan_pair8_a1_vulnerable_fghaja8f/target/debug/deps/pair8_a1_vulnerable-13a224def27da3f0+0x120e65) (BuildId: e33c5906b2417abb3d9d2b1d31633c9368cc8be4)
    #161 0x56bb1f0d1e65  (/tmp/asan_pair8_a1_vulnerable_fghaja8f/target/debug/deps/pair8_a1_vulnerable-13a224def27da3f0+0x120e65) (BuildId: e33c5906b2417abb3d9d2b1d31633c9368cc8be4)
    #162 0x56bb1f0d1e65  (/tmp/asan_pair8_a1_vulnerable_fghaja8f/target/debug/deps/pair8_a1_vulnerable-13a224def27da3f0+0x120e65) (BuildId: e33c5906b2417abb3d9d2b1d31633c9368cc8be4)
    #163 0x56bb1f0d1e65  (/tmp/asan_pair8_a1_vulnerable_fghaja8f/target/debug/deps/pair8_a1_vulnerable-13a224def27da3f0+0x120e65) (BuildId: e33c5906b2417abb3d9d2b1d31633c9368cc8be4)
    #164 0x56bb1f0d1e65  (/tmp/asan_pair8_a1_vulnerable_fghaja8f/target/debug/deps/pair8_a1_vulnerable-13a224def27da3f0+0x120e65) (BuildId: e33c5906b2417abb3d9d2b1d31633c9368cc8be4)
    #165 0x56bb1f0d1e65  (/tmp/asan_pair8_a1_vulnerable_fghaja8f/target/debug/deps/pair8_a1_vulnerable-13a224def27da3f0+0x120e65) (BuildId: e33c5906b2417abb3d9d2b1d31633c9368cc8be4)
    #166 0x56bb1f0d1e65  (/tmp/asan_pair8_a1_vulnerable_fghaja8f/target/debug/deps/pair8_a1_vulnerable-13a224def27da3f0+0x120e65) (BuildId: e33c5906b2417abb3d9d2b1d31633c9368cc8be4)
    #167 0x56bb1f0d1e65  (/tmp/asan_pair8_a1_vulnerable_fghaja8f/target/debug/deps/pair8_a1_vulnerable-13a224def27da3f0+0x120e65) (BuildId: e33c5906b2417abb3d9d2b1d31633c9368cc8be4)
    #168 0x56bb1f0d1e65  (/tmp/asan_pair8_a1_vulnerable_fghaja8f/target/debug/deps/pair8_a1_vulnerable-13a224def27da3f0+0x120e65) (BuildId: e33c5906b2417abb3d9d2b1d31633c9368cc8be4)
    #169 0x56bb1f0d1e65  (/tmp/asan_pair8_a1_vulnerable_fghaja8f/target/debug/deps/pair8_a1_vulnerable-13a224def27da3f0+0x120e65) (BuildId: e33c5906b2417abb3d9d2b1d31633c9368cc8be4)
    #170 0x56bb1f0d1e65  (/tmp/asan_pair8_a1_vulnerable_fghaja8f/target/debug/deps/pair8_a1_vulnerable-13a224def27da3f0+0x120e65) (BuildId: e33c5906b2417abb3d9d2b1d31633c9368cc8be4)
    #171 0x56bb1f0d1e65  (/tmp/asan_pair8_a1_vulnerable_fghaja8f/target/debug/deps/pair8_a1_vulnerable-13a224def27da3f0+0x120e65) (BuildId: e33c5906b2417abb3d9d2b1d31633c9368cc8be4)
    #172 0x56bb1f0d1e65  (/tmp/asan_pair8_a1_vulnerable_fghaja8f/target/debug/deps/pair8_a1_vulnerable-13a224def27da3f0+0x120e65) (BuildId: e33c5906b2417abb3d9d2b1d31633c9368cc8be4)
    #173 0x56bb1f0d1e65  (/tmp/asan_pair8_a1_vulnerable_fghaja8f/target/debug/deps/pair8_a1_vulnerable-13a224def27da3f0+0x120e65) (BuildId: e33c5906b2417abb3d9d2b1d31633c9368cc8be4)
    #174 0x56bb1f0d1e65  (/tmp/asan_pair8_a1_vulnerable_fghaja8f/target/debug/deps/pair8_a1_vulnerable-13a224def27da3f0+0x120e65) (BuildId: e33c5906b2417abb3d9d2b1d31633c9368cc8be4)
    #175 0x56bb1f0d1e65  (/tmp/asan_pair8_a1_vulnerable_fghaja8f/target/debug/deps/pair8_a1_vulnerable-13a224def27da3f0+0x120e65) (BuildId: e33c5906b2417abb3d9d2b1d31633c9368cc8be4)
    #176 0x56bb1f0d1e65  (/tmp/asan_pair8_a1_vulnerable_fghaja8f/target/debug/deps/pair8_a1_vulnerable-13a224def27da3f0+0x120e65) (BuildId: e33c5906b2417abb3d9d2b1d31633c9368cc8be4)
    #177 0x56bb1f0d1e65  (/tmp/asan_pair8_a1_vulnerable_fghaja8f/target/debug/deps/pair8_a1_vulnerable-13a224def27da3f0+0x120e65) (BuildId: e33c5906b2417abb3d9d2b1d31633c9368cc8be4)
    #178 0x56bb1f0d1e65  (/tmp/asan_pair8_a1_vulnerable_fghaja8f/target/debug/deps/pair8_a1_vulnerable-13a224def27da3f0+0x120e65) (BuildId: e33c5906b2417abb3d9d2b1d31633c9368cc8be4)
    #179 0x56bb1f0d1e65  (/tmp/asan_pair8_a1_vulnerable_fghaja8f/target/debug/deps/pair8_a1_vulnerable-13a224def27da3f0+0x120e65) (BuildId: e33c5906b2417abb3d9d2b1d31633c9368cc8be4)
    #180 0x56bb1f0d1e65  (/tmp/asan_pair8_a1_vulnerable_fghaja8f/target/debug/deps/pair8_a1_vulnerable-13a224def27da3f0+0x120e65) (BuildId: e33c5906b2417abb3d9d2b1d31633c9368cc8be4)
    #181 0x56bb1f0d1e65  (/tmp/asan_pair8_a1_vulnerable_fghaja8f/target/debug/deps/pair8_a1_vulnerable-13a224def27da3f0+0x120e65) (BuildId: e33c5906b2417abb3d9d2b1d31633c9368cc8be4)
    #182 0x56bb1f0d1e65  (/tmp/asan_pair8_a1_vulnerable_fghaja8f/target/debug/deps/pair8_a1_vulnerable-13a224def27da3f0+0x120e65) (BuildId: e33c5906b2417abb3d9d2b1d31633c9368cc8be4)
    #183 0x56bb1f0d1e65  (/tmp/asan_pair8_a1_vulnerable_fghaja8f/target/debug/deps/pair8_a1_vulnerable-13a224def27da3f0+0x120e65) (BuildId: e33c5906b2417abb3d9d2b1d31633c9368cc8be4)
    #184 0x56bb1f0d1e65  (/tmp/asan_pair8_a1_vulnerable_fghaja8f/target/debug/deps/pair8_a1_vulnerable-13a224def27da3f0+0x120e65) (BuildId: e33c5906b2417abb3d9d2b1d31633c9368cc8be4)
    #185 0x56bb1f0d1e65  (/tmp/asan_pair8_a1_vulnerable_fghaja8f/target/debug/deps/pair8_a1_vulnerable-13a224def27da3f0+0x120e65) (BuildId: e33c5906b2417abb3d9d2b1d31633c9368cc8be4)
    #186 0x56bb1f0d1e65  (/tmp/asan_pair8_a1_vulnerable_fghaja8f/target/debug/deps/pair8_a1_vulnerable-13a224def27da3f0+0x120e65) (BuildId: e33c5906b2417abb3d9d2b1d31633c9368cc8be4)
    #187 0x56bb1f0d1e65  (/tmp/asan_pair8_a1_vulnerable_fghaja8f/target/debug/deps/pair8_a1_vulnerable-13a224def27da3f0+0x120e65) (BuildId: e33c5906b2417abb3d9d2b1d31633c9368cc8be4)
    #188 0x56bb1f0d1e65  (/tmp/asan_pair8_a1_vulnerable_fghaja8f/target/debug/deps/pair8_a1_vulnerable-13a224def27da3f0+0x120e65) (BuildId: e33c5906b2417abb3d9d2b1d31633c9368cc8be4)
    #189 0x56bb1f0d1e65  (/tmp/asan_pair8_a1_vulnerable_fghaja8f/target/debug/deps/pair8_a1_vulnerable-13a224def27da3f0+0x120e65) (BuildId: e33c5906b2417abb3d9d2b1d31633c9368cc8be4)
    #190 0x56bb1f0d1e65  (/tmp/asan_pair8_a1_vulnerable_fghaja8f/target/debug/deps/pair8_a1_vulnerable-13a224def27da3f0+0x120e65) (BuildId: e33c5906b2417abb3d9d2b1d31633c9368cc8be4)
    #191 0x56bb1f0d1e65  (/tmp/asan_pair8_a1_vulnerable_fghaja8f/target/debug/deps/pair8_a1_vulnerable-13a224def27da3f0+0x120e65) (BuildId: e33c5906b2417abb3d9d2b1d31633c9368cc8be4)
    #192 0x56bb1f0d1e65  (/tmp/asan_pair8_a1_vulnerable_fghaja8f/target/debug/deps/pair8_a1_vulnerable-13a224def27da3f0+0x120e65) (BuildId: e33c5906b2417abb3d9d2b1d31633c9368cc8be4)
    #193 0x56bb1f0d1e65  (/tmp/asan_pair8_a1_vulnerable_fghaja8f/target/debug/deps/pair8_a1_vulnerable-13a224def27da3f0+0x120e65) (BuildId: e33c5906b2417abb3d9d2b1d31633c9368cc8be4)
    #194 0x56bb1f0d1e65  (/tmp/asan_pair8_a1_vulnerable_fghaja8f/target/debug/deps/pair8_a1_vulnerable-13a224def27da3f0+0x120e65) (BuildId: e33c5906b2417abb3d9d2b1d31633c9368cc8be4)
    #195 0x56bb1f0d1e65  (/tmp/asan_pair8_a1_vulnerable_fghaja8f/target/debug/deps/pair8_a1_vulnerable-13a224def27da3f0+0x120e65) (BuildId: e33c5906b2417abb3d9d2b1d31633c9368cc8be4)
    #196 0x56bb1f0d1e65  (/tmp/asan_pair8_a1_vulnerable_fghaja8f/target/debug/deps/pair8_a1_vulnerable-13a224def27da3f0+0x120e65) (BuildId: e33c5906b2417abb3d9d2b1d31633c9368cc8be4)
    #197 0x56bb1f0d1e65  (/tmp/asan_pair8_a1_vulnerable_fghaja8f/target/debug/deps/pair8_a1_vulnerable-13a224def27da3f0+0x120e65) (BuildId: e33c5906b2417abb3d9d2b1d31633c9368cc8be4)
    #198 0x56bb1f0d1e65  (/tmp/asan_pair8_a1_vulnerable_fghaja8f/target/debug/deps/pair8_a1_vulnerable-13a224def27da3f0+0x120e65) (BuildId: e33c5906b2417abb3d9d2b1d31633c9368cc8be4)
    #199 0x56bb1f0d1e65  (/tmp/asan_pair8_a1_vulnerable_fghaja8f/target/debug/deps/pair8_a1_vulnerable-13a224def27da3f0+0x120e65) (BuildId: e33c5906b2417abb3d9d2b1d31633c9368cc8be4)
    #200 0x56bb1f0d1e65  (/tmp/asan_pair8_a1_vulnerable_fghaja8f/target/debug/deps/pair8_a1_vulnerable-13a224def27da3f0+0x120e65) (BuildId: e33c5906b2417abb3d9d2b1d31633c9368cc8be4)
    #201 0x56bb1f0d1e65  (/tmp/asan_pair8_a1_vulnerable_fghaja8f/target/debug/deps/pair8_a1_vulnerable-13a224def27da3f0+0x120e65) (BuildId: e33c5906b2417abb3d9d2b1d31633c9368cc8be4)
    #202 0x56bb1f0d1e65  (/tmp/asan_pair8_a1_vulnerable_fghaja8f/target/debug/deps/pair8_a1_vulnerable-13a224def27da3f0+0x120e65) (BuildId: e33c5906b2417abb3d9d2b1d31633c9368cc8be4)
    #203 0x56bb1f0d1e65  (/tmp/asan_pair8_a1_vulnerable_fghaja8f/target/debug/deps/pair8_a1_vulnerable-13a224def27da3f0+0x120e65) (BuildId: e33c5906b2417abb3d9d2b1d31633c9368cc8be4)
    #204 0x56bb1f0d1e65  (/tmp/asan_pair8_a1_vulnerable_fghaja8f/target/debug/deps/pair8_a1_vulnerable-13a224def27da3f0+0x120e65) (BuildId: e33c5906b2417abb3d9d2b1d31633c9368cc8be4)
    #205 0x56bb1f0d1e65  (/tmp/asan_pair8_a1_vulnerable_fghaja8f/target/debug/deps/pair8_a1_vulnerable-13a224def27da3f0+0x120e65) (BuildId: e33c5906b2417abb3d9d2b1d31633c9368cc8be4)
    #206 0x56bb1f0d1e65  (/tmp/asan_pair8_a1_vulnerable_fghaja8f/target/debug/deps/pair8_a1_vulnerable-13a224def27da3f0+0x120e65) (BuildId: e33c5906b2417abb3d9d2b1d31633c9368cc8be4)
    #207 0x56bb1f0d1e65  (/tmp/asan_pair8_a1_vulnerable_fghaja8f/target/debug/deps/pair8_a1_vulnerable-13a224def27da3f0+0x120e65) (BuildId: e33c5906b2417abb3d9d2b1d31633c9368cc8be4)
    #208 0x56bb1f0d1e65  (/tmp/asan_pair8_a1_vulnerable_fghaja8f/target/debug/deps/pair8_a1_vulnerable-13a224def27da3f0+0x120e65) (BuildId: e33c5906b2417abb3d9d2b1d31633c9368cc8be4)
    #209 0x56bb1f0d1e65  (/tmp/asan_pair8_a1_vulnerable_fghaja8f/target/debug/deps/pair8_a1_vulnerable-13a224def27da3f0+0x120e65) (BuildId: e33c5906b2417abb3d9d2b1d31633c9368cc8be4)
    #210 0x56bb1f0d1e65  (/tmp/asan_pair8_a1_vulnerable_fghaja8f/target/debug/deps/pair8_a1_vulnerable-13a224def27da3f0+0x120e65) (BuildId: e33c5906b2417abb3d9d2b1d31633c9368cc8be4)
    #211 0x56bb1f0d1e65  (/tmp/asan_pair8_a1_vulnerable_fghaja8f/target/debug/deps/pair8_a1_vulnerable-13a224def27da3f0+0x120e65) (BuildId: e33c5906b2417abb3d9d2b1d31633c9368cc8be4)
    #212 0x56bb1f0d1e65  (/tmp/asan_pair8_a1_vulnerable_fghaja8f/target/debug/deps/pair8_a1_vulnerable-13a224def27da3f0+0x120e65) (BuildId: e33c5906b2417abb3d9d2b1d31633c9368cc8be4)
    #213 0x56bb1f0d1e65  (/tmp/asan_pair8_a1_vulnerable_fghaja8f/target/debug/deps/pair8_a1_vulnerable-13a224def27da3f0+0x120e65) (BuildId: e33c5906b2417abb3d9d2b1d31633c9368cc8be4)
    #214 0x56bb1f0d1e65  (/tmp/asan_pair8_a1_vulnerable_fghaja8f/target/debug/deps/pair8_a1_vulnerable-13a224def27da3f0+0x120e65) (BuildId: e33c5906b2417abb3d9d2b1d31633c9368cc8be4)
    #215 0x56bb1f0d1e65  (/tmp/asan_pair8_a1_vulnerable_fghaja8f/target/debug/deps/pair8_a1_vulnerable-13a224def27da3f0+0x120e65) (BuildId: e33c5906b2417abb3d9d2b1d31633c9368cc8be4)
    #216 0x56bb1f0d1e65  (/tmp/asan_pair8_a1_vulnerable_fghaja8f/target/debug/deps/pair8_a1_vulnerable-13a224def27da3f0+0x120e65) (BuildId: e33c5906b2417abb3d9d2b1d31633c9368cc8be4)
    #217 0x56bb1f0d1e65  (/tmp/asan_pair8_a1_vulnerable_fghaja8f/target/debug/deps/pair8_a1_vulnerable-13a224def27da3f0+0x120e65) (BuildId: e33c5906b2417abb3d9d2b1d31633c9368cc8be4)
    #218 0x56bb1f0d1e65  (/tmp/asan_pair8_a1_vulnerable_fghaja8f/target/debug/deps/pair8_a1_vulnerable-13a224def27da3f0+0x120e65) (BuildId: e33c5906b2417abb3d9d2b1d31633c9368cc8be4)
    #219 0x56bb1f0d1e65  (/tmp/asan_pair8_a1_vulnerable_fghaja8f/target/debug/deps/pair8_a1_vulnerable-13a224def27da3f0+0x120e65) (BuildId: e33c5906b2417abb3d9d2b1d31633c9368cc8be4)
    #220 0x56bb1f0d1e65  (/tmp/asan_pair8_a1_vulnerable_fghaja8f/target/debug/deps/pair8_a1_vulnerable-13a224def27da3f0+0x120e65) (BuildId: e33c5906b2417abb3d9d2b1d31633c9368cc8be4)
    #221 0x56bb1f0d1e65  (/tmp/asan_pair8_a1_vulnerable_fghaja8f/target/debug/deps/pair8_a1_vulnerable-13a224def27da3f0+0x120e65) (BuildId: e33c5906b2417abb3d9d2b1d31633c9368cc8be4)
    #222 0x56bb1f0d1e65  (/tmp/asan_pair8_a1_vulnerable_fghaja8f/target/debug/deps/pair8_a1_vulnerable-13a224def27da3f0+0x120e65) (BuildId: e33c5906b2417abb3d9d2b1d31633c9368cc8be4)
    #223 0x56bb1f0d1e65  (/tmp/asan_pair8_a1_vulnerable_fghaja8f/target/debug/deps/pair8_a1_vulnerable-13a224def27da3f0+0x120e65) (BuildId: e33c5906b2417abb3d9d2b1d31633c9368cc8be4)
    #224 0x56bb1f0d1e65  (/tmp/asan_pair8_a1_vulnerable_fghaja8f/target/debug/deps/pair8_a1_vulnerable-13a224def27da3f0+0x120e65) (BuildId: e33c5906b2417abb3d9d2b1d31633c9368cc8be4)
    #225 0x56bb1f0d1e65  (/tmp/asan_pair8_a1_vulnerable_fghaja8f/target/debug/deps/pair8_a1_vulnerable-13a224def27da3f0+0x120e65) (BuildId: e33c5906b2417abb3d9d2b1d31633c9368cc8be4)
    #226 0x56bb1f0d1e65  (/tmp/asan_pair8_a1_vulnerable_fghaja8f/target/debug/deps/pair8_a1_vulnerable-13a224def27da3f0+0x120e65) (BuildId: e33c5906b2417abb3d9d2b1d31633c9368cc8be4)
    #227 0x56bb1f0d1e65  (/tmp/asan_pair8_a1_vulnerable_fghaja8f/target/debug/deps/pair8_a1_vulnerable-13a224def27da3f0+0x120e65) (BuildId: e33c5906b2417abb3d9d2b1d31633c9368cc8be4)
    #228 0x56bb1f0d1e65  (/tmp/asan_pair8_a1_vulnerable_fghaja8f/target/debug/deps/pair8_a1_vulnerable-13a224def27da3f0+0x120e65) (BuildId: e33c5906b2417abb3d9d2b1d31633c9368cc8be4)
    #229 0x56bb1f0d1e65  (/tmp/asan_pair8_a1_vulnerable_fghaja8f/target/debug/deps/pair8_a1_vulnerable-13a224def27da3f0+0x120e65) (BuildId: e33c5906b2417abb3d9d2b1d31633c9368cc8be4)
    #230 0x56bb1f0d1e65  (/tmp/asan_pair8_a1_vulnerable_fghaja8f/target/debug/deps/pair8_a1_vulnerable-13a224def27da3f0+0x120e65) (BuildId: e33c5906b2417abb3d9d2b1d31633c9368cc8be4)
    #231 0x56bb1f0d1e65  (/tmp/asan_pair8_a1_vulnerable_fghaja8f/target/debug/deps/pair8_a1_vulnerable-13a224def27da3f0+0x120e65) (BuildId: e33c5906b2417abb3d9d2b1d31633c9368cc8be4)
    #232 0x56bb1f0d1e65  (/tmp/asan_pair8_a1_vulnerable_fghaja8f/target/debug/deps/pair8_a1_vulnerable-13a224def27da3f0+0x120e65) (BuildId: e33c5906b2417abb3d9d2b1d31633c9368cc8be4)
    #233 0x56bb1f0d1e65  (/tmp/asan_pair8_a1_vulnerable_fghaja8f/target/debug/deps/pair8_a1_vulnerable-13a224def27da3f0+0x120e65) (BuildId: e33c5906b2417abb3d9d2b1d31633c9368cc8be4)
    #234 0x56bb1f0d1e65  (/tmp/asan_pair8_a1_vulnerable_fghaja8f/target/debug/deps/pair8_a1_vulnerable-13a224def27da3f0+0x120e65) (BuildId: e33c5906b2417abb3d9d2b1d31633c9368cc8be4)
    #235 0x56bb1f0d1e65  (/tmp/asan_pair8_a1_vulnerable_fghaja8f/target/debug/deps/pair8_a1_vulnerable-13a224def27da3f0+0x120e65) (BuildId: e33c5906b2417abb3d9d2b1d31633c9368cc8be4)
    #236 0x56bb1f0d1e65  (/tmp/asan_pair8_a1_vulnerable_fghaja8f/target/debug/deps/pair8_a1_vulnerable-13a224def27da3f0+0x120e65) (BuildId: e33c5906b2417abb3d9d2b1d31633c9368cc8be4)
    #237 0x56bb1f0d1e65  (/tmp/asan_pair8_a1_vulnerable_fghaja8f/target/debug/deps/pair8_a1_vulnerable-13a224def27da3f0+0x120e65) (BuildId: e33c5906b2417abb3d9d2b1d31633c9368cc8be4)
    #238 0x56bb1f0d1e65  (/tmp/asan_pair8_a1_vulnerable_fghaja8f/target/debug/deps/pair8_a1_vulnerable-13a224def27da3f0+0x120e65) (BuildId: e33c5906b2417abb3d9d2b1d31633c9368cc8be4)
    #239 0x56bb1f0d1e65  (/tmp/asan_pair8_a1_vulnerable_fghaja8f/target/debug/deps/pair8_a1_vulnerable-13a224def27da3f0+0x120e65) (BuildId: e33c5906b2417abb3d9d2b1d31633c9368cc8be4)
    #240 0x56bb1f0d1e65  (/tmp/asan_pair8_a1_vulnerable_fghaja8f/target/debug/deps/pair8_a1_vulnerable-13a224def27da3f0+0x120e65) (BuildId: e33c5906b2417abb3d9d2b1d31633c9368cc8be4)
    #241 0x56bb1f0d1e65  (/tmp/asan_pair8_a1_vulnerable_fghaja8f/target/debug/deps/pair8_a1_vulnerable-13a224def27da3f0+0x120e65) (BuildId: e33c5906b2417abb3d9d2b1d31633c9368cc8be4)
    #242 0x56bb1f0d1e65  (/tmp/asan_pair8_a1_vulnerable_fghaja8f/target/debug/deps/pair8_a1_vulnerable-13a224def27da3f0+0x120e65) (BuildId: e33c5906b2417abb3d9d2b1d31633c9368cc8be4)
    #243 0x56bb1f0d1e65  (/tmp/asan_pair8_a1_vulnerable_fghaja8f/target/debug/deps/pair8_a1_vulnerable-13a224def27da3f0+0x120e65) (BuildId: e33c5906b2417abb3d9d2b1d31633c9368cc8be4)
    #244 0x56bb1f0d1e65  (/tmp/asan_pair8_a1_vulnerable_fghaja8f/target/debug/deps/pair8_a1_vulnerable-13a224def27da3f0+0x120e65) (BuildId: e33c5906b2417abb3d9d2b1d31633c9368cc8be4)
    #245 0x56bb1f0d1e65  (/tmp/asan_pair8_a1_vulnerable_fghaja8f/target/debug/deps/pair8_a1_vulnerable-13a224def27da3f0+0x120e65) (BuildId: e33c5906b2417abb3d9d2b1d31633c9368cc8be4)
    #246 0x56bb1f0d1e65  (/tmp/asan_pair8_a1_vulnerable_fghaja8f/target/debug/deps/pair8_a1_vulnerable-13a224def27da3f0+0x120e65) (BuildId: e33c5906b2417abb3d9d2b1d31633c9368cc8be4)

SUMMARY: AddressSanitizer: stack-overflow (/tmp/asan_pair8_a1_vulnerable_fghaja8f/target/debug/deps/pair8_a1_vulnerable-13a224def27da3f0+0x122313) (BuildId: e33c5906b2417abb3d9d2b1d31633c9368cc8be4) 
Thread T1 created by T0 here:
    #0 0x56bb1f087b41  (/tmp/asan_pair8_a1_vulnerable_fghaja8f/target/debug/deps/pair8_a1_vulnerable-13a224def27da3f0+0xd6b41) (BuildId: e33c5906b2417abb3d9d2b1d31633c9368cc8be4)
    #1 0x56bb1f12d59f  (/tmp/asan_pair8_a1_vulnerable_fghaja8f/target/debug/deps/pair8_a1_vulnerable-13a224def27da3f0+0x17c59f) (BuildId: e33c5906b2417abb3d9d2b1d31633c9368cc8be4)
    #2 0x56bb1f10becd  (/tmp/asan_pair8_a1_vulnerable_fghaja8f/target/debug/deps/pair8_a1_vulnerable-13a224def27da3f0+0x15aecd) (BuildId: e33c5906b2417abb3d9d2b1d31633c9368cc8be4)
    #3 0x56bb1f105214  (/tmp/asan_pair8_a1_vulnerable_fghaja8f/target/debug/deps/pair8_a1_vulnerable-13a224def27da3f0+0x154214) (BuildId: e33c5906b2417abb3d9d2b1d31633c9368cc8be4)
    #4 0x56bb1f10e855  (/tmp/asan_pair8_a1_vulnerable_fghaja8f/target/debug/deps/pair8_a1_vulnerable-13a224def27da3f0+0x15d855) (BuildId: e33c5906b2417abb3d9d2b1d31633c9368cc8be4)
    #5 0x56bb1f0f75aa  (/tmp/asan_pair8_a1_vulnerable_fghaja8f/target/debug/deps/pair8_a1_vulnerable-13a224def27da3f0+0x1465aa) (BuildId: e33c5906b2417abb3d9d2b1d31633c9368cc8be4)
    #6 0x56bb1f0d17a2  (/tmp/asan_pair8_a1_vulnerable_fghaja8f/target/debug/deps/pair8_a1_vulnerable-13a224def27da3f0+0x1207a2) (BuildId: e33c5906b2417abb3d9d2b1d31633c9368cc8be4)
    #7 0x56bb1f0d65cf  (/tmp/asan_pair8_a1_vulnerable_fghaja8f/target/debug/deps/pair8_a1_vulnerable-13a224def27da3f0+0x1255cf) (BuildId: e33c5906b2417abb3d9d2b1d31633c9368cc8be4)
    #8 0x56bb1f0d259d  (/tmp/asan_pair8_a1_vulnerable_fghaja8f/target/debug/deps/pair8_a1_vulnerable-13a224def27da3f0+0x12159d) (BuildId: e33c5906b2417abb3d9d2b1d31633c9368cc8be4)

==3827998==ABORTING
error: test failed, to rerun pass `--lib`

Caused by:
  process didn't exit successfully: `/tmp/asan_pair8_a1_vulnerable_fghaja8f/target/debug/deps/pair8_a1_vulnerable-13a224def27da3f0 --nocapture` (exit status: 1)
