$ (cwd=/tmp/asan_pair17_vulnerable_hdqzac20) cargo +nightly test --lib -- --nocapture

   Compiling pair17_vulnerable v0.1.0 (/tmp/asan_pair17_vulnerable_hdqzac20)
    Finished `test` profile [unoptimized + debuginfo] target(s) in 0.19s
     Running unittests src/lib.rs (target/debug/deps/pair17_vulnerable-12aaf8411fe1cebb)

running 1 test
=================================================================
==3495739==ERROR: AddressSanitizer: heap-buffer-overflow on address 0x77526a7e2078 at pc 0x5a936a20e10e bp 0x7712681fe190 sp 0x7712681fe188
WRITE of size 4 at 0x77526a7e2078 thread T1
    #0 0x5a936a20e10d  (/tmp/asan_pair17_vulnerable_hdqzac20/target/debug/deps/pair17_vulnerable-12aaf8411fe1cebb+0x12410d) (BuildId: 9cc25b34b36b32c848d556da31cef09a1c778fcf)
    #1 0x5a936a20c658  (/tmp/asan_pair17_vulnerable_hdqzac20/target/debug/deps/pair17_vulnerable-12aaf8411fe1cebb+0x122658) (BuildId: 9cc25b34b36b32c848d556da31cef09a1c778fcf)
    #2 0x5a936a20a056  (/tmp/asan_pair17_vulnerable_hdqzac20/target/debug/deps/pair17_vulnerable-12aaf8411fe1cebb+0x120056) (BuildId: 9cc25b34b36b32c848d556da31cef09a1c778fcf)
    #3 0x5a936a20c0c5  (/tmp/asan_pair17_vulnerable_hdqzac20/target/debug/deps/pair17_vulnerable-12aaf8411fe1cebb+0x1220c5) (BuildId: 9cc25b34b36b32c848d556da31cef09a1c778fcf)
    #4 0x5a936a22f41a  (/tmp/asan_pair17_vulnerable_hdqzac20/target/debug/deps/pair17_vulnerable-12aaf8411fe1cebb+0x14541a) (BuildId: 9cc25b34b36b32c848d556da31cef09a1c778fcf)
    #5 0x5a936a244e04  (/tmp/asan_pair17_vulnerable_hdqzac20/target/debug/deps/pair17_vulnerable-12aaf8411fe1cebb+0x15ae04) (BuildId: 9cc25b34b36b32c848d556da31cef09a1c778fcf)
    #6 0x5a936a21b823  (/tmp/asan_pair17_vulnerable_hdqzac20/target/debug/deps/pair17_vulnerable-12aaf8411fe1cebb+0x131823) (BuildId: 9cc25b34b36b32c848d556da31cef09a1c778fcf)
    #7 0x5a936a21f209  (/tmp/asan_pair17_vulnerable_hdqzac20/target/debug/deps/pair17_vulnerable-12aaf8411fe1cebb+0x135209) (BuildId: 9cc25b34b36b32c848d556da31cef09a1c778fcf)
    #8 0x5a936a264e2e  (/tmp/asan_pair17_vulnerable_hdqzac20/target/debug/deps/pair17_vulnerable-12aaf8411fe1cebb+0x17ae2e) (BuildId: 9cc25b34b36b32c848d556da31cef09a1c778fcf)
    #9 0x5a936a1d9c06  (/tmp/asan_pair17_vulnerable_hdqzac20/target/debug/deps/pair17_vulnerable-12aaf8411fe1cebb+0xefc06) (BuildId: 9cc25b34b36b32c848d556da31cef09a1c778fcf)
    #10 0x7b126b494ac2  (/lib/x86_64-linux-gnu/libc.so.6+0x94ac2) (BuildId: d5197096f709801829b118af1b7cf6631efa2dcd)
    #11 0x7b126b52684f  (/lib/x86_64-linux-gnu/libc.so.6+0x12684f) (BuildId: d5197096f709801829b118af1b7cf6631efa2dcd)

0x77526a7e2078 is located 0 bytes after 40-byte region [0x77526a7e2050,0x77526a7e2078)
allocated by thread T1 here:
    #0 0x5a936a1dbf19  (/tmp/asan_pair17_vulnerable_hdqzac20/target/debug/deps/pair17_vulnerable-12aaf8411fe1cebb+0xf1f19) (BuildId: 9cc25b34b36b32c848d556da31cef09a1c778fcf)
    #1 0x5a936a2953a7  (/tmp/asan_pair17_vulnerable_hdqzac20/target/debug/deps/pair17_vulnerable-12aaf8411fe1cebb+0x1ab3a7) (BuildId: 9cc25b34b36b32c848d556da31cef09a1c778fcf)
    #2 0x5a936a20b8c7  (/tmp/asan_pair17_vulnerable_hdqzac20/target/debug/deps/pair17_vulnerable-12aaf8411fe1cebb+0x1218c7) (BuildId: 9cc25b34b36b32c848d556da31cef09a1c778fcf)
    #3 0x5a936a20b1a8  (/tmp/asan_pair17_vulnerable_hdqzac20/target/debug/deps/pair17_vulnerable-12aaf8411fe1cebb+0x1211a8) (BuildId: 9cc25b34b36b32c848d556da31cef09a1c778fcf)
    #4 0x5a936a20c647  (/tmp/asan_pair17_vulnerable_hdqzac20/target/debug/deps/pair17_vulnerable-12aaf8411fe1cebb+0x122647) (BuildId: 9cc25b34b36b32c848d556da31cef09a1c778fcf)
    #5 0x5a936a20a056  (/tmp/asan_pair17_vulnerable_hdqzac20/target/debug/deps/pair17_vulnerable-12aaf8411fe1cebb+0x120056) (BuildId: 9cc25b34b36b32c848d556da31cef09a1c778fcf)
    #6 0x5a936a244e04  (/tmp/asan_pair17_vulnerable_hdqzac20/target/debug/deps/pair17_vulnerable-12aaf8411fe1cebb+0x15ae04) (BuildId: 9cc25b34b36b32c848d556da31cef09a1c778fcf)
    #7 0x5a936a21b823  (/tmp/asan_pair17_vulnerable_hdqzac20/target/debug/deps/pair17_vulnerable-12aaf8411fe1cebb+0x131823) (BuildId: 9cc25b34b36b32c848d556da31cef09a1c778fcf)
    #8 0x5a936a21f209  (/tmp/asan_pair17_vulnerable_hdqzac20/target/debug/deps/pair17_vulnerable-12aaf8411fe1cebb+0x135209) (BuildId: 9cc25b34b36b32c848d556da31cef09a1c778fcf)
    #9 0x5a936a264e2e  (/tmp/asan_pair17_vulnerable_hdqzac20/target/debug/deps/pair17_vulnerable-12aaf8411fe1cebb+0x17ae2e) (BuildId: 9cc25b34b36b32c848d556da31cef09a1c778fcf)
    #10 0x5a936a1d9c06  (/tmp/asan_pair17_vulnerable_hdqzac20/target/debug/deps/pair17_vulnerable-12aaf8411fe1cebb+0xefc06) (BuildId: 9cc25b34b36b32c848d556da31cef09a1c778fcf)

Thread T1 created by T0 here:
    #0 0x5a936a1c0631  (/tmp/asan_pair17_vulnerable_hdqzac20/target/debug/deps/pair17_vulnerable-12aaf8411fe1cebb+0xd6631) (BuildId: 9cc25b34b36b32c848d556da31cef09a1c778fcf)
    #1 0x5a936a26504f  (/tmp/asan_pair17_vulnerable_hdqzac20/target/debug/deps/pair17_vulnerable-12aaf8411fe1cebb+0x17b04f) (BuildId: 9cc25b34b36b32c848d556da31cef09a1c778fcf)
    #2 0x5a936a24397d  (/tmp/asan_pair17_vulnerable_hdqzac20/target/debug/deps/pair17_vulnerable-12aaf8411fe1cebb+0x15997d) (BuildId: 9cc25b34b36b32c848d556da31cef09a1c778fcf)
    #3 0x5a936a23ccc4  (/tmp/asan_pair17_vulnerable_hdqzac20/target/debug/deps/pair17_vulnerable-12aaf8411fe1cebb+0x152cc4) (BuildId: 9cc25b34b36b32c848d556da31cef09a1c778fcf)
    #4 0x5a936a246305  (/tmp/asan_pair17_vulnerable_hdqzac20/target/debug/deps/pair17_vulnerable-12aaf8411fe1cebb+0x15c305) (BuildId: 9cc25b34b36b32c848d556da31cef09a1c778fcf)
    #5 0x5a936a22f05a  (/tmp/asan_pair17_vulnerable_hdqzac20/target/debug/deps/pair17_vulnerable-12aaf8411fe1cebb+0x14505a) (BuildId: 9cc25b34b36b32c848d556da31cef09a1c778fcf)
    #6 0x5a936a20dc42  (/tmp/asan_pair17_vulnerable_hdqzac20/target/debug/deps/pair17_vulnerable-12aaf8411fe1cebb+0x123c42) (BuildId: 9cc25b34b36b32c848d556da31cef09a1c778fcf)
    #7 0x5a936a20bfbf  (/tmp/asan_pair17_vulnerable_hdqzac20/target/debug/deps/pair17_vulnerable-12aaf8411fe1cebb+0x121fbf) (BuildId: 9cc25b34b36b32c848d556da31cef09a1c778fcf)
    #8 0x5a936a20e14d  (/tmp/asan_pair17_vulnerable_hdqzac20/target/debug/deps/pair17_vulnerable-12aaf8411fe1cebb+0x12414d) (BuildId: 9cc25b34b36b32c848d556da31cef09a1c778fcf)

SUMMARY: AddressSanitizer: heap-buffer-overflow (/tmp/asan_pair17_vulnerable_hdqzac20/target/debug/deps/pair17_vulnerable-12aaf8411fe1cebb+0x12410d) (BuildId: 9cc25b34b36b32c848d556da31cef09a1c778fcf) 
Shadow bytes around the buggy address:
  0x77526a7e1d80: fa fa fa fa fa fa fa fa fa fa fa fa fa fa fa fa
  0x77526a7e1e00: fa fa fa fa fa fa fa fa fa fa fa fa fa fa fa fa
  0x77526a7e1e80: fa fa fa fa fa fa fa fa fa fa fa fa fa fa fa fa
  0x77526a7e1f00: fa fa fa fa fa fa fa fa fa fa fa fa fa fa fa fa
  0x77526a7e1f80: fa fa fa fa fa fa fa fa fa fa fa fa fa fa fa fa
=>0x77526a7e2000: fa fa 00 00 00 00 00 00 fa fa 00 00 00 00 00[fa]
  0x77526a7e2080: fa fa fa fa fa fa fa fa fa fa fa fa fa fa fa fa
  0x77526a7e2100: fa fa fa fa fa fa fa fa fa fa fa fa fa fa fa fa
  0x77526a7e2180: fa fa fa fa fa fa fa fa fa fa fa fa fa fa fa fa
  0x77526a7e2200: fa fa fa fa fa fa fa fa fa fa fa fa fa fa fa fa
  0x77526a7e2280: fa fa fa fa fa fa fa fa fa fa fa fa fa fa fa fa
Shadow byte legend (one shadow byte represents 8 application bytes):
  Addressable:           00
  Partially addressable: 01 02 03 04 05 06 07 
  Heap left redzone:       fa
  Freed heap region:       fd
  Stack left redzone:      f1
  Stack mid redzone:       f2
  Stack right redzone:     f3
  Stack after return:      f5
  Stack use after scope:   f8
  Global redzone:          f9
  Global init order:       f6
  Poisoned by user:        f7
  Container overflow:      fc
  Array cookie:            ac
  Intra object redzone:    bb
  ASan internal:           fe
  Left alloca redzone:     ca
  Right alloca redzone:    cb
==3495739==ABORTING
error: test failed, to rerun pass `--lib`

Caused by:
  process didn't exit successfully: `/tmp/asan_pair17_vulnerable_hdqzac20/target/debug/deps/pair17_vulnerable-12aaf8411fe1cebb --nocapture` (exit status: 1)
