$ (cwd=/tmp/asan_pair19_vulnerable_iwhowadc) cargo +nightly test --lib -- --nocapture

   Compiling pair19_vulnerable v0.1.0 (/tmp/asan_pair19_vulnerable_iwhowadc)
    Finished `test` profile [unoptimized + debuginfo] target(s) in 0.21s
     Running unittests src/lib.rs (target/debug/deps/pair19_vulnerable-d284d2f5c035ec52)

running 1 test
=================================================================
==3485875==ERROR: AddressSanitizer: heap-buffer-overflow on address 0x79ef70fe4015 at pc 0x5a8f6dfda86b bp 0x79cf6e9fe150 sp 0x79cf6e9fd910
READ of size 5 at 0x79ef70fe4015 thread T1
    #0 0x5a8f6dfda86a  (/tmp/asan_pair19_vulnerable_iwhowadc/target/debug/deps/pair19_vulnerable-d284d2f5c035ec52+0xf086a) (BuildId: 6ad202ae895eb29ae6e73fd5452e35be3c1ed69f)
    #1 0x5a8f6e00dd7b  (/tmp/asan_pair19_vulnerable_iwhowadc/target/debug/deps/pair19_vulnerable-d284d2f5c035ec52+0x123d7b) (BuildId: 6ad202ae895eb29ae6e73fd5452e35be3c1ed69f)
    #2 0x5a8f6e00b58f  (/tmp/asan_pair19_vulnerable_iwhowadc/target/debug/deps/pair19_vulnerable-d284d2f5c035ec52+0x12158f) (BuildId: 6ad202ae895eb29ae6e73fd5452e35be3c1ed69f)
    #3 0x5a8f6e00cad6  (/tmp/asan_pair19_vulnerable_iwhowadc/target/debug/deps/pair19_vulnerable-d284d2f5c035ec52+0x122ad6) (BuildId: 6ad202ae895eb29ae6e73fd5452e35be3c1ed69f)
    #4 0x5a8f6e00c8a5  (/tmp/asan_pair19_vulnerable_iwhowadc/target/debug/deps/pair19_vulnerable-d284d2f5c035ec52+0x1228a5) (BuildId: 6ad202ae895eb29ae6e73fd5452e35be3c1ed69f)
    #5 0x5a8f6e03011a  (/tmp/asan_pair19_vulnerable_iwhowadc/target/debug/deps/pair19_vulnerable-d284d2f5c035ec52+0x14611a) (BuildId: 6ad202ae895eb29ae6e73fd5452e35be3c1ed69f)
    #6 0x5a8f6e045b04  (/tmp/asan_pair19_vulnerable_iwhowadc/target/debug/deps/pair19_vulnerable-d284d2f5c035ec52+0x15bb04) (BuildId: 6ad202ae895eb29ae6e73fd5452e35be3c1ed69f)
    #7 0x5a8f6e01c523  (/tmp/asan_pair19_vulnerable_iwhowadc/target/debug/deps/pair19_vulnerable-d284d2f5c035ec52+0x132523) (BuildId: 6ad202ae895eb29ae6e73fd5452e35be3c1ed69f)
    #8 0x5a8f6e01ff09  (/tmp/asan_pair19_vulnerable_iwhowadc/target/debug/deps/pair19_vulnerable-d284d2f5c035ec52+0x135f09) (BuildId: 6ad202ae895eb29ae6e73fd5452e35be3c1ed69f)
    #9 0x5a8f6e065b2e  (/tmp/asan_pair19_vulnerable_iwhowadc/target/debug/deps/pair19_vulnerable-d284d2f5c035ec52+0x17bb2e) (BuildId: 6ad202ae895eb29ae6e73fd5452e35be3c1ed69f)
    #10 0x5a8f6dfda4a6  (/tmp/asan_pair19_vulnerable_iwhowadc/target/debug/deps/pair19_vulnerable-d284d2f5c035ec52+0xf04a6) (BuildId: 6ad202ae895eb29ae6e73fd5452e35be3c1ed69f)
    #11 0x7dcf71c94ac2  (/lib/x86_64-linux-gnu/libc.so.6+0x94ac2) (BuildId: d5197096f709801829b118af1b7cf6631efa2dcd)
    #12 0x7dcf71d2684f  (/lib/x86_64-linux-gnu/libc.so.6+0x12684f) (BuildId: d5197096f709801829b118af1b7cf6631efa2dcd)

0x79ef70fe4015 is located 0 bytes after 5-byte region [0x79ef70fe4010,0x79ef70fe4015)
allocated by thread T1 here:
    #0 0x5a8f6dfdc7d4  (/tmp/asan_pair19_vulnerable_iwhowadc/target/debug/deps/pair19_vulnerable-d284d2f5c035ec52+0xf27d4) (BuildId: 6ad202ae895eb29ae6e73fd5452e35be3c1ed69f)
    #1 0x5a8f6e00d9b3  (/tmp/asan_pair19_vulnerable_iwhowadc/target/debug/deps/pair19_vulnerable-d284d2f5c035ec52+0x1239b3) (BuildId: 6ad202ae895eb29ae6e73fd5452e35be3c1ed69f)
    #2 0x5a8f6e00d6b4  (/tmp/asan_pair19_vulnerable_iwhowadc/target/debug/deps/pair19_vulnerable-d284d2f5c035ec52+0x1236b4) (BuildId: 6ad202ae895eb29ae6e73fd5452e35be3c1ed69f)
    #3 0x5a8f6e00cad6  (/tmp/asan_pair19_vulnerable_iwhowadc/target/debug/deps/pair19_vulnerable-d284d2f5c035ec52+0x122ad6) (BuildId: 6ad202ae895eb29ae6e73fd5452e35be3c1ed69f)
    #4 0x5a8f6e045b04  (/tmp/asan_pair19_vulnerable_iwhowadc/target/debug/deps/pair19_vulnerable-d284d2f5c035ec52+0x15bb04) (BuildId: 6ad202ae895eb29ae6e73fd5452e35be3c1ed69f)
    #5 0x5a8f6e01c523  (/tmp/asan_pair19_vulnerable_iwhowadc/target/debug/deps/pair19_vulnerable-d284d2f5c035ec52+0x132523) (BuildId: 6ad202ae895eb29ae6e73fd5452e35be3c1ed69f)
    #6 0x5a8f6e01ff09  (/tmp/asan_pair19_vulnerable_iwhowadc/target/debug/deps/pair19_vulnerable-d284d2f5c035ec52+0x135f09) (BuildId: 6ad202ae895eb29ae6e73fd5452e35be3c1ed69f)
    #7 0x5a8f6e065b2e  (/tmp/asan_pair19_vulnerable_iwhowadc/target/debug/deps/pair19_vulnerable-d284d2f5c035ec52+0x17bb2e) (BuildId: 6ad202ae895eb29ae6e73fd5452e35be3c1ed69f)
    #8 0x5a8f6dfda4a6  (/tmp/asan_pair19_vulnerable_iwhowadc/target/debug/deps/pair19_vulnerable-d284d2f5c035ec52+0xf04a6) (BuildId: 6ad202ae895eb29ae6e73fd5452e35be3c1ed69f)

Thread T1 created by T0 here:
    #0 0x5a8f6dfc0ed1  (/tmp/asan_pair19_vulnerable_iwhowadc/target/debug/deps/pair19_vulnerable-d284d2f5c035ec52+0xd6ed1) (BuildId: 6ad202ae895eb29ae6e73fd5452e35be3c1ed69f)
    #1 0x5a8f6e065d4f  (/tmp/asan_pair19_vulnerable_iwhowadc/target/debug/deps/pair19_vulnerable-d284d2f5c035ec52+0x17bd4f) (BuildId: 6ad202ae895eb29ae6e73fd5452e35be3c1ed69f)
    #2 0x5a8f6e04467d  (/tmp/asan_pair19_vulnerable_iwhowadc/target/debug/deps/pair19_vulnerable-d284d2f5c035ec52+0x15a67d) (BuildId: 6ad202ae895eb29ae6e73fd5452e35be3c1ed69f)
    #3 0x5a8f6e03d9c4  (/tmp/asan_pair19_vulnerable_iwhowadc/target/debug/deps/pair19_vulnerable-d284d2f5c035ec52+0x1539c4) (BuildId: 6ad202ae895eb29ae6e73fd5452e35be3c1ed69f)
    #4 0x5a8f6e047005  (/tmp/asan_pair19_vulnerable_iwhowadc/target/debug/deps/pair19_vulnerable-d284d2f5c035ec52+0x15d005) (BuildId: 6ad202ae895eb29ae6e73fd5452e35be3c1ed69f)
    #5 0x5a8f6e02fd5a  (/tmp/asan_pair19_vulnerable_iwhowadc/target/debug/deps/pair19_vulnerable-d284d2f5c035ec52+0x145d5a) (BuildId: 6ad202ae895eb29ae6e73fd5452e35be3c1ed69f)
    #6 0x5a8f6e00db32  (/tmp/asan_pair19_vulnerable_iwhowadc/target/debug/deps/pair19_vulnerable-d284d2f5c035ec52+0x123b32) (BuildId: 6ad202ae895eb29ae6e73fd5452e35be3c1ed69f)
    #7 0x5a8f6e00cbef  (/tmp/asan_pair19_vulnerable_iwhowadc/target/debug/deps/pair19_vulnerable-d284d2f5c035ec52+0x122bef) (BuildId: 6ad202ae895eb29ae6e73fd5452e35be3c1ed69f)
    #8 0x5a8f6e00de8d  (/tmp/asan_pair19_vulnerable_iwhowadc/target/debug/deps/pair19_vulnerable-d284d2f5c035ec52+0x123e8d) (BuildId: 6ad202ae895eb29ae6e73fd5452e35be3c1ed69f)

SUMMARY: AddressSanitizer: heap-buffer-overflow (/tmp/asan_pair19_vulnerable_iwhowadc/target/debug/deps/pair19_vulnerable-d284d2f5c035ec52+0xf086a) (BuildId: 6ad202ae895eb29ae6e73fd5452e35be3c1ed69f) 
Shadow bytes around the buggy address:
  0x79ef70fe3d80: fa fa fa fa fa fa fa fa fa fa fa fa fa fa fa fa
  0x79ef70fe3e00: fa fa fa fa fa fa fa fa fa fa fa fa fa fa fa fa
  0x79ef70fe3e80: fa fa fa fa fa fa fa fa fa fa fa fa fa fa fa fa
  0x79ef70fe3f00: fa fa fa fa fa fa fa fa fa fa fa fa fa fa fa fa
  0x79ef70fe3f80: fa fa fa fa fa fa fa fa fa fa fa fa fa fa fa fa
=>0x79ef70fe4000: fa fa[05]fa fa fa 05 fa fa fa fa fa fa fa fa fa
  0x79ef70fe4080: fa fa fa fa fa fa fa fa fa fa fa fa fa fa fa fa
  0x79ef70fe4100: fa fa fa fa fa fa fa fa fa fa fa fa fa fa fa fa
  0x79ef70fe4180: fa fa fa fa fa fa fa fa fa fa fa fa fa fa fa fa
  0x79ef70fe4200: fa fa fa fa fa fa fa fa fa fa fa fa fa fa fa fa
  0x79ef70fe4280: fa fa fa fa fa fa fa fa fa fa fa fa fa fa fa fa
Shadow byte legend (one shadow byte represents 8 application bytes):
  Addressable:           00
  Partially addressable: 01 02 03 04 05 06 07 
  Heap left redzone:       fa
  Freed heap region:       fd
  Stack left redzone:      f1
  Stack mid redzone:       f2
  Stack right redzone:     f3
  Stack after return:      f5
  Stack use after scope:   f8
  Global redzone:          f9
  Global init order:       f6
  Poisoned by user:        f7
  Container overflow:      fc
  Array cookie:            ac
  Intra object redzone:    bb
  ASan internal:           fe
  Left alloca redzone:     ca
  Right alloca redzone:    cb

thread 'tests::test_operation' (3485876) panicked at src/lib.rs:50:9:
assertion `left == right` failed: The output does not match the expected result.
  left: [20, 30, 40, 50, 0]
 right: [20, 30, 40, 50]
note: run with `RUST_BACKTRACE=1` environment variable to display a backtrace
test tests::test_operation ... FAILED

failures:

failures:
    tests::test_operation

test result: FAILED. 0 passed; 1 failed; 0 ignored; 0 measured; 0 filtered out; finished in 0.00s

error: test failed, to rerun pass `--lib`
