$ (cwd=/tmp/asan_pair10_a1_vulnerable_dsfv71cs) cargo +nightly test --lib -- --nocapture

   Compiling pair10_a1_vulnerable v0.1.0 (/tmp/asan_pair10_a1_vulnerable_dsfv71cs)
    Finished `test` profile [unoptimized + debuginfo] target(s) in 0.19s
     Running unittests src/lib.rs (target/debug/deps/pair10_a1_vulnerable-60467787a65c9772)

running 1 test
=================================================================
==3770659==ERROR: AddressSanitizer: global-buffer-overflow on address 0x5ca1e3b7916c at pc 0x5ca1e3c3c4eb bp 0x74b42b1fe1d0 sp 0x74b42b1fd990
READ of size 16 at 0x5ca1e3b7916c thread T1
    #0 0x5ca1e3c3c4ea  (/tmp/asan_pair10_a1_vulnerable_dsfv71cs/target/debug/deps/pair10_a1_vulnerable-60467787a65c9772+0xef4ea) (BuildId: 0fb8b89cab32f3a4d3c96a0e4d4d40b1a0611301)
    #1 0x5ca1e3c6edbf  (/tmp/asan_pair10_a1_vulnerable_dsfv71cs/target/debug/deps/pair10_a1_vulnerable-60467787a65c9772+0x121dbf) (BuildId: 0fb8b89cab32f3a4d3c96a0e4d4d40b1a0611301)
    #2 0x5ca1e3c6cca6  (/tmp/asan_pair10_a1_vulnerable_dsfv71cs/target/debug/deps/pair10_a1_vulnerable-60467787a65c9772+0x11fca6) (BuildId: 0fb8b89cab32f3a4d3c96a0e4d4d40b1a0611301)
    #3 0x5ca1e3c6ce86  (/tmp/asan_pair10_a1_vulnerable_dsfv71cs/target/debug/deps/pair10_a1_vulnerable-60467787a65c9772+0x11fe86) (BuildId: 0fb8b89cab32f3a4d3c96a0e4d4d40b1a0611301)
    #4 0x5ca1e3c6da65  (/tmp/asan_pair10_a1_vulnerable_dsfv71cs/target/debug/deps/pair10_a1_vulnerable-60467787a65c9772+0x120a65) (BuildId: 0fb8b89cab32f3a4d3c96a0e4d4d40b1a0611301)
    #5 0x5ca1e3c902da  (/tmp/asan_pair10_a1_vulnerable_dsfv71cs/target/debug/deps/pair10_a1_vulnerable-60467787a65c9772+0x1432da) (BuildId: 0fb8b89cab32f3a4d3c96a0e4d4d40b1a0611301)
    #6 0x5ca1e3ca5cc4  (/tmp/asan_pair10_a1_vulnerable_dsfv71cs/target/debug/deps/pair10_a1_vulnerable-60467787a65c9772+0x158cc4) (BuildId: 0fb8b89cab32f3a4d3c96a0e4d4d40b1a0611301)
    #7 0x5ca1e3c7c6e3  (/tmp/asan_pair10_a1_vulnerable_dsfv71cs/target/debug/deps/pair10_a1_vulnerable-60467787a65c9772+0x12f6e3) (BuildId: 0fb8b89cab32f3a4d3c96a0e4d4d40b1a0611301)
    #8 0x5ca1e3c800c9  (/tmp/asan_pair10_a1_vulnerable_dsfv71cs/target/debug/deps/pair10_a1_vulnerable-60467787a65c9772+0x1330c9) (BuildId: 0fb8b89cab32f3a4d3c96a0e4d4d40b1a0611301)
    #9 0x5ca1e3cc5cee  (/tmp/asan_pair10_a1_vulnerable_dsfv71cs/target/debug/deps/pair10_a1_vulnerable-60467787a65c9772+0x178cee) (BuildId: 0fb8b89cab32f3a4d3c96a0e4d4d40b1a0611301)
    #10 0x5ca1e3c3c126  (/tmp/asan_pair10_a1_vulnerable_dsfv71cs/target/debug/deps/pair10_a1_vulnerable-60467787a65c9772+0xef126) (BuildId: 0fb8b89cab32f3a4d3c96a0e4d4d40b1a0611301)
    #11 0x78b42e694ac2  (/lib/x86_64-linux-gnu/libc.so.6+0x94ac2) (BuildId: d5197096f709801829b118af1b7cf6631efa2dcd)
    #12 0x78b42e72684f  (/lib/x86_64-linux-gnu/libc.so.6+0x12684f) (BuildId: d5197096f709801829b118af1b7cf6631efa2dcd)

0x5ca1e3b7916c is located 20 bytes before global variable 'alloc_9d8e39bc13f046594a8b332dc11663bd' defined in '52yn1ox8q6v29qpudmt0ufljk' (0x5ca1e3b79180) of size 52
0x5ca1e3b7916c is located 0 bytes after global variable 'alloc_ab3a6497063bc746f2057e4c3551a900' defined in '52yn1ox8q6v29qpudmt0ufljk' (0x5ca1e3b79160) of size 12
SUMMARY: AddressSanitizer: global-buffer-overflow (/tmp/asan_pair10_a1_vulnerable_dsfv71cs/target/debug/deps/pair10_a1_vulnerable-60467787a65c9772+0xef4ea) (BuildId: 0fb8b89cab32f3a4d3c96a0e4d4d40b1a0611301) 
Shadow bytes around the buggy address:
  0x5ca1e3b78e80: 00 00 00 00 00 00 00 00 00 00 00 00 00 00 00 00
  0x5ca1e3b78f00: 00 00 00 00 00 00 00 00 00 00 00 00 00 00 00 00
  0x5ca1e3b78f80: 00 00 00 00 00 00 00 00 00 00 00 00 00 00 00 00
  0x5ca1e3b79000: 00 00 00 00 00 00 00 00 06 f9 f9 f9 f9 f9 f9 f9
  0x5ca1e3b79080: 00 00 f9 f9 00 00 00 00 00 00 00 00 00 00 00 00
=>0x5ca1e3b79100: 00 00 00 05 f9 f9 f9 f9 00 00 00 00 00[04]f9 f9
  0x5ca1e3b79180: 00 00 00 00 00 00 04 f9 f9 f9 f9 f9 00 03 f9 f9
  0x5ca1e3b79200: 00 00 00 00 00 00 00 00 00 00 00 00 03 f9 f9 f9
  0x5ca1e3b79280: f9 f9 f9 f9 00 00 00 03 f9 f9 f9 f9 00 00 f9 f9
  0x5ca1e3b79300: 00 00 00 00 00 00 00 00 00 00 00 00 00 05 f9 f9
  0x5ca1e3b79380: f9 f9 f9 f9 00 00 00 00 00 00 00 00 00 00 00 00
Shadow byte legend (one shadow byte represents 8 application bytes):
  Addressable:           00
  Partially addressable: 01 02 03 04 05 06 07 
  Heap left redzone:       fa
  Freed heap region:       fd
  Stack left redzone:      f1
  Stack mid redzone:       f2
  Stack right redzone:     f3
  Stack after return:      f5
  Stack use after scope:   f8
  Global redzone:          f9
  Global init order:       f6
  Poisoned by user:        f7
  Container overflow:      fc
  Array cookie:            ac
  Intra object redzone:    bb
  ASan internal:           fe
  Left alloca redzone:     ca
  Right alloca redzone:    cb
Thread T1 created by T0 here:
    #0 0x5ca1e3c22b51  (/tmp/asan_pair10_a1_vulnerable_dsfv71cs/target/debug/deps/pair10_a1_vulnerable-60467787a65c9772+0xd5b51) (BuildId: 0fb8b89cab32f3a4d3c96a0e4d4d40b1a0611301)
    #1 0x5ca1e3cc5f0f  (/tmp/asan_pair10_a1_vulnerable_dsfv71cs/target/debug/deps/pair10_a1_vulnerable-60467787a65c9772+0x178f0f) (BuildId: 0fb8b89cab32f3a4d3c96a0e4d4d40b1a0611301)
    #2 0x5ca1e3ca483d  (/tmp/asan_pair10_a1_vulnerable_dsfv71cs/target/debug/deps/pair10_a1_vulnerable-60467787a65c9772+0x15783d) (BuildId: 0fb8b89cab32f3a4d3c96a0e4d4d40b1a0611301)
    #3 0x5ca1e3c9db84  (/tmp/asan_pair10_a1_vulnerable_dsfv71cs/target/debug/deps/pair10_a1_vulnerable-60467787a65c9772+0x150b84) (BuildId: 0fb8b89cab32f3a4d3c96a0e4d4d40b1a0611301)
    #4 0x5ca1e3ca71c5  (/tmp/asan_pair10_a1_vulnerable_dsfv71cs/target/debug/deps/pair10_a1_vulnerable-60467787a65c9772+0x15a1c5) (BuildId: 0fb8b89cab32f3a4d3c96a0e4d4d40b1a0611301)
    #5 0x5ca1e3c8ff1a  (/tmp/asan_pair10_a1_vulnerable_dsfv71cs/target/debug/deps/pair10_a1_vulnerable-60467787a65c9772+0x142f1a) (BuildId: 0fb8b89cab32f3a4d3c96a0e4d4d40b1a0611301)
    #6 0x5ca1e3c6ebc2  (/tmp/asan_pair10_a1_vulnerable_dsfv71cs/target/debug/deps/pair10_a1_vulnerable-60467787a65c9772+0x121bc2) (BuildId: 0fb8b89cab32f3a4d3c96a0e4d4d40b1a0611301)
    #7 0x5ca1e3c6e64f  (/tmp/asan_pair10_a1_vulnerable_dsfv71cs/target/debug/deps/pair10_a1_vulnerable-60467787a65c9772+0x12164f) (BuildId: 0fb8b89cab32f3a4d3c96a0e4d4d40b1a0611301)
    #8 0x5ca1e3c6ef7d  (/tmp/asan_pair10_a1_vulnerable_dsfv71cs/target/debug/deps/pair10_a1_vulnerable-60467787a65c9772+0x121f7d) (BuildId: 0fb8b89cab32f3a4d3c96a0e4d4d40b1a0611301)


thread 'tests::contract' (3770660) panicked at src/lib.rs:42:10:
assertion `left == right` failed: The replicated string did not match the input string
  left: "Hello, Rust!\0\0\0\0"
 right: "Hello, Rust!"
note: run with `RUST_BACKTRACE=1` environment variable to display a backtrace
test tests::contract ... FAILED

failures:

failures:
    tests::contract

test result: FAILED. 0 passed; 1 failed; 0 ignored; 0 measured; 0 filtered out; finished in 0.00s

error: test failed, to rerun pass `--lib`
