$ (cwd=/tmp/asan_pair12_vulnerable_8zz_j2_u) cargo +nightly test --lib -- --nocapture

   Compiling pair12_vulnerable v0.1.0 (/tmp/asan_pair12_vulnerable_8zz_j2_u)
    Finished `test` profile [unoptimized + debuginfo] target(s) in 0.24s
     Running unittests src/lib.rs (target/debug/deps/pair12_vulnerable-ee05745e1aea1080)

running 2 tests

thread 'oracle::verify_computation' (3459233) panicked at src/lib.rs:47:9:
assertion `left == right` failed: The computed product is incorrect, indicating an arithmetic overflow vulnerability.
  left: 410065408
 right: 9000000000
note: run with `RUST_BACKTRACE=1` environment variable to display a backtrace
test oracle::verify_computation ... FAILED

thread 'tests::check_result' (3459234) panicked at src/lib.rs:33:9:
assertion `left == right` failed: Computation did not yield the expected result
  left: 410065408
 right: 9000000000
test tests::check_result ... FAILED

failures:

failures:
    oracle::verify_computation
    tests::check_result

test result: FAILED. 0 passed; 2 failed; 0 ignored; 0 measured; 0 filtered out; finished in 0.00s

error: test failed, to rerun pass `--lib`
