$ (cwd=/tmp/asan_pair2_a1_vulnerable_qmv3fdyl) cargo +nightly test --lib -- --nocapture

   Compiling pair2_a1_vulnerable v0.1.0 (/tmp/asan_pair2_a1_vulnerable_qmv3fdyl)
    Finished `test` profile [unoptimized + debuginfo] target(s) in 0.21s
     Running unittests src/lib.rs (target/debug/deps/pair2_a1_vulnerable-1715f764c6eee881)

running 1 test
=================================================================
==3796966==ERROR: AddressSanitizer: heap-buffer-overflow on address 0x6fb7e57e18e1 at pc 0x555d1fa2093e bp 0x6f87e31fe070 sp 0x6f87e31fd830
WRITE of size 100 at 0x6fb7e57e18e1 thread T1
    #0 0x555d1fa2093d  (/tmp/asan_pair2_a1_vulnerable_qmv3fdyl/target/debug/deps/pair2_a1_vulnerable-1715f764c6eee881+0xf293d) (BuildId: c9eb9eed5ca41ef7cd8edc108840d5061a10382a)
    #1 0x555d1fa543b9  (/tmp/asan_pair2_a1_vulnerable_qmv3fdyl/target/debug/deps/pair2_a1_vulnerable-1715f764c6eee881+0x1263b9) (BuildId: c9eb9eed5ca41ef7cd8edc108840d5061a10382a)
    #2 0x555d1fa5586a  (/tmp/asan_pair2_a1_vulnerable_qmv3fdyl/target/debug/deps/pair2_a1_vulnerable-1715f764c6eee881+0x12786a) (BuildId: c9eb9eed5ca41ef7cd8edc108840d5061a10382a)
    #3 0x555d1fa55386  (/tmp/asan_pair2_a1_vulnerable_qmv3fdyl/target/debug/deps/pair2_a1_vulnerable-1715f764c6eee881+0x127386) (BuildId: c9eb9eed5ca41ef7cd8edc108840d5061a10382a)
    #4 0x555d1fa50aa5  (/tmp/asan_pair2_a1_vulnerable_qmv3fdyl/target/debug/deps/pair2_a1_vulnerable-1715f764c6eee881+0x122aa5) (BuildId: c9eb9eed5ca41ef7cd8edc108840d5061a10382a)
    #5 0x555d1fa7833a  (/tmp/asan_pair2_a1_vulnerable_qmv3fdyl/target/debug/deps/pair2_a1_vulnerable-1715f764c6eee881+0x14a33a) (BuildId: c9eb9eed5ca41ef7cd8edc108840d5061a10382a)
    #6 0x555d1fa8dd24  (/tmp/asan_pair2_a1_vulnerable_qmv3fdyl/target/debug/deps/pair2_a1_vulnerable-1715f764c6eee881+0x15fd24) (BuildId: c9eb9eed5ca41ef7cd8edc108840d5061a10382a)
    #7 0x555d1fa64743  (/tmp/asan_pair2_a1_vulnerable_qmv3fdyl/target/debug/deps/pair2_a1_vulnerable-1715f764c6eee881+0x136743) (BuildId: c9eb9eed5ca41ef7cd8edc108840d5061a10382a)
    #8 0x555d1fa68129  (/tmp/asan_pair2_a1_vulnerable_qmv3fdyl/target/debug/deps/pair2_a1_vulnerable-1715f764c6eee881+0x13a129) (BuildId: c9eb9eed5ca41ef7cd8edc108840d5061a10382a)
    #9 0x555d1faadd4e  (/tmp/asan_pair2_a1_vulnerable_qmv3fdyl/target/debug/deps/pair2_a1_vulnerable-1715f764c6eee881+0x17fd4e) (BuildId: c9eb9eed5ca41ef7cd8edc108840d5061a10382a)
    #10 0x555d1fa204d6  (/tmp/asan_pair2_a1_vulnerable_qmv3fdyl/target/debug/deps/pair2_a1_vulnerable-1715f764c6eee881+0xf24d6) (BuildId: c9eb9eed5ca41ef7cd8edc108840d5061a10382a)
    #11 0x7387e6494ac2  (/lib/x86_64-linux-gnu/libc.so.6+0x94ac2) (BuildId: d5197096f709801829b118af1b7cf6631efa2dcd)
    #12 0x7387e652684f  (/lib/x86_64-linux-gnu/libc.so.6+0x12684f) (BuildId: d5197096f709801829b118af1b7cf6631efa2dcd)

0x6fb7e57e18e1 is located 0 bytes after 17-byte region [0x6fb7e57e18d0,0x6fb7e57e18e1)
allocated by thread T1 here:
    #0 0x555d1fa22614  (/tmp/asan_pair2_a1_vulnerable_qmv3fdyl/target/debug/deps/pair2_a1_vulnerable-1715f764c6eee881+0xf4614) (BuildId: c9eb9eed5ca41ef7cd8edc108840d5061a10382a)
    #1 0x555d1fa563bf  (/tmp/asan_pair2_a1_vulnerable_qmv3fdyl/target/debug/deps/pair2_a1_vulnerable-1715f764c6eee881+0x1283bf) (BuildId: c9eb9eed5ca41ef7cd8edc108840d5061a10382a)
    #2 0x555d1fa54318  (/tmp/asan_pair2_a1_vulnerable_qmv3fdyl/target/debug/deps/pair2_a1_vulnerable-1715f764c6eee881+0x126318) (BuildId: c9eb9eed5ca41ef7cd8edc108840d5061a10382a)
    #3 0x555d1fa5586a  (/tmp/asan_pair2_a1_vulnerable_qmv3fdyl/target/debug/deps/pair2_a1_vulnerable-1715f764c6eee881+0x12786a) (BuildId: c9eb9eed5ca41ef7cd8edc108840d5061a10382a)
    #4 0x555d1fa55386  (/tmp/asan_pair2_a1_vulnerable_qmv3fdyl/target/debug/deps/pair2_a1_vulnerable-1715f764c6eee881+0x127386) (BuildId: c9eb9eed5ca41ef7cd8edc108840d5061a10382a)
    #5 0x555d1fa8dd24  (/tmp/asan_pair2_a1_vulnerable_qmv3fdyl/target/debug/deps/pair2_a1_vulnerable-1715f764c6eee881+0x15fd24) (BuildId: c9eb9eed5ca41ef7cd8edc108840d5061a10382a)
    #6 0x555d1fa64743  (/tmp/asan_pair2_a1_vulnerable_qmv3fdyl/target/debug/deps/pair2_a1_vulnerable-1715f764c6eee881+0x136743) (BuildId: c9eb9eed5ca41ef7cd8edc108840d5061a10382a)
    #7 0x555d1fa68129  (/tmp/asan_pair2_a1_vulnerable_qmv3fdyl/target/debug/deps/pair2_a1_vulnerable-1715f764c6eee881+0x13a129) (BuildId: c9eb9eed5ca41ef7cd8edc108840d5061a10382a)
    #8 0x555d1faadd4e  (/tmp/asan_pair2_a1_vulnerable_qmv3fdyl/target/debug/deps/pair2_a1_vulnerable-1715f764c6eee881+0x17fd4e) (BuildId: c9eb9eed5ca41ef7cd8edc108840d5061a10382a)
    #9 0x555d1fa204d6  (/tmp/asan_pair2_a1_vulnerable_qmv3fdyl/target/debug/deps/pair2_a1_vulnerable-1715f764c6eee881+0xf24d6) (BuildId: c9eb9eed5ca41ef7cd8edc108840d5061a10382a)

Thread T1 created by T0 here:
    #0 0x555d1fa06f01  (/tmp/asan_pair2_a1_vulnerable_qmv3fdyl/target/debug/deps/pair2_a1_vulnerable-1715f764c6eee881+0xd8f01) (BuildId: c9eb9eed5ca41ef7cd8edc108840d5061a10382a)
    #1 0x555d1faadf6f  (/tmp/asan_pair2_a1_vulnerable_qmv3fdyl/target/debug/deps/pair2_a1_vulnerable-1715f764c6eee881+0x17ff6f) (BuildId: c9eb9eed5ca41ef7cd8edc108840d5061a10382a)
    #2 0x555d1fa8c89d  (/tmp/asan_pair2_a1_vulnerable_qmv3fdyl/target/debug/deps/pair2_a1_vulnerable-1715f764c6eee881+0x15e89d) (BuildId: c9eb9eed5ca41ef7cd8edc108840d5061a10382a)
    #3 0x555d1fa85be4  (/tmp/asan_pair2_a1_vulnerable_qmv3fdyl/target/debug/deps/pair2_a1_vulnerable-1715f764c6eee881+0x157be4) (BuildId: c9eb9eed5ca41ef7cd8edc108840d5061a10382a)
    #4 0x555d1fa8f225  (/tmp/asan_pair2_a1_vulnerable_qmv3fdyl/target/debug/deps/pair2_a1_vulnerable-1715f764c6eee881+0x161225) (BuildId: c9eb9eed5ca41ef7cd8edc108840d5061a10382a)
    #5 0x555d1fa77f7a  (/tmp/asan_pair2_a1_vulnerable_qmv3fdyl/target/debug/deps/pair2_a1_vulnerable-1715f764c6eee881+0x149f7a) (BuildId: c9eb9eed5ca41ef7cd8edc108840d5061a10382a)
    #6 0x555d1fa54092  (/tmp/asan_pair2_a1_vulnerable_qmv3fdyl/target/debug/deps/pair2_a1_vulnerable-1715f764c6eee881+0x126092) (BuildId: c9eb9eed5ca41ef7cd8edc108840d5061a10382a)
    #7 0x555d1fa54ebf  (/tmp/asan_pair2_a1_vulnerable_qmv3fdyl/target/debug/deps/pair2_a1_vulnerable-1715f764c6eee881+0x126ebf) (BuildId: c9eb9eed5ca41ef7cd8edc108840d5061a10382a)
    #8 0x555d1fa5462d  (/tmp/asan_pair2_a1_vulnerable_qmv3fdyl/target/debug/deps/pair2_a1_vulnerable-1715f764c6eee881+0x12662d) (BuildId: c9eb9eed5ca41ef7cd8edc108840d5061a10382a)

SUMMARY: AddressSanitizer: heap-buffer-overflow (/tmp/asan_pair2_a1_vulnerable_qmv3fdyl/target/debug/deps/pair2_a1_vulnerable-1715f764c6eee881+0xf293d) (BuildId: c9eb9eed5ca41ef7cd8edc108840d5061a10382a) 
Shadow bytes around the buggy address:
  0x6fb7e57e1600: fa fa fa fa fa fa fa fa fa fa fa fa fa fa fa fa
  0x6fb7e57e1680: fa fa fa fa fa fa fa fa fa fa fa fa fa fa fa fa
  0x6fb7e57e1700: fa fa fa fa fa fa fa fa fa fa fa fa fa fa fa fa
  0x6fb7e57e1780: fa fa fa fa fa fa fa fa fa fa fa fa fa fa fa fa
  0x6fb7e57e1800: fa fa fd fd fd fd fa fa fd fd fd fd fa fa 00 00
=>0x6fb7e57e1880: 00 00 fa fa 00 00 00 fa fa fa 00 00[01]fa fa fa
  0x6fb7e57e1900: fa fa fa fa fa fa fa fa fa fa fa fa fa fa fa fa
  0x6fb7e57e1980: fa fa fa fa fa fa fa fa fa fa fa fa fa fa fa fa
  0x6fb7e57e1a00: fa fa fa fa fa fa fa fa fa fa fa fa fa fa fa fa
  0x6fb7e57e1a80: fa fa fa fa fa fa fa fa fa fa fa fa fa fa fa fa
  0x6fb7e57e1b00: fa fa fa fa fa fa fa fa fa fa fa fa fa fa fa fa
Shadow byte legend (one shadow byte represents 8 application bytes):
  Addressable:           00
  Partially addressable: 01 02 03 04 05 06 07 
  Heap left redzone:       fa
  Freed heap region:       fd
  Stack left redzone:      f1
  Stack mid redzone:       f2
  Stack right redzone:     f3
  Stack after return:      f5
  Stack use after scope:   f8
  Global redzone:          f9
  Global init order:       f6
  Poisoned by user:        f7
  Container overflow:      fc
  Array cookie:            ac
  Intra object redzone:    bb
  ASan internal:           fe
  Left alloca redzone:     ca
  Right alloca redzone:    cb
=================================================================
==3796966==ERROR: AddressSanitizer: heap-buffer-overflow on address 0x6fb7e57e1934 at pc 0x555d1fa54437 bp 0x6f87e31fe070 sp 0x6f87e31fe068
WRITE of size 1 at 0x6fb7e57e1934 thread T1
    #0 0x555d1fa54436  (/tmp/asan_pair2_a1_vulnerable_qmv3fdyl/target/debug/deps/pair2_a1_vulnerable-1715f764c6eee881+0x126436) (BuildId: c9eb9eed5ca41ef7cd8edc108840d5061a10382a)
    #1 0x555d1fa5586a  (/tmp/asan_pair2_a1_vulnerable_qmv3fdyl/target/debug/deps/pair2_a1_vulnerable-1715f764c6eee881+0x12786a) (BuildId: c9eb9eed5ca41ef7cd8edc108840d5061a10382a)
    #2 0x555d1fa55386  (/tmp/asan_pair2_a1_vulnerable_qmv3fdyl/target/debug/deps/pair2_a1_vulnerable-1715f764c6eee881+0x127386) (BuildId: c9eb9eed5ca41ef7cd8edc108840d5061a10382a)
    #3 0x555d1fa50aa5  (/tmp/asan_pair2_a1_vulnerable_qmv3fdyl/target/debug/deps/pair2_a1_vulnerable-1715f764c6eee881+0x122aa5) (BuildId: c9eb9eed5ca41ef7cd8edc108840d5061a10382a)
    #4 0x555d1fa7833a  (/tmp/asan_pair2_a1_vulnerable_qmv3fdyl/target/debug/deps/pair2_a1_vulnerable-1715f764c6eee881+0x14a33a) (BuildId: c9eb9eed5ca41ef7cd8edc108840d5061a10382a)
    #5 0x555d1fa8dd24  (/tmp/asan_pair2_a1_vulnerable_qmv3fdyl/target/debug/deps/pair2_a1_vulnerable-1715f764c6eee881+0x15fd24) (BuildId: c9eb9eed5ca41ef7cd8edc108840d5061a10382a)
    #6 0x555d1fa64743  (/tmp/asan_pair2_a1_vulnerable_qmv3fdyl/target/debug/deps/pair2_a1_vulnerable-1715f764c6eee881+0x136743) (BuildId: c9eb9eed5ca41ef7cd8edc108840d5061a10382a)
    #7 0x555d1fa68129  (/tmp/asan_pair2_a1_vulnerable_qmv3fdyl/target/debug/deps/pair2_a1_vulnerable-1715f764c6eee881+0x13a129) (BuildId: c9eb9eed5ca41ef7cd8edc108840d5061a10382a)
    #8 0x555d1faadd4e  (/tmp/asan_pair2_a1_vulnerable_qmv3fdyl/target/debug/deps/pair2_a1_vulnerable-1715f764c6eee881+0x17fd4e) (BuildId: c9eb9eed5ca41ef7cd8edc108840d5061a10382a)
    #9 0x555d1fa204d6  (/tmp/asan_pair2_a1_vulnerable_qmv3fdyl/target/debug/deps/pair2_a1_vulnerable-1715f764c6eee881+0xf24d6) (BuildId: c9eb9eed5ca41ef7cd8edc108840d5061a10382a)
    #10 0x7387e6494ac2  (/lib/x86_64-linux-gnu/libc.so.6+0x94ac2) (BuildId: d5197096f709801829b118af1b7cf6631efa2dcd)
    #11 0x7387e652684f  (/lib/x86_64-linux-gnu/libc.so.6+0x12684f) (BuildId: d5197096f709801829b118af1b7cf6631efa2dcd)

0x6fb7e57e1934 is located 83 bytes after 17-byte region [0x6fb7e57e18d0,0x6fb7e57e18e1)
allocated by thread T1 here:
    #0 0x555d1fa22614  (/tmp/asan_pair2_a1_vulnerable_qmv3fdyl/target/debug/deps/pair2_a1_vulnerable-1715f764c6eee881+0xf4614) (BuildId: c9eb9eed5ca41ef7cd8edc108840d5061a10382a)
    #1 0x555d1fa563bf  (/tmp/asan_pair2_a1_vulnerable_qmv3fdyl/target/debug/deps/pair2_a1_vulnerable-1715f764c6eee881+0x1283bf) (BuildId: c9eb9eed5ca41ef7cd8edc108840d5061a10382a)
    #2 0x555d1fa54318  (/tmp/asan_pair2_a1_vulnerable_qmv3fdyl/target/debug/deps/pair2_a1_vulnerable-1715f764c6eee881+0x126318) (BuildId: c9eb9eed5ca41ef7cd8edc108840d5061a10382a)
    #3 0x555d1fa5586a  (/tmp/asan_pair2_a1_vulnerable_qmv3fdyl/target/debug/deps/pair2_a1_vulnerable-1715f764c6eee881+0x12786a) (BuildId: c9eb9eed5ca41ef7cd8edc108840d5061a10382a)
    #4 0x555d1fa55386  (/tmp/asan_pair2_a1_vulnerable_qmv3fdyl/target/debug/deps/pair2_a1_vulnerable-1715f764c6eee881+0x127386) (BuildId: c9eb9eed5ca41ef7cd8edc108840d5061a10382a)
    #5 0x555d1fa8dd24  (/tmp/asan_pair2_a1_vulnerable_qmv3fdyl/target/debug/deps/pair2_a1_vulnerable-1715f764c6eee881+0x15fd24) (BuildId: c9eb9eed5ca41ef7cd8edc108840d5061a10382a)
    #6 0x555d1fa64743  (/tmp/asan_pair2_a1_vulnerable_qmv3fdyl/target/debug/deps/pair2_a1_vulnerable-1715f764c6eee881+0x136743) (BuildId: c9eb9eed5ca41ef7cd8edc108840d5061a10382a)
    #7 0x555d1fa68129  (/tmp/asan_pair2_a1_vulnerable_qmv3fdyl/target/debug/deps/pair2_a1_vulnerable-1715f764c6eee881+0x13a129) (BuildId: c9eb9eed5ca41ef7cd8edc108840d5061a10382a)
    #8 0x555d1faadd4e  (/tmp/asan_pair2_a1_vulnerable_qmv3fdyl/target/debug/deps/pair2_a1_vulnerable-1715f764c6eee881+0x17fd4e) (BuildId: c9eb9eed5ca41ef7cd8edc108840d5061a10382a)
    #9 0x555d1fa204d6  (/tmp/asan_pair2_a1_vulnerable_qmv3fdyl/target/debug/deps/pair2_a1_vulnerable-1715f764c6eee881+0xf24d6) (BuildId: c9eb9eed5ca41ef7cd8edc108840d5061a10382a)

SUMMARY: AddressSanitizer: heap-buffer-overflow (/tmp/asan_pair2_a1_vulnerable_qmv3fdyl/target/debug/deps/pair2_a1_vulnerable-1715f764c6eee881+0x126436) (BuildId: c9eb9eed5ca41ef7cd8edc108840d5061a10382a) 
Shadow bytes around the buggy address:
  0x6fb7e57e1680: fa fa fa fa fa fa fa fa fa fa fa fa fa fa fa fa
  0x6fb7e57e1700: fa fa fa fa fa fa fa fa fa fa fa fa fa fa fa fa
  0x6fb7e57e1780: fa fa fa fa fa fa fa fa fa fa fa fa fa fa fa fa
  0x6fb7e57e1800: fa fa fd fd fd fd fa fa fd fd fd fd fa fa 00 00
  0x6fb7e57e1880: 00 00 fa fa 00 00 00 fa fa fa 00 00 01 fa fa fa
=>0x6fb7e57e1900: fa fa fa fa fa fa[fa]fa fa fa fa fa fa fa fa fa
  0x6fb7e57e1980: fa fa fa fa fa fa fa fa fa fa fa fa fa fa fa fa
  0x6fb7e57e1a00: fa fa fa fa fa fa fa fa fa fa fa fa fa fa fa fa
  0x6fb7e57e1a80: fa fa fa fa fa fa fa fa fa fa fa fa fa fa fa fa
  0x6fb7e57e1b00: fa fa fa fa fa fa fa fa fa fa fa fa fa fa fa fa
  0x6fb7e57e1b80: fa fa fa fa fa fa fa fa fa fa fa fa fa fa fa fa
Shadow byte legend (one shadow byte represents 8 application bytes):
  Addressable:           00
  Partially addressable: 01 02 03 04 05 06 07 
  Heap left redzone:       fa
  Freed heap region:       fd
  Stack left redzone:      f1
  Stack mid redzone:       f2
  Stack right redzone:     f3
  Stack after return:      f5
  Stack use after scope:   f8
  Global redzone:          f9
  Global init order:       f6
  Poisoned by user:        f7
  Container overflow:      fc
  Array cookie:            ac
  Intra object redzone:    bb
  ASan internal:           fe
  Left alloca redzone:     ca
  Right alloca redzone:    cb
==3796966==ABORTING
error: test failed, to rerun pass `--lib`

Caused by:
  process didn't exit successfully: `/tmp/asan_pair2_a1_vulnerable_qmv3fdyl/target/debug/deps/pair2_a1_vulnerable-1715f764c6eee881 --nocapture` (exit status: 1)
