$ (cwd=/tmp/asan_pair5_a1_vulnerable_gwet3517) cargo +nightly test --lib -- --nocapture

   Compiling pair5_a1_vulnerable v0.1.0 (/tmp/asan_pair5_a1_vulnerable_gwet3517)
    Finished `test` profile [unoptimized + debuginfo] target(s) in 0.18s
     Running unittests src/lib.rs (target/debug/deps/pair5_a1_vulnerable-10ee3e91a6e7c9e5)

running 1 test
=================================================================
==3811909==ERROR: AddressSanitizer: heap-use-after-free on address 0x79b0f3de4010 at pc 0x583fa02358f0 bp 0x7990f17fe320 sp 0x7990f17fe318
READ of size 4 at 0x79b0f3de4010 thread T1
    #0 0x583fa02358ef  (/tmp/asan_pair5_a1_vulnerable_gwet3517/target/debug/deps/pair5_a1_vulnerable-10ee3e91a6e7c9e5+0x1208ef) (BuildId: 0b52d3233e64e9f1db58173a489d4961fba82e0f)
    #1 0x583fa0235551  (/tmp/asan_pair5_a1_vulnerable_gwet3517/target/debug/deps/pair5_a1_vulnerable-10ee3e91a6e7c9e5+0x120551) (BuildId: 0b52d3233e64e9f1db58173a489d4961fba82e0f)
    #2 0x583fa023711e  (/tmp/asan_pair5_a1_vulnerable_gwet3517/target/debug/deps/pair5_a1_vulnerable-10ee3e91a6e7c9e5+0x12211e) (BuildId: 0b52d3233e64e9f1db58173a489d4961fba82e0f)
    #3 0x583fa0236786  (/tmp/asan_pair5_a1_vulnerable_gwet3517/target/debug/deps/pair5_a1_vulnerable-10ee3e91a6e7c9e5+0x121786) (BuildId: 0b52d3233e64e9f1db58173a489d4961fba82e0f)
    #4 0x583fa02364c5  (/tmp/asan_pair5_a1_vulnerable_gwet3517/target/debug/deps/pair5_a1_vulnerable-10ee3e91a6e7c9e5+0x1214c5) (BuildId: 0b52d3233e64e9f1db58173a489d4961fba82e0f)
    #5 0x583fa025843a  (/tmp/asan_pair5_a1_vulnerable_gwet3517/target/debug/deps/pair5_a1_vulnerable-10ee3e91a6e7c9e5+0x14343a) (BuildId: 0b52d3233e64e9f1db58173a489d4961fba82e0f)
    #6 0x583fa026de24  (/tmp/asan_pair5_a1_vulnerable_gwet3517/target/debug/deps/pair5_a1_vulnerable-10ee3e91a6e7c9e5+0x158e24) (BuildId: 0b52d3233e64e9f1db58173a489d4961fba82e0f)
    #7 0x583fa0244843  (/tmp/asan_pair5_a1_vulnerable_gwet3517/target/debug/deps/pair5_a1_vulnerable-10ee3e91a6e7c9e5+0x12f843) (BuildId: 0b52d3233e64e9f1db58173a489d4961fba82e0f)
    #8 0x583fa0248229  (/tmp/asan_pair5_a1_vulnerable_gwet3517/target/debug/deps/pair5_a1_vulnerable-10ee3e91a6e7c9e5+0x133229) (BuildId: 0b52d3233e64e9f1db58173a489d4961fba82e0f)
    #9 0x583fa028de4e  (/tmp/asan_pair5_a1_vulnerable_gwet3517/target/debug/deps/pair5_a1_vulnerable-10ee3e91a6e7c9e5+0x178e4e) (BuildId: 0b52d3233e64e9f1db58173a489d4961fba82e0f)
    #10 0x583fa0204166  (/tmp/asan_pair5_a1_vulnerable_gwet3517/target/debug/deps/pair5_a1_vulnerable-10ee3e91a6e7c9e5+0xef166) (BuildId: 0b52d3233e64e9f1db58173a489d4961fba82e0f)
    #11 0x7d90f4a94ac2  (/lib/x86_64-linux-gnu/libc.so.6+0x94ac2) (BuildId: d5197096f709801829b118af1b7cf6631efa2dcd)
    #12 0x7d90f4b2684f  (/lib/x86_64-linux-gnu/libc.so.6+0x12684f) (BuildId: d5197096f709801829b118af1b7cf6631efa2dcd)

0x79b0f3de4010 is located 0 bytes inside of 4-byte region [0x79b0f3de4010,0x79b0f3de4014)
freed by thread T1 here:
    #0 0x583fa0206006  (/tmp/asan_pair5_a1_vulnerable_gwet3517/target/debug/deps/pair5_a1_vulnerable-10ee3e91a6e7c9e5+0xf1006) (BuildId: 0b52d3233e64e9f1db58173a489d4961fba82e0f)
    #1 0x583fa0235fba  (/tmp/asan_pair5_a1_vulnerable_gwet3517/target/debug/deps/pair5_a1_vulnerable-10ee3e91a6e7c9e5+0x120fba) (BuildId: 0b52d3233e64e9f1db58173a489d4961fba82e0f)
    #2 0x583fa0236723  (/tmp/asan_pair5_a1_vulnerable_gwet3517/target/debug/deps/pair5_a1_vulnerable-10ee3e91a6e7c9e5+0x121723) (BuildId: 0b52d3233e64e9f1db58173a489d4961fba82e0f)
    #3 0x583fa0236550  (/tmp/asan_pair5_a1_vulnerable_gwet3517/target/debug/deps/pair5_a1_vulnerable-10ee3e91a6e7c9e5+0x121550) (BuildId: 0b52d3233e64e9f1db58173a489d4961fba82e0f)
    #4 0x583fa0235727  (/tmp/asan_pair5_a1_vulnerable_gwet3517/target/debug/deps/pair5_a1_vulnerable-10ee3e91a6e7c9e5+0x120727) (BuildId: 0b52d3233e64e9f1db58173a489d4961fba82e0f)
    #5 0x583fa0235545  (/tmp/asan_pair5_a1_vulnerable_gwet3517/target/debug/deps/pair5_a1_vulnerable-10ee3e91a6e7c9e5+0x120545) (BuildId: 0b52d3233e64e9f1db58173a489d4961fba82e0f)
    #6 0x583fa0236786  (/tmp/asan_pair5_a1_vulnerable_gwet3517/target/debug/deps/pair5_a1_vulnerable-10ee3e91a6e7c9e5+0x121786) (BuildId: 0b52d3233e64e9f1db58173a489d4961fba82e0f)
    #7 0x583fa026de24  (/tmp/asan_pair5_a1_vulnerable_gwet3517/target/debug/deps/pair5_a1_vulnerable-10ee3e91a6e7c9e5+0x158e24) (BuildId: 0b52d3233e64e9f1db58173a489d4961fba82e0f)
    #8 0x583fa0244843  (/tmp/asan_pair5_a1_vulnerable_gwet3517/target/debug/deps/pair5_a1_vulnerable-10ee3e91a6e7c9e5+0x12f843) (BuildId: 0b52d3233e64e9f1db58173a489d4961fba82e0f)
    #9 0x583fa0248229  (/tmp/asan_pair5_a1_vulnerable_gwet3517/target/debug/deps/pair5_a1_vulnerable-10ee3e91a6e7c9e5+0x133229) (BuildId: 0b52d3233e64e9f1db58173a489d4961fba82e0f)
    #10 0x583fa028de4e  (/tmp/asan_pair5_a1_vulnerable_gwet3517/target/debug/deps/pair5_a1_vulnerable-10ee3e91a6e7c9e5+0x178e4e) (BuildId: 0b52d3233e64e9f1db58173a489d4961fba82e0f)
    #11 0x583fa0204166  (/tmp/asan_pair5_a1_vulnerable_gwet3517/target/debug/deps/pair5_a1_vulnerable-10ee3e91a6e7c9e5+0xef166) (BuildId: 0b52d3233e64e9f1db58173a489d4961fba82e0f)

previously allocated by thread T1 here:
    #0 0x583fa02062a4  (/tmp/asan_pair5_a1_vulnerable_gwet3517/target/debug/deps/pair5_a1_vulnerable-10ee3e91a6e7c9e5+0xf12a4) (BuildId: 0b52d3233e64e9f1db58173a489d4961fba82e0f)
    #1 0x583fa0235ca3  (/tmp/asan_pair5_a1_vulnerable_gwet3517/target/debug/deps/pair5_a1_vulnerable-10ee3e91a6e7c9e5+0x120ca3) (BuildId: 0b52d3233e64e9f1db58173a489d4961fba82e0f)
    #2 0x583fa02359a4  (/tmp/asan_pair5_a1_vulnerable_gwet3517/target/debug/deps/pair5_a1_vulnerable-10ee3e91a6e7c9e5+0x1209a4) (BuildId: 0b52d3233e64e9f1db58173a489d4961fba82e0f)
    #3 0x583fa0235545  (/tmp/asan_pair5_a1_vulnerable_gwet3517/target/debug/deps/pair5_a1_vulnerable-10ee3e91a6e7c9e5+0x120545) (BuildId: 0b52d3233e64e9f1db58173a489d4961fba82e0f)
    #4 0x583fa0236786  (/tmp/asan_pair5_a1_vulnerable_gwet3517/target/debug/deps/pair5_a1_vulnerable-10ee3e91a6e7c9e5+0x121786) (BuildId: 0b52d3233e64e9f1db58173a489d4961fba82e0f)
    #5 0x583fa026de24  (/tmp/asan_pair5_a1_vulnerable_gwet3517/target/debug/deps/pair5_a1_vulnerable-10ee3e91a6e7c9e5+0x158e24) (BuildId: 0b52d3233e64e9f1db58173a489d4961fba82e0f)
    #6 0x583fa0244843  (/tmp/asan_pair5_a1_vulnerable_gwet3517/target/debug/deps/pair5_a1_vulnerable-10ee3e91a6e7c9e5+0x12f843) (BuildId: 0b52d3233e64e9f1db58173a489d4961fba82e0f)
    #7 0x583fa0248229  (/tmp/asan_pair5_a1_vulnerable_gwet3517/target/debug/deps/pair5_a1_vulnerable-10ee3e91a6e7c9e5+0x133229) (BuildId: 0b52d3233e64e9f1db58173a489d4961fba82e0f)
    #8 0x583fa028de4e  (/tmp/asan_pair5_a1_vulnerable_gwet3517/target/debug/deps/pair5_a1_vulnerable-10ee3e91a6e7c9e5+0x178e4e) (BuildId: 0b52d3233e64e9f1db58173a489d4961fba82e0f)
    #9 0x583fa0204166  (/tmp/asan_pair5_a1_vulnerable_gwet3517/target/debug/deps/pair5_a1_vulnerable-10ee3e91a6e7c9e5+0xef166) (BuildId: 0b52d3233e64e9f1db58173a489d4961fba82e0f)

Thread T1 created by T0 here:
    #0 0x583fa01eab91  (/tmp/asan_pair5_a1_vulnerable_gwet3517/target/debug/deps/pair5_a1_vulnerable-10ee3e91a6e7c9e5+0xd5b91) (BuildId: 0b52d3233e64e9f1db58173a489d4961fba82e0f)
    #1 0x583fa028e06f  (/tmp/asan_pair5_a1_vulnerable_gwet3517/target/debug/deps/pair5_a1_vulnerable-10ee3e91a6e7c9e5+0x17906f) (BuildId: 0b52d3233e64e9f1db58173a489d4961fba82e0f)
    #2 0x583fa026c99d  (/tmp/asan_pair5_a1_vulnerable_gwet3517/target/debug/deps/pair5_a1_vulnerable-10ee3e91a6e7c9e5+0x15799d) (BuildId: 0b52d3233e64e9f1db58173a489d4961fba82e0f)
    #3 0x583fa0265ce4  (/tmp/asan_pair5_a1_vulnerable_gwet3517/target/debug/deps/pair5_a1_vulnerable-10ee3e91a6e7c9e5+0x150ce4) (BuildId: 0b52d3233e64e9f1db58173a489d4961fba82e0f)
    #4 0x583fa026f325  (/tmp/asan_pair5_a1_vulnerable_gwet3517/target/debug/deps/pair5_a1_vulnerable-10ee3e91a6e7c9e5+0x15a325) (BuildId: 0b52d3233e64e9f1db58173a489d4961fba82e0f)
    #5 0x583fa025807a  (/tmp/asan_pair5_a1_vulnerable_gwet3517/target/debug/deps/pair5_a1_vulnerable-10ee3e91a6e7c9e5+0x14307a) (BuildId: 0b52d3233e64e9f1db58173a489d4961fba82e0f)
    #6 0x583fa0235922  (/tmp/asan_pair5_a1_vulnerable_gwet3517/target/debug/deps/pair5_a1_vulnerable-10ee3e91a6e7c9e5+0x120922) (BuildId: 0b52d3233e64e9f1db58173a489d4961fba82e0f)
    #7 0x583fa02375af  (/tmp/asan_pair5_a1_vulnerable_gwet3517/target/debug/deps/pair5_a1_vulnerable-10ee3e91a6e7c9e5+0x1225af) (BuildId: 0b52d3233e64e9f1db58173a489d4961fba82e0f)
    #8 0x583fa023594d  (/tmp/asan_pair5_a1_vulnerable_gwet3517/target/debug/deps/pair5_a1_vulnerable-10ee3e91a6e7c9e5+0x12094d) (BuildId: 0b52d3233e64e9f1db58173a489d4961fba82e0f)

SUMMARY: AddressSanitizer: heap-use-after-free (/tmp/asan_pair5_a1_vulnerable_gwet3517/target/debug/deps/pair5_a1_vulnerable-10ee3e91a6e7c9e5+0x1208ef) (BuildId: 0b52d3233e64e9f1db58173a489d4961fba82e0f) 
Shadow bytes around the buggy address:
  0x79b0f3de3d80: fa fa fa fa fa fa fa fa fa fa fa fa fa fa fa fa
  0x79b0f3de3e00: fa fa fa fa fa fa fa fa fa fa fa fa fa fa fa fa
  0x79b0f3de3e80: fa fa fa fa fa fa fa fa fa fa fa fa fa fa fa fa
  0x79b0f3de3f00: fa fa fa fa fa fa fa fa fa fa fa fa fa fa fa fa
  0x79b0f3de3f80: fa fa fa fa fa fa fa fa fa fa fa fa fa fa fa fa
=>0x79b0f3de4000: fa fa[fd]fa fa fa fd fa fa fa fa fa fa fa fa fa
  0x79b0f3de4080: fa fa fa fa fa fa fa fa fa fa fa fa fa fa fa fa
  0x79b0f3de4100: fa fa fa fa fa fa fa fa fa fa fa fa fa fa fa fa
  0x79b0f3de4180: fa fa fa fa fa fa fa fa fa fa fa fa fa fa fa fa
  0x79b0f3de4200: fa fa fa fa fa fa fa fa fa fa fa fa fa fa fa fa
  0x79b0f3de4280: fa fa fa fa fa fa fa fa fa fa fa fa fa fa fa fa
Shadow byte legend (one shadow byte represents 8 application bytes):
  Addressable:           00
  Partially addressable: 01 02 03 04 05 06 07 
  Heap left redzone:       fa
  Freed heap region:       fd
  Stack left redzone:      f1
  Stack mid redzone:       f2
  Stack right redzone:     f3
  Stack after return:      f5
  Stack use after scope:   f8
  Global redzone:          f9
  Global init order:       f6
  Poisoned by user:        f7
  Container overflow:      fc
  Array cookie:            ac
  Intra object redzone:    bb
  ASan internal:           fe
  Left alloca redzone:     ca
  Right alloca redzone:    cb
==3811909==ABORTING
error: test failed, to rerun pass `--lib`

Caused by:
  process didn't exit successfully: `/tmp/asan_pair5_a1_vulnerable_gwet3517/target/debug/deps/pair5_a1_vulnerable-10ee3e91a6e7c9e5 --nocapture` (exit status: 1)
