$ (cwd=/tmp/asan_pair6_a2_fixed_o60_hb65) cargo +nightly test --lib -- --nocapture

   Compiling pair6_a2_fixed v0.1.0 (/tmp/asan_pair6_a2_fixed_o60_hb65)
    Finished `test` profile [unoptimized + debuginfo] target(s) in 0.20s
     Running unittests src/lib.rs (target/debug/deps/pair6_a2_fixed-ccd94b7e7c7ec047)

running 1 test
test tests::test_memory_bounds ... ok

test result: ok. 1 passed; 0 failed; 0 ignored; 0 measured; 0 filtered out; finished in 0.00s


=================================================================
==3991528==ERROR: LeakSanitizer: detected memory leaks

Direct leak of 40 byte(s) in 1 object(s) allocated from:
    #0 0x5b80440901e4  (/tmp/asan_pair6_a2_fixed_o60_hb65/target/debug/deps/pair6_a2_fixed-ccd94b7e7c7ec047+0xf31e4) (BuildId: cb9ad8685f5350a34ef61be85c77815271473834)
    #1 0x5b804414b66d  (/tmp/asan_pair6_a2_fixed_o60_hb65/target/debug/deps/pair6_a2_fixed-ccd94b7e7c7ec047+0x1ae66d) (BuildId: cb9ad8685f5350a34ef61be85c77815271473834)
    #2 0x5b80440c2dee  (/tmp/asan_pair6_a2_fixed_o60_hb65/target/debug/deps/pair6_a2_fixed-ccd94b7e7c7ec047+0x125dee) (BuildId: cb9ad8685f5350a34ef61be85c77815271473834)
    #3 0x5b80440bf2dc  (/tmp/asan_pair6_a2_fixed_o60_hb65/target/debug/deps/pair6_a2_fixed-ccd94b7e7c7ec047+0x1222dc) (BuildId: cb9ad8685f5350a34ef61be85c77815271473834)
    #4 0x5b80440c1a03  (/tmp/asan_pair6_a2_fixed_o60_hb65/target/debug/deps/pair6_a2_fixed-ccd94b7e7c7ec047+0x124a03) (BuildId: cb9ad8685f5350a34ef61be85c77815271473834)
    #5 0x5b80440c0565  (/tmp/asan_pair6_a2_fixed_o60_hb65/target/debug/deps/pair6_a2_fixed-ccd94b7e7c7ec047+0x123565) (BuildId: cb9ad8685f5350a34ef61be85c77815271473834)
    #6 0x5b80440c3566  (/tmp/asan_pair6_a2_fixed_o60_hb65/target/debug/deps/pair6_a2_fixed-ccd94b7e7c7ec047+0x126566) (BuildId: cb9ad8685f5350a34ef61be85c77815271473834)
    #7 0x5b80440fb0b4  (/tmp/asan_pair6_a2_fixed_o60_hb65/target/debug/deps/pair6_a2_fixed-ccd94b7e7c7ec047+0x15e0b4) (BuildId: cb9ad8685f5350a34ef61be85c77815271473834)
    #8 0x5b80440d1ad3  (/tmp/asan_pair6_a2_fixed_o60_hb65/target/debug/deps/pair6_a2_fixed-ccd94b7e7c7ec047+0x134ad3) (BuildId: cb9ad8685f5350a34ef61be85c77815271473834)
    #9 0x5b80440d54b9  (/tmp/asan_pair6_a2_fixed_o60_hb65/target/debug/deps/pair6_a2_fixed-ccd94b7e7c7ec047+0x1384b9) (BuildId: cb9ad8685f5350a34ef61be85c77815271473834)
    #10 0x5b804411b0de  (/tmp/asan_pair6_a2_fixed_o60_hb65/target/debug/deps/pair6_a2_fixed-ccd94b7e7c7ec047+0x17e0de) (BuildId: cb9ad8685f5350a34ef61be85c77815271473834)
    #11 0x5b804408e0a6  (/tmp/asan_pair6_a2_fixed_o60_hb65/target/debug/deps/pair6_a2_fixed-ccd94b7e7c7ec047+0xf10a6) (BuildId: cb9ad8685f5350a34ef61be85c77815271473834)

SUMMARY: AddressSanitizer: 40 byte(s) leaked in 1 allocation(s).
