$ (cwd=/tmp/asan_pair12_a1_fixed_tebi4emf) cargo +nightly test --lib -- --nocapture

   Compiling pair12_a1_fixed v0.1.0 (/tmp/asan_pair12_a1_fixed_tebi4emf)
    Finished `test` profile [unoptimized + debuginfo] target(s) in 0.20s
     Running unittests src/lib.rs (target/debug/deps/pair12_a1_fixed-b712d76e00cc66db)

running 1 test
=================================================================
==3771027==ERROR: AddressSanitizer: global-buffer-overflow on address 0x64359a7e744d at pc 0x64359a8a9e8b bp 0x6dc5887fe250 sp 0x6dc5887fda10
READ of size 14 at 0x64359a7e744d thread T1
    #0 0x64359a8a9e8a  (/tmp/asan_pair12_a1_fixed_tebi4emf/target/debug/deps/pair12_a1_fixed-b712d76e00cc66db+0xefe8a) (BuildId: dfdfc8f4862a9ba5d53ccd02c0e70136bcec3f86)
    #1 0x64359a8dab98  (/tmp/asan_pair12_a1_fixed_tebi4emf/target/debug/deps/pair12_a1_fixed-b712d76e00cc66db+0x120b98) (BuildId: dfdfc8f4862a9ba5d53ccd02c0e70136bcec3f86)
    #2 0x64359a8dcc96  (/tmp/asan_pair12_a1_fixed_tebi4emf/target/debug/deps/pair12_a1_fixed-b712d76e00cc66db+0x122c96) (BuildId: dfdfc8f4862a9ba5d53ccd02c0e70136bcec3f86)
    #3 0x64359a8da356  (/tmp/asan_pair12_a1_fixed_tebi4emf/target/debug/deps/pair12_a1_fixed-b712d76e00cc66db+0x120356) (BuildId: dfdfc8f4862a9ba5d53ccd02c0e70136bcec3f86)
    #4 0x64359a8db2b5  (/tmp/asan_pair12_a1_fixed_tebi4emf/target/debug/deps/pair12_a1_fixed-b712d76e00cc66db+0x1212b5) (BuildId: dfdfc8f4862a9ba5d53ccd02c0e70136bcec3f86)
    #5 0x64359a8fe2aa  (/tmp/asan_pair12_a1_fixed_tebi4emf/target/debug/deps/pair12_a1_fixed-b712d76e00cc66db+0x1442aa) (BuildId: dfdfc8f4862a9ba5d53ccd02c0e70136bcec3f86)
    #6 0x64359a913c94  (/tmp/asan_pair12_a1_fixed_tebi4emf/target/debug/deps/pair12_a1_fixed-b712d76e00cc66db+0x159c94) (BuildId: dfdfc8f4862a9ba5d53ccd02c0e70136bcec3f86)
    #7 0x64359a8ea6b3  (/tmp/asan_pair12_a1_fixed_tebi4emf/target/debug/deps/pair12_a1_fixed-b712d76e00cc66db+0x1306b3) (BuildId: dfdfc8f4862a9ba5d53ccd02c0e70136bcec3f86)
    #8 0x64359a8ee099  (/tmp/asan_pair12_a1_fixed_tebi4emf/target/debug/deps/pair12_a1_fixed-b712d76e00cc66db+0x134099) (BuildId: dfdfc8f4862a9ba5d53ccd02c0e70136bcec3f86)
    #9 0x64359a933cbe  (/tmp/asan_pair12_a1_fixed_tebi4emf/target/debug/deps/pair12_a1_fixed-b712d76e00cc66db+0x179cbe) (BuildId: dfdfc8f4862a9ba5d53ccd02c0e70136bcec3f86)
    #10 0x64359a8a9ac6  (/tmp/asan_pair12_a1_fixed_tebi4emf/target/debug/deps/pair12_a1_fixed-b712d76e00cc66db+0xefac6) (BuildId: dfdfc8f4862a9ba5d53ccd02c0e70136bcec3f86)
    #11 0x71c58ba94ac2  (/lib/x86_64-linux-gnu/libc.so.6+0x94ac2) (BuildId: d5197096f709801829b118af1b7cf6631efa2dcd)
    #12 0x71c58bb2684f  (/lib/x86_64-linux-gnu/libc.so.6+0x12684f) (BuildId: d5197096f709801829b118af1b7cf6631efa2dcd)

0x64359a7e744d is located 19 bytes before global variable 'alloc_2fd93eda1804bcf3e61c9a4354508311' defined in 'ampo0j1fl4h5epp0kcy0c7c5i' (0x64359a7e7460) of size 44
0x64359a7e744d is located 0 bytes after global variable 'alloc_e32c27c863c288e99cffe88ec48b3a85' defined in 'ampo0j1fl4h5epp0kcy0c7c5i' (0x64359a7e7440) of size 13
SUMMARY: AddressSanitizer: global-buffer-overflow (/tmp/asan_pair12_a1_fixed_tebi4emf/target/debug/deps/pair12_a1_fixed-b712d76e00cc66db+0xefe8a) (BuildId: dfdfc8f4862a9ba5d53ccd02c0e70136bcec3f86) 
Shadow bytes around the buggy address:
  0x64359a7e7180: 00 00 00 00 00 00 00 00 00 00 00 00 00 00 00 00
  0x64359a7e7200: 00 00 00 00 00 00 00 00 00 00 07 f9 f9 f9 f9 f9
  0x64359a7e7280: f9 f9 f9 f9 00 00 00 00 00 02 f9 f9 f9 f9 f9 f9
  0x64359a7e7300: 00 00 00 00 00 00 00 00 00 06 f9 f9 f9 f9 f9 f9
  0x64359a7e7380: 00 00 f9 f9 00 00 00 00 00 00 00 00 00 00 02 f9
=>0x64359a7e7400: f9 f9 f9 f9 00 00 00 00 00[05]f9 f9 00 00 00 00
  0x64359a7e7480: 00 04 f9 f9 f9 f9 f9 f9 00 03 f9 f9 00 00 00 00
  0x64359a7e7500: 04 f9 f9 f9 04 f9 f9 f9 00 00 00 00 00 00 00 00
  0x64359a7e7580: 00 00 00 00 00 00 00 00 00 00 00 00 00 00 00 00
  0x64359a7e7600: 00 00 00 00 00 00 00 05 f9 f9 f9 f9 00 00 f9 f9
  0x64359a7e7680: 00 00 00 00 00 00 00 00 00 00 00 00 00 00 00 00
Shadow byte legend (one shadow byte represents 8 application bytes):
  Addressable:           00
  Partially addressable: 01 02 03 04 05 06 07 
  Heap left redzone:       fa
  Freed heap region:       fd
  Stack left redzone:      f1
  Stack mid redzone:       f2
  Stack right redzone:     f3
  Stack after return:      f5
  Stack use after scope:   f8
  Global redzone:          f9
  Global init order:       f6
  Poisoned by user:        f7
  Container overflow:      fc
  Array cookie:            ac
  Intra object redzone:    bb
  ASan internal:           fe
  Left alloca redzone:     ca
  Right alloca redzone:    cb
Thread T1 created by T0 here:
    #0 0x64359a8904f1  (/tmp/asan_pair12_a1_fixed_tebi4emf/target/debug/deps/pair12_a1_fixed-b712d76e00cc66db+0xd64f1) (BuildId: dfdfc8f4862a9ba5d53ccd02c0e70136bcec3f86)
    #1 0x64359a933edf  (/tmp/asan_pair12_a1_fixed_tebi4emf/target/debug/deps/pair12_a1_fixed-b712d76e00cc66db+0x179edf) (BuildId: dfdfc8f4862a9ba5d53ccd02c0e70136bcec3f86)
    #2 0x64359a91280d  (/tmp/asan_pair12_a1_fixed_tebi4emf/target/debug/deps/pair12_a1_fixed-b712d76e00cc66db+0x15880d) (BuildId: dfdfc8f4862a9ba5d53ccd02c0e70136bcec3f86)
    #3 0x64359a90bb54  (/tmp/asan_pair12_a1_fixed_tebi4emf/target/debug/deps/pair12_a1_fixed-b712d76e00cc66db+0x151b54) (BuildId: dfdfc8f4862a9ba5d53ccd02c0e70136bcec3f86)
    #4 0x64359a915195  (/tmp/asan_pair12_a1_fixed_tebi4emf/target/debug/deps/pair12_a1_fixed-b712d76e00cc66db+0x15b195) (BuildId: dfdfc8f4862a9ba5d53ccd02c0e70136bcec3f86)
    #5 0x64359a8fdeea  (/tmp/asan_pair12_a1_fixed_tebi4emf/target/debug/deps/pair12_a1_fixed-b712d76e00cc66db+0x143eea) (BuildId: dfdfc8f4862a9ba5d53ccd02c0e70136bcec3f86)
    #6 0x64359a8daed2  (/tmp/asan_pair12_a1_fixed_tebi4emf/target/debug/deps/pair12_a1_fixed-b712d76e00cc66db+0x120ed2) (BuildId: dfdfc8f4862a9ba5d53ccd02c0e70136bcec3f86)
    #7 0x64359a8dbd2f  (/tmp/asan_pair12_a1_fixed_tebi4emf/target/debug/deps/pair12_a1_fixed-b712d76e00cc66db+0x121d2f) (BuildId: dfdfc8f4862a9ba5d53ccd02c0e70136bcec3f86)
    #8 0x64359a8daefd  (/tmp/asan_pair12_a1_fixed_tebi4emf/target/debug/deps/pair12_a1_fixed-b712d76e00cc66db+0x120efd) (BuildId: dfdfc8f4862a9ba5d53ccd02c0e70136bcec3f86)

test tests::buffer_integrity ... ok

test result: ok. 1 passed; 0 failed; 0 ignored; 0 measured; 0 filtered out; finished in 0.00s

