$ (cwd=/tmp/asan_pair8_a2_vulnerable_40itct2q) cargo +nightly test --lib -- --nocapture

   Compiling pair8_a2_vulnerable v0.1.0 (/tmp/asan_pair8_a2_vulnerable_40itct2q)
error[E0277]: `*const u8` cannot be sent between threads safely
  --> src/lib.rs:6:32
   |
 6 |       let handle = thread::spawn(move || {
   |                    ------------- ^------
   |                    |             |
   |  __________________|_____________within this `{closure@src/lib.rs:6:32: 6:39}`
   | |                  |
   | |                  required by a bound introduced by this call
 7 | |         unsafe {
 8 | |             std::slice::from_raw_parts(ptr, extended).to_vec()
 9 | |         }
10 | |     });
   | |_____^ `*const u8` cannot be sent between threads safely
   |
   = help: within `{closure@src/lib.rs:6:32: 6:39}`, the trait `Send` is not implemented for `*const u8`
note: required because it's used within this closure
  --> src/lib.rs:6:32
   |
 6 |     let handle = thread::spawn(move || {
   |                                ^^^^^^^
note: required by a bound in `spawn`
  --> /rustc/fa3155a644dd62e865825087b403646be01d4cef/library/std/src/thread/mod.rs:723:1

For more information about this error, try `rustc --explain E0277`.
error: could not compile `pair8_a2_vulnerable` (lib test) due to 1 previous error
