$ (cwd=/tmp/asan_pair1_vulnerable_e0zjmfbc) cargo +nightly test --lib -- --nocapture

   Compiling pair1_vulnerable v0.1.0 (/tmp/asan_pair1_vulnerable_e0zjmfbc)
    Finished `test` profile [unoptimized + debuginfo] target(s) in 0.26s
     Running unittests src/lib.rs (target/debug/deps/pair1_vulnerable-a2407590faec25a2)

running 1 test
=================================================================
==3493615==ERROR: AddressSanitizer: heap-buffer-overflow on address 0x6d9921be4039 at pc 0x5f2d8ba05a96 bp 0x6d791e8f44d0 sp 0x6d791e8f44c8
WRITE of size 1 at 0x6d9921be4039 thread T2
    #0 0x5f2d8ba05a95  (/tmp/asan_pair1_vulnerable_e0zjmfbc/target/debug/deps/pair1_vulnerable-a2407590faec25a2+0x12ea95) (BuildId: e6e1ac67eb74b2c671ba1e87366d10de70912af7)
    #1 0x5f2d8ba09d73  (/tmp/asan_pair1_vulnerable_e0zjmfbc/target/debug/deps/pair1_vulnerable-a2407590faec25a2+0x132d73) (BuildId: e6e1ac67eb74b2c671ba1e87366d10de70912af7)
    #2 0x5f2d8ba0e6d5  (/tmp/asan_pair1_vulnerable_e0zjmfbc/target/debug/deps/pair1_vulnerable-a2407590faec25a2+0x1376d5) (BuildId: e6e1ac67eb74b2c671ba1e87366d10de70912af7)
    #3 0x5f2d8ba0239c  (/tmp/asan_pair1_vulnerable_e0zjmfbc/target/debug/deps/pair1_vulnerable-a2407590faec25a2+0x12b39c) (BuildId: e6e1ac67eb74b2c671ba1e87366d10de70912af7)
    #4 0x5f2d8b9fe6f7  (/tmp/asan_pair1_vulnerable_e0zjmfbc/target/debug/deps/pair1_vulnerable-a2407590faec25a2+0x1276f7) (BuildId: e6e1ac67eb74b2c671ba1e87366d10de70912af7)
    #5 0x5f2d8ba08487  (/tmp/asan_pair1_vulnerable_e0zjmfbc/target/debug/deps/pair1_vulnerable-a2407590faec25a2+0x131487) (BuildId: e6e1ac67eb74b2c671ba1e87366d10de70912af7)
    #6 0x5f2d8ba026da  (/tmp/asan_pair1_vulnerable_e0zjmfbc/target/debug/deps/pair1_vulnerable-a2407590faec25a2+0x12b6da) (BuildId: e6e1ac67eb74b2c671ba1e87366d10de70912af7)
    #7 0x5f2d8ba01860  (/tmp/asan_pair1_vulnerable_e0zjmfbc/target/debug/deps/pair1_vulnerable-a2407590faec25a2+0x12a860) (BuildId: e6e1ac67eb74b2c671ba1e87366d10de70912af7)
    #8 0x5f2d8ba02e5d  (/tmp/asan_pair1_vulnerable_e0zjmfbc/target/debug/deps/pair1_vulnerable-a2407590faec25a2+0x12be5d) (BuildId: e6e1ac67eb74b2c671ba1e87366d10de70912af7)
    #9 0x5f2d8ba660ce  (/tmp/asan_pair1_vulnerable_e0zjmfbc/target/debug/deps/pair1_vulnerable-a2407590faec25a2+0x18f0ce) (BuildId: e6e1ac67eb74b2c671ba1e87366d10de70912af7)
    #10 0x5f2d8b9cd6d6  (/tmp/asan_pair1_vulnerable_e0zjmfbc/target/debug/deps/pair1_vulnerable-a2407590faec25a2+0xf66d6) (BuildId: e6e1ac67eb74b2c671ba1e87366d10de70912af7)
    #11 0x717922894ac2  (/lib/x86_64-linux-gnu/libc.so.6+0x94ac2) (BuildId: d5197096f709801829b118af1b7cf6631efa2dcd)
    #12 0x71792292684f  (/lib/x86_64-linux-gnu/libc.so.6+0x12684f) (BuildId: d5197096f709801829b118af1b7cf6631efa2dcd)

0x6d9921be4039 is located 0 bytes after 9-byte region [0x6d9921be4030,0x6d9921be4039)
allocated by thread T1 here:
    #0 0x5f2d8b9cfa04  (/tmp/asan_pair1_vulnerable_e0zjmfbc/target/debug/deps/pair1_vulnerable-a2407590faec25a2+0xf8a04) (BuildId: e6e1ac67eb74b2c671ba1e87366d10de70912af7)
    #1 0x5f2d8ba9665d  (/tmp/asan_pair1_vulnerable_e0zjmfbc/target/debug/deps/pair1_vulnerable-a2407590faec25a2+0x1bf65d) (BuildId: e6e1ac67eb74b2c671ba1e87366d10de70912af7)
    #2 0x5f2d8ba0e14e  (/tmp/asan_pair1_vulnerable_e0zjmfbc/target/debug/deps/pair1_vulnerable-a2407590faec25a2+0x13714e) (BuildId: e6e1ac67eb74b2c671ba1e87366d10de70912af7)
    #3 0x5f2d8ba0280c  (/tmp/asan_pair1_vulnerable_e0zjmfbc/target/debug/deps/pair1_vulnerable-a2407590faec25a2+0x12b80c) (BuildId: e6e1ac67eb74b2c671ba1e87366d10de70912af7)
    #4 0x5f2d8ba0ecc6  (/tmp/asan_pair1_vulnerable_e0zjmfbc/target/debug/deps/pair1_vulnerable-a2407590faec25a2+0x137cc6) (BuildId: e6e1ac67eb74b2c671ba1e87366d10de70912af7)
    #5 0x5f2d8ba09ed6  (/tmp/asan_pair1_vulnerable_e0zjmfbc/target/debug/deps/pair1_vulnerable-a2407590faec25a2+0x132ed6) (BuildId: e6e1ac67eb74b2c671ba1e87366d10de70912af7)
    #6 0x5f2d8ba460a4  (/tmp/asan_pair1_vulnerable_e0zjmfbc/target/debug/deps/pair1_vulnerable-a2407590faec25a2+0x16f0a4) (BuildId: e6e1ac67eb74b2c671ba1e87366d10de70912af7)
    #7 0x5f2d8ba1cac3  (/tmp/asan_pair1_vulnerable_e0zjmfbc/target/debug/deps/pair1_vulnerable-a2407590faec25a2+0x145ac3) (BuildId: e6e1ac67eb74b2c671ba1e87366d10de70912af7)
    #8 0x5f2d8ba204a9  (/tmp/asan_pair1_vulnerable_e0zjmfbc/target/debug/deps/pair1_vulnerable-a2407590faec25a2+0x1494a9) (BuildId: e6e1ac67eb74b2c671ba1e87366d10de70912af7)
    #9 0x5f2d8ba660ce  (/tmp/asan_pair1_vulnerable_e0zjmfbc/target/debug/deps/pair1_vulnerable-a2407590faec25a2+0x18f0ce) (BuildId: e6e1ac67eb74b2c671ba1e87366d10de70912af7)
    #10 0x5f2d8b9cd6d6  (/tmp/asan_pair1_vulnerable_e0zjmfbc/target/debug/deps/pair1_vulnerable-a2407590faec25a2+0xf66d6) (BuildId: e6e1ac67eb74b2c671ba1e87366d10de70912af7)

Thread T2 created by T1 here:
    #0 0x5f2d8b9b4101  (/tmp/asan_pair1_vulnerable_e0zjmfbc/target/debug/deps/pair1_vulnerable-a2407590faec25a2+0xdd101) (BuildId: e6e1ac67eb74b2c671ba1e87366d10de70912af7)
    #1 0x5f2d8ba662ef  (/tmp/asan_pair1_vulnerable_e0zjmfbc/target/debug/deps/pair1_vulnerable-a2407590faec25a2+0x18f2ef) (BuildId: e6e1ac67eb74b2c671ba1e87366d10de70912af7)
    #2 0x5f2d8ba00eff  (/tmp/asan_pair1_vulnerable_e0zjmfbc/target/debug/deps/pair1_vulnerable-a2407590faec25a2+0x129eff) (BuildId: e6e1ac67eb74b2c671ba1e87366d10de70912af7)
    #3 0x5f2d8ba001be  (/tmp/asan_pair1_vulnerable_e0zjmfbc/target/debug/deps/pair1_vulnerable-a2407590faec25a2+0x1291be) (BuildId: e6e1ac67eb74b2c671ba1e87366d10de70912af7)
    #4 0x5f2d8ba0edfc  (/tmp/asan_pair1_vulnerable_e0zjmfbc/target/debug/deps/pair1_vulnerable-a2407590faec25a2+0x137dfc) (BuildId: e6e1ac67eb74b2c671ba1e87366d10de70912af7)
    #5 0x5f2d8ba09ed6  (/tmp/asan_pair1_vulnerable_e0zjmfbc/target/debug/deps/pair1_vulnerable-a2407590faec25a2+0x132ed6) (BuildId: e6e1ac67eb74b2c671ba1e87366d10de70912af7)
    #6 0x5f2d8ba460a4  (/tmp/asan_pair1_vulnerable_e0zjmfbc/target/debug/deps/pair1_vulnerable-a2407590faec25a2+0x16f0a4) (BuildId: e6e1ac67eb74b2c671ba1e87366d10de70912af7)
    #7 0x5f2d8ba1cac3  (/tmp/asan_pair1_vulnerable_e0zjmfbc/target/debug/deps/pair1_vulnerable-a2407590faec25a2+0x145ac3) (BuildId: e6e1ac67eb74b2c671ba1e87366d10de70912af7)
    #8 0x5f2d8ba204a9  (/tmp/asan_pair1_vulnerable_e0zjmfbc/target/debug/deps/pair1_vulnerable-a2407590faec25a2+0x1494a9) (BuildId: e6e1ac67eb74b2c671ba1e87366d10de70912af7)
    #9 0x5f2d8ba660ce  (/tmp/asan_pair1_vulnerable_e0zjmfbc/target/debug/deps/pair1_vulnerable-a2407590faec25a2+0x18f0ce) (BuildId: e6e1ac67eb74b2c671ba1e87366d10de70912af7)
    #10 0x5f2d8b9cd6d6  (/tmp/asan_pair1_vulnerable_e0zjmfbc/target/debug/deps/pair1_vulnerable-a2407590faec25a2+0xf66d6) (BuildId: e6e1ac67eb74b2c671ba1e87366d10de70912af7)

Thread T1 created by T0 here:
    #0 0x5f2d8b9b4101  (/tmp/asan_pair1_vulnerable_e0zjmfbc/target/debug/deps/pair1_vulnerable-a2407590faec25a2+0xdd101) (BuildId: e6e1ac67eb74b2c671ba1e87366d10de70912af7)
    #1 0x5f2d8ba662ef  (/tmp/asan_pair1_vulnerable_e0zjmfbc/target/debug/deps/pair1_vulnerable-a2407590faec25a2+0x18f2ef) (BuildId: e6e1ac67eb74b2c671ba1e87366d10de70912af7)
    #2 0x5f2d8ba44c1d  (/tmp/asan_pair1_vulnerable_e0zjmfbc/target/debug/deps/pair1_vulnerable-a2407590faec25a2+0x16dc1d) (BuildId: e6e1ac67eb74b2c671ba1e87366d10de70912af7)
    #3 0x5f2d8ba3df64  (/tmp/asan_pair1_vulnerable_e0zjmfbc/target/debug/deps/pair1_vulnerable-a2407590faec25a2+0x166f64) (BuildId: e6e1ac67eb74b2c671ba1e87366d10de70912af7)
    #4 0x5f2d8ba475a5  (/tmp/asan_pair1_vulnerable_e0zjmfbc/target/debug/deps/pair1_vulnerable-a2407590faec25a2+0x1705a5) (BuildId: e6e1ac67eb74b2c671ba1e87366d10de70912af7)
    #5 0x5f2d8ba302fa  (/tmp/asan_pair1_vulnerable_e0zjmfbc/target/debug/deps/pair1_vulnerable-a2407590faec25a2+0x1592fa) (BuildId: e6e1ac67eb74b2c671ba1e87366d10de70912af7)
    #6 0x5f2d8ba05de2  (/tmp/asan_pair1_vulnerable_e0zjmfbc/target/debug/deps/pair1_vulnerable-a2407590faec25a2+0x12ede2) (BuildId: e6e1ac67eb74b2c671ba1e87366d10de70912af7)
    #7 0x5f2d8ba0f3af  (/tmp/asan_pair1_vulnerable_e0zjmfbc/target/debug/deps/pair1_vulnerable-a2407590faec25a2+0x1383af) (BuildId: e6e1ac67eb74b2c671ba1e87366d10de70912af7)
    #8 0x5f2d8ba05e0d  (/tmp/asan_pair1_vulnerable_e0zjmfbc/target/debug/deps/pair1_vulnerable-a2407590faec25a2+0x12ee0d) (BuildId: e6e1ac67eb74b2c671ba1e87366d10de70912af7)

SUMMARY: AddressSanitizer: heap-buffer-overflow (/tmp/asan_pair1_vulnerable_e0zjmfbc/target/debug/deps/pair1_vulnerable-a2407590faec25a2+0x12ea95) (BuildId: e6e1ac67eb74b2c671ba1e87366d10de70912af7) 
Shadow bytes around the buggy address:
  0x6d9921be3d80: fa fa fa fa fa fa fa fa fa fa fa fa fa fa fa fa
  0x6d9921be3e00: fa fa fa fa fa fa fa fa fa fa fa fa fa fa fa fa
  0x6d9921be3e80: fa fa fa fa fa fa fa fa fa fa fa fa fa fa fa fa
  0x6d9921be3f00: fa fa fa fa fa fa fa fa fa fa fa fa fa fa fa fa
  0x6d9921be3f80: fa fa fa fa fa fa fa fa fa fa fa fa fa fa fa fa
=>0x6d9921be4000: fa fa 00 02 fa fa 00[01]fa fa fa fa fa fa fa fa
  0x6d9921be4080: fa fa fa fa fa fa fa fa fa fa fa fa fa fa fa fa
  0x6d9921be4100: fa fa fa fa fa fa fa fa fa fa fa fa fa fa fa fa
  0x6d9921be4180: fa fa fa fa fa fa fa fa fa fa fa fa fa fa fa fa
  0x6d9921be4200: fa fa fa fa fa fa fa fa fa fa fa fa fa fa fa fa
  0x6d9921be4280: fa fa fa fa fa fa fa fa fa fa fa fa fa fa fa fa
Shadow byte legend (one shadow byte represents 8 application bytes):
  Addressable:           00
  Partially addressable: 01 02 03 04 05 06 07 
  Heap left redzone:       fa
  Freed heap region:       fd
  Stack left redzone:      f1
  Stack mid redzone:       f2
  Stack right redzone:     f3
  Stack after return:      f5
  Stack use after scope:   f8
  Global redzone:          f9
  Global init order:       f6
  Poisoned by user:        f7
  Container overflow:      fc
  Array cookie:            ac
  Intra object redzone:    bb
  ASan internal:           fe
  Left alloca redzone:     ca
  Right alloca redzone:    cb
==3493615==ABORTING
error: test failed, to rerun pass `--lib`

Caused by:
  process didn't exit successfully: `/tmp/asan_pair1_vulnerable_e0zjmfbc/target/debug/deps/pair1_vulnerable-a2407590faec25a2 --nocapture` (exit status: 1)
