$ (cwd=/tmp/asan_pair11_a3_fixed_h6s5k49c) cargo +nightly test --lib -- --nocapture

   Compiling pair11_a3_fixed v0.1.0 (/tmp/asan_pair11_a3_fixed_h6s5k49c)
error[E0277]: `*const Controller` cannot be sent between threads safely
  --> src/lib.rs:34:28
   |
34 |       let t1 = thread::spawn(move || {
   |                ------------- ^------
   |                |             |
   |  ______________|_____________within this `{closure@src/lib.rs:34:28: 34:35}`
   | |              |
   | |              required by a bound introduced by this call
35 | |         unsafe { (*ptr1).process(); }
36 | |     });
   | |_____^ `*const Controller` cannot be sent between threads safely
   |
   = help: within `{closure@src/lib.rs:34:28: 34:35}`, the trait `Send` is not implemented for `*const Controller`
note: required because it's used within this closure
  --> src/lib.rs:34:28
   |
34 |     let t1 = thread::spawn(move || {
   |                            ^^^^^^^
note: required by a bound in `spawn`
  --> /rustc/fa3155a644dd62e865825087b403646be01d4cef/library/std/src/thread/mod.rs:723:1

For more information about this error, try `rustc --explain E0277`.
error: could not compile `pair11_a3_fixed` (lib test) due to 1 previous error
