$ (cwd=/tmp/asan_pair10_vulnerable_pyxunw09) cargo +nightly test --lib -- --nocapture

   Compiling pair10_vulnerable v0.1.0 (/tmp/asan_pair10_vulnerable_pyxunw09)
    Finished `test` profile [unoptimized + debuginfo] target(s) in 0.18s
     Running unittests src/lib.rs (target/debug/deps/pair10_vulnerable-9f57affcbe837700)

running 1 test
=================================================================
==3493867==ERROR: AddressSanitizer: heap-buffer-overflow on address 0x7a7bd53e401b at pc 0x5b92d261dae1 bp 0x7a5bd2dfe2c0 sp 0x7a5bd2dfe2b8
WRITE of size 1 at 0x7a7bd53e401b thread T1
    #0 0x5b92d261dae0  (/tmp/asan_pair10_vulnerable_pyxunw09/target/debug/deps/pair10_vulnerable-9f57affcbe837700+0x11fae0) (BuildId: 41e435ed74626373c66aeefa7013cce2bda900c9)
    #1 0x5b92d261e499  (/tmp/asan_pair10_vulnerable_pyxunw09/target/debug/deps/pair10_vulnerable-9f57affcbe837700+0x120499) (BuildId: 41e435ed74626373c66aeefa7013cce2bda900c9)
    #2 0x5b92d261db46  (/tmp/asan_pair10_vulnerable_pyxunw09/target/debug/deps/pair10_vulnerable-9f57affcbe837700+0x11fb46) (BuildId: 41e435ed74626373c66aeefa7013cce2bda900c9)
    #3 0x5b92d261dd45  (/tmp/asan_pair10_vulnerable_pyxunw09/target/debug/deps/pair10_vulnerable-9f57affcbe837700+0x11fd45) (BuildId: 41e435ed74626373c66aeefa7013cce2bda900c9)
    #4 0x5b92d263ffaa  (/tmp/asan_pair10_vulnerable_pyxunw09/target/debug/deps/pair10_vulnerable-9f57affcbe837700+0x141faa) (BuildId: 41e435ed74626373c66aeefa7013cce2bda900c9)
    #5 0x5b92d2655994  (/tmp/asan_pair10_vulnerable_pyxunw09/target/debug/deps/pair10_vulnerable-9f57affcbe837700+0x157994) (BuildId: 41e435ed74626373c66aeefa7013cce2bda900c9)
    #6 0x5b92d262c3b3  (/tmp/asan_pair10_vulnerable_pyxunw09/target/debug/deps/pair10_vulnerable-9f57affcbe837700+0x12e3b3) (BuildId: 41e435ed74626373c66aeefa7013cce2bda900c9)
    #7 0x5b92d262fd99  (/tmp/asan_pair10_vulnerable_pyxunw09/target/debug/deps/pair10_vulnerable-9f57affcbe837700+0x131d99) (BuildId: 41e435ed74626373c66aeefa7013cce2bda900c9)
    #8 0x5b92d26759be  (/tmp/asan_pair10_vulnerable_pyxunw09/target/debug/deps/pair10_vulnerable-9f57affcbe837700+0x1779be) (BuildId: 41e435ed74626373c66aeefa7013cce2bda900c9)
    #9 0x5b92d25ec7a6  (/tmp/asan_pair10_vulnerable_pyxunw09/target/debug/deps/pair10_vulnerable-9f57affcbe837700+0xee7a6) (BuildId: 41e435ed74626373c66aeefa7013cce2bda900c9)
    #10 0x7e5bd6094ac2  (/lib/x86_64-linux-gnu/libc.so.6+0x94ac2) (BuildId: d5197096f709801829b118af1b7cf6631efa2dcd)
    #11 0x7e5bd612684f  (/lib/x86_64-linux-gnu/libc.so.6+0x12684f) (BuildId: d5197096f709801829b118af1b7cf6631efa2dcd)

0x7a7bd53e401b is located 1 bytes after 10-byte region [0x7a7bd53e4010,0x7a7bd53e401a)
allocated by thread T1 here:
    #0 0x5b92d25ee8e4  (/tmp/asan_pair10_vulnerable_pyxunw09/target/debug/deps/pair10_vulnerable-9f57affcbe837700+0xf08e4) (BuildId: 41e435ed74626373c66aeefa7013cce2bda900c9)
    #1 0x5b92d26a5f4d  (/tmp/asan_pair10_vulnerable_pyxunw09/target/debug/deps/pair10_vulnerable-9f57affcbe837700+0x1a7f4d) (BuildId: 41e435ed74626373c66aeefa7013cce2bda900c9)
    #2 0x5b92d261f19e  (/tmp/asan_pair10_vulnerable_pyxunw09/target/debug/deps/pair10_vulnerable-9f57affcbe837700+0x12119e) (BuildId: 41e435ed74626373c66aeefa7013cce2bda900c9)
    #3 0x5b92d261de4c  (/tmp/asan_pair10_vulnerable_pyxunw09/target/debug/deps/pair10_vulnerable-9f57affcbe837700+0x11fe4c) (BuildId: 41e435ed74626373c66aeefa7013cce2bda900c9)
    #4 0x5b92d261e3d5  (/tmp/asan_pair10_vulnerable_pyxunw09/target/debug/deps/pair10_vulnerable-9f57affcbe837700+0x1203d5) (BuildId: 41e435ed74626373c66aeefa7013cce2bda900c9)
    #5 0x5b92d261db46  (/tmp/asan_pair10_vulnerable_pyxunw09/target/debug/deps/pair10_vulnerable-9f57affcbe837700+0x11fb46) (BuildId: 41e435ed74626373c66aeefa7013cce2bda900c9)
    #6 0x5b92d2655994  (/tmp/asan_pair10_vulnerable_pyxunw09/target/debug/deps/pair10_vulnerable-9f57affcbe837700+0x157994) (BuildId: 41e435ed74626373c66aeefa7013cce2bda900c9)
    #7 0x5b92d262c3b3  (/tmp/asan_pair10_vulnerable_pyxunw09/target/debug/deps/pair10_vulnerable-9f57affcbe837700+0x12e3b3) (BuildId: 41e435ed74626373c66aeefa7013cce2bda900c9)
    #8 0x5b92d262fd99  (/tmp/asan_pair10_vulnerable_pyxunw09/target/debug/deps/pair10_vulnerable-9f57affcbe837700+0x131d99) (BuildId: 41e435ed74626373c66aeefa7013cce2bda900c9)
    #9 0x5b92d26759be  (/tmp/asan_pair10_vulnerable_pyxunw09/target/debug/deps/pair10_vulnerable-9f57affcbe837700+0x1779be) (BuildId: 41e435ed74626373c66aeefa7013cce2bda900c9)
    #10 0x5b92d25ec7a6  (/tmp/asan_pair10_vulnerable_pyxunw09/target/debug/deps/pair10_vulnerable-9f57affcbe837700+0xee7a6) (BuildId: 41e435ed74626373c66aeefa7013cce2bda900c9)

Thread T1 created by T0 here:
    #0 0x5b92d25d31d1  (/tmp/asan_pair10_vulnerable_pyxunw09/target/debug/deps/pair10_vulnerable-9f57affcbe837700+0xd51d1) (BuildId: 41e435ed74626373c66aeefa7013cce2bda900c9)
    #1 0x5b92d2675bdf  (/tmp/asan_pair10_vulnerable_pyxunw09/target/debug/deps/pair10_vulnerable-9f57affcbe837700+0x177bdf) (BuildId: 41e435ed74626373c66aeefa7013cce2bda900c9)
    #2 0x5b92d265450d  (/tmp/asan_pair10_vulnerable_pyxunw09/target/debug/deps/pair10_vulnerable-9f57affcbe837700+0x15650d) (BuildId: 41e435ed74626373c66aeefa7013cce2bda900c9)
    #3 0x5b92d264d854  (/tmp/asan_pair10_vulnerable_pyxunw09/target/debug/deps/pair10_vulnerable-9f57affcbe837700+0x14f854) (BuildId: 41e435ed74626373c66aeefa7013cce2bda900c9)
    #4 0x5b92d2656e95  (/tmp/asan_pair10_vulnerable_pyxunw09/target/debug/deps/pair10_vulnerable-9f57affcbe837700+0x158e95) (BuildId: 41e435ed74626373c66aeefa7013cce2bda900c9)
    #5 0x5b92d263fbea  (/tmp/asan_pair10_vulnerable_pyxunw09/target/debug/deps/pair10_vulnerable-9f57affcbe837700+0x141bea) (BuildId: 41e435ed74626373c66aeefa7013cce2bda900c9)
    #6 0x5b92d261d832  (/tmp/asan_pair10_vulnerable_pyxunw09/target/debug/deps/pair10_vulnerable-9f57affcbe837700+0x11f832) (BuildId: 41e435ed74626373c66aeefa7013cce2bda900c9)
    #7 0x5b92d261d4ef  (/tmp/asan_pair10_vulnerable_pyxunw09/target/debug/deps/pair10_vulnerable-9f57affcbe837700+0x11f4ef) (BuildId: 41e435ed74626373c66aeefa7013cce2bda900c9)
    #8 0x5b92d261db2d  (/tmp/asan_pair10_vulnerable_pyxunw09/target/debug/deps/pair10_vulnerable-9f57affcbe837700+0x11fb2d) (BuildId: 41e435ed74626373c66aeefa7013cce2bda900c9)

SUMMARY: AddressSanitizer: heap-buffer-overflow (/tmp/asan_pair10_vulnerable_pyxunw09/target/debug/deps/pair10_vulnerable-9f57affcbe837700+0x11fae0) (BuildId: 41e435ed74626373c66aeefa7013cce2bda900c9) 
Shadow bytes around the buggy address:
  0x7a7bd53e3d80: fa fa fa fa fa fa fa fa fa fa fa fa fa fa fa fa
  0x7a7bd53e3e00: fa fa fa fa fa fa fa fa fa fa fa fa fa fa fa fa
  0x7a7bd53e3e80: fa fa fa fa fa fa fa fa fa fa fa fa fa fa fa fa
  0x7a7bd53e3f00: fa fa fa fa fa fa fa fa fa fa fa fa fa fa fa fa
  0x7a7bd53e3f80: fa fa fa fa fa fa fa fa fa fa fa fa fa fa fa fa
=>0x7a7bd53e4000: fa fa 00[02]fa fa fa fa fa fa fa fa fa fa fa fa
  0x7a7bd53e4080: fa fa fa fa fa fa fa fa fa fa fa fa fa fa fa fa
  0x7a7bd53e4100: fa fa fa fa fa fa fa fa fa fa fa fa fa fa fa fa
  0x7a7bd53e4180: fa fa fa fa fa fa fa fa fa fa fa fa fa fa fa fa
  0x7a7bd53e4200: fa fa fa fa fa fa fa fa fa fa fa fa fa fa fa fa
  0x7a7bd53e4280: fa fa fa fa fa fa fa fa fa fa fa fa fa fa fa fa
Shadow byte legend (one shadow byte represents 8 application bytes):
  Addressable:           00
  Partially addressable: 01 02 03 04 05 06 07 
  Heap left redzone:       fa
  Freed heap region:       fd
  Stack left redzone:      f1
  Stack mid redzone:       f2
  Stack right redzone:     f3
  Stack after return:      f5
  Stack use after scope:   f8
  Global redzone:          f9
  Global init order:       f6
  Poisoned by user:        f7
  Container overflow:      fc
  Array cookie:            ac
  Intra object redzone:    bb
  ASan internal:           fe
  Left alloca redzone:     ca
  Right alloca redzone:    cb
==3493867==ABORTING
error: test failed, to rerun pass `--lib`

Caused by:
  process didn't exit successfully: `/tmp/asan_pair10_vulnerable_pyxunw09/target/debug/deps/pair10_vulnerable-9f57affcbe837700 --nocapture` (exit status: 1)
